MiniMaxPlayer2 against Lisa:
     0     0     0     0     0     0     0     0
     0     0     0     0     0     0     0     0
     0     0     0     0     0     0     0     0
     0     0     0     1    -1     0     0     0
     0     0     0    -1     1     0     0     0
     0     0     0     0     0     0     0     0
     0     0     0     0     0     0     0     0
     0     0     0     0     0     0     0     0

Lisa (-1) to move (time left: 180.0 sec.):
     0     0     0     0     0     0     0     0
     0     0     0     0     0     0     0     0
     0     0     0     0     0     0     0     0
     0     0    -1    -1    -1     0     0     0
     0     0     0    -1     1     0     0     0
     0     0     0     0     0     0     0     0
     0     0     0     0     0     0     0     0
     0     0     0     0     0     0     0     0

MiniMaxPlayer2 (1) to move (time left: 180.0 sec.):
     0     0     0     0     0     0     0     0
     0     0     0     0     0     0     0     0
     0     0     1     0     0     0     0     0
     0     0    -1     1    -1     0     0     0
     0     0     0    -1     1     0     0     0
     0     0     0     0     0     0     0     0
     0     0     0     0     0     0     0     0
     0     0     0     0     0     0     0     0

Lisa (-1) to move (time left: 179.9 sec.):
     0     0     0     0     0     0     0     0
     0     0     0     0     0     0     0     0
     0     0     1    -1     0     0     0     0
     0     0    -1    -1    -1     0     0     0
     0     0     0    -1     1     0     0     0
     0     0     0     0     0     0     0     0
     0     0     0     0     0     0     0     0
     0     0     0     0     0     0     0     0

MiniMaxPlayer2 (1) to move (time left: 180.0 sec.):
     0     0     0     0     0     0     0     0
     0     0     0     0     0     0     0     0
     0     0     1     1     1     0     0     0
     0     0    -1    -1     1     0     0     0
     0     0     0    -1     1     0     0     0
     0     0     0     0     0     0     0     0
     0     0     0     0     0     0     0     0
     0     0     0     0     0     0     0     0

Lisa (-1) to move (time left: 179.9 sec.):
     0     0     0     0     0     0     0     0
     0     0     0     0     0     0     0     0
     0     0     1     1     1     0     0     0
     0     0    -1    -1    -1    -1     0     0
     0     0     0    -1     1     0     0     0
     0     0     0     0     0     0     0     0
     0     0     0     0     0     0     0     0
     0     0     0     0     0     0     0     0

MiniMaxPlayer2 (1) to move (time left: 179.9 sec.):
     0     0     0     0     0     0     0     0
     0     0     0     0     0     0     0     0
     0     0     1     1     1     0     1     0
     0     0    -1    -1    -1     1     0     0
     0     0     0    -1     1     0     0     0
     0     0     0     0     0     0     0     0
     0     0     0     0     0     0     0     0
     0     0     0     0     0     0     0     0

Lisa (-1) to move (time left: 177.7 sec.):
     0     0     0     0     0     0     0     0
     0     0     0    -1     0     0     0     0
     0     0     1    -1     1     0     1     0
     0     0    -1    -1    -1     1     0     0
     0     0     0    -1     1     0     0     0
     0     0     0     0     0     0     0     0
     0     0     0     0     0     0     0     0
     0     0     0     0     0     0     0     0

MiniMaxPlayer2 (1) to move (time left: 179.8 sec.):
     0     0     1     0     0     0     0     0
     0     0     0     1     0     0     0     0
     0     0     1    -1     1     0     1     0
     0     0    -1    -1    -1     1     0     0
     0     0     0    -1     1     0     0     0
     0     0     0     0     0     0     0     0
     0     0     0     0     0     0     0     0
     0     0     0     0     0     0     0     0

Lisa (-1) to move (time left: 175.2 sec.):
     0     0     1    -1     0     0     0     0
     0     0     0    -1     0     0     0     0
     0     0     1    -1     1     0     1     0
     0     0    -1    -1    -1     1     0     0
     0     0     0    -1     1     0     0     0
     0     0     0     0     0     0     0     0
     0     0     0     0     0     0     0     0
     0     0     0     0     0     0     0     0

MiniMaxPlayer2 (1) to move (time left: 179.8 sec.):
     0     0     1     1     1     0     0     0
     0     0     0     1     0     0     0     0
     0     0     1    -1     1     0     1     0
     0     0    -1    -1    -1     1     0     0
     0     0     0    -1     1     0     0     0
     0     0     0     0     0     0     0     0
     0     0     0     0     0     0     0     0
     0     0     0     0     0     0     0     0

Lisa (-1) to move (time left: 172.2 sec.):
     0     0     1     1     1     0     0     0
     0     0     0     1     0     0     0     0
     0     0     1    -1     1     0     1     0
     0     0    -1    -1    -1     1     0     0
     0     0     0    -1    -1    -1     0     0
     0     0     0     0     0     0     0     0
     0     0     0     0     0     0     0     0
     0     0     0     0     0     0     0     0

MiniMaxPlayer2 (1) to move (time left: 179.7 sec.):
     0     0     1     1     1     0     0     0
     0     0     0     1     0     0     0     0
     0     0     1    -1     1     0     1     0
     0     1     1     1     1     1     0     0
     0     0     0    -1    -1    -1     0     0
     0     0     0     0     0     0     0     0
     0     0     0     0     0     0     0     0
     0     0     0     0     0     0     0     0

Lisa (-1) to move (time left: 169.4 sec.):
     0     0     1     1     1     0     0     0
     0     0     0     1    -1     0     0     0
     0     0     1    -1    -1     0     1     0
     0     1     1     1    -1     1     0     0
     0     0     0    -1    -1    -1     0     0
     0     0     0     0     0     0     0     0
     0     0     0     0     0     0     0     0
     0     0     0     0     0     0     0     0

MiniMaxPlayer2 (1) to move (time left: 179.7 sec.):
     0     0     1     1     1     1     0     0
     0     0     0     1     1     0     0     0
     0     0     1     1    -1     0     1     0
     0     1     1     1    -1     1     0     0
     0     0     0    -1    -1    -1     0     0
     0     0     0     0     0     0     0     0
     0     0     0     0     0     0     0     0
     0     0     0     0     0     0     0     0

Lisa (-1) to move (time left: 167.2 sec.):
     0     0     1     1     1     1     0     0
     0     0     0     1     1     0     0     0
     0     0     1     1    -1     0     1     0
     0     1     1    -1    -1     1     0     0
     0     0    -1    -1    -1    -1     0     0
     0     0     0     0     0     0     0     0
     0     0     0     0     0     0     0     0
     0     0     0     0     0     0     0     0

MiniMaxPlayer2 (1) to move (time left: 179.6 sec.):
     0     0     1     1     1     1     0     0
     0     0     0     1     1     0     0     0
     0     0     1     1     1     1     1     0
     0     1     1    -1    -1     1     0     0
     0     0    -1    -1    -1    -1     0     0
     0     0     0     0     0     0     0     0
     0     0     0     0     0     0     0     0
     0     0     0     0     0     0     0     0

Lisa (-1) to move (time left: 164.9 sec.):
     0     0     1     1     1     1     0     0
     0     0     0     1     1     0     0     0
     0     0     1     1     1     1     1     0
     0     1     1    -1    -1    -1    -1     0
     0     0    -1    -1    -1    -1     0     0
     0     0     0     0     0     0     0     0
     0     0     0     0     0     0     0     0
     0     0     0     0     0     0     0     0

MiniMaxPlayer2 (1) to move (time left: 179.5 sec.):
     0     0     1     1     1     1     0     0
     0     0     0     1     1     0     0     0
     0     0     1     1     1     1     1     0
     0     1     1     1     1     1     1     1
     0     0    -1    -1    -1    -1     0     0
     0     0     0     0     0     0     0     0
     0     0     0     0     0     0     0     0
     0     0     0     0     0     0     0     0

Lisa (-1) to move (time left: 161.3 sec.):
     0     0     1     1     1     1     0     0
     0     0     0     1     1     0     0     0
     0     0     1     1     1     1     1    -1
     0     1     1     1     1     1    -1     1
     0     0    -1    -1    -1    -1     0     0
     0     0     0     0     0     0     0     0
     0     0     0     0     0     0     0     0
     0     0     0     0     0     0     0     0

MiniMaxPlayer2 (1) to move (time left: 179.4 sec.):
     0     0     1     1     1     1     0     0
     0     0     0     1     1     0     0     1
     0     0     1     1     1     1     1     1
     0     1     1     1     1     1    -1     1
     0     0    -1    -1    -1    -1     0     0
     0     0     0     0     0     0     0     0
     0     0     0     0     0     0     0     0
     0     0     0     0     0     0     0     0

Lisa (-1) to move (time left: 158.0 sec.):
     0     0     1     1     1     1     0     0
     0     0     0     1     1     0     0     1
     0    -1     1     1     1     1     1     1
     0     1    -1     1     1     1    -1     1
     0     0    -1    -1    -1    -1     0     0
     0     0     0     0     0     0     0     0
     0     0     0     0     0     0     0     0
     0     0     0     0     0     0     0     0

MiniMaxPlayer2 (1) to move (time left: 179.3 sec.):
     0     0     1     1     1     1     0     0
     0     1     0     1     1     0     0     1
     0     1     1     1     1     1     1     1
     0     1    -1     1     1     1    -1     1
     0     0    -1    -1    -1    -1     0     0
     0     0     0     0     0     0     0     0
     0     0     0     0     0     0     0     0
     0     0     0     0     0     0     0     0

Lisa (-1) to move (time left: 156.4 sec.):
    -1     0     1     1     1     1     0     0
     0    -1     0     1     1     0     0     1
     0     1    -1     1     1     1     1     1
     0     1    -1    -1     1     1    -1     1
     0     0    -1    -1    -1    -1     0     0
     0     0     0     0     0     0     0     0
     0     0     0     0     0     0     0     0
     0     0     0     0     0     0     0     0

MiniMaxPlayer2 (1) to move (time left: 179.2 sec.):
    -1     1     1     1     1     1     0     0
     0     1     0     1     1     0     0     1
     0     1    -1     1     1     1     1     1
     0     1    -1    -1     1     1    -1     1
     0     0    -1    -1    -1    -1     0     0
     0     0     0     0     0     0     0     0
     0     0     0     0     0     0     0     0
     0     0     0     0     0     0     0     0

Lisa (-1) to move (time left: 153.8 sec.):
    -1     1     1     1     1     1     0     0
     0     1     0     1     1     0     0     1
     0     1    -1     1     1     1     1     1
     0    -1    -1    -1     1     1    -1     1
    -1     0    -1    -1    -1    -1     0     0
     0     0     0     0     0     0     0     0
     0     0     0     0     0     0     0     0
     0     0     0     0     0     0     0     0

MiniMaxPlayer2 (1) to move (time left: 179.0 sec.):
    -1     1     1     1     1     1     0     0
     0     1     0     1     1     0     0     1
     0     1    -1     1     1     1     1     1
     1     1     1     1     1     1    -1     1
    -1     0    -1    -1    -1    -1     0     0
     0     0     0     0     0     0     0     0
     0     0     0     0     0     0     0     0
     0     0     0     0     0     0     0     0

Lisa (-1) to move (time left: 150.6 sec.):
    -1     1     1     1     1     1     0     0
    -1     1     0     1     1     0     0     1
     0    -1    -1     1     1     1     1     1
     1     1    -1     1     1     1    -1     1
    -1     0    -1    -1    -1    -1     0     0
     0     0     0     0     0     0     0     0
     0     0     0     0     0     0     0     0
     0     0     0     0     0     0     0     0

MiniMaxPlayer2 (1) to move (time left: 178.9 sec.):
    -1     1     1     1     1     1     0     0
    -1     1     1     1     1     0     0     1
     0     1    -1     1     1     1     1     1
     1     1    -1     1     1     1    -1     1
    -1     0    -1    -1    -1    -1     0     0
     0     0     0     0     0     0     0     0
     0     0     0     0     0     0     0     0
     0     0     0     0     0     0     0     0

Lisa (-1) to move (time left: 144.3 sec.):
    -1    -1    -1    -1    -1    -1    -1     0
    -1     1     1     1     1     0     0     1
     0     1    -1     1     1     1     1     1
     1     1    -1     1     1     1    -1     1
    -1     0    -1    -1    -1    -1     0     0
     0     0     0     0     0     0     0     0
     0     0     0     0     0     0     0     0
     0     0     0     0     0     0     0     0

MiniMaxPlayer2 (1) to move (time left: 178.8 sec.):
    -1    -1    -1    -1    -1    -1    -1     0
    -1     1     1     1     1     0     0     1
     0     1    -1     1     1     1     1     1
     1     1     1     1     1     1    -1     1
    -1     1    -1    -1    -1    -1     0     0
     0     0     0     0     0     0     0     0
     0     0     0     0     0     0     0     0
     0     0     0     0     0     0     0     0

Lisa (-1) to move (time left: 135.2 sec.):
    -1    -1    -1    -1    -1    -1    -1     0
    -1    -1     1     1     1     0     0     1
    -1    -1    -1     1     1     1     1     1
    -1    -1     1     1     1     1    -1     1
    -1     1    -1    -1    -1    -1     0     0
     0     0     0     0     0     0     0     0
     0     0     0     0     0     0     0     0
     0     0     0     0     0     0     0     0

MiniMaxPlayer2 (1) to move (time left: 178.7 sec.):
    -1    -1    -1    -1    -1    -1    -1     0
    -1    -1     1     1     1     0     0     1
    -1    -1    -1     1     1     1     1     1
    -1    -1     1     1     1     1     1     1
    -1     1     1     1     1     1     1     0
     0     0     0     0     0     0     0     0
     0     0     0     0     0     0     0     0
     0     0     0     0     0     0     0     0

Lisa (-1) to move (time left: 131.0 sec.):
    -1    -1    -1    -1    -1    -1    -1     0
    -1    -1    -1    -1    -1    -1     0     1
    -1    -1    -1     1     1     1     1     1
    -1    -1     1     1     1     1     1     1
    -1     1     1     1     1     1     1     0
     0     0     0     0     0     0     0     0
     0     0     0     0     0     0     0     0
     0     0     0     0     0     0     0     0

MiniMaxPlayer2 (1) to move (time left: 178.6 sec.):
    -1    -1    -1    -1    -1    -1    -1     0
    -1    -1    -1    -1    -1    -1     0     1
    -1    -1    -1     1     1     1     1     1
    -1    -1     1     1     1     1     1     1
    -1     1     1     1     1     1     1     0
     0     0     0     0     0     0     0     0
     0     0     0     0     0     0     0     0
     0     0     0     0     0     0     0     0

Lisa (-1) to move (time left: 125.7 sec.):
    -1    -1    -1    -1    -1    -1    -1     0
    -1    -1    -1    -1    -1    -1     0     1
    -1    -1    -1    -1     1     1     1     1
    -1    -1    -1     1     1     1     1     1
    -1    -1     1     1     1     1     1     0
    -1     0     0     0     0     0     0     0
     0     0     0     0     0     0     0     0
     0     0     0     0     0     0     0     0

MiniMaxPlayer2 (1) to move (time left: 178.6 sec.):
    -1    -1    -1    -1    -1    -1    -1     0
    -1    -1    -1    -1    -1    -1     0     1
    -1    -1    -1    -1     1     1     1     1
    -1    -1    -1     1     1     1     1     1
    -1    -1     1     1     1     1     1     0
    -1     0     0     0     0     0     0     0
     0     0     0     0     0     0     0     0
     0     0     0     0     0     0     0     0

Lisa (-1) to move (time left: 123.0 sec.):
    -1    -1    -1    -1    -1    -1    -1     0
    -1    -1    -1    -1    -1    -1     0     1
    -1    -1    -1    -1     1     1     1     1
    -1    -1    -1     1     1     1     1     1
    -1    -1    -1     1     1     1     1     0
    -1     0    -1     0     0     0     0     0
     0     0     0     0     0     0     0     0
     0     0     0     0     0     0     0     0

MiniMaxPlayer2 (1) to move (time left: 178.6 sec.):
    -1    -1    -1    -1    -1    -1    -1     0
    -1    -1    -1    -1    -1    -1     0     1
    -1    -1    -1    -1     1     1     1     1
    -1    -1    -1     1     1     1     1     1
    -1    -1     1     1     1     1     1     0
    -1     1    -1     0     0     0     0     0
     0     0     0     0     0     0     0     0
     0     0     0     0     0     0     0     0

Lisa (-1) to move (time left: 120.6 sec.):
    -1    -1    -1    -1    -1    -1    -1     0
    -1    -1    -1    -1    -1    -1     0     1
    -1    -1    -1    -1    -1     1     1     1
    -1    -1    -1    -1     1     1     1     1
    -1    -1    -1     1     1     1     1     0
    -1    -1    -1     0     0     0     0     0
    -1     0     0     0     0     0     0     0
     0     0     0     0     0     0     0     0

MiniMaxPlayer2 (1) to move (time left: 178.6 sec.):
    -1    -1    -1    -1    -1    -1    -1     0
    -1    -1    -1    -1    -1    -1     0     1
    -1    -1    -1    -1    -1     1     1     1
    -1    -1    -1    -1     1     1     1     1
    -1    -1    -1     1     1     1     1     0
    -1    -1     1     0     0     0     0     0
    -1     1     0     0     0     0     0     0
     0     0     0     0     0     0     0     0

Lisa (-1) to move (time left: 106.4 sec.):
    -1    -1    -1    -1    -1    -1    -1     0
    -1    -1    -1    -1    -1    -1     0     1
    -1    -1    -1    -1    -1     1     1     1
    -1    -1    -1    -1     1     1     1     1
    -1    -1    -1    -1     1     1     1     0
    -1    -1    -1    -1     0     0     0     0
    -1     1     0     0     0     0     0     0
     0     0     0     0     0     0     0     0

MiniMaxPlayer2 (1) to move (time left: 178.5 sec.):
    -1    -1    -1    -1    -1    -1    -1     0
    -1    -1    -1    -1    -1    -1     0     1
    -1    -1    -1    -1    -1     1     1     1
    -1    -1    -1    -1     1     1     1     1
    -1    -1    -1    -1     1     1     1     0
    -1    -1    -1     1     0     0     0     0
    -1     1     1     0     0     0     0     0
     0     0     0     0     0     0     0     0

Lisa (-1) to move (time left: 93.1 sec.):
    -1    -1    -1    -1    -1    -1    -1     0
    -1    -1    -1    -1    -1    -1     0     1
    -1    -1    -1    -1    -1     1     1     1
    -1    -1    -1    -1     1     1     1     1
    -1    -1    -1    -1     1     1     1     0
    -1    -1    -1     1     0     0     0     0
    -1    -1     1     0     0     0     0     0
    -1     0     0     0     0     0     0     0

MiniMaxPlayer2 (1) to move (time left: 178.5 sec.):
    -1    -1    -1    -1    -1    -1    -1     0
    -1    -1    -1    -1    -1    -1     0     1
    -1    -1    -1    -1    -1     1     1     1
    -1    -1    -1    -1     1     1     1     1
    -1    -1    -1    -1     1     1     1     0
    -1    -1    -1     1     0     0     0     0
    -1    -1     1     0     0     0     0     0
    -1     0     0     0     0     0     0     0

Lisa (-1) to move (time left: 71.6 sec.):
    -1    -1    -1    -1    -1    -1    -1     0
    -1    -1    -1    -1    -1    -1     0     1
    -1    -1    -1    -1    -1     1     1     1
    -1    -1    -1    -1     1     1     1     1
    -1    -1    -1    -1     1     1     1     0
    -1    -1    -1     1     0     0     0     0
    -1    -1    -1     0     0     0     0     0
    -1     0    -1     0     0     0     0     0

MiniMaxPlayer2 (1) to move (time left: 178.5 sec.):
    -1    -1    -1    -1    -1    -1    -1     0
    -1    -1    -1    -1    -1    -1     0     1
    -1    -1    -1    -1    -1     1     1     1
    -1    -1    -1    -1     1     1     1     1
    -1    -1    -1    -1     1     1     1     0
    -1    -1    -1     1     0     0     0     0
    -1    -1     1     0     0     0     0     0
    -1     1    -1     0     0     0     0     0

Lisa (-1) to move (time left: 56.1 sec.):
    -1    -1    -1    -1    -1    -1    -1     0
    -1    -1    -1    -1    -1    -1     0     1
    -1    -1    -1    -1    -1     1     1     1
    -1    -1    -1    -1     1     1     1     1
    -1    -1    -1    -1     1     1     1     0
    -1    -1    -1     1     0     0     0     0
    -1    -1    -1     0     0     0     0     0
    -1     1    -1    -1     0     0     0     0

MiniMaxPlayer2 (1) to move (time left: 178.5 sec.):
    -1    -1    -1    -1    -1    -1    -1     0
    -1    -1    -1    -1    -1    -1     0     1
    -1    -1    -1    -1    -1     1     1     1
    -1    -1    -1    -1     1     1     1     1
    -1    -1    -1    -1     1     1     1     0
    -1    -1    -1     1     0     0     0     0
    -1    -1    -1     0     0     0     0     0
    -1     1     1     1     1     0     0     0

Lisa (-1) to move (time left: 53.9 sec.):
    -1    -1    -1    -1    -1    -1    -1     0
    -1    -1    -1    -1    -1    -1     0     1
    -1    -1    -1    -1    -1     1     1     1
    -1    -1    -1    -1    -1     1     1     1
    -1    -1    -1    -1    -1     1     1     0
    -1    -1    -1    -1    -1     0     0     0
    -1    -1    -1     0     0     0     0     0
    -1     1     1     1     1     0     0     0

MiniMaxPlayer2 (1) to move (time left: 178.5 sec.):
    -1    -1    -1    -1    -1    -1    -1     0
    -1    -1    -1    -1    -1    -1     0     1
    -1    -1    -1    -1    -1     1     1     1
    -1    -1    -1    -1    -1     1     1     1
    -1    -1    -1    -1    -1     1     1     0
    -1    -1    -1    -1     1     0     0     0
    -1    -1    -1     1     0     0     0     0
    -1     1     1     1     1     0     0     0

Lisa (-1) to move (time left: 50.6 sec.):
    -1    -1    -1    -1    -1    -1    -1     0
    -1    -1    -1    -1    -1    -1     0     1
    -1    -1    -1    -1    -1     1     1     1
    -1    -1    -1    -1    -1     1     1     1
    -1    -1    -1    -1    -1     1     1     0
    -1    -1    -1    -1    -1     0     0     0
    -1    -1    -1     1     0    -1     0     0
    -1     1     1     1     1     0     0     0

MiniMaxPlayer2 (1) to move (time left: 178.5 sec.):
    -1    -1    -1    -1    -1    -1    -1     0
    -1    -1    -1    -1    -1    -1     0     1
    -1    -1    -1    -1    -1     1     1     1
    -1    -1    -1    -1    -1     1     1     1
    -1    -1    -1    -1    -1     1     1     0
    -1    -1    -1    -1    -1     0     1     0
    -1    -1    -1     1     0     1     0     0
    -1     1     1     1     1     0     0     0

Lisa (-1) to move (time left: 44.3 sec.):
    -1    -1    -1    -1    -1    -1    -1     0
    -1    -1    -1    -1    -1    -1     0     1
    -1    -1    -1    -1    -1     1     1     1
    -1    -1    -1    -1    -1     1     1     1
    -1    -1    -1    -1    -1     1     1     0
    -1    -1    -1    -1    -1     0     1     0
    -1    -1    -1     1     0     1     0     0
    -1    -1    -1    -1    -1    -1     0     0

MiniMaxPlayer2 (1) to move (time left: 178.4 sec.):
    -1    -1    -1    -1    -1    -1    -1     0
    -1    -1    -1    -1    -1    -1     0     1
    -1    -1    -1    -1    -1     1     1     1
    -1    -1    -1    -1    -1     1     1     1
    -1    -1    -1    -1    -1     1     1     0
    -1    -1    -1    -1    -1     0     1     0
    -1    -1    -1     1     0     1     0     0
    -1    -1    -1    -1    -1    -1     0     0

Lisa (-1) to move (time left: 39.8 sec.):
    -1    -1    -1    -1    -1    -1    -1     0
    -1    -1    -1    -1    -1    -1     0     1
    -1    -1    -1    -1    -1     1     1     1
    -1    -1    -1    -1    -1    -1     1     1
    -1    -1    -1    -1    -1     1    -1     0
    -1    -1    -1    -1    -1     0     1    -1
    -1    -1    -1     1     0     1     0     0
    -1    -1    -1    -1    -1    -1     0     0

MiniMaxPlayer2 (1) to move (time left: 178.4 sec.):
    -1    -1    -1    -1    -1    -1    -1     0
    -1    -1    -1    -1    -1    -1     0     1
    -1    -1    -1    -1    -1     1     1     1
    -1    -1    -1    -1    -1    -1     1     1
    -1    -1    -1    -1    -1     1     1     1
    -1    -1    -1    -1    -1     0     1    -1
    -1    -1    -1     1     0     1     0     0
    -1    -1    -1    -1    -1    -1     0     0

Lisa (-1) to move (time left: 36.0 sec.):
    -1    -1    -1    -1    -1    -1    -1    -1
    -1    -1    -1    -1    -1    -1     0    -1
    -1    -1    -1    -1    -1     1     1    -1
    -1    -1    -1    -1    -1    -1     1    -1
    -1    -1    -1    -1    -1     1     1    -1
    -1    -1    -1    -1    -1     0     1    -1
    -1    -1    -1     1     0     1     0     0
    -1    -1    -1    -1    -1    -1     0     0

MiniMaxPlayer2 (1) to move (time left: 178.4 sec.):
    -1    -1    -1    -1    -1    -1    -1    -1
    -1    -1    -1    -1    -1    -1     0    -1
    -1    -1    -1    -1    -1     1     1    -1
    -1    -1    -1    -1    -1    -1     1    -1
    -1    -1    -1    -1    -1     1     1    -1
    -1    -1    -1    -1    -1     0     1    -1
    -1    -1    -1     1     0     1     0     0
    -1    -1    -1    -1    -1    -1     0     0

Lisa (-1) to move (time left: 35.6 sec.):
    -1    -1    -1    -1    -1    -1    -1    -1
    -1    -1    -1    -1    -1    -1    -1    -1
    -1    -1    -1    -1    -1    -1     1    -1
    -1    -1    -1    -1    -1    -1     1    -1
    -1    -1    -1    -1    -1     1     1    -1
    -1    -1    -1    -1    -1     0     1    -1
    -1    -1    -1     1     0     1     0     0
    -1    -1    -1    -1    -1    -1     0     0

MiniMaxPlayer2 (1) to move (time left: 178.4 sec.):
    -1    -1    -1    -1    -1    -1    -1    -1
    -1    -1    -1    -1    -1    -1    -1    -1
    -1    -1    -1    -1    -1    -1     1    -1
    -1    -1    -1    -1    -1    -1     1    -1
    -1    -1    -1    -1    -1     1     1    -1
    -1    -1    -1    -1    -1     0     1    -1
    -1    -1    -1     1     0     1     0     0
    -1    -1    -1    -1    -1    -1     0     0

Lisa (-1) to move (time left: 35.3 sec.):
    -1    -1    -1    -1    -1    -1    -1    -1
    -1    -1    -1    -1    -1    -1    -1    -1
    -1    -1    -1    -1    -1    -1     1    -1
    -1    -1    -1    -1    -1    -1     1    -1
    -1    -1    -1    -1    -1    -1    -1    -1
    -1    -1    -1    -1    -1    -1    -1    -1
    -1    -1    -1     1     0    -1     0     0
    -1    -1    -1    -1    -1    -1     0     0

MiniMaxPlayer2 (1) to move (time left: 178.4 sec.):
    -1    -1    -1    -1    -1    -1    -1    -1
    -1    -1    -1    -1    -1    -1    -1    -1
    -1    -1    -1    -1    -1    -1     1    -1
    -1    -1    -1    -1    -1    -1     1    -1
    -1    -1    -1    -1    -1    -1     1    -1
    -1    -1    -1    -1    -1    -1     1    -1
    -1    -1    -1     1     0    -1     1     0
    -1    -1    -1    -1    -1    -1     0     0

Lisa (-1) to move (time left: 35.2 sec.):
    -1    -1    -1    -1    -1    -1    -1    -1
    -1    -1    -1    -1    -1    -1    -1    -1
    -1    -1    -1    -1    -1    -1     1    -1
    -1    -1    -1    -1    -1    -1     1    -1
    -1    -1    -1    -1    -1    -1     1    -1
    -1    -1    -1    -1    -1    -1     1    -1
    -1    -1    -1    -1    -1    -1     1     0
    -1    -1    -1    -1    -1    -1     0     0

MiniMaxPlayer2 (1) to move (time left: 178.4 sec.):
    -1    -1    -1    -1    -1    -1    -1    -1
    -1    -1    -1    -1    -1    -1    -1    -1
    -1    -1    -1    -1    -1    -1     1    -1
    -1    -1    -1    -1    -1    -1     1    -1
    -1    -1    -1    -1    -1    -1     1    -1
    -1    -1    -1    -1    -1    -1     1    -1
    -1    -1    -1    -1    -1    -1     1     0
    -1    -1    -1    -1    -1    -1     0     0

Lisa (-1) to move (time left: 35.1 sec.):
    -1    -1    -1    -1    -1    -1    -1    -1
    -1    -1    -1    -1    -1    -1    -1    -1
    -1    -1    -1    -1    -1    -1    -1    -1
    -1    -1    -1    -1    -1    -1    -1    -1
    -1    -1    -1    -1    -1    -1    -1    -1
    -1    -1    -1    -1    -1    -1    -1    -1
    -1    -1    -1    -1    -1    -1    -1     0
    -1    -1    -1    -1    -1    -1    -1     0

Game over.
