MiniMaxPlayer2 against Lisa:
     0     0     0     0     0     0     0     0
     0     0     0     0     0     0     0     0
     0     0     0     0     0     0     0     0
     0     0     0     1    -1     0     0     0
     0     0     0    -1     1     0     0     0
     0     0     0     0     0     0     0     0
     0     0     0     0     0     0     0     0
     0     0     0     0     0     0     0     0

Lisa (-1) to move (time left: 180.0 sec.):
     0     0     0     0     0     0     0     0
     0     0     0     0     0     0     0     0
     0     0     0     0     0     0     0     0
     0     0    -1    -1    -1     0     0     0
     0     0     0    -1     1     0     0     0
     0     0     0     0     0     0     0     0
     0     0     0     0     0     0     0     0
     0     0     0     0     0     0     0     0

MiniMaxPlayer2 (1) to move (time left: 180.0 sec.):
     0     0     0     0     0     0     0     0
     0     0     0     0     0     0     0     0
     0     0     0     0     1     0     0     0
     0     0    -1    -1     1     0     0     0
     0     0     0    -1     1     0     0     0
     0     0     0     0     0     0     0     0
     0     0     0     0     0     0     0     0
     0     0     0     0     0     0     0     0

Lisa (-1) to move (time left: 179.9 sec.):
     0     0     0     0     0     0     0     0
     0     0     0     0     0     0     0     0
     0     0     0     0     1     0     0     0
     0     0    -1    -1     1     0     0     0
     0     0     0    -1    -1    -1     0     0
     0     0     0     0     0     0     0     0
     0     0     0     0     0     0     0     0
     0     0     0     0     0     0     0     0

MiniMaxPlayer2 (1) to move (time left: 179.7 sec.):
     0     0     0     0     0     0     0     0
     0     0     0     0     0     0     0     0
     0     0     0     0     1     0     0     0
     0     0    -1    -1     1     0     0     0
     0     0     0     1    -1    -1     0     0
     0     0     1     0     0     0     0     0
     0     0     0     0     0     0     0     0
     0     0     0     0     0     0     0     0

Lisa (-1) to move (time left: 179.8 sec.):
     0     0     0     0     0     0     0     0
     0     0     0     0     0     0     0     0
     0     0     0     0     1     0     0     0
     0     0    -1    -1     1     0     0     0
     0     0     0    -1    -1    -1     0     0
     0     0     1     0    -1     0     0     0
     0     0     0     0     0     0     0     0
     0     0     0     0     0     0     0     0

MiniMaxPlayer2 (1) to move (time left: 179.2 sec.):
     0     0     0     0     0     0     0     0
     0     0     0     0     0     0     0     0
     0     0     0     0     1     0     0     0
     0     0    -1    -1     1     0     0     0
     0     0     0    -1    -1     1     0     0
     0     0     1     0    -1     0     1     0
     0     0     0     0     0     0     0     0
     0     0     0     0     0     0     0     0

Lisa (-1) to move (time left: 178.4 sec.):
     0     0     0     0     0     0     0     0
     0     0     0     0     0     0     0     0
     0     0     0     0     1     0     0     0
     0     0    -1    -1    -1    -1     0     0
     0     0     0    -1    -1     1     0     0
     0     0     1     0    -1     0     1     0
     0     0     0     0     0     0     0     0
     0     0     0     0     0     0     0     0

MiniMaxPlayer2 (1) to move (time left: 178.6 sec.):
     0     0     0     0     0     0     0     0
     0     0     0     0     0     0     0     0
     0     0     0     0     1     1     0     0
     0     0    -1    -1     1     1     0     0
     0     0     0     1    -1     1     0     0
     0     0     1     0    -1     0     1     0
     0     0     0     0     0     0     0     0
     0     0     0     0     0     0     0     0

Lisa (-1) to move (time left: 177.2 sec.):
     0     0     0     0     0     0     0     0
     0     0     0     0     0     0     0     0
     0     0     0     0     1     1     0     0
     0     0    -1    -1     1     1     0     0
     0     0     0    -1    -1     1     0     0
     0     0     1    -1    -1     0     1     0
     0     0     0     0     0     0     0     0
     0     0     0     0     0     0     0     0

MiniMaxPlayer2 (1) to move (time left: 177.5 sec.):
     0     0     0     0     0     0     0     0
     0     0     0     0     0     0     0     0
     0     0     0     0     1     1     0     0
     0     0    -1    -1     1     1     0     0
     0     0     0    -1    -1     1     0     0
     0     0     1     1     1     1     1     0
     0     0     0     0     0     0     0     0
     0     0     0     0     0     0     0     0

Lisa (-1) to move (time left: 175.3 sec.):
     0     0     0     0     0     0     0     0
     0     0     0     0     0     0     0     0
     0     0     0     0     1     1     0     0
     0     0    -1    -1     1     1     0     0
     0     0     0    -1    -1    -1    -1     0
     0     0     1     1     1     1     1     0
     0     0     0     0     0     0     0     0
     0     0     0     0     0     0     0     0

MiniMaxPlayer2 (1) to move (time left: 175.9 sec.):
     0     0     0     0     0     0     0     0
     0     0     0     0     0     0     0     0
     0     0     1     0     1     1     0     0
     0     0    -1     1     1     1     0     0
     0     0     0    -1     1    -1    -1     0
     0     0     1     1     1     1     1     0
     0     0     0     0     0     0     0     0
     0     0     0     0     0     0     0     0

Lisa (-1) to move (time left: 172.7 sec.):
     0     0     0     0     0     0     0     0
     0     0     0     0     0     0     0     0
     0     0     1    -1     1     1     0     0
     0     0    -1    -1    -1     1     0     0
     0     0     0    -1     1    -1    -1     0
     0     0     1     1     1     1     1     0
     0     0     0     0     0     0     0     0
     0     0     0     0     0     0     0     0

MiniMaxPlayer2 (1) to move (time left: 174.0 sec.):
     0     0     0     0     0     0     0     0
     0     0     0     0     0     0     0     0
     0     0     1    -1     1     1     0     0
     0     0    -1    -1    -1     1     0     0
     0     0     0    -1     1    -1     1     0
     0     0     1     1     1     1     1     1
     0     0     0     0     0     0     0     0
     0     0     0     0     0     0     0     0

Lisa (-1) to move (time left: 168.0 sec.):
     0     0     0     0     0     0     0     0
     0     0     0     0     0     0     0     0
     0     0     1    -1     1     1     0     0
     0     0    -1    -1    -1    -1    -1     0
     0     0     0    -1     1    -1     1     0
     0     0     1     1     1     1     1     1
     0     0     0     0     0     0     0     0
     0     0     0     0     0     0     0     0

MiniMaxPlayer2 (1) to move (time left: 171.9 sec.):
     0     0     0     0     0     0     0     0
     0     0     0     0     0     0     0     0
     0     0     1    -1     1     1     0     1
     0     0    -1    -1    -1    -1     1     0
     0     0     0    -1     1     1     1     0
     0     0     1     1     1     1     1     1
     0     0     0     0     0     0     0     0
     0     0     0     0     0     0     0     0

Lisa (-1) to move (time left: 156.7 sec.):
     0     0     0     0     0     0     0     0
     0     0     0    -1     0     0     0     0
     0     0     1    -1    -1     1     0     1
     0     0    -1    -1    -1    -1     1     0
     0     0     0    -1     1     1     1     0
     0     0     1     1     1     1     1     1
     0     0     0     0     0     0     0     0
     0     0     0     0     0     0     0     0

MiniMaxPlayer2 (1) to move (time left: 169.9 sec.):
     0     0     1     0     0     0     0     0
     0     0     0     1     0     0     0     0
     0     0     1    -1     1     1     0     1
     0     0    -1    -1    -1     1     1     0
     0     0     0    -1     1     1     1     0
     0     0     1     1     1     1     1     1
     0     0     0     0     0     0     0     0
     0     0     0     0     0     0     0     0

Lisa (-1) to move (time left: 148.8 sec.):
     0     0     1     0     0     0     0     0
     0     0    -1     1     0     0     0     0
     0     0    -1    -1     1     1     0     1
     0     0    -1    -1    -1     1     1     0
     0     0     0    -1     1     1     1     0
     0     0     1     1     1     1     1     1
     0     0     0     0     0     0     0     0
     0     0     0     0     0     0     0     0

MiniMaxPlayer2 (1) to move (time left: 167.8 sec.):
     0     0     1     0     0     0     0     0
     0     0     1     1     0     0     0     0
     0     0     1    -1     1     1     0     1
     0     0     1     1    -1     1     1     0
     0     0     1     1     1     1     1     0
     0     0     1     1     1     1     1     1
     0     0     0     0     0     0     0     0
     0     0     0     0     0     0     0     0

Lisa (-1) to move (time left: 143.7 sec.):
     0     0     1    -1     0     0     0     0
     0     0     1    -1     0     0     0     0
     0     0     1    -1     1     1     0     1
     0     0     1     1    -1     1     1     0
     0     0     1     1     1     1     1     0
     0     0     1     1     1     1     1     1
     0     0     0     0     0     0     0     0
     0     0     0     0     0     0     0     0

MiniMaxPlayer2 (1) to move (time left: 167.1 sec.):
     0     0     1     1     1     0     0     0
     0     0     1     1     0     0     0     0
     0     0     1    -1     1     1     0     1
     0     0     1     1    -1     1     1     0
     0     0     1     1     1     1     1     0
     0     0     1     1     1     1     1     1
     0     0     0     0     0     0     0     0
     0     0     0     0     0     0     0     0

Lisa (-1) to move (time left: 141.9 sec.):
     0     0     1     1     1     0     0     0
     0     0     1     1     0     0     0     0
     0     0     1    -1     1     1     0     1
     0     0     1    -1    -1     1     1     0
     0     0     1    -1     1     1     1     0
     0     0     1    -1     1     1     1     1
     0     0     0    -1     0     0     0     0
     0     0     0     0     0     0     0     0

MiniMaxPlayer2 (1) to move (time left: 166.6 sec.):
     0     0     1     1     1     0     0     0
     0     0     1     1     0     0     0     0
     0     0     1     1     1     1     0     1
     0     0     1     1    -1     1     1     0
     0     0     1     1     1     1     1     0
     0     0     1     1     1     1     1     1
     0     0     0     1     0     0     0     0
     0     0     0     1     0     0     0     0

Lisa (-1) to move (time left: 138.5 sec.):
     0     0     1     1     1     0     0     0
     0     0     1     1    -1     0     0     0
     0     0     1     1    -1     1     0     1
     0     0     1     1    -1     1     1     0
     0     0     1     1     1     1     1     0
     0     0     1     1     1     1     1     1
     0     0     0     1     0     0     0     0
     0     0     0     1     0     0     0     0

MiniMaxPlayer2 (1) to move (time left: 165.7 sec.):
     0     0     1     1     1     0     0     0
     0     0     1     1     1     1     0     0
     0     0     1     1     1     1     0     1
     0     0     1     1    -1     1     1     0
     0     0     1     1     1     1     1     0
     0     0     1     1     1     1     1     1
     0     0     0     1     0     0     0     0
     0     0     0     1     0     0     0     0

Lisa (-1) to move (time left: 137.6 sec.):
     0     0     1     1     1     0     0     0
     0     0     1     1     1     1     0     0
     0     0     1     1     1     1     0     1
     0     0     1     1    -1    -1    -1    -1
     0     0     1     1     1     1     1     0
     0     0     1     1     1     1     1     1
     0     0     0     1     0     0     0     0
     0     0     0     1     0     0     0     0

MiniMaxPlayer2 (1) to move (time left: 165.5 sec.):
     0     0     1     1     1     0     0     0
     0     0     1     1     1     1     0     0
     0     0     1     1     1     1     1     1
     0     0     1     1    -1     1     1    -1
     0     0     1     1     1     1     1     0
     0     0     1     1     1     1     1     1
     0     0     0     1     0     0     0     0
     0     0     0     1     0     0     0     0

Lisa (-1) to move (time left: 134.5 sec.):
     0     0     1     1     1     0     0     0
     0     0     1     1     1     1     0    -1
     0     0     1     1     1     1     1    -1
     0     0     1     1    -1     1     1    -1
     0     0     1     1     1     1     1     0
     0     0     1     1     1     1     1     1
     0     0     0     1     0     0     0     0
     0     0     0     1     0     0     0     0

MiniMaxPlayer2 (1) to move (time left: 165.2 sec.):
     0     0     1     1     1     0     0     0
     0     0     1     1     1     1     0    -1
     0     0     1     1     1     1     1    -1
     0     0     1     1    -1     1     1    -1
     0     0     1     1     1     1     1     0
     0     0     1     1     1     1     1     1
     0     0     0     1     0     0     0     0
     0     0     0     1     0     0     0     0

Lisa (-1) to move (time left: 127.6 sec.):
     0     0     1     1     1     0     0     0
     0     0     1     1     1     1     0    -1
     0     0     1     1     1     1     1    -1
     0    -1    -1    -1    -1     1     1    -1
     0     0     1     1     1     1     1     0
     0     0     1     1     1     1     1     1
     0     0     0     1     0     0     0     0
     0     0     0     1     0     0     0     0

MiniMaxPlayer2 (1) to move (time left: 165.2 sec.):
     0     0     1     1     1     0     0     0
     0     0     1     1     1     1     0    -1
     0     0     1     1     1     1     1    -1
     0    -1     1    -1    -1     1     1    -1
     0     1     1     1     1     1     1     0
     0     0     1     1     1     1     1     1
     0     0     0     1     0     0     0     0
     0     0     0     1     0     0     0     0

Lisa (-1) to move (time left: 125.6 sec.):
     0     0     1     1     1     0     0     0
     0     0     1     1     1     1     0    -1
     0    -1    -1    -1    -1    -1    -1    -1
     0    -1     1    -1    -1     1     1    -1
     0     1     1     1     1     1     1     0
     0     0     1     1     1     1     1     1
     0     0     0     1     0     0     0     0
     0     0     0     1     0     0     0     0

MiniMaxPlayer2 (1) to move (time left: 164.0 sec.):
     0     0     1     1     1     0     0     0
     0     0     1     1     1     1     0    -1
     0    -1     1    -1    -1    -1    -1    -1
     0     1     1    -1    -1     1     1    -1
     1     1     1     1     1     1     1     0
     0     0     1     1     1     1     1     1
     0     0     0     1     0     0     0     0
     0     0     0     1     0     0     0     0

Lisa (-1) to move (time left: 111.2 sec.):
     0     0     1     1     1     0     0     0
     0     0     1     1     1     1     0    -1
     0    -1     1    -1    -1    -1    -1    -1
     0     1     1    -1    -1    -1     1    -1
     1     1     1     1    -1     1     1     0
     0     0     1    -1     1     1     1     1
     0     0    -1     1     0     0     0     0
     0     0     0     1     0     0     0     0

MiniMaxPlayer2 (1) to move (time left: 163.6 sec.):
     0     0     1     1     1     0     0     0
     0     0     1     1     1     1     0    -1
     0    -1     1    -1    -1    -1    -1    -1
     0     1     1    -1    -1    -1     1    -1
     1     1     1     1    -1     1     1     0
     0     0     1     1     1     1     1     1
     0     0    -1     1     1     0     0     0
     0     0     0     1     0     0     0     0

Lisa (-1) to move (time left: 107.0 sec.):
     0     0     1     1     1     0     0     0
     0     0     1     1     1     1     0    -1
     0    -1     1    -1    -1    -1    -1    -1
     0     1    -1    -1    -1    -1     1    -1
     1    -1     1     1    -1     1     1     0
    -1     0     1     1     1     1     1     1
     0     0    -1     1     1     0     0     0
     0     0     0     1     0     0     0     0

MiniMaxPlayer2 (1) to move (time left: 162.6 sec.):
     0     0     1     1     1     0     0     0
     0     0     1     1     1     1     0    -1
     0    -1     1    -1    -1    -1    -1    -1
     0     1    -1    -1    -1    -1     1    -1
     1    -1     1     1    -1     1     1     0
     1     0     1     1     1     1     1     1
     1     0    -1     1     1     0     0     0
     0     0     0     1     0     0     0     0

Lisa (-1) to move (time left: 46.9 sec.):
     0     0     1     1     1     0     0     0
     0     0     1     1     1     1     0    -1
     0    -1     1    -1    -1    -1    -1    -1
     0     1    -1    -1    -1    -1     1    -1
     1    -1    -1     1    -1     1     1     0
     1    -1     1     1     1     1     1     1
     1     0    -1     1     1     0     0     0
     0     0     0     1     0     0     0     0

MiniMaxPlayer2 (1) to move (time left: 161.9 sec.):
     0     0     1     1     1     0     0     0
     1     0     1     1     1     1     0    -1
     0     1     1    -1    -1    -1    -1    -1
     0     1     1    -1    -1    -1     1    -1
     1    -1    -1     1    -1     1     1     0
     1    -1     1     1     1     1     1     1
     1     0    -1     1     1     0     0     0
     0     0     0     1     0     0     0     0

Lisa (-1) to move (time left: 42.1 sec.):
     0     0     1     1     1     0     0     0
     1     0     1     1     1     1     0    -1
     0     1     1    -1    -1    -1    -1    -1
    -1    -1    -1    -1    -1    -1     1    -1
     1    -1    -1     1    -1     1     1     0
     1    -1     1     1     1     1     1     1
     1     0    -1     1     1     0     0     0
     0     0     0     1     0     0     0     0

MiniMaxPlayer2 (1) to move (time left: 161.1 sec.):
     0     0     1     1     1     0     0     0
     1     0     1     1     1     1     0    -1
     1     1     1    -1    -1    -1    -1    -1
     1     1    -1    -1    -1    -1     1    -1
     1    -1     1     1    -1     1     1     0
     1    -1     1     1     1     1     1     1
     1     0    -1     1     1     0     0     0
     0     0     0     1     0     0     0     0

Lisa (-1) to move (time left: 39.2 sec.):
     0     0     1     1     1     0     0     0
     1     0     1     1     1     1     0    -1
     1     1     1    -1    -1    -1    -1    -1
     1     1    -1    -1    -1    -1     1    -1
     1    -1     1    -1    -1     1     1     0
     1    -1    -1     1     1     1     1     1
     1    -1    -1     1     1     0     0     0
     0     0     0     1     0     0     0     0

MiniMaxPlayer2 (1) to move (time left: 160.5 sec.):
     0     0     1     1     1     0     0     0
     1     0     1     1     1     1     1    -1
     1     1     1    -1    -1    -1     1    -1
     1     1    -1    -1    -1    -1     1    -1
     1    -1     1    -1    -1     1     1     0
     1    -1    -1     1     1     1     1     1
     1    -1    -1     1     1     0     0     0
     0     0     0     1     0     0     0     0

Lisa (-1) to move (time left: 37.6 sec.):
     0     0     1     1     1     0     0    -1
     1     0     1     1     1     1    -1    -1
     1     1     1    -1    -1    -1     1    -1
     1     1    -1    -1    -1    -1     1    -1
     1    -1     1    -1    -1     1     1     0
     1    -1    -1     1     1     1     1     1
     1    -1    -1     1     1     0     0     0
     0     0     0     1     0     0     0     0

MiniMaxPlayer2 (1) to move (time left: 160.2 sec.):
     0     0     1     1     1     0     1    -1
     1     0     1     1     1     1     1    -1
     1     1     1    -1    -1    -1     1    -1
     1     1    -1    -1    -1    -1     1    -1
     1    -1     1    -1    -1     1     1     0
     1    -1    -1     1     1     1     1     1
     1    -1    -1     1     1     0     0     0
     0     0     0     1     0     0     0     0

Lisa (-1) to move (time left: 36.8 sec.):
     0     0     1     1     1    -1    -1    -1
     1     0     1     1    -1    -1    -1    -1
     1     1     1    -1    -1    -1     1    -1
     1     1    -1    -1    -1    -1     1    -1
     1    -1     1    -1    -1     1     1     0
     1    -1    -1     1     1     1     1     1
     1    -1    -1     1     1     0     0     0
     0     0     0     1     0     0     0     0

MiniMaxPlayer2 (1) to move (time left: 159.9 sec.):
     0     0     1     1     1    -1    -1    -1
     1     0     1     1    -1    -1    -1    -1
     1     1     1    -1    -1    -1     1    -1
     1     1    -1    -1    -1    -1     1    -1
     1    -1     1    -1    -1     1     1     0
     1    -1     1     1     1     1     1     1
     1     1     1     1     1     0     0     0
     0     0     1     1     0     0     0     0

Lisa (-1) to move (time left: 36.1 sec.):
     0     0     1     1     1    -1    -1    -1
     1     0     1     1    -1    -1    -1    -1
     1     1     1    -1    -1    -1     1    -1
     1     1    -1    -1    -1    -1     1    -1
     1    -1     1    -1    -1     1     1     0
     1    -1    -1     1     1     1     1     1
     1    -1     1     1     1     0     0     0
    -1     0     1     1     0     0     0     0

MiniMaxPlayer2 (1) to move (time left: 159.8 sec.):
     0     0     1     1     1    -1    -1    -1
     1     0     1     1    -1    -1    -1    -1
     1     1     1    -1    -1    -1     1    -1
     1     1    -1    -1    -1    -1     1    -1
     1     1     1    -1    -1     1     1     0
     1     1    -1     1     1     1     1     1
     1     1     1     1     1     0     0     0
    -1     1     1     1     0     0     0     0

Lisa (-1) to move (time left: 34.2 sec.):
     0     0     1     1     1    -1    -1    -1
     1     0     1     1    -1    -1    -1    -1
     1     1     1    -1    -1    -1     1    -1
     1     1    -1    -1    -1    -1    -1    -1
     1     1     1    -1    -1    -1    -1    -1
     1     1    -1     1     1     1     1     1
     1     1     1     1     1     0     0     0
    -1     1     1     1     0     0     0     0

MiniMaxPlayer2 (1) to move (time left: 159.7 sec.):
     0     0     1     1     1    -1    -1    -1
     1     0     1     1    -1    -1    -1    -1
     1     1     1    -1    -1    -1     1    -1
     1     1    -1    -1    -1    -1    -1    -1
     1     1     1    -1    -1    -1    -1    -1
     1     1    -1     1     1     1     1     1
     1     1     1     1     1     0     0     0
    -1     1     1     1     0     0     0     0

Lisa (-1) to move (time left: 32.7 sec.):
     0     0     1     1     1    -1    -1    -1
     1     0     1     1    -1    -1    -1    -1
     1     1     1    -1    -1    -1     1    -1
     1     1    -1    -1    -1    -1    -1    -1
     1     1     1    -1    -1    -1    -1    -1
     1     1    -1     1     1     1    -1    -1
     1     1     1     1     1     0     0    -1
    -1     1     1     1     0     0     0     0

MiniMaxPlayer2 (1) to move (time left: 159.7 sec.):
     0     0     1     1     1    -1    -1    -1
     1     0     1     1    -1    -1    -1    -1
     1     1     1    -1    -1    -1     1    -1
     1     1    -1    -1    -1    -1     1    -1
     1     1     1    -1    -1    -1     1    -1
     1     1    -1     1     1     1     1    -1
     1     1     1     1     1     0     1    -1
    -1     1     1     1     0     0     0     0

Lisa (-1) to move (time left: 27.0 sec.):
     0     0     1     1     1    -1    -1    -1
     1     0     1     1    -1    -1    -1    -1
     1     1     1    -1    -1    -1     1    -1
     1     1    -1    -1    -1    -1     1    -1
     1     1     1    -1    -1    -1     1    -1
     1     1    -1     1     1    -1     1    -1
     1     1     1     1     1     0    -1    -1
    -1     1     1     1     0     0     0    -1

MiniMaxPlayer2 (1) to move (time left: 159.6 sec.):
     0     0     1     1     1    -1    -1    -1
     1     0     1     1    -1    -1    -1    -1
     1     1     1    -1    -1    -1     1    -1
     1     1    -1    -1    -1    -1     1    -1
     1     1     1    -1    -1    -1     1    -1
     1     1    -1     1     1    -1     1    -1
     1     1     1     1     1     0     1    -1
    -1     1     1     1     0     0     1    -1

Lisa (-1) to move (time left: 26.1 sec.):
     0     0     1     1     1    -1    -1    -1
     1     0     1     1    -1    -1    -1    -1
     1     1     1    -1    -1    -1     1    -1
     1     1    -1    -1    -1    -1     1    -1
     1     1     1    -1    -1    -1     1    -1
     1     1    -1     1     1    -1     1    -1
     1     1     1     1     1     0    -1    -1
    -1     1     1     1     0    -1    -1    -1

MiniMaxPlayer2 (1) to move (time left: 159.6 sec.):
     0     0     1     1     1    -1    -1    -1
     1     0     1     1    -1    -1    -1    -1
     1     1     1    -1    -1    -1     1    -1
     1     1    -1    -1    -1    -1     1    -1
     1     1     1    -1    -1    -1     1    -1
     1     1    -1     1     1    -1     1    -1
     1     1     1     1     1     0    -1    -1
    -1     1     1     1     0    -1    -1    -1

Lisa (-1) to move (time left: 25.9 sec.):
     0     0     1     1     1    -1    -1    -1
     1     0     1     1    -1    -1    -1    -1
     1     1     1    -1    -1    -1     1    -1
     1     1    -1    -1    -1    -1     1    -1
     1     1     1    -1    -1    -1     1    -1
     1     1    -1     1    -1    -1    -1    -1
     1     1     1     1     1    -1    -1    -1
    -1     1     1     1     0    -1    -1    -1

MiniMaxPlayer2 (1) to move (time left: 159.6 sec.):
     0     0     1     1     1    -1    -1    -1
     1     0     1     1    -1    -1    -1    -1
     1     1     1    -1    -1    -1     1    -1
     1     1    -1    -1    -1    -1     1    -1
     1     1     1    -1    -1    -1     1    -1
     1     1    -1     1    -1    -1    -1    -1
     1     1     1     1     1    -1    -1    -1
    -1     1     1     1     0    -1    -1    -1

Lisa (-1) to move (time left: 25.8 sec.):
    -1     0     1     1     1    -1    -1    -1
    -1     0     1     1    -1    -1    -1    -1
    -1     1     1    -1    -1    -1     1    -1
    -1     1    -1    -1    -1    -1     1    -1
    -1     1     1    -1    -1    -1     1    -1
    -1     1    -1     1    -1    -1    -1    -1
    -1     1     1     1     1    -1    -1    -1
    -1     1     1     1     0    -1    -1    -1

MiniMaxPlayer2 (1) to move (time left: 159.6 sec.):
    -1     0     1     1     1    -1    -1    -1
    -1     0     1     1    -1    -1    -1    -1
    -1     1     1    -1    -1    -1     1    -1
    -1     1    -1    -1    -1    -1     1    -1
    -1     1     1    -1    -1    -1     1    -1
    -1     1    -1     1    -1    -1    -1    -1
    -1     1     1     1     1    -1    -1    -1
    -1     1     1     1     0    -1    -1    -1

Lisa (-1) to move (time left: 25.7 sec.):
    -1     0     1     1     1    -1    -1    -1
    -1     0     1     1    -1    -1    -1    -1
    -1     1     1    -1    -1    -1     1    -1
    -1     1    -1    -1    -1    -1     1    -1
    -1     1     1    -1    -1    -1     1    -1
    -1     1    -1     1    -1    -1    -1    -1
    -1     1     1    -1    -1    -1    -1    -1
    -1    -1    -1    -1    -1    -1    -1    -1

MiniMaxPlayer2 (1) to move (time left: 159.6 sec.):
    -1     0     1     1     1    -1    -1    -1
    -1     0     1     1    -1    -1    -1    -1
    -1     1     1    -1    -1    -1     1    -1
    -1     1    -1    -1    -1    -1     1    -1
    -1     1     1    -1    -1    -1     1    -1
    -1     1    -1     1    -1    -1    -1    -1
    -1     1     1    -1    -1    -1    -1    -1
    -1    -1    -1    -1    -1    -1    -1    -1

Lisa (-1) to move (time left: 25.6 sec.):
    -1     0     1     1     1    -1    -1    -1
    -1    -1    -1    -1    -1    -1    -1    -1
    -1    -1    -1    -1    -1    -1     1    -1
    -1    -1    -1    -1    -1    -1     1    -1
    -1    -1     1    -1    -1    -1     1    -1
    -1    -1    -1     1    -1    -1    -1    -1
    -1    -1     1    -1    -1    -1    -1    -1
    -1    -1    -1    -1    -1    -1    -1    -1

MiniMaxPlayer2 (1) to move (time left: 159.6 sec.):
    -1     0     1     1     1    -1    -1    -1
    -1    -1    -1    -1    -1    -1    -1    -1
    -1    -1    -1    -1    -1    -1     1    -1
    -1    -1    -1    -1    -1    -1     1    -1
    -1    -1     1    -1    -1    -1     1    -1
    -1    -1    -1     1    -1    -1    -1    -1
    -1    -1     1    -1    -1    -1    -1    -1
    -1    -1    -1    -1    -1    -1    -1    -1

Lisa (-1) to move (time left: 25.6 sec.):
    -1    -1    -1    -1    -1    -1    -1    -1
    -1    -1    -1    -1    -1    -1    -1    -1
    -1    -1    -1    -1    -1    -1     1    -1
    -1    -1    -1    -1    -1    -1     1    -1
    -1    -1     1    -1    -1    -1     1    -1
    -1    -1    -1     1    -1    -1    -1    -1
    -1    -1     1    -1    -1    -1    -1    -1
    -1    -1    -1    -1    -1    -1    -1    -1

Game over.
