MiniMaxPlayer2 against Lisa:
     0     0     0     0     0     0     0     0
     0     0     0     0     0     0     0     0
     0     0     0     0     0     0     0     0
     0     0     0     1    -1     0     0     0
     0     0     0    -1     1     0     0     0
     0     0     0     0     0     0     0     0
     0     0     0     0     0     0     0     0
     0     0     0     0     0     0     0     0

Lisa (-1) to move (time left: 180.0 sec.):
     0     0     0     0     0     0     0     0
     0     0     0     0     0     0     0     0
     0     0     0     0     0     0     0     0
     0     0    -1    -1    -1     0     0     0
     0     0     0    -1     1     0     0     0
     0     0     0     0     0     0     0     0
     0     0     0     0     0     0     0     0
     0     0     0     0     0     0     0     0

MiniMaxPlayer2 (1) to move (time left: 180.0 sec.):
     0     0     0     0     0     0     0     0
     0     0     0     0     0     0     0     0
     0     0     1     0     0     0     0     0
     0     0    -1     1    -1     0     0     0
     0     0     0    -1     1     0     0     0
     0     0     0     0     0     0     0     0
     0     0     0     0     0     0     0     0
     0     0     0     0     0     0     0     0

Lisa (-1) to move (time left: 179.9 sec.):
     0     0     0     0     0     0     0     0
     0     0     0     0     0     0     0     0
     0     0     1    -1     0     0     0     0
     0     0    -1    -1    -1     0     0     0
     0     0     0    -1     1     0     0     0
     0     0     0     0     0     0     0     0
     0     0     0     0     0     0     0     0
     0     0     0     0     0     0     0     0

MiniMaxPlayer2 (1) to move (time left: 176.1 sec.):
     0     0     0     0     0     0     0     0
     0     0     0     0     0     0     0     0
     0     0     1    -1     0     0     0     0
     0     0     1    -1    -1     0     0     0
     0     0     1     1     1     0     0     0
     0     0     0     0     0     0     0     0
     0     0     0     0     0     0     0     0
     0     0     0     0     0     0     0     0

Lisa (-1) to move (time left: 179.9 sec.):
     0     0     0     0     0     0     0     0
     0     0     0     0     0     0     0     0
     0     0     1    -1     0     0     0     0
     0     0     1    -1    -1     0     0     0
     0     0     1    -1     1     0     0     0
     0     0     0    -1     0     0     0     0
     0     0     0     0     0     0     0     0
     0     0     0     0     0     0     0     0

MiniMaxPlayer2 (1) to move (time left: 168.4 sec.):
     0     0     0     0     0     0     0     0
     0     0     0     0     0     0     0     0
     0     0     1     1     1     0     0     0
     0     0     1     1     1     0     0     0
     0     0     1    -1     1     0     0     0
     0     0     0    -1     0     0     0     0
     0     0     0     0     0     0     0     0
     0     0     0     0     0     0     0     0

Lisa (-1) to move (time left: 177.8 sec.):
     0     0     0     0     0     0     0     0
     0     0     0     0     0     0     0     0
     0    -1     1     1     1     0     0     0
     0     0    -1     1     1     0     0     0
     0     0     1    -1     1     0     0     0
     0     0     0    -1     0     0     0     0
     0     0     0     0     0     0     0     0
     0     0     0     0     0     0     0     0

MiniMaxPlayer2 (1) to move (time left: 142.3 sec.):
     0     0     0     0     0     0     0     0
     0     0     0     0     0     0     0     0
     1     1     1     1     1     0     0     0
     0     0    -1     1     1     0     0     0
     0     0     1    -1     1     0     0     0
     0     0     0    -1     0     0     0     0
     0     0     0     0     0     0     0     0
     0     0     0     0     0     0     0     0

Lisa (-1) to move (time left: 176.0 sec.):
     0     0     0     0     0     0     0     0
     0     0     0     0     0     0     0     0
     1     1     1     1     1     0     0     0
     0     0    -1     1     1     0     0     0
     0     0     1    -1    -1    -1     0     0
     0     0     0    -1     0     0     0     0
     0     0     0     0     0     0     0     0
     0     0     0     0     0     0     0     0

MiniMaxPlayer2 (1) to move (time left: 120.6 sec.):
     0     0     0     0     0     0     0     0
     0     0     0     0     0     0     0     0
     1     1     1     1     1     0     0     0
     0     0    -1     1     1     0     0     0
     0     0     1     1    -1    -1     0     0
     0     0     0     1     0     0     0     0
     0     0     0     1     0     0     0     0
     0     0     0     0     0     0     0     0

Lisa (-1) to move (time left: 172.2 sec.):
     0     0     0     0     0     0     0     0
     0     0     0     0     0     0     0     0
     1     1     1     1     1     0     0     0
     0     0    -1    -1    -1    -1     0     0
     0     0     1     1    -1    -1     0     0
     0     0     0     1     0     0     0     0
     0     0     0     1     0     0     0     0
     0     0     0     0     0     0     0     0

MiniMaxPlayer2 (1) to move (time left: 92.1 sec.):
     0     0     0     0     0     0     0     0
     0     0     0     0     0     0     0     0
     1     1     1     1     1     1     0     0
     0     0    -1    -1     1    -1     0     0
     0     0     1     1    -1    -1     0     0
     0     0     0     1     0     0     0     0
     0     0     0     1     0     0     0     0
     0     0     0     0     0     0     0     0

Lisa (-1) to move (time left: 169.5 sec.):
     0     0     0     0     0     0     0     0
     0     0     0     0     0     0     0     0
     1     1     1     1     1     1     0     0
     0     0    -1    -1     1    -1     0     0
     0     0     1    -1    -1    -1     0     0
     0     0     0     1    -1     0     0     0
     0     0     0     1     0     0     0     0
     0     0     0     0     0     0     0     0

MiniMaxPlayer2 (1) to move (time left: 55.8 sec.):
     0     0     0     0     0     0     0     0
     0     0     0     0     0     0     0     0
     1     1     1     1     1     1     0     0
     0     0    -1     1     1     1     0     0
     0     0     1    -1     1     1     0     0
     0     0     0     1     1     1     0     0
     0     0     0     1     0     0     0     0
     0     0     0     0     0     0     0     0

Lisa (-1) to move (time left: 164.7 sec.):
     0     0     0     0     0     0     0     0
     0     0     0     0     0     0     0     0
     1     1     1     1     1     1     0     0
     0     0    -1     1     1     1     0     0
     0    -1    -1    -1     1     1     0     0
     0     0     0     1     1     1     0     0
     0     0     0     1     0     0     0     0
     0     0     0     0     0     0     0     0

MiniMaxPlayer2 (1) to move (time left: 23.3 sec.):
     0     0     0     0     0     0     0     0
     0     0     0     0     0     0     0     0
     1     1     1     1     1     1     0     0
     0     0     1     1     1     1     0     0
     0    -1     1     1     1     1     0     0
     0     0     1     1     1     1     0     0
     0     0     0     1     0     0     0     0
     0     0     0     0     0     0     0     0

Lisa (-1) to move (time left: 160.3 sec.):
     0     0     0     0     0     0     0     0
     0     0     0     0     0     0     0     0
     1     1     1     1     1     1     0     0
     0     0     1     1     1     1     0     0
     0    -1    -1    -1    -1    -1    -1     0
     0     0     1     1     1     1     0     0
     0     0     0     1     0     0     0     0
     0     0     0     0     0     0     0     0

MiniMaxPlayer2 (1) to move (time left: 17.0 sec.):
     0     0     0     0     0     0     0     0
     0     0     0     0     0     0     0     0
     1     1     1     1     1     1     0     0
     0     0     1     1     1     1     0     0
     0    -1    -1    -1    -1    -1     1     0
     0     0     1     1     1     1     0     1
     0     0     0     1     0     0     0     0
     0     0     0     0     0     0     0     0

Error: Player has exceeded the budget.
