MiniMaxPlayer2 against MiniMaxPlayer:
     0     0     0     0     0     0     0     0
     0     0     0     0     0     0     0     0
     0     0     0     0     0     0     0     0
     0     0     0     1    -1     0     0     0
     0     0     0    -1     1     0     0     0
     0     0     0     0     0     0     0     0
     0     0     0     0     0     0     0     0
     0     0     0     0     0     0     0     0

MiniMaxPlayer (-1) to move (time left: 180.0 sec.):
     0     0     0     0     0     0     0     0
     0     0     0     0     0     0     0     0
     0     0     0     0     0     0     0     0
     0     0    -1    -1    -1     0     0     0
     0     0     0    -1     1     0     0     0
     0     0     0     0     0     0     0     0
     0     0     0     0     0     0     0     0
     0     0     0     0     0     0     0     0

MiniMaxPlayer2 (1) to move (time left: 180.0 sec.):
     0     0     0     0     0     0     0     0
     0     0     0     0     0     0     0     0
     0     0     1     0     0     0     0     0
     0     0    -1     1    -1     0     0     0
     0     0     0    -1     1     0     0     0
     0     0     0     0     0     0     0     0
     0     0     0     0     0     0     0     0
     0     0     0     0     0     0     0     0

MiniMaxPlayer (-1) to move (time left: 179.9 sec.):
     0     0     0     0     0     0     0     0
     0     0    -1     0     0     0     0     0
     0     0    -1     0     0     0     0     0
     0     0    -1     1    -1     0     0     0
     0     0     0    -1     1     0     0     0
     0     0     0     0     0     0     0     0
     0     0     0     0     0     0     0     0
     0     0     0     0     0     0     0     0

MiniMaxPlayer2 (1) to move (time left: 180.0 sec.):
     0     0     0     0     0     0     0     0
     0     0    -1     0     0     0     0     0
     0     0    -1     0     0     0     0     0
     0     0    -1     1    -1     0     0     0
     0     0     0     1     1     0     0     0
     0     0     0     1     0     0     0     0
     0     0     0     0     0     0     0     0
     0     0     0     0     0     0     0     0

MiniMaxPlayer (-1) to move (time left: 179.9 sec.):
     0     0     0     0     0     0     0     0
     0     0    -1     0     0     0     0     0
     0     0    -1     0     0     0     0     0
     0     0    -1     1    -1     0     0     0
     0     0     0    -1     1     0     0     0
     0     0    -1     1     0     0     0     0
     0     0     0     0     0     0     0     0
     0     0     0     0     0     0     0     0

MiniMaxPlayer2 (1) to move (time left: 179.9 sec.):
     0     0     0     0     0     0     0     0
     0     0    -1     0     0     0     0     0
     0     0    -1     0     0     0     0     0
     0     0    -1     1    -1     0     0     0
     0     0     1     1     1     0     0     0
     0     0    -1     1     0     0     0     0
     0     0     0     0     0     0     0     0
     0     0     0     0     0     0     0     0

MiniMaxPlayer (-1) to move (time left: 179.8 sec.):
     0     0     0     0     0     0     0     0
     0     0    -1     0     0     0     0     0
     0     0    -1     0     0     0     0     0
     0     0    -1     1    -1     0     0     0
     0     0     1    -1    -1     0     0     0
     0     0    -1    -1    -1     0     0     0
     0     0     0     0     0     0     0     0
     0     0     0     0     0     0     0     0

MiniMaxPlayer2 (1) to move (time left: 179.8 sec.):
     0     0     1     0     0     0     0     0
     0     0     1     0     0     0     0     0
     0     0     1     0     0     0     0     0
     0     0     1     1    -1     0     0     0
     0     0     1    -1    -1     0     0     0
     0     0    -1    -1    -1     0     0     0
     0     0     0     0     0     0     0     0
     0     0     0     0     0     0     0     0

MiniMaxPlayer (-1) to move (time left: 179.7 sec.):
     0     0     1     0     0     0     0     0
     0     0     1     0     0     0     0     0
     0    -1     1     0     0     0     0     0
     0     0    -1     1    -1     0     0     0
     0     0     1    -1    -1     0     0     0
     0     0    -1    -1    -1     0     0     0
     0     0     0     0     0     0     0     0
     0     0     0     0     0     0     0     0

MiniMaxPlayer2 (1) to move (time left: 179.7 sec.):
     0     0     1     0     0     0     0     0
     0     0     1     0     0     0     0     0
     0    -1     1     0     0     0     0     0
     0     0    -1     1    -1     0     0     0
     0     0     1    -1     1     0     0     0
     0     0    -1    -1    -1     1     0     0
     0     0     0     0     0     0     0     0
     0     0     0     0     0     0     0     0

MiniMaxPlayer (-1) to move (time left: 179.5 sec.):
     0     0     1    -1     0     0     0     0
     0     0    -1     0     0     0     0     0
     0    -1     1     0     0     0     0     0
     0     0    -1     1    -1     0     0     0
     0     0     1    -1     1     0     0     0
     0     0    -1    -1    -1     1     0     0
     0     0     0     0     0     0     0     0
     0     0     0     0     0     0     0     0

MiniMaxPlayer2 (1) to move (time left: 179.6 sec.):
     0     0     1     1     1     0     0     0
     0     0    -1     0     0     0     0     0
     0    -1     1     0     0     0     0     0
     0     0    -1     1    -1     0     0     0
     0     0     1    -1     1     0     0     0
     0     0    -1    -1    -1     1     0     0
     0     0     0     0     0     0     0     0
     0     0     0     0     0     0     0     0

MiniMaxPlayer (-1) to move (time left: 179.2 sec.):
     0     0     1     1     1     0     0     0
     0     0    -1     0     0     0     0     0
     0    -1    -1    -1     0     0     0     0
     0     0    -1    -1    -1     0     0     0
     0     0     1    -1     1     0     0     0
     0     0    -1    -1    -1     1     0     0
     0     0     0     0     0     0     0     0
     0     0     0     0     0     0     0     0

MiniMaxPlayer2 (1) to move (time left: 179.6 sec.):
     0     0     1     1     1     0     0     0
     0     0    -1     0     0     0     0     0
     0    -1    -1    -1     0     0     0     0
     0     0    -1    -1    -1     0     0     0
     0     0     1    -1     1     0     0     0
     0     1     1     1     1     1     0     0
     0     0     0     0     0     0     0     0
     0     0     0     0     0     0     0     0

MiniMaxPlayer (-1) to move (time left: 178.9 sec.):
     0     0     1     1     1     0     0     0
     0     0    -1     0     0     0     0     0
     0    -1    -1    -1     0     0     0     0
     0     0    -1    -1    -1     0     0     0
     0     0     1    -1    -1     0     0     0
     0     1     1     1    -1     1     0     0
     0     0     0     0    -1     0     0     0
     0     0     0     0     0     0     0     0

MiniMaxPlayer2 (1) to move (time left: 179.5 sec.):
     0     0     1     1     1     0     0     0
     0     0    -1     0     0     0     0     0
     0    -1    -1    -1     0     0     0     0
     0     0    -1    -1    -1     0     0     0
     0     0     1     1     1     1     0     0
     0     1     1     1    -1     1     0     0
     0     0     0     0    -1     0     0     0
     0     0     0     0     0     0     0     0

MiniMaxPlayer (-1) to move (time left: 178.5 sec.):
     0     0     1     1     1     0     0     0
     0     0    -1     0     0     0     0     0
     0    -1    -1    -1     0     0     0     0
     0     0    -1    -1    -1     0     0     0
     0     0     1     1     1     1     0     0
    -1    -1    -1    -1    -1     1     0     0
     0     0     0     0    -1     0     0     0
     0     0     0     0     0     0     0     0

MiniMaxPlayer2 (1) to move (time left: 179.3 sec.):
     0     0     1     1     1     0     0     0
     0     0    -1     0     0     0     0     0
     0    -1    -1    -1     0     0     0     0
     0     0    -1    -1    -1     0     0     0
     0     0     1     1     1     1     0     0
    -1    -1    -1     1    -1     1     0     0
     0     0     0     0     1     0     0     0
     0     0     0     0     0     1     0     0

MiniMaxPlayer (-1) to move (time left: 177.6 sec.):
     0     0     1     1     1     0     0     0
     0     0    -1     0     0     0     0     0
     0    -1    -1    -1     0     0     0     0
     0     0    -1    -1    -1     0     0     0
     0     0     1    -1     1     1     0     0
    -1    -1    -1    -1    -1     1     0     0
     0     0     0    -1     1     0     0     0
     0     0     0     0     0     1     0     0

MiniMaxPlayer2 (1) to move (time left: 179.2 sec.):
     0     0     1     1     1     0     0     0
     0     0    -1     0     0     0     0     0
     0    -1    -1    -1     0     0     0     0
     0     0    -1    -1    -1     0     0     0
     0     0     1    -1     1     1     0     0
    -1    -1    -1    -1     1     1     0     0
     0     0     0     1     1     0     0     0
     0     0     1     0     0     1     0     0

MiniMaxPlayer (-1) to move (time left: 177.3 sec.):
     0     0     1     1     1     0     0     0
     0     0    -1     0     0     0     0     0
     0    -1    -1    -1     0     0     0     0
     0     0    -1    -1    -1     0     0     0
     0     0     1    -1    -1     1     0     0
    -1    -1    -1    -1    -1     1     0     0
     0     0     0    -1    -1     0     0     0
     0     0     1     0    -1     1     0     0

MiniMaxPlayer2 (1) to move (time left: 179.1 sec.):
     0     0     1     1     1     0     0     0
     0     0    -1     0     0     0     0     0
     0    -1    -1    -1     0     0     0     0
     0     0    -1    -1    -1     0     0     0
     0     0     1    -1    -1     1     0     0
    -1    -1    -1    -1    -1     1     0     0
     0     0     0    -1     1     0     0     0
     0     0     1     1     1     1     0     0

MiniMaxPlayer (-1) to move (time left: 176.8 sec.):
     0     0     1     1     1     0     0     0
     0     0    -1     0     0     0     0     0
     0    -1    -1    -1     0     0     0     0
     0     0    -1    -1    -1     0     0     0
     0     0     1    -1    -1    -1     0     0
    -1    -1    -1    -1    -1    -1    -1     0
     0     0     0    -1     1     0     0     0
     0     0     1     1     1     1     0     0

MiniMaxPlayer2 (1) to move (time left: 179.0 sec.):
     0     0     1     1     1     0     0     0
     0     0    -1     0     0     0     0     0
     0    -1    -1    -1     0     0     0     0
     0     0    -1    -1    -1     0     0     0
     0     0     1     1     1     1     1     0
    -1    -1    -1    -1    -1     1    -1     0
     0     0     0    -1     1     0     0     0
     0     0     1     1     1     1     0     0

MiniMaxPlayer (-1) to move (time left: 176.5 sec.):
     0     0     1     1     1     0     0     0
     0     0    -1     0     0     0     0     0
     0    -1    -1    -1     0     0     0     0
     0     0    -1    -1    -1     0     0     0
     0     0     1     1     1     1     1     0
    -1    -1    -1    -1    -1     1    -1     0
     0     0     0    -1    -1    -1     0     0
     0     0     1     1     1     1     0     0

MiniMaxPlayer2 (1) to move (time left: 178.9 sec.):
     0     0     1     1     1     0     0     0
     0     0    -1     0     0     0     0     0
     0    -1    -1    -1     0     0     0     0
     0     0    -1    -1    -1     0     0     0
     0     0     1     1     1     1     1     0
    -1    -1     1     1    -1     1    -1     0
     0     0     1    -1    -1    -1     0     0
     0     0     1     1     1     1     0     0

MiniMaxPlayer (-1) to move (time left: 176.1 sec.):
     0     0     1     1     1     0     0     0
     0     0    -1     0     0     0     0     0
     0    -1    -1    -1     0     0     0     0
     0     0    -1    -1    -1     0     0    -1
     0     0     1     1     1     1    -1     0
    -1    -1     1     1    -1    -1    -1     0
     0     0     1    -1    -1    -1     0     0
     0     0     1     1     1     1     0     0

MiniMaxPlayer2 (1) to move (time left: 178.7 sec.):
     0     0     1     1     1     0     0     0
     0     0    -1     0     0     0     0     0
     0    -1    -1    -1     0     0     0     0
     0     0    -1    -1    -1     0     0    -1
     0     0     1     1     1     1    -1     0
    -1    -1     1     1     1     1     1     1
     0     0     1    -1    -1    -1     0     0
     0     0     1     1     1     1     0     0

MiniMaxPlayer (-1) to move (time left: 175.5 sec.):
     0     0     1     1     1     0     0     0
     0     0    -1     0     0     0     0     0
     0    -1    -1    -1     0     0     0     0
     0     0    -1    -1    -1     0    -1    -1
     0     0     1     1     1    -1    -1     0
    -1    -1     1     1    -1     1     1     1
     0     0     1    -1    -1    -1     0     0
     0     0     1     1     1     1     0     0

MiniMaxPlayer2 (1) to move (time left: 178.6 sec.):
     0     0     1     1     1     0     0     0
     0     0    -1     0     0     0     0     0
     0    -1    -1    -1     0     0     0     1
     0     0    -1    -1    -1     0     1    -1
     0     0     1     1     1     1    -1     0
    -1    -1     1     1     1     1     1     1
     0     0     1     1    -1    -1     0     0
     0     0     1     1     1     1     0     0

MiniMaxPlayer (-1) to move (time left: 175.0 sec.):
     0     0     1     1     1     0     0     0
     0     0    -1     0     0     0     0     0
     0    -1    -1    -1     0     0     0     1
     0     0    -1    -1    -1     0     1    -1
     0     0     1     1     1     1    -1    -1
    -1    -1     1     1     1     1    -1     1
     0     0     1     1    -1    -1     0     0
     0     0     1     1     1     1     0     0

MiniMaxPlayer2 (1) to move (time left: 178.5 sec.):
     0     0     1     1     1     0     0     0
     0     0    -1     0     0     0     0     0
     0    -1    -1    -1     0     1     0     1
     0     0    -1    -1     1     0     1    -1
     0     0     1     1     1     1    -1    -1
    -1    -1     1     1     1     1    -1     1
     0     0     1     1    -1    -1     0     0
     0     0     1     1     1     1     0     0

MiniMaxPlayer (-1) to move (time left: 174.3 sec.):
     0     0     1     1     1     0     0     0
     0     0    -1     0    -1     0     0     0
     0    -1    -1    -1     0    -1     0     1
     0     0    -1    -1     1     0    -1    -1
     0     0     1     1     1     1    -1    -1
    -1    -1     1     1     1     1    -1     1
     0     0     1     1    -1    -1     0     0
     0     0     1     1     1     1     0     0

MiniMaxPlayer2 (1) to move (time left: 178.3 sec.):
     0     0     1     1     1     0     0     0
     0     0    -1     0    -1     0     0     0
     0    -1    -1    -1     0    -1     0     1
     0     0    -1    -1     1     1    -1    -1
     0     0     1     1     1     1     1    -1
    -1    -1     1     1     1     1    -1     1
     0     0     1     1    -1    -1     0     0
     0     0     1     1     1     1     0     0

MiniMaxPlayer (-1) to move (time left: 173.5 sec.):
     0     0     1     1     1     0     0     0
     0     0    -1     0    -1     0     0     0
     0    -1    -1    -1     0    -1     0     1
     0     0    -1    -1     1     1    -1    -1
     0    -1    -1    -1    -1    -1    -1    -1
    -1    -1     1     1     1     1    -1     1
     0     0     1     1    -1    -1     0     0
     0     0     1     1     1     1     0     0

MiniMaxPlayer2 (1) to move (time left: 178.2 sec.):
     0     0     1     1     1     0     0     0
     0     0    -1     0    -1     0     0     0
     0    -1    -1    -1     0    -1     0     1
     0     1     1     1     1     1    -1    -1
     0    -1     1    -1    -1    -1    -1    -1
    -1    -1     1     1     1     1    -1     1
     0     0     1     1    -1    -1     0     0
     0     0     1     1     1     1     0     0

MiniMaxPlayer (-1) to move (time left: 172.9 sec.):
     0     0     1     1     1     0     0     0
     0     0    -1     0    -1     0     0     0
    -1    -1    -1    -1     0    -1     0     1
     0    -1     1     1     1     1    -1    -1
     0    -1    -1    -1    -1    -1    -1    -1
    -1    -1     1    -1     1     1    -1     1
     0     0     1     1    -1    -1     0     0
     0     0     1     1     1     1     0     0

MiniMaxPlayer2 (1) to move (time left: 178.1 sec.):
     0     0     1     1     1     1     0     0
     0     0    -1     0     1     0     0     0
    -1    -1    -1     1     0    -1     0     1
     0    -1     1     1     1     1    -1    -1
     0    -1    -1    -1    -1    -1    -1    -1
    -1    -1     1    -1     1     1    -1     1
     0     0     1     1    -1    -1     0     0
     0     0     1     1     1     1     0     0

MiniMaxPlayer (-1) to move (time left: 172.1 sec.):
     0     0     1     1     1     1     0     0
     0     0    -1    -1     1     0     0     0
    -1    -1    -1    -1     0    -1     0     1
     0    -1     1    -1     1     1    -1    -1
     0    -1    -1    -1    -1    -1    -1    -1
    -1    -1     1    -1     1     1    -1     1
     0     0     1     1    -1    -1     0     0
     0     0     1     1     1     1     0     0

MiniMaxPlayer2 (1) to move (time left: 177.9 sec.):
     0     0     1     1     1     1     0     0
     0     0    -1     1     1     0     0     0
    -1    -1     1    -1     0    -1     0     1
     0     1     1    -1     1     1    -1    -1
     1    -1    -1    -1    -1    -1    -1    -1
    -1     1     1    -1     1     1    -1     1
     0     0     1     1    -1    -1     0     0
     0     0     1     1     1     1     0     0

MiniMaxPlayer (-1) to move (time left: 171.6 sec.):
     0     0     1     1     1     1     0     0
     0     0    -1     1     1     0     0     0
    -1    -1     1    -1     0    -1     0     1
    -1    -1    -1    -1     1     1    -1    -1
    -1    -1    -1    -1    -1    -1    -1    -1
    -1     1     1    -1     1     1    -1     1
     0     0     1     1    -1    -1     0     0
     0     0     1     1     1     1     0     0

MiniMaxPlayer2 (1) to move (time left: 177.8 sec.):
     0     0     1     1     1     1     0     0
     0     0    -1     1     1     0     0     0
    -1    -1     1     1     1    -1     0     1
    -1    -1    -1     1     1     1    -1    -1
    -1    -1     1    -1    -1    -1    -1    -1
    -1     1     1    -1     1     1    -1     1
     0     0     1     1    -1    -1     0     0
     0     0     1     1     1     1     0     0

MiniMaxPlayer (-1) to move (time left: 170.9 sec.):
     0     0     1     1     1     1     0     0
     0     0    -1     1     1     0     0     0
    -1    -1     1     1     1    -1     0     1
    -1    -1    -1     1     1     1    -1    -1
    -1    -1     1    -1    -1    -1    -1    -1
    -1    -1    -1    -1     1     1    -1     1
     0    -1    -1    -1    -1    -1     0     0
     0     0     1     1     1     1     0     0

MiniMaxPlayer2 (1) to move (time left: 177.7 sec.):
     0     0     1     1     1     1     0     0
     0     0    -1     1     1     0     0     0
    -1    -1     1     1     1    -1     0     1
    -1    -1    -1     1     1     1    -1    -1
    -1    -1     1     1    -1    -1    -1    -1
    -1    -1     1    -1     1     1    -1     1
     0     1    -1    -1    -1    -1     0     0
     1     0     1     1     1     1     0     0

MiniMaxPlayer (-1) to move (time left: 170.6 sec.):
     0     0     1     1     1     1     0     0
     0     0    -1    -1    -1    -1     0     0
    -1    -1     1     1    -1    -1     0     1
    -1    -1    -1    -1     1     1    -1    -1
    -1    -1    -1     1    -1    -1    -1    -1
    -1    -1     1    -1     1     1    -1     1
     0     1    -1    -1    -1    -1     0     0
     1     0     1     1     1     1     0     0

MiniMaxPlayer2 (1) to move (time left: 177.6 sec.):
     0     0     1     1     1     1     0     0
     0     0    -1    -1    -1    -1     0     0
    -1    -1     1     1    -1    -1     0     1
    -1    -1    -1    -1     1     1    -1    -1
    -1    -1    -1     1     1    -1    -1    -1
    -1    -1     1     1     1     1    -1     1
     0     1     1    -1    -1    -1     0     0
     1     1     1     1     1     1     0     0

MiniMaxPlayer (-1) to move (time left: 170.3 sec.):
     0     0     1     1     1     1     0     0
     0    -1    -1    -1    -1    -1     0     0
    -1    -1    -1     1    -1    -1     0     1
    -1    -1    -1    -1     1     1    -1    -1
    -1    -1    -1     1     1    -1    -1    -1
    -1    -1     1     1     1     1    -1     1
     0     1     1    -1    -1    -1     0     0
     1     1     1     1     1     1     0     0

MiniMaxPlayer2 (1) to move (time left: 177.6 sec.):
     1     0     1     1     1     1     0     0
     0     1    -1    -1    -1    -1     0     0
    -1    -1     1     1    -1    -1     0     1
    -1    -1    -1     1     1     1    -1    -1
    -1    -1    -1     1     1    -1    -1    -1
    -1    -1     1     1     1     1    -1     1
     0     1     1    -1    -1    -1     0     0
     1     1     1     1     1     1     0     0

MiniMaxPlayer (-1) to move (time left: 170.1 sec.):
     1     0     1     1     1     1     0     0
    -1    -1    -1    -1    -1    -1     0     0
    -1    -1     1     1    -1    -1     0     1
    -1    -1    -1     1     1     1    -1    -1
    -1    -1    -1     1     1    -1    -1    -1
    -1    -1     1     1     1     1    -1     1
     0     1     1    -1    -1    -1     0     0
     1     1     1     1     1     1     0     0

MiniMaxPlayer2 (1) to move (time left: 177.5 sec.):
     1     0     1     1     1     1     0     0
     1    -1    -1    -1    -1    -1     0     0
     1    -1     1     1    -1    -1     0     1
     1    -1    -1     1     1     1    -1    -1
     1    -1     1     1     1    -1    -1    -1
     1     1     1     1     1     1    -1     1
     1     1     1    -1    -1    -1     0     0
     1     1     1     1     1     1     0     0

MiniMaxPlayer (-1) to move (time left: 170.0 sec.):
     1     0     1     1     1     1     0     0
     1    -1    -1    -1    -1    -1     0     0
     1    -1    -1     1    -1    -1     0     1
     1    -1    -1    -1     1     1    -1    -1
     1    -1     1     1    -1    -1    -1    -1
     1     1     1     1     1    -1    -1     1
     1     1     1    -1    -1    -1    -1     0
     1     1     1     1     1     1     0     0

MiniMaxPlayer2 (1) to move (time left: 177.5 sec.):
     1     0     1     1     1     1     0     0
     1     1    -1    -1    -1    -1     0     0
     1    -1     1     1    -1    -1     0     1
     1    -1    -1     1     1     1    -1    -1
     1    -1     1     1     1    -1    -1    -1
     1     1     1     1     1     1    -1     1
     1     1     1    -1    -1    -1     1     0
     1     1     1     1     1     1     0     1

MiniMaxPlayer (-1) to move (time left: 169.9 sec.):
     1     0     1     1     1     1     0     0
     1     1    -1    -1    -1    -1     0     0
     1    -1     1     1    -1    -1     0     1
     1    -1    -1     1     1     1    -1    -1
     1    -1     1     1     1    -1    -1    -1
     1     1     1     1     1     1    -1    -1
     1     1     1    -1    -1    -1    -1    -1
     1     1     1     1     1     1     0     1

MiniMaxPlayer2 (1) to move (time left: 177.4 sec.):
     1     0     1     1     1     1     0     0
     1     1    -1    -1    -1    -1     0     0
     1    -1     1     1    -1    -1     0     1
     1    -1    -1     1     1     1    -1    -1
     1    -1     1     1     1    -1    -1    -1
     1     1     1     1     1     1    -1    -1
     1     1     1    -1    -1     1    -1    -1
     1     1     1     1     1     1     1     1

MiniMaxPlayer (-1) to move (time left: 169.9 sec.):
     1    -1     1     1     1     1     0     0
     1    -1    -1    -1    -1    -1     0     0
     1    -1     1     1    -1    -1     0     1
     1    -1    -1     1     1     1    -1    -1
     1    -1     1     1     1    -1    -1    -1
     1     1     1     1     1     1    -1    -1
     1     1     1    -1    -1     1    -1    -1
     1     1     1     1     1     1     1     1

MiniMaxPlayer2 (1) to move (time left: 177.4 sec.):
     1    -1     1     1     1     1     0     0
     1    -1    -1    -1    -1     1     0     0
     1    -1     1     1     1     1     1     1
     1    -1    -1     1     1     1     1    -1
     1    -1     1     1     1    -1     1    -1
     1     1     1     1     1     1     1    -1
     1     1     1    -1    -1     1     1    -1
     1     1     1     1     1     1     1     1

MiniMaxPlayer (-1) to move (time left: 169.8 sec.):
     1    -1    -1    -1    -1    -1    -1     0
     1    -1    -1    -1    -1     1     0     0
     1    -1     1     1     1     1     1     1
     1    -1    -1     1     1     1     1    -1
     1    -1     1     1     1    -1     1    -1
     1     1     1     1     1     1     1    -1
     1     1     1    -1    -1     1     1    -1
     1     1     1     1     1     1     1     1

MiniMaxPlayer2 (1) to move (time left: 177.4 sec.):
     1     1     1     1     1     1     1     1
     1    -1    -1    -1    -1     1     0     0
     1    -1     1     1     1     1     1     1
     1    -1    -1     1     1     1     1    -1
     1    -1     1     1     1    -1     1    -1
     1     1     1     1     1     1     1    -1
     1     1     1    -1    -1     1     1    -1
     1     1     1     1     1     1     1     1

MiniMaxPlayer (-1) to move (time left: 169.8 sec.):
     1     1     1     1     1     1     1     1
     1    -1    -1    -1    -1    -1    -1     0
     1    -1     1     1     1     1     1     1
     1    -1    -1     1     1     1     1    -1
     1    -1     1     1     1    -1     1    -1
     1     1     1     1     1     1     1    -1
     1     1     1    -1    -1     1     1    -1
     1     1     1     1     1     1     1     1

MiniMaxPlayer2 (1) to move (time left: 177.4 sec.):
     1     1     1     1     1     1     1     1
     1     1     1     1     1     1     1     1
     1    -1     1     1     1     1     1     1
     1    -1    -1     1     1     1     1    -1
     1    -1     1     1     1    -1     1    -1
     1     1     1     1     1     1     1    -1
     1     1     1    -1    -1     1     1    -1
     1     1     1     1     1     1     1     1

Game over.
