iWin against Lisa:
     0     0     0     0     0     0     0     0
     0     0     0     0     0     0     0     0
     0     0     0     0     0     0     0     0
     0     0     0     1    -1     0     0     0
     0     0     0    -1     1     0     0     0
     0     0     0     0     0     0     0     0
     0     0     0     0     0     0     0     0
     0     0     0     0     0     0     0     0

Lisa (-1) to move (time left: 180.0 sec.):
     0     0     0     0     0     0     0     0
     0     0     0     0     0     0     0     0
     0     0     0     0     0     0     0     0
     0     0    -1    -1    -1     0     0     0
     0     0     0    -1     1     0     0     0
     0     0     0     0     0     0     0     0
     0     0     0     0     0     0     0     0
     0     0     0     0     0     0     0     0

iWin (1) to move (time left: 180.0 sec.):
   180

1111111
22222
33333
     0     0     0     0     0     0     0     0
     0     0     0     0     0     0     0     0
     0     0     0     0     0     0     0     0
     0     0    -1    -1    -1     0     0     0
     0     0     1     1     1     0     0     0
     0     0     0     0     0     0     0     0
     0     0     0     0     0     0     0     0
     0     0     0     0     0     0     0     0

Lisa (-1) to move (time left: 179.5 sec.):
     0     0     0     0     0     0     0     0
     0     0     0     0     0     0     0     0
     0     0     0     0     0     0     0     0
     0     0    -1    -1    -1     0     0     0
     0     0     1    -1     1     0     0     0
     0     0     0    -1     0     0     0     0
     0     0     0     0     0     0     0     0
     0     0     0     0     0     0     0     0

iWin (1) to move (time left: 179.8 sec.):
  179.8350

1111111
22222
33333
     0     0     0     0     0     0     0     0
     0     0     0     0     0     0     0     0
     0     0     1     0     0     0     0     0
     0     0     1     1    -1     0     0     0
     0     0     1    -1     1     0     0     0
     0     0     0    -1     0     0     0     0
     0     0     0     0     0     0     0     0
     0     0     0     0     0     0     0     0

Lisa (-1) to move (time left: 178.9 sec.):
     0     0     0     0     0     0     0     0
     0     0     0     0     0     0     0     0
     0     0     1     0     0     0     0     0
     0     0     1     1    -1     0     0     0
     0     0     1    -1    -1     0     0     0
     0     0     0    -1    -1     0     0     0
     0     0     0     0     0     0     0     0
     0     0     0     0     0     0     0     0

iWin (1) to move (time left: 179.7 sec.):
  179.6830

1111111
22222
33333
     0     0     0     0     0     0     0     0
     0     0     0     0     0     0     0     0
     0     0     1     0     0     0     0     0
     0     0     1     1    -1     0     0     0
     0     0     1     1     1     1     0     0
     0     0     0    -1    -1     0     0     0
     0     0     0     0     0     0     0     0
     0     0     0     0     0     0     0     0

Lisa (-1) to move (time left: 172.4 sec.):
     0     0     0     0     0     0     0     0
     0     0     0     0     0     0     0     0
     0     0     1     0     0     0     0     0
     0     0     1     1    -1     0     0     0
     0     0     1    -1     1     1     0     0
     0     0    -1    -1    -1     0     0     0
     0     0     0     0     0     0     0     0
     0     0     0     0     0     0     0     0

iWin (1) to move (time left: 179.5 sec.):
  179.5330

     0     0     0     0     0     0     0     0
     0     0     0     0     0     0     0     0
     0     0     1     0     0     0     0     0
     0     0     1     1    -1     0     0     0
     0     0     1    -1     1     1     0     0
     0     0     1     1    -1     0     0     0
     0     0     1     0     0     0     0     0
     0     0     0     0     0     0     0     0

Lisa (-1) to move (time left: 167.6 sec.):
     0     0     0     0     0     0     0     0
     0     0     0     0     0     0     0     0
     0     0     1    -1     0     0     0     0
     0     0     1    -1    -1     0     0     0
     0     0     1    -1     1     1     0     0
     0     0     1     1    -1     0     0     0
     0     0     1     0     0     0     0     0
     0     0     0     0     0     0     0     0

iWin (1) to move (time left: 159.6 sec.):
  159.5990

     0     0     0     0     0     0     0     0
     0     0     1     0     0     0     0     0
     0     0     1     1     0     0     0     0
     0     0     1    -1     1     0     0     0
     0     0     1    -1     1     1     0     0
     0     0     1     1    -1     0     0     0
     0     0     1     0     0     0     0     0
     0     0     0     0     0     0     0     0

Lisa (-1) to move (time left: 158.8 sec.):
     0     0     0     0     0     0     0     0
     0     0     1     0     0     0     0     0
     0     0     1     1     0     0     0     0
     0     0     1    -1    -1    -1     0     0
     0     0     1    -1     1     1     0     0
     0     0     1     1    -1     0     0     0
     0     0     1     0     0     0     0     0
     0     0     0     0     0     0     0     0

iWin (1) to move (time left: 141.6 sec.):
  141.5550

     0     0     0     0     0     0     0     0
     0     0     1     0     0     0     0     0
     0     0     1     1     0     0     0     0
     0     0     1     1     1     1     1     0
     0     0     1    -1     1     1     0     0
     0     0     1     1    -1     0     0     0
     0     0     1     0     0     0     0     0
     0     0     0     0     0     0     0     0

Lisa (-1) to move (time left: 136.0 sec.):
     0     0     0     0     0     0     0     0
     0     0     1     0     0     0     0     0
     0     0     1     1     0     0     0     0
     0     0     1     1     1     1     1     0
     0     0     1    -1     1     1     0     0
     0     0     1    -1    -1     0     0     0
     0     0     1    -1     0     0     0     0
     0     0     0     0     0     0     0     0

iWin (1) to move (time left: 129.7 sec.):
  129.6640

     0     0     0     0     0     0     0     0
     0     0     1     0     0     0     0     0
     0     0     1     1     0     0     0     0
     0     0     1     1     1     1     1     0
     0     0     1    -1     1     1     0     0
     0     0     1     1     1     0     0     0
     0     0     1     1     1     0     0     0
     0     0     0     0     0     0     0     0

Lisa (-1) to move (time left: 127.7 sec.):
     0     0     0     0     0     0     0     0
     0     0     1     0     0     0     0     0
     0     0     1     1     0     0     0     0
     0     0     1     1     1     1     1     0
     0     0     1    -1     1     1     0     0
     0     0     1    -1     1     0     0     0
     0     0     1    -1     1     0     0     0
     0     0     0    -1     0     0     0     0

iWin (1) to move (time left: 125.0 sec.):
  125.0130

     0     0     0     0     0     0     0     0
     0     0     1     0     0     0     0     0
     0     0     1     1     0     0     0     0
     0     0     1     1     1     1     1     0
     0     0     1    -1     1     1     0     0
     0     0     1    -1     1     0     0     0
     0     0     1     1     1     0     0     0
     0     0     0    -1     1     0     0     0

Lisa (-1) to move (time left: 125.6 sec.):
     0     0     0     0     0     0     0     0
     0     0     1     0     0     0     0     0
     0     0     1     1     0     0     0     0
     0     0     1     1     1     1     1     0
     0     0     1    -1     1     1     0     0
     0     0     1    -1     1     0     0     0
     0     0     1     1    -1     0     0     0
     0     0     0    -1    -1    -1     0     0

iWin (1) to move (time left: 121.0 sec.):
  121.0230

     0     0     0     0     0     0     0     0
     0     0     1     0     0     0     0     0
     0     0     1     1     0     0     0     0
     0     0     1     1     1     1     1     0
     0     0     1    -1     1     1     0     0
     0     0     1    -1     1     0     0     0
     0     0     1     1     1     1     0     0
     0     0     0    -1    -1    -1     0     0

Lisa (-1) to move (time left: 123.3 sec.):
     0     0     0     0     0     0     0     0
     0     0     1     0     0     0     0     0
     0     0     1     1     0     0     0     0
     0     0     1     1     1     1     1     0
     0     0     1    -1     1     1     0     0
     0     0     1    -1     1     0    -1     0
     0     0     1     1     1    -1     0     0
     0     0     0    -1    -1    -1     0     0

iWin (1) to move (time left: 117.9 sec.):
  117.8560

     0     0     0     0     0     0     0     0
     0     0     1     0     0     0     0     0
     0     0     1     1     0     0     0     0
     0     0     1     1     1     1     1     0
     0     0     1    -1     1     1     0     0
     0     0     1    -1     1     0     1     0
     0     0     1     1     1    -1     0     1
     0     0     0    -1    -1    -1     0     0

Lisa (-1) to move (time left: 118.5 sec.):
     0     0     0     0     0     0     0     0
     0     0     1     0     0     0     0     0
     0     0     1     1     0     0     0     0
     0     0     1     1     1     1     1     0
     0     0     1    -1     1     1     0     0
     0     0     1    -1    -1    -1     1     0
     0     0     1     1    -1    -1     0     1
     0     0     0    -1    -1    -1     0     0

iWin (1) to move (time left: 105.7 sec.):
  105.6530

     0     0     0     0     0     0     0     0
     0     0     1     0     0     0     0     0
     0     0     1     1     0     0     0     0
     0     0     1     1     1     1     1     0
     0     0     1     1     1     1     0     0
     0     0     1    -1     1    -1     1     0
     0     0     1     1    -1     1     0     1
     0     0     0    -1    -1    -1     1     0

Lisa (-1) to move (time left: 115.5 sec.):
     0     0     0     0     0     0     0     0
     0     0     1     0     0     0     0     0
     0     0     1     1     0     0     0     0
     0     0     1     1     1     1     1     0
     0     0     1     1     1     1     0     0
     0     0     1    -1     1    -1     1     0
     0     0     1     1    -1     1     0     1
     0     0     0    -1    -1    -1    -1    -1

iWin (1) to move (time left: 99.6 sec.):
   99.6220

     0     0     0     0     0     0     0     0
     0     0     1     0     0     0     0     0
     0     0     1     1     0     0     0     0
     0     0     1     1     1     1     1     0
     0     0     1     1     1     1     0     0
     0     0     1    -1     1     1     1     0
     0     0     1     1    -1     1     1     1
     0     0     0    -1    -1    -1    -1    -1

Lisa (-1) to move (time left: 109.6 sec.):
     0     0     0     0     0     0     0     0
     0     0     1     0     0     0     0     0
     0     0     1     1     0     0     0     0
     0     0     1     1     1     1     1     0
     0     0     1     1     1     1     0    -1
     0     0     1    -1     1     1    -1     0
     0     0     1     1    -1    -1     1     1
     0     0     0    -1    -1    -1    -1    -1

iWin (1) to move (time left: 96.7 sec.):
   96.7030

     0     0     0     0     0     0     0     0
     0     0     1     0     0     0     0     0
     0     0     1     1     0     0     0     0
     0     0     1     1     1     1     1     0
     0     0     1     1     1     1     1    -1
     0     0     1    -1     1     1     1     0
     0     0     1     1    -1    -1     1     1
     0     0     0    -1    -1    -1    -1    -1

Lisa (-1) to move (time left: 100.2 sec.):
     0     0     0     0     0     0     0     0
     0     0     1     0     0     0     0     0
     0     0     1     1     0     0     0     0
     0     0     1     1     1     1     1     0
     0     0     1     1     1     1     1    -1
     0     0     1    -1    -1    -1    -1    -1
     0     0     1     1    -1    -1    -1    -1
     0     0     0    -1    -1    -1    -1    -1

iWin (1) to move (time left: 91.6 sec.):
   91.5770

     0     0     0     0     0     0     0     0
     0     0     1     0     0     0     0     0
     0     0     1     1     0     0     0     0
     0     0     1     1     1     1     1     0
     0     0     1     1     1     1     1    -1
     0     0     1    -1    -1    -1    -1    -1
     0     0     1     1    -1    -1    -1    -1
     0     0     0    -1    -1    -1    -1    -1

Lisa (-1) to move (time left: 88.3 sec.):
     0     0     0     0     0     0     0     0
     0     0     1     0     0     0     0     0
     0     0     1     1     0     0     0     0
     0     0     1     1     1     1     1     0
     0     0     1     1     1     1     1    -1
     0     0     1    -1    -1    -1    -1    -1
     0     0     1    -1    -1    -1    -1    -1
     0     0    -1    -1    -1    -1    -1    -1

iWin (1) to move (time left: 89.8 sec.):
   89.8220

     0     0     0     0     0     0     0     0
     0     0     1     0     0     0     0     0
     0     0     1     1     0     0     0     0
     0     0     1     1     1     1     1     0
     0     0     1     1     1     1     1    -1
     0     0     1    -1    -1    -1    -1    -1
     0     0     1    -1    -1    -1    -1    -1
     0     0    -1    -1    -1    -1    -1    -1

Lisa (-1) to move (time left: 71.9 sec.):
     0     0     0     0     0     0     0     0
     0     0     1     0     0     0     0     0
     0     0     1     1     0     0     0     0
     0     0     1     1     1     1     1    -1
     0     0     1     1     1     1    -1    -1
     0     0     1    -1    -1    -1    -1    -1
     0     0     1    -1    -1    -1    -1    -1
     0     0    -1    -1    -1    -1    -1    -1

iWin (1) to move (time left: 87.5 sec.):
   87.4900

     0     0     0     0     0     0     0     0
     0     0     1     0     0     0     0     0
     0     0     1     1     0     0     0     0
     0     0     1     1     1     1     1    -1
     0     0     1     1     1     1    -1    -1
     0     0     1    -1    -1    -1    -1    -1
     0     0     1    -1    -1    -1    -1    -1
     0     0    -1    -1    -1    -1    -1    -1

Lisa (-1) to move (time left: 66.9 sec.):
     0     0     0     0     0     0     0     0
     0     0     1     0     0     0     0     0
     0     0     1     1     0     0     0    -1
     0     0     1     1     1     1    -1    -1
     0     0     1     1     1    -1    -1    -1
     0     0     1    -1    -1    -1    -1    -1
     0     0     1    -1    -1    -1    -1    -1
     0     0    -1    -1    -1    -1    -1    -1

iWin (1) to move (time left: 84.9 sec.):
   84.9140

     0     0     0     0     0     0     0     0
     0     0     1     0     0     0     0     0
     0     0     1     1     0     0     0    -1
     0     0     1     1     1     1    -1    -1
     0     0     1     1     1    -1    -1    -1
     0     0     1    -1    -1    -1    -1    -1
     0     0     1    -1    -1    -1    -1    -1
     0     0    -1    -1    -1    -1    -1    -1

Lisa (-1) to move (time left: 62.9 sec.):
     0     0     0     0     0     0     0     0
     0     0     1     0     0     0     0     0
     0     0     1     1     0     0    -1    -1
     0     0     1     1     1    -1    -1    -1
     0     0     1     1    -1    -1    -1    -1
     0     0     1    -1    -1    -1    -1    -1
     0     0     1    -1    -1    -1    -1    -1
     0     0    -1    -1    -1    -1    -1    -1

iWin (1) to move (time left: 83.0 sec.):
   83.0150

     0     0     0     0     0     0     0     0
     0     0     1     0     0     0     0     1
     0     0     1     1     0     0     1    -1
     0     0     1     1     1     1    -1    -1
     0     0     1     1     1    -1    -1    -1
     0     0     1     1    -1    -1    -1    -1
     0     0     1    -1    -1    -1    -1    -1
     0     0    -1    -1    -1    -1    -1    -1

Lisa (-1) to move (time left: 59.4 sec.):
     0     0     0     0     0     0     0    -1
     0     0     1     0     0     0     0    -1
     0     0     1     1     0     0     1    -1
     0     0     1     1     1     1    -1    -1
     0     0     1     1     1    -1    -1    -1
     0     0     1     1    -1    -1    -1    -1
     0     0     1    -1    -1    -1    -1    -1
     0     0    -1    -1    -1    -1    -1    -1

iWin (1) to move (time left: 81.4 sec.):
   81.3940

     0     0     0     0     0     0     0    -1
     0     0     1     0     0     0     0    -1
     0     0     1     1     0     0     1    -1
     0     0     1     1     1     1    -1    -1
     0     0     1     1     1    -1    -1    -1
     0     0     1     1    -1    -1    -1    -1
     0     0     1    -1    -1    -1    -1    -1
     0     0    -1    -1    -1    -1    -1    -1

Lisa (-1) to move (time left: 54.4 sec.):
     0     0     0     0     0     0     0    -1
     0     0     1     0     0     0     0    -1
     0     0     1     1     0    -1    -1    -1
     0     0     1     1     1    -1    -1    -1
     0     0     1     1     1    -1    -1    -1
     0     0     1     1    -1    -1    -1    -1
     0     0     1    -1    -1    -1    -1    -1
     0     0    -1    -1    -1    -1    -1    -1

iWin (1) to move (time left: 79.5 sec.):
   79.5240

     0     0     0     0     0     0     0    -1
     0     0     1     0     0     0     1    -1
     0     0     1     1     0     1    -1    -1
     0     0     1     1     1    -1    -1    -1
     0     0     1     1     1    -1    -1    -1
     0     0     1     1    -1    -1    -1    -1
     0     0     1    -1    -1    -1    -1    -1
     0     0    -1    -1    -1    -1    -1    -1

{Operation terminated by user during check_move
(line 184)


In D:\Othello\tournament_main.p>play_game (line
124)


In D:\Othello\tournament_main.p>tournament_main
(line 50)

} 
tournament_main('time_budget',180,'games_per_pair',1)
