MiniMaxPlayer2 against Lisa:
     0     0     0     0     0     0     0     0
     0     0     0     0     0     0     0     0
     0     0     0     0     0     0     0     0
     0     0     0     1    -1     0     0     0
     0     0     0    -1     1     0     0     0
     0     0     0     0     0     0     0     0
     0     0     0     0     0     0     0     0
     0     0     0     0     0     0     0     0

Lisa (-1) to move (time left: 180.0 sec.):
     0     0     0     0     0     0     0     0
     0     0     0     0     0     0     0     0
     0     0     0     0     0     0     0     0
     0     0    -1    -1    -1     0     0     0
     0     0     0    -1     1     0     0     0
     0     0     0     0     0     0     0     0
     0     0     0     0     0     0     0     0
     0     0     0     0     0     0     0     0

MiniMaxPlayer2 (1) to move (time left: 180.0 sec.):
     0     0     0     0     0     0     0     0
     0     0     0     0     0     0     0     0
     0     0     1     0     0     0     0     0
     0     0    -1     1    -1     0     0     0
     0     0     0    -1     1     0     0     0
     0     0     0     0     0     0     0     0
     0     0     0     0     0     0     0     0
     0     0     0     0     0     0     0     0

Lisa (-1) to move (time left: 179.9 sec.):
     0     0     0     0     0     0     0     0
     0     0     0     0     0     0     0     0
     0     0     1    -1     0     0     0     0
     0     0    -1    -1    -1     0     0     0
     0     0     0    -1     1     0     0     0
     0     0     0     0     0     0     0     0
     0     0     0     0     0     0     0     0
     0     0     0     0     0     0     0     0

MiniMaxPlayer2 (1) to move (time left: 180.0 sec.):
     0     0     0     0     0     0     0     0
     0     0     0     0     0     0     0     0
     0     0     1    -1     0     0     0     0
     0     0     1    -1    -1     0     0     0
     0     0     1     1     1     0     0     0
     0     0     0     0     0     0     0     0
     0     0     0     0     0     0     0     0
     0     0     0     0     0     0     0     0

Lisa (-1) to move (time left: 179.9 sec.):
     0     0     0     0     0     0     0     0
     0     0     0     0     0     0     0     0
     0     0     1    -1     0     0     0     0
     0     0     1    -1    -1     0     0     0
     0     0     1    -1     1     0     0     0
     0     0     0    -1     0     0     0     0
     0     0     0     0     0     0     0     0
     0     0     0     0     0     0     0     0

MiniMaxPlayer2 (1) to move (time left: 179.9 sec.):
     0     0     0     0     0     0     0     0
     0     0     0     0     0     0     0     0
     0     0     1     1     1     0     0     0
     0     0     1     1     1     0     0     0
     0     0     1    -1     1     0     0     0
     0     0     0    -1     0     0     0     0
     0     0     0     0     0     0     0     0
     0     0     0     0     0     0     0     0

Lisa (-1) to move (time left: 177.8 sec.):
     0     0     0     0     0     0     0     0
     0     0     0     0     0     0     0     0
     0    -1     1     1     1     0     0     0
     0     0    -1     1     1     0     0     0
     0     0     1    -1     1     0     0     0
     0     0     0    -1     0     0     0     0
     0     0     0     0     0     0     0     0
     0     0     0     0     0     0     0     0

MiniMaxPlayer2 (1) to move (time left: 179.8 sec.):
     0     0     0     0     0     0     0     0
     0     0     0     0     0     0     0     0
     1     1     1     1     1     0     0     0
     0     0    -1     1     1     0     0     0
     0     0     1    -1     1     0     0     0
     0     0     0    -1     0     0     0     0
     0     0     0     0     0     0     0     0
     0     0     0     0     0     0     0     0

Lisa (-1) to move (time left: 176.0 sec.):
     0     0     0     0     0     0     0     0
     0     0     0     0     0     0     0     0
     1     1     1     1     1     0     0     0
     0     0    -1     1     1     0     0     0
     0     0     1    -1    -1    -1     0     0
     0     0     0    -1     0     0     0     0
     0     0     0     0     0     0     0     0
     0     0     0     0     0     0     0     0

MiniMaxPlayer2 (1) to move (time left: 179.8 sec.):
     0     0     0     0     0     0     0     0
     0     0     0     0     0     0     0     0
     1     1     1     1     1     0     0     0
     0     0     1     1     1     0     0     0
     0     0     1     1     1    -1     0     0
     0     0     0    -1     1     0     0     0
     0     0     0     0     0     0     0     0
     0     0     0     0     0     0     0     0

Lisa (-1) to move (time left: 172.2 sec.):
     0     0     0     0     0     0     0     0
     0     0     0     0     0     0     0     0
     1     1     1     1     1     0     0     0
     0     0     1     1     1     0     0     0
     0     0     1     1     1    -1     0     0
     0     0     0    -1    -1    -1     0     0
     0     0     0     0     0     0     0     0
     0     0     0     0     0     0     0     0

MiniMaxPlayer2 (1) to move (time left: 179.6 sec.):
     0     0     0     0     0     0     0     0
     0     0     0     0     0     0     0     0
     1     1     1     1     1     0     0     0
     0     0     1     1     1     0     0     0
     0     0     1     1     1    -1     0     0
     0     0     0     1     1    -1     0     0
     0     0     0     0     1     0     0     0
     0     0     0     0     0     0     0     0

Lisa (-1) to move (time left: 171.1 sec.):
     0     0     0     0     0     0     0     0
     0     0     0     0     0     0     0     0
     1     1     1     1     1     0     0     0
     0     0     1     1     1     0     0     0
     0     0     1     1     1    -1     0     0
     0     0     0     1    -1    -1     0     0
     0     0     0    -1     1     0     0     0
     0     0     0     0     0     0     0     0

MiniMaxPlayer2 (1) to move (time left: 179.6 sec.):
     0     0     0     0     0     0     0     0
     0     0     0     0     0     0     0     0
     1     1     1     1     1     0     0     0
     0     0     1     1     1     0     0     0
     0     0     1     1     1     1     0     0
     0     0     0     1     1     1     1     0
     0     0     0    -1     1     0     0     0
     0     0     0     0     0     0     0     0

Lisa (-1) to move (time left: 169.5 sec.):
     0     0     0     0     0     0     0     0
     0     0     0     0     0     0     0     0
     1     1     1     1     1     0     0     0
     0     0     1     1     1     0     0     0
     0     0     1     1     1     1     0     0
     0     0     0     1     1     1     1     0
     0     0     0    -1    -1    -1     0     0
     0     0     0     0     0     0     0     0

MiniMaxPlayer2 (1) to move (time left: 179.5 sec.):
     0     0     0     0     0     0     0     0
     0     0     0     0     0     0     0     0
     1     1     1     1     1     0     0     0
     0     0     1     1     1     0     0     0
     0     0     1     1     1     1     0     0
     0     0     0     1     1     1     1     0
     0     0     0     1    -1    -1     0     0
     0     0     1     0     0     0     0     0

Lisa (-1) to move (time left: 168.4 sec.):
     0     0     0     0     0     0     0     0
     0     0     0     0     0     0     0     0
     1     1     1     1     1     0     0     0
     0     0     1     1     1     0     0     0
     0     0     1     1     1     1    -1     0
     0     0     0     1     1    -1     1     0
     0     0     0     1    -1    -1     0     0
     0     0     1     0     0     0     0     0

MiniMaxPlayer2 (1) to move (time left: 179.4 sec.):
     0     0     0     0     0     0     0     0
     0     0     0     0     0     0     0     0
     1     1     1     1     1     0     0     0
     0     0     1     1     1     0     0     0
     0     0     1     1     1     1    -1     0
     0     0     0     1     1     1     1     0
     0     0     0     1     1     1     0     0
     0     0     1     0     0     1     0     0

Lisa (-1) to move (time left: 167.1 sec.):
     0     0     0     0     0     0     0     0
     0     0     0     0     0     0     0     0
     1     1     1     1     1     0     0     0
     0     0     1     1     1     0     0     0
     0     0     1     1     1     1    -1     0
     0     0     0     1     1    -1     1     0
     0     0     0     1    -1     1     0     0
     0     0     1    -1     0     1     0     0

MiniMaxPlayer2 (1) to move (time left: 179.4 sec.):
     0     0     0     0     0     0     0     0
     0     0     0     0     0     0     0     0
     1     1     1     1     1     0     0     0
     0     0     1     1     1     0     0     0
     0     0     1     1     1     1    -1     0
     0     0     0     1     1    -1     1     0
     0     0     0     1     1     1     0     0
     0     0     1     1     1     1     0     0

Lisa (-1) to move (time left: 166.5 sec.):
     0     0     0     0     0     0     0     0
     0     0     0     0     0     0     0     0
     1     1     1     1     1     0     0     0
     0     0     1     1     1     0     0     0
     0     0     1     1     1     1    -1     0
     0     0    -1    -1    -1    -1     1     0
     0     0     0     1     1     1     0     0
     0     0     1     1     1     1     0     0

MiniMaxPlayer2 (1) to move (time left: 179.3 sec.):
     0     0     0     0     0     0     0     0
     0     0     0     0     0     0     0     0
     1     1     1     1     1     0     0     0
     0     0     1     1     1     0     0     0
     0     0     1     1     1     1    -1     0
     0     1     1     1     1     1     1     0
     0     0     0     1     1     1     0     0
     0     0     1     1     1     1     0     0

Lisa (-1) to move (time left: 164.9 sec.):
     0     0     0     0     0     0     0     0
     0     0     0     0     0     0     0     0
     1     1     1     1     1     0     0     0
     0     0     1     1     1     0     0     0
     0    -1    -1    -1    -1    -1    -1     0
     0     1     1     1     1     1     1     0
     0     0     0     1     1     1     0     0
     0     0     1     1     1     1     0     0

MiniMaxPlayer2 (1) to move (time left: 179.2 sec.):
     0     0     0     0     0     0     0     0
     0     0     0     0     0     0     0     0
     1     1     1     1     1     0     0     0
     0     0     1     1     1     1     0     0
     0    -1    -1    -1     1     1    -1     0
     0     1     1     1     1     1     1     0
     0     0     0     1     1     1     0     0
     0     0     1     1     1     1     0     0

Lisa (-1) to move (time left: 164.3 sec.):
     0     0     0     0     0     0     0     0
     0     0     0     0     0     0     0     0
     1     1     1     1     1     0     0     0
     0     0     1     1     1     1     0     0
     0    -1    -1    -1     1     1    -1     0
     0     1    -1     1     1     1     1     0
     0     0    -1     1     1     1     0     0
     0     0     1     1     1     1     0     0

MiniMaxPlayer2 (1) to move (time left: 179.1 sec.):
     0     0     0     0     0     0     0     0
     0     0     0     0     0     0     0     0
     1     1     1     1     1     0     0     0
     1     0     1     1     1     1     0     0
     0     1    -1    -1     1     1    -1     0
     0     1     1     1     1     1     1     0
     0     0    -1     1     1     1     0     0
     0     0     1     1     1     1     0     0

Lisa (-1) to move (time left: 161.9 sec.):
     0     0     0     0     0     0     0     0
     0     0     0     0     0     0     0     0
     1     1     1     1     1     0    -1     0
     1     0     1     1     1    -1     0     0
     0     1    -1    -1    -1     1    -1     0
     0     1     1    -1     1     1     1     0
     0     0    -1     1     1     1     0     0
     0     0     1     1     1     1     0     0

MiniMaxPlayer2 (1) to move (time left: 179.0 sec.):
     0     0     0     0     0     0     0     0
     0     0     0     0     0     0     0     0
     1     1     1     1     1     1    -1     0
     1     0     1     1     1     1     0     0
     0     1    -1    -1    -1     1    -1     0
     0     1     1    -1     1     1     1     0
     0     0    -1     1     1     1     0     0
     0     0     1     1     1     1     0     0

Lisa (-1) to move (time left: 140.5 sec.):
     0     0     0     0     0     0     0     0
     0     0     0     0     0     0     0     0
     1     1     1     1     1     1    -1     0
     1     0     1     1     1     1     0     0
     0     1    -1    -1    -1     1    -1     0
    -1    -1    -1    -1     1     1     1     0
     0     0    -1     1     1     1     0     0
     0     0     1     1     1     1     0     0

MiniMaxPlayer2 (1) to move (time left: 178.9 sec.):
     0     0     0     0     0     0     0     0
     0     0     0     0     0     0     0     0
     1     1     1     1     1     1    -1     0
     1     0     1     1     1     1     0     0
     0     1    -1    -1    -1     1     1     0
    -1    -1    -1    -1     1     1     1     1
     0     0    -1     1     1     1     0     0
     0     0     1     1     1     1     0     0

Lisa (-1) to move (time left: 129.1 sec.):
     0     0     0     0     0     0     0     0
     0     0     0     0     0     0     0     0
     1     1     1     1     1     1    -1     0
     1     0     1     1     1     1     0     0
    -1    -1    -1    -1    -1     1     1     0
    -1    -1    -1    -1     1     1     1     1
     0     0    -1     1     1     1     0     0
     0     0     1     1     1     1     0     0

MiniMaxPlayer2 (1) to move (time left: 178.7 sec.):
     0     0     0     0     0     0     0     0
     0     0     0     0     0     0     0     0
     1     1     1     1     1     1    -1     0
     1     0     1     1     1     1     0     0
     1    -1     1    -1    -1     1     1     0
     1     1    -1    -1     1     1     1     1
     1     0    -1     1     1     1     0     0
     0     0     1     1     1     1     0     0

Lisa (-1) to move (time left: 120.9 sec.):
     0     0     0     0     0     0     0     0
     0     0     0     0     0     0     0     0
     1     1     1     1     1     1    -1     0
     1    -1     1     1     1     1     0     0
     1    -1    -1    -1    -1     1     1     0
     1     1    -1    -1     1     1     1     1
     1     0    -1     1     1     1     0     0
     0     0     1     1     1     1     0     0

MiniMaxPlayer2 (1) to move (time left: 178.7 sec.):
     0     0     0     0     0     0     0     0
     0     0     0     0     0     0     0     0
     1     1     1     1     1     1     1     1
     1    -1     1     1     1     1     0     0
     1    -1    -1    -1    -1     1     1     0
     1     1    -1    -1     1     1     1     1
     1     0    -1     1     1     1     0     0
     0     0     1     1     1     1     0     0

Lisa (-1) to move (time left: 108.7 sec.):
     0     0     0     0     0     0     0     0
     0     0     0     0     0     0     0     0
     1     1     1     1     1     1     1     1
     1    -1    -1    -1    -1    -1    -1     0
     1    -1    -1    -1    -1     1     1     0
     1     1    -1    -1     1     1     1     1
     1     0    -1     1     1     1     0     0
     0     0     1     1     1     1     0     0

MiniMaxPlayer2 (1) to move (time left: 178.6 sec.):
     0     0     0     0     0     0     0     0
     0     0     0     0     0     0     0     0
     1     1     1     1     1     1     1     1
     1     1     1     1     1     1     1     1
     1    -1    -1    -1    -1     1     1     0
     1     1    -1    -1     1     1     1     1
     1     0    -1     1     1     1     0     0
     0     0     1     1     1     1     0     0

Lisa (-1) to move (time left: 99.9 sec.):
     0     0     0     0     0     0     0     0
     0     0     0     0     0     0     0     0
     1     1     1     1     1     1     1     1
     1     1     1     1     1     1     1     1
     1    -1    -1    -1    -1     1     1     0
     1    -1    -1    -1     1     1     1     1
     1    -1    -1     1     1     1     0     0
     0     0     1     1     1     1     0     0

MiniMaxPlayer2 (1) to move (time left: 178.6 sec.):
     0     0     0     0     0     0     0     0
     0     0     0     0     0     0     0     0
     1     1     1     1     1     1     1     1
     1     1     1     1     1     1     1     1
     1    -1    -1     1    -1     1     1     0
     1    -1     1    -1     1     1     1     1
     1     1    -1     1     1     1     0     0
     1     0     1     1     1     1     0     0

Lisa (-1) to move (time left: 70.4 sec.):
     0     0     0     0     0     0     0     0
     0     0     0    -1     0     0     0     0
     1     1     1    -1     1     1     1     1
     1     1     1    -1     1     1     1     1
     1    -1    -1    -1    -1     1     1     0
     1    -1     1    -1     1     1     1     1
     1     1    -1     1     1     1     0     0
     1     0     1     1     1     1     0     0

MiniMaxPlayer2 (1) to move (time left: 178.5 sec.):
     0     0     0     1     0     0     0     0
     0     0     0     1     0     0     0     0
     1     1     1     1     1     1     1     1
     1     1     1     1     1     1     1     1
     1    -1    -1     1    -1     1     1     0
     1    -1     1     1     1     1     1     1
     1     1    -1     1     1     1     0     0
     1     0     1     1     1     1     0     0

Lisa (-1) to move (time left: 66.0 sec.):
     0     0     0     1     0     0     0     0
     0     0     0     1     0     0     0     0
     1     1     1     1     1     1     1     1
     1     1     1     1     1     1     1     1
     1    -1    -1     1    -1     1     1     0
     1    -1     1     1     1     1     1     1
     1    -1    -1     1     1     1     0     0
     1    -1     1     1     1     1     0     0

MiniMaxPlayer2 (1) to move (time left: 178.5 sec.):
     0     0     0     1     0     0     0     0
     0     0     0     1     0     0     0     0
     1     1     1     1     1     1     1     1
     1     1     1     1     1     1     1     1
     1    -1    -1     1    -1     1     1     0
     1    -1     1     1     1     1     1     1
     1    -1    -1     1     1     1     0     0
     1    -1     1     1     1     1     0     0

Lisa (-1) to move (time left: 63.4 sec.):
     0     0     0     1     0     0     0     0
     0     0     0     1     0    -1     0     0
     1     1     1     1    -1     1     1     1
     1     1     1    -1     1     1     1     1
     1    -1    -1     1    -1     1     1     0
     1    -1     1     1     1     1     1     1
     1    -1    -1     1     1     1     0     0
     1    -1     1     1     1     1     0     0

MiniMaxPlayer2 (1) to move (time left: 178.4 sec.):
     0     0     0     1     0     1     0     0
     0     0     0     1     0     1     0     0
     1     1     1     1    -1     1     1     1
     1     1     1    -1     1     1     1     1
     1    -1    -1     1    -1     1     1     0
     1    -1     1     1     1     1     1     1
     1    -1    -1     1     1     1     0     0
     1    -1     1     1     1     1     0     0

Lisa (-1) to move (time left: 60.0 sec.):
     0     0     0     1     0     1     0     0
     0     0     0     1    -1     1     0     0
     1     1     1    -1    -1     1     1     1
     1     1    -1    -1     1     1     1     1
     1    -1    -1     1    -1     1     1     0
     1    -1     1     1     1     1     1     1
     1    -1    -1     1     1     1     0     0
     1    -1     1     1     1     1     0     0

MiniMaxPlayer2 (1) to move (time left: 178.4 sec.):
     0     0     0     1     1     1     0     0
     0     0     0     1     1     1     0     0
     1     1     1    -1     1     1     1     1
     1     1    -1    -1     1     1     1     1
     1    -1    -1     1    -1     1     1     0
     1    -1     1     1     1     1     1     1
     1    -1    -1     1     1     1     0     0
     1    -1     1     1     1     1     0     0

Lisa (-1) to move (time left: 57.7 sec.):
     0     0     0     1     1     1     0     0
     0     0     0     1     1     1    -1     0
     1     1     1    -1     1    -1     1     1
     1     1    -1    -1    -1     1     1     1
     1    -1    -1    -1    -1     1     1     0
     1    -1    -1     1     1     1     1     1
     1    -1    -1     1     1     1     0     0
     1    -1     1     1     1     1     0     0

MiniMaxPlayer2 (1) to move (time left: 178.4 sec.):
     0     0     0     1     1     1     0     1
     0     0     0     1     1     1     1     0
     1     1     1    -1     1     1     1     1
     1     1    -1    -1     1     1     1     1
     1    -1    -1     1    -1     1     1     0
     1    -1     1     1     1     1     1     1
     1     1    -1     1     1     1     0     0
     1    -1     1     1     1     1     0     0

Lisa (-1) to move (time left: 52.4 sec.):
     0     0     0     1     1     1     0     1
     0     0     0     1     1     1     1    -1
     1     1     1    -1     1     1    -1     1
     1     1    -1    -1     1    -1     1     1
     1    -1    -1     1    -1     1     1     0
     1    -1     1     1     1     1     1     1
     1     1    -1     1     1     1     0     0
     1    -1     1     1     1     1     0     0

MiniMaxPlayer2 (1) to move (time left: 178.3 sec.):
     0     0     0     1     1     1     0     1
     0     0     1     1     1     1     1    -1
     1     1     1     1     1     1    -1     1
     1     1    -1    -1     1    -1     1     1
     1    -1    -1     1    -1     1     1     0
     1    -1     1     1     1     1     1     1
     1     1    -1     1     1     1     0     0
     1    -1     1     1     1     1     0     0

Lisa (-1) to move (time left: 48.1 sec.):
     0     0    -1     1     1     1     0     1
     0     0    -1    -1     1     1     1    -1
     1     1    -1     1    -1     1    -1     1
     1     1    -1    -1     1    -1     1     1
     1    -1    -1     1    -1     1     1     0
     1    -1     1     1     1     1     1     1
     1     1    -1     1     1     1     0     0
     1    -1     1     1     1     1     0     0

MiniMaxPlayer2 (1) to move (time left: 178.3 sec.):
     0     1     1     1     1     1     0     1
     0     0     1    -1     1     1     1    -1
     1     1    -1     1    -1     1    -1     1
     1     1    -1    -1     1    -1     1     1
     1    -1    -1     1    -1     1     1     0
     1    -1     1     1     1     1     1     1
     1     1    -1     1     1     1     0     0
     1    -1     1     1     1     1     0     0

Lisa (-1) to move (time left: 45.8 sec.):
     0     1     1     1     1     1    -1     1
     0     0     1    -1     1    -1    -1    -1
     1     1    -1     1    -1     1    -1     1
     1     1    -1    -1     1    -1     1     1
     1    -1    -1     1    -1     1     1     0
     1    -1     1     1     1     1     1     1
     1     1    -1     1     1     1     0     0
     1    -1     1     1     1     1     0     0

MiniMaxPlayer2 (1) to move (time left: 178.3 sec.):
     0     1     1     1     1     1    -1     1
     0     1     1    -1     1    -1    -1    -1
     1     1     1     1    -1     1    -1     1
     1     1    -1     1     1    -1     1     1
     1    -1    -1     1     1     1     1     0
     1    -1     1     1     1     1     1     1
     1     1    -1     1     1     1     0     0
     1    -1     1     1     1     1     0     0

Lisa (-1) to move (time left: 44.8 sec.):
    -1    -1    -1    -1    -1    -1    -1     1
     0     1     1    -1     1    -1    -1    -1
     1     1     1     1    -1     1    -1     1
     1     1    -1     1     1    -1     1     1
     1    -1    -1     1     1     1     1     0
     1    -1     1     1     1     1     1     1
     1     1    -1     1     1     1     0     0
     1    -1     1     1     1     1     0     0

MiniMaxPlayer2 (1) to move (time left: 178.3 sec.):
    -1    -1    -1    -1    -1    -1    -1     1
     0     1     1    -1     1    -1    -1    -1
     1     1     1     1    -1     1    -1     1
     1     1    -1     1     1    -1     1     1
     1    -1    -1     1     1     1     1     0
     1    -1     1     1     1     1     1     1
     1     1    -1     1     1     1     0     0
     1    -1     1     1     1     1     0     0

Lisa (-1) to move (time left: 44.5 sec.):
    -1    -1    -1    -1    -1    -1    -1     1
    -1    -1    -1    -1     1    -1    -1    -1
     1    -1     1     1    -1     1    -1     1
     1     1    -1     1     1    -1     1     1
     1    -1    -1     1     1     1     1     0
     1    -1     1     1     1     1     1     1
     1     1    -1     1     1     1     0     0
     1    -1     1     1     1     1     0     0

MiniMaxPlayer2 (1) to move (time left: 178.3 sec.):
    -1    -1    -1    -1    -1    -1    -1     1
    -1    -1    -1    -1     1    -1    -1    -1
     1    -1     1     1    -1     1    -1     1
     1     1    -1     1     1    -1     1     1
     1    -1    -1     1     1     1     1     0
     1    -1     1     1     1     1     1     1
     1     1    -1     1     1     1     0     0
     1    -1     1     1     1     1     0     0

Lisa (-1) to move (time left: 44.4 sec.):
    -1    -1    -1    -1    -1    -1    -1     1
    -1    -1    -1    -1     1    -1    -1    -1
     1    -1     1    -1    -1     1    -1     1
     1     1    -1     1    -1    -1     1     1
     1    -1    -1     1     1    -1     1     0
     1    -1     1     1     1     1    -1     1
     1     1    -1     1     1     1     0    -1
     1    -1     1     1     1     1     0     0

MiniMaxPlayer2 (1) to move (time left: 178.3 sec.):
    -1    -1    -1    -1    -1    -1    -1     1
    -1    -1    -1    -1     1    -1    -1    -1
     1    -1     1    -1    -1     1    -1     1
     1     1    -1     1    -1    -1     1     1
     1    -1    -1     1     1    -1     1     0
     1    -1     1     1     1     1    -1     1
     1     1    -1     1     1     1     0     1
     1    -1     1     1     1     1     0     1

Lisa (-1) to move (time left: 44.3 sec.):
    -1    -1    -1    -1    -1    -1    -1     1
    -1    -1    -1    -1     1    -1    -1    -1
     1    -1     1    -1    -1     1    -1     1
     1     1    -1     1    -1    -1     1     1
     1    -1    -1    -1     1    -1     1     0
     1    -1     1     1    -1     1    -1     1
     1     1    -1     1     1    -1     0     1
     1    -1    -1    -1    -1    -1    -1     1

MiniMaxPlayer2 (1) to move (time left: 178.2 sec.):
    -1    -1    -1    -1    -1    -1    -1     1
    -1    -1    -1    -1     1    -1    -1    -1
     1    -1     1    -1    -1     1    -1     1
     1     1    -1     1    -1    -1     1     1
     1    -1    -1    -1     1    -1     1     0
     1    -1     1     1    -1     1     1     1
     1     1    -1     1     1     1     1     1
     1    -1    -1    -1    -1    -1    -1     1

Lisa (-1) to move (time left: 44.2 sec.):
    -1    -1    -1    -1    -1    -1    -1     1
    -1    -1    -1    -1    -1    -1    -1    -1
     1    -1     1    -1    -1    -1    -1    -1
     1     1    -1     1    -1    -1    -1    -1
     1    -1    -1    -1     1    -1    -1    -1
     1    -1     1     1    -1     1    -1     1
     1     1    -1     1     1    -1     1     1
     1    -1    -1    -1    -1    -1    -1     1

Game over.
