iWin against Lisa:
  Columns 1 through 4

     0     0     0     0
     0     0     0     0
     0     0     0     0
     0     0     0     1
     0     0     0    -1
     0     0     0     0
     0     0     0     0
     0     0     0     0

  Columns 5 through 8

     0     0     0     0
     0     0     0     0
     0     0     0     0
    -1     0     0     0
     1     0     0     0
     0     0     0     0
     0     0     0     0
     0     0     0     0

Lisa (-1) to move (time left: 180.0 sec.):
  Columns 1 through 4

     0     0     0     0
     0     0     0     0
     0     0     0     0
     0     0    -1    -1
     0     0     0    -1
     0     0     0     0
     0     0     0     0
     0     0     0     0

  Columns 5 through 8

     0     0     0     0
     0     0     0     0
     0     0     0     0
    -1     0     0     0
     1     0     0     0
     0     0     0     0
     0     0     0     0
     0     0     0     0

iWin (1) to move (time left: 180.0 sec.):
   180

{Operation terminated by
user during
<a href="matlab:helpUtils.errorDocCallback('get_valid_moves', 'D:\Othello\players\iWin\get_valid_moves.m', 25)" style="font-weight:bold">get_valid_moves</a> (<a href="matlab: opentoline('D:\Othello\players\iWin\get_valid_moves.m',25,0)">line 25</a>)


In <a href="matlab:helpUtils.errorDocCallback('WeWinMagic', 'D:\Othello\players\iWin\WeWinMagic.m', 16)" style="font-weight:bold">WeWinMagic</a> (<a href="matlab: opentoline('D:\Othello\players\iWin\WeWinMagic.m',16,0)">line 16</a>)
[ moves_list, boards ] =
get_valid_moves(board,
color);

In <a href="matlab:helpUtils.errorDocCallback('WeWinMagic>min', 'D:\Othello\players\iWin\WeWinMagic.m', 85)" style="font-weight:bold">WeWinMagic>min</a> (<a href="matlab: opentoline('D:\Othello\players\iWin\WeWinMagic.m',85,0)">line
85</a>)
        value =
        WeWinMagic(new_board,
        depth-1, -color,
        alpha, min_value,
        maxDepth);

In <a href="matlab:helpUtils.errorDocCallback('WeWinMagic', 'D:\Othello\players\iWin\WeWinMagic.m', 47)" style="font-weight:bold">WeWinMagic</a> (<a href="matlab: opentoline('D:\Othello\players\iWin\WeWinMagic.m',47,0)">line 47</a>)
        value =
        min(-color,
        depth-1,
        new_board,
        max_value, beta,
        maxDepth);

In <a href="matlab:helpUtils.errorDocCallback('WeWinMagic>min', 'D:\Othello\players\iWin\WeWinMagic.m', 85)" style="font-weight:bold">WeWinMagic>min</a> (<a href="matlab: opentoline('D:\Othello\players\iWin\WeWinMagic.m',85,0)">line
85</a>)
        value =
        WeWinMagic(new_board,
        depth-1, -color,
        alpha, min_value,
        maxDepth);

In <a href="matlab:helpUtils.errorDocCallback('WeWinMagic', 'D:\Othello\players\iWin\WeWinMagic.m', 47)" style="font-weight:bold">WeWinMagic</a> (<a href="matlab: opentoline('D:\Othello\players\iWin\WeWinMagic.m',47,0)">line 47</a>)
        value =
        min(-color,
        depth-1,
        new_board,
        max_value, beta,
        maxDepth);

In <a href="matlab:helpUtils.errorDocCallback('WeWinMagic>min', 'D:\Othello\players\iWin\WeWinMagic.m', 85)" style="font-weight:bold">WeWinMagic>min</a> (<a href="matlab: opentoline('D:\Othello\players\iWin\WeWinMagic.m',85,0)">line
85</a>)
        value =
        WeWinMagic(new_board,
        depth-1, -color,
        alpha, min_value,
        maxDepth);

In <a href="matlab:helpUtils.errorDocCallback('WeWinMagic', 'D:\Othello\players\iWin\WeWinMagic.m', 47)" style="font-weight:bold">WeWinMagic</a> (<a href="matlab: opentoline('D:\Othello\players\iWin\WeWinMagic.m',47,0)">line 47</a>)
        value =
        min(-color,
        depth-1,
        new_board,
        max_value, beta,
        maxDepth);

In <a href="matlab:helpUtils.errorDocCallback('iWin', 'D:\Othello\players\iWin.m', 19)" style="font-weight:bold">iWin</a> (<a href="matlab: opentoline('D:\Othello\players\iWin.m',19,0)">line 19</a>)
    [val, b] =
    WeWinMagic(board,
    depth, color, -inf,
    inf, depth);

In
D:\Othello\tournament_main.p>play_game
(line 118)


In
D:\Othello\tournament_main.p>tournament_main
(line 50)

} 
