iWin against Lisa:
     0     0     0     0     0     0     0     0
     0     0     0     0     0     0     0     0
     0     0     0     0     0     0     0     0
     0     0     0     1    -1     0     0     0
     0     0     0    -1     1     0     0     0
     0     0     0     0     0     0     0     0
     0     0     0     0     0     0     0     0
     0     0     0     0     0     0     0     0

Lisa (-1) to move (time left: 180.0 sec.):
     0     0     0     0     0     0     0     0
     0     0     0     0     0     0     0     0
     0     0     0     0     0     0     0     0
     0     0    -1    -1    -1     0     0     0
     0     0     0    -1     1     0     0     0
     0     0     0     0     0     0     0     0
     0     0     0     0     0     0     0     0
     0     0     0     0     0     0     0     0

iWin (1) to move (time left: 180.0 sec.):
     0     0     0     0     0     0     0     0
     0     0     0     0     0     0     0     0
     0     0     1     0     0     0     0     0
     0     0    -1     1    -1     0     0     0
     0     0     0    -1     1     0     0     0
     0     0     0     0     0     0     0     0
     0     0     0     0     0     0     0     0
     0     0     0     0     0     0     0     0

Lisa (-1) to move (time left: 179.9 sec.):
     0     0     0     0     0     0     0     0
     0     0     0     0     0     0     0     0
     0     0     1    -1     0     0     0     0
     0     0    -1    -1    -1     0     0     0
     0     0     0    -1     1     0     0     0
     0     0     0     0     0     0     0     0
     0     0     0     0     0     0     0     0
     0     0     0     0     0     0     0     0

iWin (1) to move (time left: 176.2 sec.):
     0     0     0     0     0     0     0     0
     0     0     0     0     0     0     0     0
     0     0     1     1     1     0     0     0
     0     0    -1    -1     1     0     0     0
     0     0     0    -1     1     0     0     0
     0     0     0     0     0     0     0     0
     0     0     0     0     0     0     0     0
     0     0     0     0     0     0     0     0

Lisa (-1) to move (time left: 179.9 sec.):
     0     0     0     0     0     0     0     0
     0     0     0     0     0     0     0     0
     0     0     1     1     1     0     0     0
     0     0    -1    -1    -1    -1     0     0
     0     0     0    -1     1     0     0     0
     0     0     0     0     0     0     0     0
     0     0     0     0     0     0     0     0
     0     0     0     0     0     0     0     0

iWin (1) to move (time left: 168.2 sec.):
     0     0     0     0     0     0     0     0
     0     0     0     0     0     0     0     0
     0     0     1     1     1     0     1     0
     0     0    -1    -1    -1     1     0     0
     0     0     0    -1     1     0     0     0
     0     0     0     0     0     0     0     0
     0     0     0     0     0     0     0     0
     0     0     0     0     0     0     0     0

Lisa (-1) to move (time left: 177.7 sec.):
     0     0     0     0     0     0     0     0
     0     0     0    -1     0     0     0     0
     0     0     1    -1     1     0     1     0
     0     0    -1    -1    -1     1     0     0
     0     0     0    -1     1     0     0     0
     0     0     0     0     0     0     0     0
     0     0     0     0     0     0     0     0
     0     0     0     0     0     0     0     0

iWin (1) to move (time left: 147.3 sec.):
     0     0     1     0     0     0     0     0
     0     0     0     1     0     0     0     0
     0     0     1    -1     1     0     1     0
     0     0    -1    -1    -1     1     0     0
     0     0     0    -1     1     0     0     0
     0     0     0     0     0     0     0     0
     0     0     0     0     0     0     0     0
     0     0     0     0     0     0     0     0

Lisa (-1) to move (time left: 175.2 sec.):
     0     0     1    -1     0     0     0     0
     0     0     0    -1     0     0     0     0
     0     0     1    -1     1     0     1     0
     0     0    -1    -1    -1     1     0     0
     0     0     0    -1     1     0     0     0
     0     0     0     0     0     0     0     0
     0     0     0     0     0     0     0     0
     0     0     0     0     0     0     0     0

iWin (1) to move (time left: 137.1 sec.):
     0     0     1     1     1     0     0     0
     0     0     0     1     0     0     0     0
     0     0     1    -1     1     0     1     0
     0     0    -1    -1    -1     1     0     0
     0     0     0    -1     1     0     0     0
     0     0     0     0     0     0     0     0
     0     0     0     0     0     0     0     0
     0     0     0     0     0     0     0     0

Lisa (-1) to move (time left: 172.2 sec.):
     0     0     1     1     1     0     0     0
     0     0     0     1     0     0     0     0
     0     0     1    -1     1     0     1     0
     0     0    -1    -1    -1     1     0     0
     0     0     0    -1    -1    -1     0     0
     0     0     0     0     0     0     0     0
     0     0     0     0     0     0     0     0
     0     0     0     0     0     0     0     0

iWin (1) to move (time left: 119.6 sec.):
     0     0     1     1     1     0     0     0
     0     0     0     1     0     0     0     0
     0     0     1    -1     1     0     1     0
     0     1     1     1     1     1     0     0
     0     0     0    -1    -1    -1     0     0
     0     0     0     0     0     0     0     0
     0     0     0     0     0     0     0     0
     0     0     0     0     0     0     0     0

Lisa (-1) to move (time left: 169.4 sec.):
     0     0     1     1     1     0     0     0
     0     0     0     1    -1     0     0     0
     0     0     1    -1    -1     0     1     0
     0     1     1     1    -1     1     0     0
     0     0     0    -1    -1    -1     0     0
     0     0     0     0     0     0     0     0
     0     0     0     0     0     0     0     0
     0     0     0     0     0     0     0     0

iWin (1) to move (time left: 110.5 sec.):
     0     0     1     1     1     1     0     0
     0     0     0     1     1     0     0     0
     0     0     1     1    -1     0     1     0
     0     1     1     1    -1     1     0     0
     0     0     0    -1    -1    -1     0     0
     0     0     0     0     0     0     0     0
     0     0     0     0     0     0     0     0
     0     0     0     0     0     0     0     0

Lisa (-1) to move (time left: 167.2 sec.):
     0     0     1     1     1     1     0     0
     0     0     0     1     1     0     0     0
     0     0     1     1    -1     0     1     0
     0     1     1    -1    -1     1     0     0
     0     0    -1    -1    -1    -1     0     0
     0     0     0     0     0     0     0     0
     0     0     0     0     0     0     0     0
     0     0     0     0     0     0     0     0

iWin (1) to move (time left: 88.0 sec.):
     0     0     1     1     1     1     0     0
     0     0     0     1     1     0     0     0
     0     0     1     1     1     1     1     0
     0     1     1    -1    -1     1     0     0
     0     0    -1    -1    -1    -1     0     0
     0     0     0     0     0     0     0     0
     0     0     0     0     0     0     0     0
     0     0     0     0     0     0     0     0

Lisa (-1) to move (time left: 164.9 sec.):
     0     0     1     1     1     1     0     0
     0     0     0     1     1     0     0     0
     0     0     1     1     1     1     1     0
     0     1     1    -1    -1    -1    -1     0
     0     0    -1    -1    -1    -1     0     0
     0     0     0     0     0     0     0     0
     0     0     0     0     0     0     0     0
     0     0     0     0     0     0     0     0

iWin (1) to move (time left: 57.9 sec.):
     0     0     1     1     1     1     0     0
     0     0     0     1     1     0     0     0
     0     0     1     1     1     1     1     0
     0     1     1     1     1     1     1     1
     0     0    -1    -1    -1    -1     0     0
     0     0     0     0     0     0     0     0
     0     0     0     0     0     0     0     0
     0     0     0     0     0     0     0     0

Lisa (-1) to move (time left: 161.2 sec.):
     0     0     1     1     1     1     0     0
     0     0     0     1     1     0     0     0
     0     0     1     1     1     1     1    -1
     0     1     1     1     1     1    -1     1
     0     0    -1    -1    -1    -1     0     0
     0     0     0     0     0     0     0     0
     0     0     0     0     0     0     0     0
     0     0     0     0     0     0     0     0

iWin (1) to move (time left: 18.9 sec.):
     0     0     1     1     1     1     0     0
     0     0     0     1     1     0     0     1
     0     0     1     1     1     1     1     1
     0     1     1     1     1     1    -1     1
     0     0    -1    -1    -1    -1     0     0
     0     0     0     0     0     0     0     0
     0     0     0     0     0     0     0     0
     0     0     0     0     0     0     0     0

Lisa (-1) to move (time left: 157.9 sec.):
     0     0     1     1     1     1     0     0
     0     0     0     1     1     0     0     1
     0    -1     1     1     1     1     1     1
     0     1    -1     1     1     1    -1     1
     0     0    -1    -1    -1    -1     0     0
     0     0     0     0     0     0     0     0
     0     0     0     0     0     0     0     0
     0     0     0     0     0     0     0     0

iWin (1) to move (time left: 4.3 sec.):
     0     0     1     1     1     1     0     0
     0     1     0     1     1     0     0     1
     0     1     1     1     1     1     1     1
     0     1    -1     1     1     1    -1     1
     0     0    -1    -1    -1    -1     0     0
     0     0     0     0     0     0     0     0
     0     0     0     0     0     0     0     0
     0     0     0     0     0     0     0     0

Error: Player has exceeded the budget.
