iWin against Lisa:
  Columns 1 through 6

     0     0     0     0     0     0
     0     0     0     0     0     0
     0     0     0     0     0     0
     0     0     0     1    -1     0
     0     0     0    -1     1     0
     0     0     0     0     0     0
     0     0     0     0     0     0
     0     0     0     0     0     0

  Columns 7 through 8

     0     0
     0     0
     0     0
     0     0
     0     0
     0     0
     0     0
     0     0

Lisa (-1) to move (time left: 180.0 sec.):
  Columns 1 through 6

     0     0     0     0     0     0
     0     0     0     0     0     0
     0     0     0     0     0     0
     0     0    -1    -1    -1     0
     0     0     0    -1     1     0
     0     0     0     0     0     0
     0     0     0     0     0     0
     0     0     0     0     0     0

  Columns 7 through 8

     0     0
     0     0
     0     0
     0     0
     0     0
     0     0
     0     0
     0     0

iWin (1) to move (time left: 180.0 sec.):
   180

  Columns 1 through 6

     0     0     0     0     0     0
     0     0     0     0     0     0
     0     0     0     0     1     0
     0     0    -1    -1     1     0
     0     0     0    -1     1     0
     0     0     0     0     0     0
     0     0     0     0     0     0
     0     0     0     0     0     0

  Columns 7 through 8

     0     0
     0     0
     0     0
     0     0
     0     0
     0     0
     0     0
     0     0

Lisa (-1) to move (time left: 178.8 sec.):
  Columns 1 through 6

     0     0     0     0     0     0
     0     0     0     0     0     0
     0     0     0     0     1     0
     0     0    -1    -1     1     0
     0     0     0    -1    -1    -1
     0     0     0     0     0     0
     0     0     0     0     0     0
     0     0     0     0     0     0

  Columns 7 through 8

     0     0
     0     0
     0     0
     0     0
     0     0
     0     0
     0     0
     0     0

iWin (1) to move (time left: 168.3 sec.):
  168.3330

  Columns 1 through 6

     0     0     0     0     0     0
     0     0     0     0     0     0
     0     0     0     0     1     0
     0     1     1     1     1     0
     0     0     0    -1    -1    -1
     0     0     0     0     0     0
     0     0     0     0     0     0
     0     0     0     0     0     0

  Columns 7 through 8

     0     0
     0     0
     0     0
     0     0
     0     0
     0     0
     0     0
     0     0

Lisa (-1) to move (time left: 178.3 sec.):
  Columns 1 through 6

     0     0     0     0     0     0
     0     0     0     0     0     0
     0     0     0     0     1    -1
     0     1     1     1    -1     0
     0     0     0    -1    -1    -1
     0     0     0     0     0     0
     0     0     0     0     0     0
     0     0     0     0     0     0

  Columns 7 through 8

     0     0
     0     0
     0     0
     0     0
     0     0
     0     0
     0     0
     0     0

iWin (1) to move (time left: 137.7 sec.):
  137.7390

  Columns 1 through 6

     0     0     0     0     0     0
     0     0     0     0     0     0
     0     0     0     0     1    -1
     0     1     1     1     1     1
     0     0     0    -1    -1    -1
     0     0     0     0     0     0
     0     0     0     0     0     0
     0     0     0     0     0     0

  Columns 7 through 8

     0     0
     0     0
     0     0
     0     0
     0     0
     0     0
     0     0
     0     0

Lisa (-1) to move (time left: 172.9 sec.):
  Columns 1 through 6

     0     0     0     0     0     0
     0     0     0     0     0     0
     0     0     0     0     1    -1
     0     1     1     1     1    -1
     0     0     0    -1    -1    -1
     0     0     0     0     0     0
     0     0     0     0     0     0
     0     0     0     0     0     0

  Columns 7 through 8

     0     0
     0     0
    -1     0
     0     0
     0     0
     0     0
     0     0
     0     0

iWin (1) to move (time left: 115.6 sec.):
  115.6430

  Columns 1 through 6

     0     0     0     0     0     0
     0     0     0     0     0     0
     0     0     0     0     1    -1
     0     1     1     1     1     1
     0     0     0    -1    -1    -1
     0     0     0     0     0     0
     0     0     0     0     0     0
     0     0     0     0     0     0

  Columns 7 through 8

     0     0
     0     0
    -1     0
     0     0
     1     0
     0     0
     0     0
     0     0

Lisa (-1) to move (time left: 159.8 sec.):
  Columns 1 through 6

     0     0     0     0     0     0
     0     0     0     0     0     0
     0     0    -1     0     1    -1
     0     1     1    -1     1     1
     0     0     0    -1    -1    -1
     0     0     0     0     0     0
     0     0     0     0     0     0
     0     0     0     0     0     0

  Columns 7 through 8

     0     0
     0     0
    -1     0
     0     0
     1     0
     0     0
     0     0
     0     0

iWin (1) to move (time left: 93.4 sec.):
   93.3700

  Columns 1 through 6

     0     0     0     0     0     0
     0     0     1     0     0     0
     0     0     1     0     1    -1
     0     1     1    -1     1     1
     0     0     0    -1    -1    -1
     0     0     0     0     0     0
     0     0     0     0     0     0
     0     0     0     0     0     0

  Columns 7 through 8

     0     0
     0     0
    -1     0
     0     0
     1     0
     0     0
     0     0
     0     0

Lisa (-1) to move (time left: 140.6 sec.):
  Columns 1 through 6

     0     0     0     0     0     0
     0     0     1     0     0     0
     0     0     1     0     1    -1
     0     1     1    -1    -1    -1
     0     0     0    -1    -1    -1
     0     0     0     0     0     0
     0     0     0     0     0     0
     0     0     0     0     0     0

  Columns 7 through 8

     0     0
     0     0
    -1     0
    -1     0
     1     0
     0     0
     0     0
     0     0

iWin (1) to move (time left: 88.7 sec.):
   88.6790

  Columns 1 through 6

     0     0     0     0     0     0
     0     0     1     0     0     0
     0     0     1     0     1    -1
     0     1     1     1    -1    -1
     0     0     1     1     1     1
     0     0     0     0     0     0
     0     0     0     0     0     0
     0     0     0     0     0     0

  Columns 7 through 8

     0     0
     0     0
    -1     0
    -1     0
     1     0
     0     0
     0     0
     0     0

