MiniMaxPlayer2 against Lisa:
     0     0     0     0     0     0     0     0
     0     0     0     0     0     0     0     0
     0     0     0     0     0     0     0     0
     0     0     0     1    -1     0     0     0
     0     0     0    -1     1     0     0     0
     0     0     0     0     0     0     0     0
     0     0     0     0     0     0     0     0
     0     0     0     0     0     0     0     0

Lisa (-1) to move (time left: 180.0 sec.):
     0     0     0     0     0     0     0     0
     0     0     0     0     0     0     0     0
     0     0     0     0     0     0     0     0
     0     0    -1    -1    -1     0     0     0
     0     0     0    -1     1     0     0     0
     0     0     0     0     0     0     0     0
     0     0     0     0     0     0     0     0
     0     0     0     0     0     0     0     0

MiniMaxPlayer2 (1) to move (time left: 180.0 sec.):
     0     0     0     0     0     0     0     0
     0     0     0     0     0     0     0     0
     0     0     1     0     0     0     0     0
     0     0    -1     1    -1     0     0     0
     0     0     0    -1     1     0     0     0
     0     0     0     0     0     0     0     0
     0     0     0     0     0     0     0     0
     0     0     0     0     0     0     0     0

Lisa (-1) to move (time left: 179.9 sec.):
     0     0     0     0     0     0     0     0
     0     0     0     0     0     0     0     0
     0     0     1    -1     0     0     0     0
     0     0    -1    -1    -1     0     0     0
     0     0     0    -1     1     0     0     0
     0     0     0     0     0     0     0     0
     0     0     0     0     0     0     0     0
     0     0     0     0     0     0     0     0

MiniMaxPlayer2 (1) to move (time left: 179.5 sec.):
     0     0     0     0     0     0     0     0
     0     0     0     0     0     0     0     0
     0     0     1     1     1     0     0     0
     0     0    -1    -1     1     0     0     0
     0     0     0    -1     1     0     0     0
     0     0     0     0     0     0     0     0
     0     0     0     0     0     0     0     0
     0     0     0     0     0     0     0     0

Lisa (-1) to move (time left: 179.8 sec.):
     0     0     0     0     0     0     0     0
     0     0     0     0     0     0     0     0
     0     0     1     1     1     0     0     0
     0     0    -1    -1    -1    -1     0     0
     0     0     0    -1     1     0     0     0
     0     0     0     0     0     0     0     0
     0     0     0     0     0     0     0     0
     0     0     0     0     0     0     0     0

MiniMaxPlayer2 (1) to move (time left: 178.3 sec.):
     0     0     0     0     0     0     0     0
     0     0     0     0     0     0     0     0
     0     0     1     1     1     0     1     0
     0     0    -1    -1    -1     1     0     0
     0     0     0    -1     1     0     0     0
     0     0     0     0     0     0     0     0
     0     0     0     0     0     0     0     0
     0     0     0     0     0     0     0     0

Lisa (-1) to move (time left: 177.7 sec.):
     0     0     0     0     0     0     0     0
     0     0     0    -1     0     0     0     0
     0     0     1    -1     1     0     1     0
     0     0    -1    -1    -1     1     0     0
     0     0     0    -1     1     0     0     0
     0     0     0     0     0     0     0     0
     0     0     0     0     0     0     0     0
     0     0     0     0     0     0     0     0

MiniMaxPlayer2 (1) to move (time left: 174.3 sec.):
     0     0     1     0     0     0     0     0
     0     0     0     1     0     0     0     0
     0     0     1    -1     1     0     1     0
     0     0    -1    -1    -1     1     0     0
     0     0     0    -1     1     0     0     0
     0     0     0     0     0     0     0     0
     0     0     0     0     0     0     0     0
     0     0     0     0     0     0     0     0

Lisa (-1) to move (time left: 175.2 sec.):
     0     0     1    -1     0     0     0     0
     0     0     0    -1     0     0     0     0
     0     0     1    -1     1     0     1     0
     0     0    -1    -1    -1     1     0     0
     0     0     0    -1     1     0     0     0
     0     0     0     0     0     0     0     0
     0     0     0     0     0     0     0     0
     0     0     0     0     0     0     0     0

MiniMaxPlayer2 (1) to move (time left: 171.8 sec.):
     0     0     1     1     1     0     0     0
     0     0     0     1     0     0     0     0
     0     0     1    -1     1     0     1     0
     0     0    -1    -1    -1     1     0     0
     0     0     0    -1     1     0     0     0
     0     0     0     0     0     0     0     0
     0     0     0     0     0     0     0     0
     0     0     0     0     0     0     0     0

Lisa (-1) to move (time left: 172.2 sec.):
     0     0     1     1     1     0     0     0
     0     0     0     1     0     0     0     0
     0     0     1    -1     1     0     1     0
     0     0    -1    -1    -1     1     0     0
     0     0     0    -1    -1    -1     0     0
     0     0     0     0     0     0     0     0
     0     0     0     0     0     0     0     0
     0     0     0     0     0     0     0     0

MiniMaxPlayer2 (1) to move (time left: 170.0 sec.):
     0     0     1     1     1     0     0     0
     0     0     0     1     0     0     0     0
     0     0     1    -1     1     0     1     0
     0     1     1     1     1     1     0     0
     0     0     0    -1    -1    -1     0     0
     0     0     0     0     0     0     0     0
     0     0     0     0     0     0     0     0
     0     0     0     0     0     0     0     0

Lisa (-1) to move (time left: 169.4 sec.):
     0     0     1     1     1     0     0     0
     0     0     0     1    -1     0     0     0
     0     0     1    -1    -1     0     1     0
     0     1     1     1    -1     1     0     0
     0     0     0    -1    -1    -1     0     0
     0     0     0     0     0     0     0     0
     0     0     0     0     0     0     0     0
     0     0     0     0     0     0     0     0

MiniMaxPlayer2 (1) to move (time left: 167.1 sec.):
     0     0     1     1     1     1     0     0
     0     0     0     1     1     0     0     0
     0     0     1     1    -1     0     1     0
     0     1     1     1    -1     1     0     0
     0     0     0    -1    -1    -1     0     0
     0     0     0     0     0     0     0     0
     0     0     0     0     0     0     0     0
     0     0     0     0     0     0     0     0

Lisa (-1) to move (time left: 167.3 sec.):
     0     0     1     1     1     1     0     0
     0     0     0     1     1     0     0     0
     0     0     1     1    -1     0     1     0
     0     1     1    -1    -1     1     0     0
     0     0    -1    -1    -1    -1     0     0
     0     0     0     0     0     0     0     0
     0     0     0     0     0     0     0     0
     0     0     0     0     0     0     0     0

MiniMaxPlayer2 (1) to move (time left: 163.2 sec.):
     0     0     1     1     1     1     0     0
     0     0     0     1     1     0     0     0
     0     0     1     1     1     1     1     0
     0     1     1    -1    -1     1     0     0
     0     0    -1    -1    -1    -1     0     0
     0     0     0     0     0     0     0     0
     0     0     0     0     0     0     0     0
     0     0     0     0     0     0     0     0

Lisa (-1) to move (time left: 164.9 sec.):
     0     0     1     1     1     1     0     0
     0     0     0     1     1     0     0     0
     0     0     1     1     1     1     1     0
     0     1     1    -1    -1    -1    -1     0
     0     0    -1    -1    -1    -1     0     0
     0     0     0     0     0     0     0     0
     0     0     0     0     0     0     0     0
     0     0     0     0     0     0     0     0

MiniMaxPlayer2 (1) to move (time left: 158.1 sec.):
     0     0     1     1     1     1     0     0
     0     0     0     1     1     0     0     0
     0     0     1     1     1     1     1     0
     0     1     1     1     1     1     1     1
     0     0    -1    -1    -1    -1     0     0
     0     0     0     0     0     0     0     0
     0     0     0     0     0     0     0     0
     0     0     0     0     0     0     0     0

Lisa (-1) to move (time left: 161.3 sec.):
     0     0     1     1     1     1     0     0
     0     0     0     1     1     0     0     0
     0     0     1     1     1     1     1    -1
     0     1     1     1     1     1    -1     1
     0     0    -1    -1    -1    -1     0     0
     0     0     0     0     0     0     0     0
     0     0     0     0     0     0     0     0
     0     0     0     0     0     0     0     0

MiniMaxPlayer2 (1) to move (time left: 149.8 sec.):
     0     0     1     1     1     1     0     0
     0     0     0     1     1     0     0     1
     0     0     1     1     1     1     1     1
     0     1     1     1     1     1    -1     1
     0     0    -1    -1    -1    -1     0     0
     0     0     0     0     0     0     0     0
     0     0     0     0     0     0     0     0
     0     0     0     0     0     0     0     0

Lisa (-1) to move (time left: 158.0 sec.):
     0     0     1     1     1     1     0     0
     0     0     0     1     1     0     0     1
     0    -1     1     1     1     1     1     1
     0     1    -1     1     1     1    -1     1
     0     0    -1    -1    -1    -1     0     0
     0     0     0     0     0     0     0     0
     0     0     0     0     0     0     0     0
     0     0     0     0     0     0     0     0

MiniMaxPlayer2 (1) to move (time left: 142.9 sec.):
     0     0     1     1     1     1     0     0
     0     1     0     1     1     0     0     1
     0     1     1     1     1     1     1     1
     0     1    -1     1     1     1    -1     1
     0     0    -1    -1    -1    -1     0     0
     0     0     0     0     0     0     0     0
     0     0     0     0     0     0     0     0
     0     0     0     0     0     0     0     0

Lisa (-1) to move (time left: 156.4 sec.):
    -1     0     1     1     1     1     0     0
     0    -1     0     1     1     0     0     1
     0     1    -1     1     1     1     1     1
     0     1    -1    -1     1     1    -1     1
     0     0    -1    -1    -1    -1     0     0
     0     0     0     0     0     0     0     0
     0     0     0     0     0     0     0     0
     0     0     0     0     0     0     0     0

MiniMaxPlayer2 (1) to move (time left: 136.4 sec.):
    -1     1     1     1     1     1     0     0
     0     1     0     1     1     0     0     1
     0     1    -1     1     1     1     1     1
     0     1    -1    -1     1     1    -1     1
     0     0    -1    -1    -1    -1     0     0
     0     0     0     0     0     0     0     0
     0     0     0     0     0     0     0     0
     0     0     0     0     0     0     0     0

Lisa (-1) to move (time left: 153.8 sec.):
    -1     1     1     1     1     1     0     0
     0     1     0     1     1     0     0     1
     0     1    -1     1     1     1     1     1
     0    -1    -1    -1     1     1    -1     1
    -1     0    -1    -1    -1    -1     0     0
     0     0     0     0     0     0     0     0
     0     0     0     0     0     0     0     0
     0     0     0     0     0     0     0     0

MiniMaxPlayer2 (1) to move (time left: 127.8 sec.):
    -1     1     1     1     1     1     0     0
     0     1     0     1     1     0     0     1
     0     1    -1     1     1     1     1     1
     1     1     1     1     1     1    -1     1
    -1     0    -1    -1    -1    -1     0     0
     0     0     0     0     0     0     0     0
     0     0     0     0     0     0     0     0
     0     0     0     0     0     0     0     0

Lisa (-1) to move (time left: 150.6 sec.):
    -1     1     1     1     1     1     0     0
    -1     1     0     1     1     0     0     1
     0    -1    -1     1     1     1     1     1
     1     1    -1     1     1     1    -1     1
    -1     0    -1    -1    -1    -1     0     0
     0     0     0     0     0     0     0     0
     0     0     0     0     0     0     0     0
     0     0     0     0     0     0     0     0

MiniMaxPlayer2 (1) to move (time left: 121.7 sec.):
    -1     1     1     1     1     1     0     0
    -1     1     1     1     1     0     0     1
     0     1    -1     1     1     1     1     1
     1     1    -1     1     1     1    -1     1
    -1     0    -1    -1    -1    -1     0     0
     0     0     0     0     0     0     0     0
     0     0     0     0     0     0     0     0
     0     0     0     0     0     0     0     0

Lisa (-1) to move (time left: 144.3 sec.):
    -1    -1    -1    -1    -1    -1    -1     0
    -1     1     1     1     1     0     0     1
     0     1    -1     1     1     1     1     1
     1     1    -1     1     1     1    -1     1
    -1     0    -1    -1    -1    -1     0     0
     0     0     0     0     0     0     0     0
     0     0     0     0     0     0     0     0
     0     0     0     0     0     0     0     0

MiniMaxPlayer2 (1) to move (time left: 115.1 sec.):
    -1    -1    -1    -1    -1    -1    -1     0
    -1     1     1     1     1     0     0     1
     0     1    -1     1     1     1     1     1
     1     1     1     1     1     1    -1     1
    -1     1    -1    -1    -1    -1     0     0
     0     0     0     0     0     0     0     0
     0     0     0     0     0     0     0     0
     0     0     0     0     0     0     0     0

Lisa (-1) to move (time left: 135.2 sec.):
    -1    -1    -1    -1    -1    -1    -1     0
    -1    -1     1     1     1     0     0     1
    -1    -1    -1     1     1     1     1     1
    -1    -1     1     1     1     1    -1     1
    -1     1    -1    -1    -1    -1     0     0
     0     0     0     0     0     0     0     0
     0     0     0     0     0     0     0     0
     0     0     0     0     0     0     0     0

MiniMaxPlayer2 (1) to move (time left: 110.2 sec.):
    -1    -1    -1    -1    -1    -1    -1     0
    -1    -1     1     1     1     0     0     1
    -1    -1    -1     1     1     1     1     1
    -1    -1     1     1     1     1     1     1
    -1     1     1     1     1     1     1     0
     0     0     0     0     0     0     0     0
     0     0     0     0     0     0     0     0
     0     0     0     0     0     0     0     0

Lisa (-1) to move (time left: 131.0 sec.):
    -1    -1    -1    -1    -1    -1    -1     0
    -1    -1    -1    -1    -1    -1     0     1
    -1    -1    -1     1     1     1     1     1
    -1    -1     1     1     1     1     1     1
    -1     1     1     1     1     1     1     0
     0     0     0     0     0     0     0     0
     0     0     0     0     0     0     0     0
     0     0     0     0     0     0     0     0

MiniMaxPlayer2 (1) to move (time left: 106.3 sec.):
    -1    -1    -1    -1    -1    -1    -1     0
    -1    -1    -1    -1    -1    -1     0     1
    -1    -1    -1     1     1     1     1     1
    -1    -1     1     1     1     1     1     1
    -1     1     1     1     1     1     1     0
     0     0     0     0     0     0     0     0
     0     0     0     0     0     0     0     0
     0     0     0     0     0     0     0     0

Lisa (-1) to move (time left: 125.7 sec.):
    -1    -1    -1    -1    -1    -1    -1     0
    -1    -1    -1    -1    -1    -1     0     1
    -1    -1    -1    -1     1     1     1     1
    -1    -1    -1     1     1     1     1     1
    -1    -1     1     1     1     1     1     0
    -1     0     0     0     0     0     0     0
     0     0     0     0     0     0     0     0
     0     0     0     0     0     0     0     0

MiniMaxPlayer2 (1) to move (time left: 106.3 sec.):
    -1    -1    -1    -1    -1    -1    -1     0
    -1    -1    -1    -1    -1    -1     0     1
    -1    -1    -1    -1     1     1     1     1
    -1    -1    -1     1     1     1     1     1
    -1    -1     1     1     1     1     1     0
    -1     0     0     0     0     0     0     0
     0     0     0     0     0     0     0     0
     0     0     0     0     0     0     0     0

Lisa (-1) to move (time left: 123.1 sec.):
    -1    -1    -1    -1    -1    -1    -1     0
    -1    -1    -1    -1    -1    -1     0     1
    -1    -1    -1    -1     1     1     1     1
    -1    -1    -1     1     1     1     1     1
    -1    -1    -1     1     1     1     1     0
    -1     0    -1     0     0     0     0     0
     0     0     0     0     0     0     0     0
     0     0     0     0     0     0     0     0

MiniMaxPlayer2 (1) to move (time left: 106.3 sec.):
    -1    -1    -1    -1    -1    -1    -1     0
    -1    -1    -1    -1    -1    -1     0     1
    -1    -1    -1    -1     1     1     1     1
    -1    -1    -1     1     1     1     1     1
    -1    -1     1     1     1     1     1     0
    -1     1    -1     0     0     0     0     0
     0     0     0     0     0     0     0     0
     0     0     0     0     0     0     0     0

Lisa (-1) to move (time left: 120.6 sec.):
    -1    -1    -1    -1    -1    -1    -1     0
    -1    -1    -1    -1    -1    -1     0     1
    -1    -1    -1    -1    -1     1     1     1
    -1    -1    -1    -1     1     1     1     1
    -1    -1    -1     1     1     1     1     0
    -1    -1    -1     0     0     0     0     0
    -1     0     0     0     0     0     0     0
     0     0     0     0     0     0     0     0

MiniMaxPlayer2 (1) to move (time left: 105.6 sec.):
    -1    -1    -1    -1    -1    -1    -1     0
    -1    -1    -1    -1    -1    -1     0     1
    -1    -1    -1    -1    -1     1     1     1
    -1    -1    -1    -1     1     1     1     1
    -1    -1    -1     1     1     1     1     0
    -1    -1     1     0     0     0     0     0
    -1     1     0     0     0     0     0     0
     0     0     0     0     0     0     0     0

Lisa (-1) to move (time left: 106.3 sec.):
    -1    -1    -1    -1    -1    -1    -1     0
    -1    -1    -1    -1    -1    -1     0     1
    -1    -1    -1    -1    -1     1     1     1
    -1    -1    -1    -1     1     1     1     1
    -1    -1    -1    -1     1     1     1     0
    -1    -1    -1    -1     0     0     0     0
    -1     1     0     0     0     0     0     0
     0     0     0     0     0     0     0     0

MiniMaxPlayer2 (1) to move (time left: 105.4 sec.):
    -1    -1    -1    -1    -1    -1    -1     0
    -1    -1    -1    -1    -1    -1     0     1
    -1    -1    -1    -1    -1     1     1     1
    -1    -1    -1    -1     1     1     1     1
    -1    -1    -1    -1     1     1     1     0
    -1    -1    -1     1     0     0     0     0
    -1     1     1     0     0     0     0     0
     0     0     0     0     0     0     0     0

Lisa (-1) to move (time left: 92.9 sec.):
    -1    -1    -1    -1    -1    -1    -1     0
    -1    -1    -1    -1    -1    -1     0     1
    -1    -1    -1    -1    -1     1     1     1
    -1    -1    -1    -1     1     1     1     1
    -1    -1    -1    -1     1     1     1     0
    -1    -1    -1     1     0     0     0     0
    -1    -1     1     0     0     0     0     0
    -1     0     0     0     0     0     0     0

MiniMaxPlayer2 (1) to move (time left: 105.1 sec.):
    -1    -1    -1    -1    -1    -1    -1     0
    -1    -1    -1    -1    -1    -1     0     1
    -1    -1    -1    -1    -1     1     1     1
    -1    -1    -1    -1     1     1     1     1
    -1    -1    -1    -1     1     1     1     0
    -1    -1    -1     1     0     0     0     0
    -1    -1     1     0     0     0     0     0
    -1     0     0     0     0     0     0     0

Lisa (-1) to move (time left: 71.8 sec.):
    -1    -1    -1    -1    -1    -1    -1     0
    -1    -1    -1    -1    -1    -1     0     1
    -1    -1    -1    -1    -1     1     1     1
    -1    -1    -1    -1     1     1     1     1
    -1    -1    -1    -1     1     1     1     0
    -1    -1    -1     1     0     0     0     0
    -1    -1    -1     0     0     0     0     0
    -1     0    -1     0     0     0     0     0

MiniMaxPlayer2 (1) to move (time left: 105.1 sec.):
    -1    -1    -1    -1    -1    -1    -1     0
    -1    -1    -1    -1    -1    -1     0     1
    -1    -1    -1    -1    -1     1     1     1
    -1    -1    -1    -1     1     1     1     1
    -1    -1    -1    -1     1     1     1     0
    -1    -1    -1     1     0     0     0     0
    -1    -1     1     0     0     0     0     0
    -1     1    -1     0     0     0     0     0

Lisa (-1) to move (time left: 56.4 sec.):
    -1    -1    -1    -1    -1    -1    -1     0
    -1    -1    -1    -1    -1    -1     0     1
    -1    -1    -1    -1    -1     1     1     1
    -1    -1    -1    -1     1     1     1     1
    -1    -1    -1    -1     1     1     1     0
    -1    -1    -1     1     0     0     0     0
    -1    -1    -1     0     0     0     0     0
    -1     1    -1    -1     0     0     0     0

MiniMaxPlayer2 (1) to move (time left: 105.0 sec.):
    -1    -1    -1    -1    -1    -1    -1     0
    -1    -1    -1    -1    -1    -1     0     1
    -1    -1    -1    -1    -1     1     1     1
    -1    -1    -1    -1     1     1     1     1
    -1    -1    -1    -1     1     1     1     0
    -1    -1    -1     1     0     0     0     0
    -1    -1    -1     0     0     0     0     0
    -1     1     1     1     1     0     0     0

Lisa (-1) to move (time left: 54.2 sec.):
    -1    -1    -1    -1    -1    -1    -1     0
    -1    -1    -1    -1    -1    -1     0     1
    -1    -1    -1    -1    -1     1     1     1
    -1    -1    -1    -1    -1     1     1     1
    -1    -1    -1    -1    -1     1     1     0
    -1    -1    -1    -1    -1     0     0     0
    -1    -1    -1     0     0     0     0     0
    -1     1     1     1     1     0     0     0

MiniMaxPlayer2 (1) to move (time left: 104.8 sec.):
    -1    -1    -1    -1    -1    -1    -1     0
    -1    -1    -1    -1    -1    -1     0     1
    -1    -1    -1    -1    -1     1     1     1
    -1    -1    -1    -1    -1     1     1     1
    -1    -1    -1    -1    -1     1     1     0
    -1    -1    -1    -1     1     0     0     0
    -1    -1    -1     1     0     0     0     0
    -1     1     1     1     1     0     0     0

Lisa (-1) to move (time left: 50.9 sec.):
    -1    -1    -1    -1    -1    -1    -1     0
    -1    -1    -1    -1    -1    -1     0     1
    -1    -1    -1    -1    -1     1     1     1
    -1    -1    -1    -1    -1     1     1     1
    -1    -1    -1    -1    -1     1     1     0
    -1    -1    -1    -1    -1     0     0     0
    -1    -1    -1     1     0    -1     0     0
    -1     1     1     1     1     0     0     0

MiniMaxPlayer2 (1) to move (time left: 104.7 sec.):
    -1    -1    -1    -1    -1    -1    -1     0
    -1    -1    -1    -1    -1    -1     0     1
    -1    -1    -1    -1    -1     1     1     1
    -1    -1    -1    -1    -1     1     1     1
    -1    -1    -1    -1    -1     1     1     0
    -1    -1    -1    -1    -1     0     1     0
    -1    -1    -1     1     0     1     0     0
    -1     1     1     1     1     0     0     0

Lisa (-1) to move (time left: 44.5 sec.):
    -1    -1    -1    -1    -1    -1    -1     0
    -1    -1    -1    -1    -1    -1     0     1
    -1    -1    -1    -1    -1     1     1     1
    -1    -1    -1    -1    -1     1     1     1
    -1    -1    -1    -1    -1     1     1     0
    -1    -1    -1    -1    -1     0     1     0
    -1    -1    -1     1     0     1     0     0
    -1    -1    -1    -1    -1    -1     0     0

MiniMaxPlayer2 (1) to move (time left: 104.7 sec.):
    -1    -1    -1    -1    -1    -1    -1     0
    -1    -1    -1    -1    -1    -1     0     1
    -1    -1    -1    -1    -1     1     1     1
    -1    -1    -1    -1    -1     1     1     1
    -1    -1    -1    -1    -1     1     1     0
    -1    -1    -1    -1    -1     0     1     0
    -1    -1    -1     1     0     1     0     0
    -1    -1    -1    -1    -1    -1     0     0

Lisa (-1) to move (time left: 40.1 sec.):
    -1    -1    -1    -1    -1    -1    -1     0
    -1    -1    -1    -1    -1    -1     0     1
    -1    -1    -1    -1    -1     1     1     1
    -1    -1    -1    -1    -1    -1     1     1
    -1    -1    -1    -1    -1     1    -1     0
    -1    -1    -1    -1    -1     0     1    -1
    -1    -1    -1     1     0     1     0     0
    -1    -1    -1    -1    -1    -1     0     0

MiniMaxPlayer2 (1) to move (time left: 104.7 sec.):
    -1    -1    -1    -1    -1    -1    -1     0
    -1    -1    -1    -1    -1    -1     0     1
    -1    -1    -1    -1    -1     1     1     1
    -1    -1    -1    -1    -1    -1     1     1
    -1    -1    -1    -1    -1     1     1     1
    -1    -1    -1    -1    -1     0     1    -1
    -1    -1    -1     1     0     1     0     0
    -1    -1    -1    -1    -1    -1     0     0

Lisa (-1) to move (time left: 36.2 sec.):
    -1    -1    -1    -1    -1    -1    -1    -1
    -1    -1    -1    -1    -1    -1     0    -1
    -1    -1    -1    -1    -1     1     1    -1
    -1    -1    -1    -1    -1    -1     1    -1
    -1    -1    -1    -1    -1     1     1    -1
    -1    -1    -1    -1    -1     0     1    -1
    -1    -1    -1     1     0     1     0     0
    -1    -1    -1    -1    -1    -1     0     0

MiniMaxPlayer2 (1) to move (time left: 104.6 sec.):
    -1    -1    -1    -1    -1    -1    -1    -1
    -1    -1    -1    -1    -1    -1     0    -1
    -1    -1    -1    -1    -1     1     1    -1
    -1    -1    -1    -1    -1    -1     1    -1
    -1    -1    -1    -1    -1     1     1    -1
    -1    -1    -1    -1    -1     0     1    -1
    -1    -1    -1     1     0     1     0     0
    -1    -1    -1    -1    -1    -1     0     0

Lisa (-1) to move (time left: 35.8 sec.):
    -1    -1    -1    -1    -1    -1    -1    -1
    -1    -1    -1    -1    -1    -1    -1    -1
    -1    -1    -1    -1    -1    -1     1    -1
    -1    -1    -1    -1    -1    -1     1    -1
    -1    -1    -1    -1    -1     1     1    -1
    -1    -1    -1    -1    -1     0     1    -1
    -1    -1    -1     1     0     1     0     0
    -1    -1    -1    -1    -1    -1     0     0

MiniMaxPlayer2 (1) to move (time left: 104.6 sec.):
    -1    -1    -1    -1    -1    -1    -1    -1
    -1    -1    -1    -1    -1    -1    -1    -1
    -1    -1    -1    -1    -1    -1     1    -1
    -1    -1    -1    -1    -1    -1     1    -1
    -1    -1    -1    -1    -1     1     1    -1
    -1    -1    -1    -1    -1     0     1    -1
    -1    -1    -1     1     0     1     0     0
    -1    -1    -1    -1    -1    -1     0     0

Lisa (-1) to move (time left: 35.5 sec.):
    -1    -1    -1    -1    -1    -1    -1    -1
    -1    -1    -1    -1    -1    -1    -1    -1
    -1    -1    -1    -1    -1    -1     1    -1
    -1    -1    -1    -1    -1    -1     1    -1
    -1    -1    -1    -1    -1    -1    -1    -1
    -1    -1    -1    -1    -1    -1    -1    -1
    -1    -1    -1     1     0    -1     0     0
    -1    -1    -1    -1    -1    -1     0     0

MiniMaxPlayer2 (1) to move (time left: 104.6 sec.):
    -1    -1    -1    -1    -1    -1    -1    -1
    -1    -1    -1    -1    -1    -1    -1    -1
    -1    -1    -1    -1    -1    -1     1    -1
    -1    -1    -1    -1    -1    -1     1    -1
    -1    -1    -1    -1    -1    -1     1    -1
    -1    -1    -1    -1    -1    -1     1    -1
    -1    -1    -1     1     0    -1     1     0
    -1    -1    -1    -1    -1    -1     0     0

Lisa (-1) to move (time left: 35.3 sec.):
    -1    -1    -1    -1    -1    -1    -1    -1
    -1    -1    -1    -1    -1    -1    -1    -1
    -1    -1    -1    -1    -1    -1     1    -1
    -1    -1    -1    -1    -1    -1     1    -1
    -1    -1    -1    -1    -1    -1     1    -1
    -1    -1    -1    -1    -1    -1     1    -1
    -1    -1    -1    -1    -1    -1     1     0
    -1    -1    -1    -1    -1    -1     0     0

MiniMaxPlayer2 (1) to move (time left: 104.5 sec.):
    -1    -1    -1    -1    -1    -1    -1    -1
    -1    -1    -1    -1    -1    -1    -1    -1
    -1    -1    -1    -1    -1    -1     1    -1
    -1    -1    -1    -1    -1    -1     1    -1
    -1    -1    -1    -1    -1    -1     1    -1
    -1    -1    -1    -1    -1    -1     1    -1
    -1    -1    -1    -1    -1    -1     1     0
    -1    -1    -1    -1    -1    -1     0     0

Lisa (-1) to move (time left: 35.3 sec.):
    -1    -1    -1    -1    -1    -1    -1    -1
    -1    -1    -1    -1    -1    -1    -1    -1
    -1    -1    -1    -1    -1    -1    -1    -1
    -1    -1    -1    -1    -1    -1    -1    -1
    -1    -1    -1    -1    -1    -1    -1    -1
    -1    -1    -1    -1    -1    -1    -1    -1
    -1    -1    -1    -1    -1    -1    -1     0
    -1    -1    -1    -1    -1    -1    -1     0

Game over.
