iWin against Lisa:
     0     0     0     0     0     0     0     0
     0     0     0     0     0     0     0     0
     0     0     0     0     0     0     0     0
     0     0     0     1    -1     0     0     0
     0     0     0    -1     1     0     0     0
     0     0     0     0     0     0     0     0
     0     0     0     0     0     0     0     0
     0     0     0     0     0     0     0     0

Lisa (-1) to move (time left: 180.0 sec.):
     0     0     0     0     0     0     0     0
     0     0     0     0     0     0     0     0
     0     0     0     0     0     0     0     0
     0     0    -1    -1    -1     0     0     0
     0     0     0    -1     1     0     0     0
     0     0     0     0     0     0     0     0
     0     0     0     0     0     0     0     0
     0     0     0     0     0     0     0     0

iWin (1) to move (time left: 180.0 sec.):
   180

     0     0     0     0     0     0     0     0
     0     0     0     0     0     0     0     0
     0     0     0     0     1     0     0     0
     0     0    -1    -1     1     0     0     0
     0     0     0    -1     1     0     0     0
     0     0     0     0     0     0     0     0
     0     0     0     0     0     0     0     0
     0     0     0     0     0     0     0     0

Lisa (-1) to move (time left: 179.5 sec.):
     0     0     0     0     0     0     0     0
     0     0     0     0     0     0     0     0
     0     0     0     0     1     0     0     0
     0     0    -1    -1     1     0     0     0
     0     0     0    -1    -1    -1     0     0
     0     0     0     0     0     0     0     0
     0     0     0     0     0     0     0     0
     0     0     0     0     0     0     0     0

iWin (1) to move (time left: 177.6 sec.):
  177.5870

     0     0     0     0     0     0     0     0
     0     0     0     0     0     0     0     0
     0     0     0     0     1     0     0     0
     0     0    -1    -1     1     0     0     0
     0     0     0    -1     1    -1     0     0
     0     0     0     0     1     0     0     0
     0     0     0     0     0     0     0     0
     0     0     0     0     0     0     0     0

Lisa (-1) to move (time left: 179.0 sec.):
     0     0     0     0     0     0     0     0
     0     0     0     0     0     0     0     0
     0     0     0    -1     1     0     0     0
     0     0    -1    -1    -1     0     0     0
     0     0     0    -1     1    -1     0     0
     0     0     0     0     1     0     0     0
     0     0     0     0     0     0     0     0
     0     0     0     0     0     0     0     0

iWin (1) to move (time left: 173.6 sec.):
  173.6190

     0     0     0     0     0     0     0     0
     0     0     0     0     0     0     0     0
     0     0     0    -1     1     0     0     0
     0     0    -1    -1    -1     0     1     0
     0     0     0    -1     1     1     0     0
     0     0     0     0     1     0     0     0
     0     0     0     0     0     0     0     0
     0     0     0     0     0     0     0     0

Lisa (-1) to move (time left: 173.8 sec.):
     0     0     0     0     0     0     0     0
     0     0     0     0     0     0     0     0
     0     0     0    -1     1     0     0     0
     0     0    -1    -1    -1     0     1     0
     0     0     0    -1    -1     1     0     0
     0     0     0     0     1    -1     0     0
     0     0     0     0     0     0     0     0
     0     0     0     0     0     0     0     0

iWin (1) to move (time left: 161.3 sec.):
  161.3350

     0     0     0     0     0     0     0     0
     0     0     0     0     0     0     0     0
     0     1     0    -1     1     0     0     0
     0     0     1    -1    -1     0     1     0
     0     0     0     1    -1     1     0     0
     0     0     0     0     1    -1     0     0
     0     0     0     0     0     0     0     0
     0     0     0     0     0     0     0     0

Lisa (-1) to move (time left: 166.4 sec.):
     0     0     0     0     0     0     0     0
     0     0     0     0     0     0     0     0
     0     1     0    -1     1     0     0     0
     0     0     1    -1    -1     0     1     0
     0     0    -1    -1    -1     1     0     0
     0     0     0     0     1    -1     0     0
     0     0     0     0     0     0     0     0
     0     0     0     0     0     0     0     0

iWin (1) to move (time left: 145.6 sec.):
  145.5520

     0     0     0     0     0     0     0     0
     0     0     0     0     0     0     0     0
     0     1     0    -1     1     0     0     0
     0     0     1    -1    -1     0     1     0
     0     1     1     1     1     1     0     0
     0     0     0     0     1    -1     0     0
     0     0     0     0     0     0     0     0
     0     0     0     0     0     0     0     0

Lisa (-1) to move (time left: 145.2 sec.):
     0     0     0     0     0     0     0     0
     0     0     0     0     0     0     0     0
     0     1     0    -1     1     0     0     0
     0     0     1    -1    -1     0     1     0
     0     1     1    -1     1     1     0     0
     0     0    -1     0     1    -1     0     0
     0     0     0     0     0     0     0     0
     0     0     0     0     0     0     0     0

iWin (1) to move (time left: 129.7 sec.):
  129.6560

     0     0     0     0     0     0     0     0
     0     0     0     0     0     0     0     0
     0     1     0    -1     1     0     0     0
     0     0     1    -1    -1     0     1     0
     0     1     1    -1     1     1     0     0
     0     0    -1     0     1     1     0     0
     0     0     0     0     0     0     1     0
     0     0     0     0     0     0     0     0

Lisa (-1) to move (time left: 139.6 sec.):
     0     0     0     0     0     0     0     0
     0     0     0     0     0     0     0     0
     0     1     0    -1     1     0     0     0
     0     0     1    -1    -1     0     1     0
     0     1     1    -1    -1     1     0     0
     0     0    -1     0     1    -1     0     0
     0     0     0     0     0     0    -1     0
     0     0     0     0     0     0     0    -1

iWin (1) to move (time left: 113.6 sec.):
  113.5880

     0     0     0     0     0     0     0     0
     0     0     1     0     0     0     0     0
     0     1     0     1     1     0     0     0
     0     0     1    -1     1     0     1     0
     0     1     1    -1    -1     1     0     0
     0     0    -1     0     1    -1     0     0
     0     0     0     0     0     0    -1     0
     0     0     0     0     0     0     0    -1

Lisa (-1) to move (time left: 132.6 sec.):
     0     0     0     0     0     0     0     0
     0     0     1     0     0     0     0     0
     0     1     0     1     1     0     0     0
     0     0     1    -1     1     0     1     0
     0     1     1    -1    -1     1     0     0
     0     0    -1    -1    -1    -1     0     0
     0     0     0     0     0     0    -1     0
     0     0     0     0     0     0     0    -1

iWin (1) to move (time left: 106.0 sec.):
  105.9680

     0     0     0     0     0     0     0     0
     0     0     1     0     0     0     0     0
     0     1     0     1     1     0     0     0
     0     0     1    -1     1     0     1     0
     0     1     1     1    -1     1     0     0
     0     0     1    -1    -1    -1     0     0
     0     1     0     0     0     0    -1     0
     0     0     0     0     0     0     0    -1

Lisa (-1) to move (time left: 125.9 sec.):
     0     0     0     0     0     0     0     0
    -1     0     1     0     0     0     0     0
     0    -1     0     1     1     0     0     0
     0     0    -1    -1     1     0     1     0
     0     1     1    -1    -1     1     0     0
     0     0     1    -1    -1    -1     0     0
     0     1     0     0     0     0    -1     0
     0     0     0     0     0     0     0    -1

iWin (1) to move (time left: 99.7 sec.):
   99.6960

  Columns 1 through 6

     0     0     0     0     0     0
    -1     0     1     0     0     0
     0    -1     0     1     1     0
     0     1     1     1     1     0
     0     1     1    -1    -1     1
     0     0     1    -1    -1    -1
     0     1     0     0     0     0
     0     0     0     0     0     0

  Columns 7 through 8

     0     0
     0     0
     0     0
     1     0
     0     0
     0     0
    -1     0
     0    -1

Lisa (-1) to move (time left: 120.3 sec.):
  Columns 1 through 6

     0     0     0     0     0     0
    -1     0     1     0     0     0
     0    -1     0     1     1     0
     0     1     1     1     1     0
     0     1     1    -1    -1     1
     0     0    -1    -1    -1    -1
     0    -1     0     0     0     0
    -1     0     0     0     0     0

  Columns 7 through 8

     0     0
     0     0
     0     0
     1     0
     0     0
     0     0
    -1     0
     0    -1

iWin (1) to move (time left: 82.6 sec.):
   82.5870

  Columns 1 through 6

     0     0     0     0     0     0
    -1     0     1     0     0     0
     0    -1     0     1     1     0
     0     1     1     1     1     0
     0     1     1     1    -1     1
     0     0    -1    -1     1     1
     0    -1     0     0     0     1
    -1     0     0     0     0     0

  Columns 7 through 8

     0     0
     0     0
     0     0
     1     0
     0     0
     0     0
    -1     0
     0    -1

Lisa (-1) to move (time left: 116.9 sec.):
  Columns 1 through 6

     0     0     0     0     0     0
    -1     0     1     0     0     0
     0    -1     0     1     1    -1
     0     1     1     1    -1     0
     0     1     1    -1    -1     1
     0     0    -1    -1     1     1
     0    -1     0     0     0     1
    -1     0     0     0     0     0

  Columns 7 through 8

     0     0
     0     0
     0     0
     1     0
     0     0
     0     0
    -1     0
     0    -1

iWin (1) to move (time left: 60.6 sec.):
   60.5650

  Columns 1 through 6

     0     0     0     0     0     0
    -1     0     1     0     0     0
     0    -1     0     1     1    -1
     0     1     1     1    -1     0
     0     1     1    -1    -1     1
     0     1     1     1     1     1
     0    -1     0     0     0     1
    -1     0     0     0     0     0

  Columns 7 through 8

     0     0
     0     0
     0     0
     1     0
     0     0
     0     0
    -1     0
     0    -1

Lisa (-1) to move (time left: 107.6 sec.):
  Columns 1 through 6

     0     0     0     0     0     0
    -1     0     1     0     0     0
     0    -1     0     1     1    -1
     0     1     1     1    -1     0
    -1    -1    -1    -1    -1     1
     0     1     1     1     1     1
     0    -1     0     0     0     1
    -1     0     0     0     0     0

  Columns 7 through 8

     0     0
     0     0
     0     0
     1     0
     0     0
     0     0
    -1     0
     0    -1

iWin (1) to move (time left: 28.6 sec.):
   28.5590

  Columns 1 through 6

     0     0     0     0     0     0
    -1     0     1     0     0     0
     0    -1     0     1     1    -1
     0     1     1     1     1     1
    -1    -1    -1    -1     1     1
     0     1     1     1     1     1
     0    -1     0     0     0     1
    -1     0     0     0     0     0

  Columns 7 through 8

     0     0
     0     0
     0     0
     1     0
     0     0
     0     0
    -1     0
     0    -1

Lisa (-1) to move (time left: 99.0 sec.):
  Columns 1 through 6

     0     0     0     0     0     0
    -1     0     1     0     0     0
     0    -1     0     1     1    -1
     0     1     1     1     1     1
    -1    -1    -1    -1     1     1
     0    -1     1     1     1     1
    -1    -1     0     0     0     1
    -1     0     0     0     0     0

  Columns 7 through 8

     0     0
     0     0
     0     0
     1     0
     0     0
     0     0
    -1     0
     0    -1

iWin (1) to move (time left: 11.0 sec.):
   11.0150

  Columns 1 through 6

     0     0     0     0     0     0
    -1     0     1     0     0     0
     0    -1     0     1     1    -1
     0     1     1     1     1     1
    -1     1    -1    -1     1     1
     1     1     1     1     1     1
    -1    -1     0     0     0     1
    -1     0     0     0     0     0

  Columns 7 through 8

     0     0
     0     0
     0     0
     1     0
     0     0
     0     0
    -1     0
     0    -1

Lisa (-1) to move (time left: 88.2 sec.):
  Columns 1 through 6

     0     0     0     0     0     0
    -1     0     1     0     0     0
     0    -1     0     1     1    -1
     0     1     1     1     1     1
    -1     1    -1    -1    -1    -1
     1     1     1     1     1     1
    -1    -1     0     0     0     1
    -1     0     0     0     0     0

  Columns 7 through 8

     0     0
     0     0
     0     0
     1     0
    -1     0
     0     0
    -1     0
     0    -1

iWin (1) to move (time left: 1.4 sec.):
    1.4430

  Columns 1 through 6

     0     0     0     0     0     0
    -1     0     1     0     0     0
     0    -1     0     1     1    -1
     0     1     1     1     1     1
    -1     1     1     1     1     1
     1     1     1     1     1     1
    -1    -1     0     0     0     1
    -1     0     0     0     0     0

  Columns 7 through 8

     0     0
     0     0
     0     0
     1     0
     1     1
     0     0
    -1     0
     0    -1

Error: Player has exceeded the budget.
