MiniMaxPlayer2 against Lisa:
     0     0     0     0     0     0     0     0
     0     0     0     0     0     0     0     0
     0     0     0     0     0     0     0     0
     0     0     0     1    -1     0     0     0
     0     0     0    -1     1     0     0     0
     0     0     0     0     0     0     0     0
     0     0     0     0     0     0     0     0
     0     0     0     0     0     0     0     0

Lisa (-1) to move (time left: 180.0 sec.):
     0     0     0     0     0     0     0     0
     0     0     0     0     0     0     0     0
     0     0     0     0     0     0     0     0
     0     0    -1    -1    -1     0     0     0
     0     0     0    -1     1     0     0     0
     0     0     0     0     0     0     0     0
     0     0     0     0     0     0     0     0
     0     0     0     0     0     0     0     0

MiniMaxPlayer2 (1) to move (time left: 180.0 sec.):
     0     0     0     0     0     0     0     0
     0     0     0     0     0     0     0     0
     0     0     1     0     0     0     0     0
     0     0    -1     1    -1     0     0     0
     0     0     0    -1     1     0     0     0
     0     0     0     0     0     0     0     0
     0     0     0     0     0     0     0     0
     0     0     0     0     0     0     0     0

Lisa (-1) to move (time left: 179.0 sec.):
     0     0     0     0     0     0     0     0
     0     0     0     0     0     0     0     0
     0     0     1    -1     0     0     0     0
     0     0    -1    -1    -1     0     0     0
     0     0     0    -1     1     0     0     0
     0     0     0     0     0     0     0     0
     0     0     0     0     0     0     0     0
     0     0     0     0     0     0     0     0

MiniMaxPlayer2 (1) to move (time left: 179.7 sec.):
     0     0     0     0     0     0     0     0
     0     0     0     0     0     0     0     0
     0     0     1    -1     0     0     0     0
     0     0     1    -1    -1     0     0     0
     0     0     1     1     1     0     0     0
     0     0     0     0     0     0     0     0
     0     0     0     0     0     0     0     0
     0     0     0     0     0     0     0     0

Lisa (-1) to move (time left: 178.6 sec.):
     0     0     0     0     0     0     0     0
     0     0     0     0     0     0     0     0
     0     0     1    -1     0     0     0     0
     0     0     1    -1    -1     0     0     0
     0     0     1    -1     1     0     0     0
     0     0     0    -1     0     0     0     0
     0     0     0     0     0     0     0     0
     0     0     0     0     0     0     0     0

MiniMaxPlayer2 (1) to move (time left: 179.4 sec.):
     0     0     0     0     0     0     0     0
     0     0     0     0     0     0     0     0
     0     0     1     1     1     0     0     0
     0     0     1     1     1     0     0     0
     0     0     1    -1     1     0     0     0
     0     0     0    -1     0     0     0     0
     0     0     0     0     0     0     0     0
     0     0     0     0     0     0     0     0

Lisa (-1) to move (time left: 168.6 sec.):
     0     0     0     0     0     0     0     0
     0     0     0     0     0     0     0     0
     0    -1     1     1     1     0     0     0
     0     0    -1     1     1     0     0     0
     0     0     1    -1     1     0     0     0
     0     0     0    -1     0     0     0     0
     0     0     0     0     0     0     0     0
     0     0     0     0     0     0     0     0

MiniMaxPlayer2 (1) to move (time left: 179.1 sec.):
     0     0     0     0     0     0     0     0
     0     0     0     0     0     0     0     0
     1     1     1     1     1     0     0     0
     0     0    -1     1     1     0     0     0
     0     0     1    -1     1     0     0     0
     0     0     0    -1     0     0     0     0
     0     0     0     0     0     0     0     0
     0     0     0     0     0     0     0     0

Lisa (-1) to move (time left: 162.2 sec.):
     0     0     0     0     0     0     0     0
     0     0     0     0     0     0     0     0
     1     1     1     1     1     0     0     0
     0     0    -1     1     1     0     0     0
     0     0     1    -1    -1    -1     0     0
     0     0     0    -1     0     0     0     0
     0     0     0     0     0     0     0     0
     0     0     0     0     0     0     0     0

MiniMaxPlayer2 (1) to move (time left: 178.6 sec.):
     0     0     0     0     0     0     0     0
     0     0     0     0     0     0     0     0
     1     1     1     1     1     0     0     0
     0     0     1     1     1     0     0     0
     0     0     1     1     1    -1     0     0
     0     0     0    -1     1     0     0     0
     0     0     0     0     0     0     0     0
     0     0     0     0     0     0     0     0

Lisa (-1) to move (time left: 145.8 sec.):
     0     0     0     0     0     0     0     0
     0     0     0     0     0     0     0     0
     1     1     1     1     1     0     0     0
     0     0     1     1     1     0     0     0
     0     0     1     1     1    -1     0     0
     0     0     0    -1    -1    -1     0     0
     0     0     0     0     0     0     0     0
     0     0     0     0     0     0     0     0

MiniMaxPlayer2 (1) to move (time left: 178.0 sec.):
     0     0     0     0     0     0     0     0
     0     0     0     0     0     0     0     0
     1     1     1     1     1     0     0     0
     0     0     1     1     1     0     0     0
     0     0     1     1     1    -1     0     0
     0     0     0     1     1    -1     0     0
     0     0     0     0     1     0     0     0
     0     0     0     0     0     0     0     0

Lisa (-1) to move (time left: 143.7 sec.):
     0     0     0     0     0     0     0     0
     0     0     0     0     0     0     0     0
     1     1     1     1     1     0     0     0
     0     0     1     1     1     0     0     0
     0     0     1     1     1    -1     0     0
     0     0     0     1    -1    -1     0     0
     0     0     0    -1     1     0     0     0
     0     0     0     0     0     0     0     0

MiniMaxPlayer2 (1) to move (time left: 177.5 sec.):
     0     0     0     0     0     0     0     0
     0     0     0     0     0     0     0     0
     1     1     1     1     1     0     0     0
     0     0     1     1     1     0     0     0
     0     0     1     1     1     1     0     0
     0     0     0     1     1     1     1     0
     0     0     0    -1     1     0     0     0
     0     0     0     0     0     0     0     0

Lisa (-1) to move (time left: 140.2 sec.):
     0     0     0     0     0     0     0     0
     0     0     0     0     0     0     0     0
     1     1     1     1     1     0     0     0
     0     0     1     1     1     0     0     0
     0     0     1     1     1     1     0     0
     0     0     0     1     1     1     1     0
     0     0     0    -1    -1    -1     0     0
     0     0     0     0     0     0     0     0

MiniMaxPlayer2 (1) to move (time left: 177.1 sec.):
     0     0     0     0     0     0     0     0
     0     0     0     0     0     0     0     0
     1     1     1     1     1     0     0     0
     0     0     1     1     1     0     0     0
     0     0     1     1     1     1     0     0
     0     0     0     1     1     1     1     0
     0     0     0     1    -1    -1     0     0
     0     0     1     0     0     0     0     0

Lisa (-1) to move (time left: 135.7 sec.):
     0     0     0     0     0     0     0     0
     0     0     0     0     0     0     0     0
     1     1     1     1     1     0     0     0
     0     0     1     1     1     0     0     0
     0     0     1     1     1     1    -1     0
     0     0     0     1     1    -1     1     0
     0     0     0     1    -1    -1     0     0
     0     0     1     0     0     0     0     0

MiniMaxPlayer2 (1) to move (time left: 176.7 sec.):
     0     0     0     0     0     0     0     0
     0     0     0     0     0     0     0     0
     1     1     1     1     1     0     0     0
     0     0     1     1     1     0     0     0
     0     0     1     1     1     1    -1     0
     0     0     0     1     1     1     1     0
     0     0     0     1     1     1     0     0
     0     0     1     0     0     1     0     0

Lisa (-1) to move (time left: 131.3 sec.):
     0     0     0     0     0     0     0     0
     0     0     0     0     0     0     0     0
     1     1     1     1     1     0     0     0
     0     0     1     1     1     0     0     0
     0     0     1     1     1     1    -1     0
     0     0     0     1     1    -1     1     0
     0     0     0     1    -1     1     0     0
     0     0     1    -1     0     1     0     0

MiniMaxPlayer2 (1) to move (time left: 176.3 sec.):
     0     0     0     0     0     0     0     0
     0     0     0     0     0     0     0     0
     1     1     1     1     1     0     0     0
     0     0     1     1     1     0     0     0
     0     0     1     1     1     1    -1     0
     0     0     0     1     1    -1     1     0
     0     0     0     1     1     1     0     0
     0     0     1     1     1     1     0     0

Lisa (-1) to move (time left: 128.7 sec.):
     0     0     0     0     0     0     0     0
     0     0     0     0     0     0     0     0
     1     1     1     1     1     0     0     0
     0     0     1     1     1     0     0     0
     0     0     1     1     1     1    -1     0
     0     0    -1    -1    -1    -1     1     0
     0     0     0     1     1     1     0     0
     0     0     1     1     1     1     0     0

MiniMaxPlayer2 (1) to move (time left: 175.9 sec.):
     0     0     0     0     0     0     0     0
     0     0     0     0     0     0     0     0
     1     1     1     1     1     0     0     0
     0     0     1     1     1     0     0     0
     0     0     1     1     1     1    -1     0
     0     1     1     1     1     1     1     0
     0     0     0     1     1     1     0     0
     0     0     1     1     1     1     0     0

Lisa (-1) to move (time left: 121.8 sec.):
     0     0     0     0     0     0     0     0
     0     0     0     0     0     0     0     0
     1     1     1     1     1     0     0     0
     0     0     1     1     1     0     0     0
     0    -1    -1    -1    -1    -1    -1     0
     0     1     1     1     1     1     1     0
     0     0     0     1     1     1     0     0
     0     0     1     1     1     1     0     0

MiniMaxPlayer2 (1) to move (time left: 175.4 sec.):
     0     0     0     0     0     0     0     0
     0     0     0     0     0     0     0     0
     1     1     1     1     1     0     0     0
     0     0     1     1     1     1     0     0
     0    -1    -1    -1     1     1    -1     0
     0     1     1     1     1     1     1     0
     0     0     0     1     1     1     0     0
     0     0     1     1     1     1     0     0

Lisa (-1) to move (time left: 118.4 sec.):
     0     0     0     0     0     0     0     0
     0     0     0     0     0     0     0     0
     1     1     1     1     1     0     0     0
     0     0     1     1     1     1     0     0
     0    -1    -1    -1     1     1    -1     0
     0     1    -1     1     1     1     1     0
     0     0    -1     1     1     1     0     0
     0     0     1     1     1     1     0     0

MiniMaxPlayer2 (1) to move (time left: 174.8 sec.):
     0     0     0     0     0     0     0     0
     0     0     0     0     0     0     0     0
     1     1     1     1     1     0     0     0
     1     0     1     1     1     1     0     0
     0     1    -1    -1     1     1    -1     0
     0     1     1     1     1     1     1     0
     0     0    -1     1     1     1     0     0
     0     0     1     1     1     1     0     0

Lisa (-1) to move (time left: 107.6 sec.):
     0     0     0     0     0     0     0     0
     0     0     0     0     0     0     0     0
     1     1     1     1     1    -1     0     0
     1     0     1     1    -1     1     0     0
     0     1    -1    -1     1     1    -1     0
     0     1     1     1     1     1     1     0
     0     0    -1     1     1     1     0     0
     0     0     1     1     1     1     0     0

MiniMaxPlayer2 (1) to move (time left: 174.1 sec.):
     0     0     0     0     0     0     0     0
     0     0     0     0     0     0     0     0
     1     1     1     1     1    -1     0     0
     1     0     1     1    -1     1     0     0
     0     1    -1    -1     1     1     1     0
     0     1     1     1     1     1     1     1
     0     0    -1     1     1     1     0     0
     0     0     1     1     1     1     0     0

Lisa (-1) to move (time left: 90.4 sec.):
     0     0     0     0     0     0     0     0
     0     0     0     0     0     0     0     0
     1     1     1     1     1    -1     0     0
     1    -1    -1    -1    -1     1     0     0
     0     1    -1    -1     1     1     1     0
     0     1     1     1     1     1     1     1
     0     0    -1     1     1     1     0     0
     0     0     1     1     1     1     0     0

MiniMaxPlayer2 (1) to move (time left: 173.3 sec.):
     0     0     0     0     0     0     0     0
     0     0     0     0     0     0     0     0
     1     1     1     1     1    -1     0     0
     1     1    -1    -1    -1     1     0     0
     1     1    -1    -1     1     1     1     0
     0     1     1     1     1     1     1     1
     0     0    -1     1     1     1     0     0
     0     0     1     1     1     1     0     0

Lisa (-1) to move (time left: 75.5 sec.):
     0     0     0     0     0     0     0     0
     0     0     0     0     0     0     0     0
     1     1     1     1     1    -1     0     0
     1     1    -1    -1    -1     1     0     0
     1    -1    -1    -1     1     1     1     0
    -1     1     1     1     1     1     1     1
     0     0    -1     1     1     1     0     0
     0     0     1     1     1     1     0     0

MiniMaxPlayer2 (1) to move (time left: 172.8 sec.):
     0     0     0     0     0     0     0     0
     0     0     0     0     0     0     0     0
     1     1     1     1     1    -1     0     0
     1     1    -1    -1    -1     1     0     0
     1    -1    -1    -1     1     1     1     0
     1     1     1     1     1     1     1     1
     1     0    -1     1     1     1     0     0
     0     0     1     1     1     1     0     0

Lisa (-1) to move (time left: 63.5 sec.):
     0     0     0     0     0     0     0     0
     0     0     0    -1     0     0     0     0
     1     1     1    -1     1    -1     0     0
     1     1    -1    -1    -1     1     0     0
     1    -1    -1    -1     1     1     1     0
     1     1     1     1     1     1     1     1
     1     0    -1     1     1     1     0     0
     0     0     1     1     1     1     0     0

MiniMaxPlayer2 (1) to move (time left: 172.3 sec.):
     0     0     1     0     0     0     0     0
     0     0     0     1     0     0     0     0
     1     1     1    -1     1    -1     0     0
     1     1    -1    -1    -1     1     0     0
     1    -1    -1    -1     1     1     1     0
     1     1     1     1     1     1     1     1
     1     0    -1     1     1     1     0     0
     0     0     1     1     1     1     0     0

Lisa (-1) to move (time left: 59.9 sec.):
     0     0     1     0     0     0     0     0
     0     0    -1     1     0     0     0     0
     1     1    -1    -1     1    -1     0     0
     1     1    -1    -1    -1     1     0     0
     1    -1    -1    -1     1     1     1     0
     1     1     1     1     1     1     1     1
     1     0    -1     1     1     1     0     0
     0     0     1     1     1     1     0     0

MiniMaxPlayer2 (1) to move (time left: 171.7 sec.):
     0     0     1     0     0     0     0     0
     0     0    -1     1     0     0     0     0
     1     1    -1    -1     1     1     1     0
     1     1    -1    -1    -1     1     0     0
     1    -1    -1    -1     1     1     1     0
     1     1     1     1     1     1     1     1
     1     0    -1     1     1     1     0     0
     0     0     1     1     1     1     0     0

Lisa (-1) to move (time left: 56.9 sec.):
     0     0     1     0    -1     0     0     0
     0     0    -1    -1     0     0     0     0
     1     1    -1    -1     1     1     1     0
     1     1    -1    -1    -1     1     0     0
     1    -1    -1    -1     1     1     1     0
     1     1     1     1     1     1     1     1
     1     0    -1     1     1     1     0     0
     0     0     1     1     1     1     0     0

MiniMaxPlayer2 (1) to move (time left: 171.0 sec.):
     0     0     1     0    -1     0     0     0
     0     0    -1    -1     1     0     0     0
     1     1    -1     1     1     1     1     0
     1     1     1    -1    -1     1     0     0
     1     1    -1    -1     1     1     1     0
     1     1     1     1     1     1     1     1
     1     0    -1     1     1     1     0     0
     0     0     1     1     1     1     0     0

Lisa (-1) to move (time left: 44.6 sec.):
     0     0     1     0    -1     0     0     0
     0     0    -1    -1    -1    -1     0     0
     1     1    -1     1    -1     1     1     0
     1     1     1    -1    -1     1     0     0
     1     1    -1    -1     1     1     1     0
     1     1     1     1     1     1     1     1
     1     0    -1     1     1     1     0     0
     0     0     1     1     1     1     0     0

MiniMaxPlayer2 (1) to move (time left: 170.4 sec.):
     0     0     1     0    -1     1     0     0
     0     0    -1    -1     1     1     0     0
     1     1    -1     1    -1     1     1     0
     1     1     1    -1    -1     1     0     0
     1     1    -1    -1     1     1     1     0
     1     1     1     1     1     1     1     1
     1     0    -1     1     1     1     0     0
     0     0     1     1     1     1     0     0

Lisa (-1) to move (time left: 35.9 sec.):
     0     0     1     0    -1    -1    -1     0
     0     0    -1    -1     1    -1     0     0
     1     1    -1     1    -1     1     1     0
     1     1     1    -1    -1     1     0     0
     1     1    -1    -1     1     1     1     0
     1     1     1     1     1     1     1     1
     1     0    -1     1     1     1     0     0
     0     0     1     1     1     1     0     0

MiniMaxPlayer2 (1) to move (time left: 169.9 sec.):
     0     0     1     1    -1    -1    -1     0
     0     0     1     1     1    -1     0     0
     1     1    -1     1    -1     1     1     0
     1     1     1    -1    -1     1     0     0
     1     1    -1    -1     1     1     1     0
     1     1     1     1     1     1     1     1
     1     0    -1     1     1     1     0     0
     0     0     1     1     1     1     0     0

Lisa (-1) to move (time left: 28.1 sec.):
     0    -1    -1    -1    -1    -1    -1     0
     0     0    -1     1     1    -1     0     0
     1     1    -1    -1    -1     1     1     0
     1     1     1    -1    -1     1     0     0
     1     1    -1    -1     1     1     1     0
     1     1     1     1     1     1     1     1
     1     0    -1     1     1     1     0     0
     0     0     1     1     1     1     0     0

MiniMaxPlayer2 (1) to move (time left: 169.5 sec.):
     0    -1    -1    -1    -1    -1    -1     0
     0     0    -1     1     1    -1     0     0
     1     1    -1    -1    -1     1     1     0
     1     1     1    -1    -1     1     0     0
     1     1    -1    -1     1     1     1     0
     1     1     1     1     1     1     1     1
     1     0     1     1     1     1     0     0
     0     1     1     1     1     1     0     0

Lisa (-1) to move (time left: 25.1 sec.):
     0    -1    -1    -1    -1    -1    -1     0
     0     0    -1     1     1    -1     0     0
     1     1    -1    -1    -1     1     1     0
     1     1     1    -1    -1     1     0     0
     1     1    -1    -1    -1     1     1     0
     1     1     1     1     1    -1     1     1
     1     0     1     1     1     1    -1     0
     0     1     1     1     1     1     0     0

MiniMaxPlayer2 (1) to move (time left: 169.1 sec.):
     0    -1    -1    -1    -1    -1    -1     0
     0     0    -1     1     1     1     1     0
     1     1    -1    -1    -1     1     1     0
     1     1     1    -1    -1     1     0     0
 