iWin against Lisa:
     0     0     0     0     0     0     0     0
     0     0     0     0     0     0     0     0
     0     0     0     0     0     0     0     0
     0     0     0     1    -1     0     0     0
     0     0     0    -1     1     0     0     0
     0     0     0     0     0     0     0     0
     0     0     0     0     0     0     0     0
     0     0     0     0     0     0     0     0

Lisa (-1) to move (time left: 180.0 sec.):
     0     0     0     0     0     0     0     0
     0     0     0     0     0     0     0     0
     0     0     0     0     0     0     0     0
     0     0    -1    -1    -1     0     0     0
     0     0     0    -1     1     0     0     0
     0     0     0     0     0     0     0     0
     0     0     0     0     0     0     0     0
     0     0     0     0     0     0     0     0

iWin (1) to move (time left: 180.0 sec.):
   180

1111111
22222
33333
     0     0     0     0     0     0     0     0
     0     0     0     0     0     0     0     0
     0     0     0     0     0     0     0     0
     0     0    -1    -1    -1     0     0     0
     0     0     1     1     1     0     0     0
     0     0     0     0     0     0     0     0
     0     0     0     0     0     0     0     0
     0     0     0     0     0     0     0     0

Lisa (-1) to move (time left: 179.6 sec.):
     0     0     0     0     0     0     0     0
     0     0     0     0     0     0     0     0
     0     0     0     0     0     0     0     0
     0     0    -1    -1    -1     0     0     0
     0     0     1    -1     1     0     0     0
     0     0     0    -1     0     0     0     0
     0     0     0     0     0     0     0     0
     0     0     0     0     0     0     0     0

iWin (1) to move (time left: 179.9 sec.):
  179.8620

1111111
22222
33333
     0     0     0     0     0     0     0     0
     0     0     0     0     0     0     0     0
     0     0     1     0     0     0     0     0
     0     0     1     1    -1     0     0     0
     0     0     1    -1     1     0     0     0
     0     0     0    -1     0     0     0     0
     0     0     0     0     0     0     0     0
     0     0     0     0     0     0     0     0

Lisa (-1) to move (time left: 179.1 sec.):
     0     0     0     0     0     0     0     0
     0     0     0     0     0     0     0     0
     0     0     1     0     0     0     0     0
     0     0     1     1    -1     0     0     0
     0     0     1    -1    -1     0     0     0
     0     0     0    -1    -1     0     0     0
     0     0     0     0     0     0     0     0
     0     0     0     0     0     0     0     0

iWin (1) to move (time left: 179.7 sec.):
  179.7270

1111111
22222
33333
     0     0     0     0     0     0     0     0
     0     0     0     0     0     0     0     0
     0     0     1     0     0     0     0     0
     0     0     1     1    -1     0     0     0
     0     0     1     1     1     1     0     0
     0     0     0    -1    -1     0     0     0
     0     0     0     0     0     0     0     0
     0     0     0     0     0     0     0     0

Lisa (-1) to move (time left: 172.8 sec.):
     0     0     0     0     0     0     0     0
     0     0     0     0     0     0     0     0
     0     0     1     0     0     0     0     0
     0     0     1     1    -1     0     0     0
     0     0     1    -1     1     1     0     0
     0     0    -1    -1    -1     0     0     0
     0     0     0     0     0     0     0     0
     0     0     0     0     0     0     0     0

iWin (1) to move (time left: 179.6 sec.):
  179.5890

     0     0     0     0     0     0     0     0
     0     0     0     0     0     0     0     0
     0     0     1     0     0     0     0     0
     0     0     1     1    -1     0     0     0
     0     0     1    -1     1     1     0     0
     0     0     1     1    -1     0     0     0
     0     0     1     0     0     0     0     0
     0     0     0     0     0     0     0     0

Lisa (-1) to move (time left: 168.3 sec.):
     0     0     0     0     0     0     0     0
     0     0     0     0     0     0     0     0
     0     0     1    -1     0     0     0     0
     0     0     1    -1    -1     0     0     0
     0     0     1    -1     1     1     0     0
     0     0     1     1    -1     0     0     0
     0     0     1     0     0     0     0     0
     0     0     0     0     0     0     0     0

iWin (1) to move (time left: 163.2 sec.):
  163.2040

     0     0     0     0     0     0     0     0
     0     0     1     0     0     0     0     0
     0     0     1     1     0     0     0     0
     0     0     1    -1     1     0     0     0
     0     0     1    -1     1     1     0     0
     0     0     1     1    -1     0     0     0
     0     0     1     0     0     0     0     0
     0     0     0     0     0     0     0     0

Lisa (-1) to move (time left: 159.8 sec.):
     0     0     0     0     0     0     0     0
     0     0     1     0     0     0     0     0
     0     0     1     1     0     0     0     0
     0     0     1    -1    -1    -1     0     0
     0     0     1    -1     1     1     0     0
     0     0     1     1    -1     0     0     0
     0     0     1     0     0     0     0     0
     0     0     0     0     0     0     0     0

iWin (1) to move (time left: 146.3 sec.):
  146.2640

     0     0     0     0     0     0     0     0
     0     0     1     0     0     0     0     0
     0     0     1     1     0     0     0     0
     0     0     1     1     1     1     1     0
     0     0     1    -1     1     1     0     0
     0     0     1     1    -1     0     0     0
     0     0     1     0     0     0     0     0
     0     0     0     0     0     0     0     0

Lisa (-1) to move (time left: 135.9 sec.):
     0     0     0     0     0     0     0     0
     0     0     1     0     0     0     0     0
     0     0     1     1     0     0     0     0
     0     0     1     1     1     1     1     0
     0     0     1    -1     1     1     0     0
     0     0     1    -1    -1     0     0     0
     0     0     1    -1     0     0     0     0
     0     0     0     0     0     0     0     0

iWin (1) to move (time left: 134.1 sec.):
  134.1130

     0     0     0     0     0     0     0     0
     0     0     1     0     0     0     0     0
     0     0     1     1     0     0     0     0
     0     0     1     1     1     1     1     0
     0     0     1    -1     1     1     0     0
     0     0     1     1     1     0     0     0
     0     0     1     1     1     0     0     0
     0     0     0     0     0     0     0     0

Lisa (-1) to move (time left: 128.2 sec.):
     0     0     0     0     0     0     0     0
     0     0     1     0     0     0     0     0
     0     0     1     1     0     0     0     0
     0     0     1     1     1     1     1     0
     0     0     1    -1     1     1     0     0
     0     0     1    -1     1     0     0     0
     0     0     1    -1     1     0     0     0
     0     0     0    -1     0     0     0     0

iWin (1) to move (time left: 129.3 sec.):
  129.3270

     0     0     0     0     0     0     0     0
     0     0     1     0     0     0     0     0
     0     0     1     1     0     0     0     0
     0     0     1     1     1     1     1     0
     0     0     1    -1     1     1     0     0
     0     0     1    -1     1     0     0     0
     0     0     1     1     1     0     0     0
     0     0     0    -1     1     0     0     0

Lisa (-1) to move (time left: 126.2 sec.):
     0     0     0     0     0     0     0     0
     0     0     1     0     0     0     0     0
     0     0     1     1     0     0     0     0
     0     0     1     1     1     1     1     0
     0     0     1    -1     1     1     0     0
     0     0     1    -1     1     0     0     0
     0     0     1     1    -1     0     0     0
     0     0     0    -1    -1    -1     0     0

iWin (1) to move (time left: 125.1 sec.):
  125.0540

     0     0     0     0     0     0     0     0
     0     0     1     0     0     0     0     0
     0     0     1     1     0     0     0     0
     0     0     1     1     1     1     1     0
     0     0     1    -1     1     1     0     0
     0     0     1    -1     1     0     0     0
     0     0     1     1     1     1     0     0
     0     0     0    -1    -1    -1     0     0

Lisa (-1) to move (time left: 123.4 sec.):
     0     0     0     0     0     0     0     0
     0     0     1     0     0     0     0     0
     0     0     1     1     0     0     0     0
     0     0     1     1     1     1     1     0
     0     0     1    -1     1     1     0     0
     0     0     1    -1     1     0    -1     0
     0     0     1     1     1    -1     0     0
     0     0     0    -1    -1    -1     0     0

iWin (1) to move (time left: 122.3 sec.):
  122.3420

     0     0     0     0     0     0     0     0
     0     0     1     0     0     0     0     0
     0     0     1     1     0     0     0     0
     0     0     1     1     1     1     1     0
     0     0     1    -1     1     1     0     0
     0     0     1    -1     1     0     1     0
     0     0     1     1     1    -1     0     1
     0     0     0    -1    -1    -1     0     0

Lisa (-1) to move (time left: 118.5 sec.):
     0     0     0     0     0     0     0     0
     0     0     1     0     0     0     0     0
     0     0     1     1     0     0     0     0
     0     0     1     1     1     1     1     0
     0     0     1    -1     1     1     0     0
     0     0     1    -1    -1    -1     1     0
     0     0     1     1    -1    -1     0     1
     0     0     0    -1    -1    -1     0     0

iWin (1) to move (time left: 109.9 sec.):
  109.8940

     0     0     0     0     0     0     0     0
     0     0     1     0     0     0     0     0
     0     0     1     1     0     0     0     0
     0     0     1     1     1     1     1     0
     0     0     1     1     1     1     0     0
     0     0     1    -1     1    -1     1     0
     0     0     1     1    -1     1     0     1
     0     0     0    -1    -1    -1     1     0

Lisa (-1) to move (time left: 115.6 sec.):
     0     0     0     0     0     0     0     0
     0     0     1     0     0     0     0     0
     0     0     1     1     0     0     0     0
     0     0     1     1     1     1     1     0
     0     0     1     1     1     1     0     0
     0     0     1    -1     1    -1     1     0
     0     0     1     1    -1     1     0     1
     0     0     0    -1    -1    -1    -1    -1

iWin (1) to move (time left: 103.0 sec.):
  103.0030

     0     0     0     0     0     0     0     0
     0     0     1     0     0     0     0     0
     0     0     1     1     0     0     0     0
     0     0     1     1     1     1     1     0
     0     0     1     1     1     1     0     0
     0     0     1    -1     1     1     1     0
     0     0     1     1    -1     1     1     1
     0     0     0    -1    -1    -1    -1    -1

Lisa (-1) to move (time left: 108.4 sec.):
     0     0     0     0     0     0     0     0
     0     0     1     0     0     0     0     0
     0     0     1     1     0     0     0     0
     0     0     1     1     1     1     1     0
     0     0     1     1     1     1     0    -1
     0     0     1    -1     1     1    -1     0
     0     0     1     1    -1    -1     1     1
     0     0     0    -1    -1    -1    -1    -1

iWin (1) to move (time left: 100.1 sec.):
  100.1060

     0     0     0     0     0     0     0     0
     0     0     1     0     0     0     0     0
     0     0     1     1     0     0     0     0
     0     0     1     1     1     1     1     0
     0     0     1     1     1     1     1    -1
     0     0     1    -1     1     1     1     0
     0     0     1     1    -1    -1     1     1
     0     0     0    -1    -1    -1    -1    -1

Lisa (-1) to move (time left: 99.7 sec.):
     0     0     0     0     0     0     0     0
     0     0     1     0     0     0     0     0
     0     0     1     1     0     0     0     0
     0     0     1     1     1     1     1     0
     0     0     1     1     1     1     1    -1
     0     0     1    -1    -1    -1    -1    -1
     0     0     1     1    -1    -1    -1    -1
     0     0     0    -1    -1    -1    -1    -1

iWin (1) to move (time left: 95.8 sec.):
   95.7540

     0     0     0     0     0     0     0     0
     0     0     1     0     0     0     0     0
     0     0     1     1     0     0     0     0
     0     0     1     1     1     1     1     0
     0     0     1     1     1     1     1    -1
     0     0     1    -1    -1    -1    -1    -1
     0     0     1     1    -1    -1    -1    -1
     0     0     0    -1    -1    -1    -1    -1

Lisa (-1) to move (time left: 87.9 sec.):
{Operation terminated by user during minwert


In
D:\Othello\players\Lisa\lisa_management.p>maxwert
(line 677)


In
D:\Othello\players\Lisa\lisa_management.p>minwert
(line 761)


In
D:\Othello\players\Lisa\lisa_management.p>maxwert
(line 677)


In
D:\Othello\players\Lisa\lisa_management.p>minwert
(line 761)


In
D:\Othello\players\Lisa\lisa_management.p>maxwert
(line 677)


In
D:\Othello\players\Lisa\lisa_management.p>lisa_minimax
(line 623)


In
D:\Othello\players\Lisa\lisa_management.p>lisa_management
(line 63)


In <a href="matlab:helpUtils.errorDocCallback('Lisa', 'D:\Othello\players\Lisa.m', 21)" style="font-weight:bold">Lisa</a> (<a href="matlab: opentoline('D:\Othello\players\Lisa.m',21,0)">line 21</a>)
    new_board = lisa_management(board,farbe,time);

In D:\Othello\tournament_main.p>play_game (line
118)


In D:\Othello\tournament_main.p>tournament_main
(line 50)

} 
tournament_main('time_budget',180,'games_per_pair',1)
