iWin against Lisa:
  Columns 1 through 4

     0     0     0     0
     0     0     0     0
     0     0     0     0
     0     0     0     1
     0     0     0    -1
     0     0     0     0
     0     0     0     0
     0     0     0     0

  Columns 5 through 8

     0     0     0     0
     0     0     0     0
     0     0     0     0
    -1     0     0     0
     1     0     0     0
     0     0     0     0
     0     0     0     0
     0     0     0     0

Lisa (-1) to move (time left: 180.0 sec.):
  Columns 1 through 4

     0     0     0     0
     0     0     0     0
     0     0     0     0
     0     0    -1    -1
     0     0     0    -1
     0     0     0     0
     0     0     0     0
     0     0     0     0

  Columns 5 through 8

     0     0     0     0
     0     0     0     0
     0     0     0     0
    -1     0     0     0
     1     0     0     0
     0     0     0     0
     0     0     0     0
     0     0     0     0

iWin (1) to move (time left: 180.0 sec.):
   180

22222
  Columns 1 through 4

     0     0     0     0
     0     0     0     0
     0     0     0     0
     0     0    -1    -1
     0     0     1     1
     0     0     0     0
     0     0     0     0
     0     0     0     0

  Columns 5 through 8

     0     0     0     0
     0     0     0     0
     0     0     0     0
    -1     0     0     0
     1     0     0     0
     0     0     0     0
     0     0     0     0
     0     0     0     0

Lisa (-1) to move (time left: 179.5 sec.):
  Columns 1 through 4

     0     0     0     0
     0     0     0     0
     0     0     0     0
     0     0    -1    -1
     0     0     1    -1
     0     0     0    -1
     0     0     0     0
     0     0     0     0

  Columns 5 through 8

     0     0     0     0
     0     0     0     0
     0     0     0     0
    -1     0     0     0
     1     0     0     0
     0     0     0     0
     0     0     0     0
     0     0     0     0

iWin (1) to move (time left: 179.8 sec.):
  179.8420

22222
  Columns 1 through 4

     0     0     0     0
     0     0     0     0
     0     0     1     0
     0     0     1     1
     0     0     1    -1
     0     0     0    -1
     0     0     0     0
     0     0     0     0

  Columns 5 through 8

     0     0     0     0
     0     0     0     0
     0     0     0     0
    -1     0     0     0
     1     0     0     0
     0     0     0     0
     0     0     0     0
     0     0     0     0

Lisa (-1) to move (time left: 179.0 sec.):
  Columns 1 through 4

     0     0     0     0
     0     0     0     0
     0     0     1     0
     0     0     1     1
     0     0     1    -1
     0     0     0    -1
     0     0     0     0
     0     0     0     0

  Columns 5 through 8

     0     0     0     0
     0     0     0     0
     0     0     0     0
    -1     0     0     0
    -1     0     0     0
    -1     0     0     0
     0     0     0     0
     0     0     0     0

iWin (1) to move (time left: 179.7 sec.):
  179.7090

22222
  Columns 1 through 4

     0     0     0     0
     0     0     0     0
     0     0     1     0
     0     0     1     1
     0     0     1     1
     0     0     0    -1
     0     0     0     0
     0     0     0     0

  Columns 5 through 8

     0     0     0     0
     0     0     0     0
     0     0     0     0
    -1     0     0     0
     1     1     0     0
    -1     0     0     0
     0     0     0     0
     0     0     0     0

Lisa (-1) to move (time left: 172.6 sec.):
  Columns 1 through 4

     0     0     0     0
     0     0     0     0
     0     0     1     0
     0     0     1     1
     0     0     1    -1
     0     0    -1    -1
     0     0     0     0
     0     0     0     0

  Columns 5 through 8

     0     0     0     0
     0     0     0     0
     0     0     0     0
    -1     0     0     0
     1     1     0     0
    -1     0     0     0
     0     0     0     0
     0     0     0     0

iWin (1) to move (time left: 179.6 sec.):
  179.5660

  Columns 1 through 4

     0     0     0     0
     0     0     0     0
     0     0     1     0
     0     0     1     1
     0     0     1     1
     0     0    -1     1
     0     0     0     1
     0     0     0     0

  Columns 5 through 8

     0     0     0     0
     0     0     0     0
     0     0     0     0
    -1     0     0     0
     1     1     0     0
     1     0     0     0
     0     0     0     0
     0     0     0     0

Lisa (-1) to move (time left: 167.8 sec.):
  Columns 1 through 4

     0     0     0     0
     0     0     0     0
     0     0     1     0
     0     0     1     1
     0     0     1     1
     0     0    -1    -1
     0     0     0     1
     0     0     0     0

  Columns 5 through 8

     0     0     0     0
     0     0     0     0
     0     0     0     0
    -1     0     0     0
     1     1     0     0
    -1    -1     0     0
     0     0     0     0
     0     0     0     0

iWin (1) to move (time left: 92.9 sec.):
   92.8820

  Columns 1 through 4

     0     0     0     0
     0     0     0     0
     0     0     1     0
     0     0     1     1
     0     0     1     1
     0     0    -1    -1
     0     0     0     1
     0     0     0     0

  Columns 5 through 8

     0     0     0     0
     0     0     0     0
     0     0     0     0
    -1     0     0     0
     1     1     0     0
    -1     1     0     0
     0     0     1     0
     0     0     0     0

Lisa (-1) to move (time left: 159.9 sec.):
  Columns 1 through 4

     0     0     0     0
     0     0     0     0
     0     0     1    -1
     0     0     1    -1
     0     0     1    -1
     0     0    -1    -1
     0     0     0     1
     0     0     0     0

  Columns 5 through 8

     0     0     0     0
     0     0     0     0
     0     0     0     0
    -1     0     0     0
     1     1     0     0
    -1     1     0     0
     0     0     1     0
     0     0     0     0

iWin (1) to move (time left: 69.1 sec.):
   69.1180

  Columns 1 through 4

     0     0     0     0
     0     0     1     0
     0     0     1     1
     0     0     1    -1
     0     0     1    -1
     0     0    -1    -1
     0     0     0     1
     0     0     0     0

  Columns 5 through 8

     0     0     0     0
     0     0     0     0
     0     0     0     0
     1     0     0     0
     1     1     0     0
    -1     1     0     0
     0     0     1     0
     0     0     0     0

Lisa (-1) to move (time left: 142.7 sec.):
  Columns 1 through 4

     0     0     0     0
     0     0     1     0
     0     0     1     1
     0     0     1    -1
     0     0     1    -1
     0     0    -1    -1
     0     0     0     1
     0     0     0     0

  Columns 5 through 8

     0     0     0     0
     0     0     0     0
     0     0     0     0
     1     0     0     0
     1     1     0     0
    -1    -1    -1     0
     0     0     1     0
     0     0     0     0

iWin (1) to move (time left: 49.3 sec.):
   49.2840

  Columns 1 through 4

     0     0     0     0
     0     0     1     0
     0     0     1     1
     0     0     1    -1
     0     0     1     1
     0     0    -1    -1
     0     0     0     1
     0     0     0     0

  Columns 5 through 8

     0     0     0     0
     0     0     0     0
     0     0     0     0
     1     0     0     0
     1     1     0     0
     1     1    -1     0
     0     1     1     0
     0     0     0     0

Lisa (-1) to move (time left: 133.6 sec.):
  Columns 1 through 4

     0     0     0     0
     0     0     1     0
     0     0     1     1
     0     0     1    -1
     0     0     1     1
     0     0    -1    -1
     0     0     0     1
     0     0     0     0

  Columns 5 through 8

     0     0     0     0
     0     0     0     0
     0     0     0     0
     1     0     0     0
    -1     1     0     0
     1    -1    -1     0
     0     1    -1     0
     0     0     0    -1

iWin (1) to move (time left: 17.5 sec.):
   17.4650

  Columns 1 through 4

     0     0     0     0
     0     0     1     0
     0     0     1     1
     0     0     1    -1
     0     0     1     1
     0     0    -1    -1
     0     0     0     1
     0     0     0     0

  Columns 5 through 8

     0     0     0     0
     0     0     0     0
     0     0     0     0
     1     0     0     0
    -1     1     0     0
     1    -1     1     0
     0     1     1     1
     0     0     0    -1

Lisa (-1) to move (time left: 128.4 sec.):
  Columns 1 through 4

     0     0     0     0
     0     0     1     0
     0     0     1     1
     0     0     1    -1
     0     0     1     1
     0     0    -1    -1
     0     0     0     1
     0     0     0     0

  Columns 5 through 8

     0     0     0     0
     0     0     0     0
     0     0     0     0
     1     0     0     0
    -1     1     0     0
     1    -1    -1    -1
     0     1     1    -1
     0     0     0    -1

iWin (1) to move (time left: 15.8 sec.):
   15.8440

  Columns 1 through 4

     0     0     0     0
     0     0     1     0
     0     0     1     1
     0     0     1    -1
     0     0     1     1
     0     0     1    -1
     0     1     0     1
     0     0     0     0

  Columns 5 through 8

     0     0     0     0
     0     0     0     0
     0     0     0     0
     1     0     0     0
    -1     1     0     0
     1    -1    -1    -1
     0     1     1    -1
     0     0     0    -1

Lisa (-1) to move (time left: 121.5 sec.):
  Columns 1 through 4

     0     0     0     0
     0     0     1     0
     0     0     1     1
     0     0     1    -1
     0     0     1     1
     0     0     1    -1
     0     1     0     1
     0     0     0     0

  Columns 5 through 8

     0     0     0     0
     0     0     0     0
     0     0     0     0
     1     0     0     0
    -1     1     0     0
     1    -1    -1    -1
     0     1    -1    -1
     0     0    -1    -1

iWin (1) to move (time left: 15.0 sec.):
   14.9990

  Columns 1 through 4

     0     0     0     0
     0     0     1     0
     0     0     1     1
     0     0     1    -1
     0     0     1     1
     0     0     1     1
     0     1     0     1
     0     0     0     0

  Columns 5 through 8

     0     0     0     0
     0     0     0     0
     0     0     0     0
     1     0     0     0
    -1     1     0     0
     1    -1    -1    -1
     1     1    -1    -1
     0     0    -1    -1

Lisa (-1) to move (time left: 116.3 sec.):
  Columns 1 through 4

     0     0     0     0
     0     0     1     0
     0     0     1     1
     0     0     1    -1
     0     0     1     1
     0     0     1     1
     0     1     0     1
     0     0     0     0

  Columns 5 through 8

     0     0     0     0
     0     0     0     0
     0     0     0     0
     1     0     0     0
    -1     1     0     0
     1    -1    -1    -1
     1    -1    -1    -1
     0    -1    -1    -1

iWin (1) to move (time left: 14.7 sec.):
   14.6920

  Columns 1 through 4

     0     0     0     0
     0     0     1     0
     0     0     1     1
     0     0     1    -1
     0     0     1     1
     0     0     1     1
     0     1     0     1
     0     0     0     0

  Columns 5 through 8

     0     0     0     0
     0     0     0     0
     0     0     0     0
     1     1     0     0
     1     1     0     0
     1    -1    -1    -1
     1    -1    -1    -1
     0    -1    -1    -1

Lisa (-1) to move (time left: 109.3 sec.):
  Columns 1 through 4

     0     0     0     0
     0     0     1     0
     0    -1     1     1
     0     0    -1    -1
     0     0     1    -1
     0     0     1     1
     0     1     0     1
     0     0     0     0

  Columns 5 through 8

     0     0     0     0
     0     0     0     0
     0     0     0     0
     1     1     0     0
     1     1     0     0
    -1    -1    -1    -1
     1    -1    -1    -1
     0    -1    -1    -1

iWin (1) to move (time left: 14.4 sec.):
   14.4170

  Columns 1 through 4

     0     0     0     0
     0     0     1     0
     0    -1     1     1
     0     1     1     1
     0     0     1    -1
     0     0     1     1
     0     1     0     1
     0     0     0     0

  Columns 5 through 8

     0     0     0     0
     0     0     0     0
     0     0     0     0
     1     1     0     0
     1     1     0     0
    -1    -1    -1    -1
     1    -1    -1    -1
     0    -1    -1    -1

Lisa (-1) to move (time left: 104.8 sec.):
  Columns 1 through 4

     0     0     0     0
     0     0     1     0
     0    -1     1     1
     0     1     1     1
     0     0     1    -1
     0     0     1     1
     0     1     0     1
     0     0     0     0

  Columns 5 through 8

     0     0     0     0
     0     0     0     0
     0     0     0     0
     1     1     0     0
     1     1     0     0
    -1    -1    -1    -1
    -1    -1    -1    -1
    -1    -1    -1    -1

iWin (1) to move (time left: 13.9 sec.):
   13.8510

  Columns 1 through 4

     0     0     0     0
     0     0     1     0
     1     1     1     1
     0     1     1     1
     0     0     1    -1
     0     0     1     1
     0     1     0     1
     0     0     0     0

  Columns 5 through 8

     0     0     0     0
     0     0     0     0
     0     0     0     0
     1     1     0     0
     1     1     0     0
    -1    -1    -1    -1
    -1    -1    -1    -1
    -1    -1    -1    -1

Lisa (-1) to move (time left: 98.0 sec.):
  Columns 1 through 4

     0     0     0     0
     0     0     1     0
     1     1     1     1
     0     1     1     1
     0     0     1    -1
     0     0     1     1
     0     1     0     1
     0     0     0     0

  Columns 5 through 8

     0     0     0     0
     0     0     0     0
    -1     0     0     0
    -1     1     0     0
    -1     1     0     0
    -1    -1    -1    -1
    -1    -1    -1    -1
    -1    -1    -1    -1

iWin (1) to move (time left: 13.6 sec.):
   13.5650

  Columns 1 through 4

     0     0     0     0
     0     0     1     0
     1     1     1     1
     0     1     1     1
     0     0     1     1
     0     0     1     1
     0     1     0     1
     0     0     0     0

  Columns 5 through 8

     0     0     0     0
     0     0     0     0
     1     1     0     0
     1     1     0     0
    -1     1     0     0
    -1    -1    -1    -1
    -1    -1    -1    -1
    -1    -1    -1    -1

Lisa (-1) to move (time left: 85.5 sec.):
  Columns 1 through 4

     0     0     0     0
     0     0     1     0
     1     1     1     1
     0     1     1     1
     0     0     1     1
     0     0     1     1
     0     1     0     1
     0     0     0     0

  Columns 5 through 8

     0     0     0     0
    -1     0     0     0
    -1     1     0     0
    -1     1     0     0
    -1     1     0     0
    -1    -1    -1    -1
    -1    -1    -1    -1
    -1    -1    -1    -1

iWin (1) to move (time left: 13.3 sec.):
   13.2720

  Columns 1 through 4

     0     0     0     0
     0     0     1     1
     1     1     1     1
     0     1     1     1
     0     0     1     1
     0     0     1     1
     0     1     0     1
     0     0     0     0

  Columns 5 through 8

     0     0     0     0
    -1     0     0     0
     1     1     0     0
    -1     1     0     0
    -1     1     0     0
    -1    -1    -1    -1
    -1    -1    -1    -1
    -1    -1    -1    -1

Lisa (-1) to move (time left: 73.5 sec.):
  Columns 1 through 4

     0     0     0     0
     0     0     1     1
     1     1     1     1
    -1    -1    -1    -1
     0     0     1     1
     0     0     1     1
     0     1     0     1
     0     0     0     0

  Columns 5 through 8

     0     0     0     0
    -1     0     0     0
     1     1     0     0
    -1     1     0     0
    -1     1     0     0
    -1    -1    -1    -1
    -1    -1    -1    -1
    -1    -1    -1    -1

iWin (1) to move (time left: 12.9 sec.):
   12.9370

  Columns 1 through 4

     0     0     0     0
     0     0     1     1
     1     1     1     1
    -1     1     1    -1
     0     1     1     1
     0     0     1     1
     0     1     0     1
     0     0     0     0

  Columns 5 through 8

     0     0     0     0
    -1     0     0     0
     1     1     0     0
    -1     1     0     0
    -1     1     0     0
    -1    -1    -1    -1
    -1    -1    -1    -1
    -1    -1    -1    -1

Lisa (-1) to move (time left: 67.4 sec.):
  Columns 1 through 4

     0     0     0     0
    -1     0     1     1
    -1    -1     1     1
    -1     1    -1    -1
     0     1     1    -1
     0     0     1     1
     0     1     0     1
     0     0     0     0

  Columns 5 through 8

     0     0     0     0
    -1     0     0     0
     1     1     0     0
    -1     1     0     0
    -1     1     0     0
    -1    -1    -1    -1
    -1    -1    -1    -1
    -1    -1    -1    -1

iWin (1) to move (time left: 12.5 sec.):
   12.4880

  Columns 1 through 4

     0     0     0     0
    -1     0     1     1
    -1    -1     1     1
    -1     1    -1    -1
     0     1     1    -1
     0     0     1     1
     0     1     0     1
     0     0     0     0

  Columns 5 through 8

     0     1     0     0
     1     0     0     0
     1     1     0     0
    -1     1     0     0
    -1     1     0     0
    -1    -1    -1    -1
    -1    -1    -1    -1
    -1    -1    -1    -1

Lisa (-1) to move (time left: 61.2 sec.):
  Columns 1 through 4

     0     0    -1     0
    -1     0    -1     1
    -1    -1    -1     1
    -1     1    -1    -1
     0     1     1    -1
     0     0     1     1
     0     1     0     1
     0     0     0     0

  Columns 5 through 8

     0     1     0     0
     1     0     0     0
     1     1     0     0
    -1     1     0     0
    -1     1     0     0
    -1    -1    -1    -1
    -1    -1    -1    -1
    -1    -1    -1    -1

iWin (1) to move (time left: 12.1 sec.):
   12.1160

  Columns 1 through 4

     0     1    -1     0
    -1     0     1     1
    -1    -1    -1     1
    -1     1    -1    -1
     0     1     1    -1
     0     0     1     1
     0     1     0     1
     0     0     0     0

  Columns 5 through 8

     0     1     0     0
     1     0     0     0
     1     1     0     0
    -1     1     0     0
    -1     1     0     0
    -1    -1    -1    -1
    -1    -1    -1    -1
    -1    -1    -1    -1

Lisa (-1) to move (time left: 55.8 sec.):
  Columns 1 through 4

    -1    -1    -1     0
    -1     0     1     1
    -1    -1    -1     1
    -1     1    -1    -1
     0     1     1    -1
     0     0     1     1
     0     1     0     1
     0     0     0     0

  Columns 5 through 8

     0     1     0     0
     1     0     0     0
     1     1     0     0
    -1     1     0     0
    -1     1     0     0
    -1    -1    -1    -1
    -1    -1    -1    -1
    -1    -1    -1    -1

iWin (1) to move (time left: 11.9 sec.):
   11.9240

  Columns 1 through 4

    -1    -1    -1     0
    -1     1     1     1
    -1     1    -1     1
    -1     1    -1    -1
     0     1     1    -1
     0     0     1     1
     0     1     0     1
     0     0     0     0

  Columns 5 through 8

     0     1     0     0
     1     0     0     0
     1     1     0     0
    -1     1     0     0
    -1     1     0     0
    -1    -1    -1    -1
    -1    -1    -1    -1
    -1    -1    -1    -1

Lisa (-1) to move (time left: 48.2 sec.):
  Columns 1 through 4

    -1    -1    -1    -1
    -1     1    -1    -1
    -1    -1    -1    -1
    -1     1    -1    -1
     0     1     1    -1
     0     0     1     1
     0     1     0     1
     0     0     0     0

  Columns 5 through 8

     0     1     0     0
     1     0     0     0
     1     1     0     0
    -1     1     0     0
    -1     1     0     0
    -1    -1    -1    -1
    -1    -1    -1    -1
    -1    -1    -1    -1

iWin (1) to move (time left: 11.7 sec.):
   11.7430

  Columns 1 through 4

    -1    -1    -1    -1
    -1     1    -1     1
    -1    -1     1    -1
    -1     1    -1    -1
     0     1     1    -1
     0     0     1     1
     0     1     0     1
     0     0     0     0

  Columns 5 through 8

     1     1     0     0
     1     0     0     0
     1     1     0     0
    -1     1     0     0
    -1     1     0     0
    -1    -1    -1    -1
    -1    -1    -1    -1
    -1    -1    -1    -1

Lisa (-1) to move (time left: 40.2 sec.):
  Columns 1 through 4

    -1    -1    -1    -1
    -1     1    -1     1
    -1    -1     1    -1
    -1     1    -1    -1
     0     1     1    -1
     0     0     1    -1
     0     1     0    -1
     0     0     0    -1

  Columns 5 through 8

     1     1     0     0
     1     0     0     0
     1     1     0     0
    -1     1     0     0
    -1     1     0     0
    -1    -1    -1    -1
    -1    -1    -1    -1
    -1    -1    -1    -1

iWin (1) to move (time left: 11.6 sec.):
   11.5680

  Columns 1 through 4

    -1    -1    -1    -1
    -1     1    -1     1
    -1    -1     1    -1
    -1     1    -1    -1
     0     1     1    -1
     0     0     1     1
     0     1     1    -1
     0     0     0    -1

  Columns 5 through 8

     1     1     0     0
     1     0     0     0
     1     1     0     0
    -1     1     0     0
     1     1     0     0
    -1    -1    -1    -1
    -1    -1    -1    -1
    -1    -1    -1    -1

Lisa (-1) to move (time left: 29.6 sec.):
  Columns 1 through 4

    -1    -1    -1    -1
    -1     1    -1     1
    -1    -1     1    -1
    -1     1    -1    -1
     0     1    -1    -1
     0     0    -1     1
     0     1    -1    -1
     0     0    -1    -1

  Columns 5 through 8

     1     1     0     0
     1     0     0     0
     1     1     0     0
    -1     1     0     0
     1     1     0     0
    -1    -1    -1    -1
    -1    -1    -1    -1
    -1    -1    -1    -1

iWin (1) to move (time left: 11.4 sec.):
   11.3690

  Columns 1 through 4

    -1    -1    -1    -1
    -1     1    -1     1
    -1    -1     1    -1
    -1     1    -1     1
     0     1     1    -1
     0     1     1     1
     0     1    -1    -1
     0     0    -1    -1

  Columns 5 through 8

     1     1     0     0
     1     0     0     0
     1     1     0     0
    -1     1     0     0
     1     1     0     0
    -1    -1    -1    -1
    -1    -1    -1    -1
    -1    -1    -1    -1

Lisa (-1) to move (time left: 26.9 sec.):
  Columns 1 through 4

    -1    -1    -1    -1
    -1     1    -1     1
    -1    -1     1    -1
    -1     1    -1     1
     0     1     1    -1
     0     1     1     1
     0     1    -1    -1
     0     0    -1    -1

  Columns 5 through 8

    -1    -1    -1     0
     1     0     0     0
     1     1     0     0
    -1     1     0     0
     1     1     0     0
    -1    -1    -1    -1
    -1    -1    -1    -1
    -1    -1    -1    -1

iWin (1) to move (time left: 11.2 sec.):
   11.1960

  Columns 1 through 4

    -1    -1    -1    -1
    -1     1    -1     1
    -1    -1     1    -1
    -1     1    -1     1
     0     1     1    -1
     0     1     1     1
     0     1     1    -1
     0     1    -1    -1

  Columns 5 through 8

    -1    -1    -1     0
     1     0     0     0
     1     1     0     0
    -1     1     0     0
     1     1     0     0
    -1    -1    -1    -1
    -1    -1    -1    -1
    -1    -1    -1    -1

Lisa (-1) to move (time left: 25.2 sec.):
  Columns 1 through 4

    -1    -1    -1    -1
    -1     1    -1     1
    -1    -1     1    -1
    -1     1    -1     1
     0     1     1    -1
     0     1    -1     1
     0    -1     1    -1
    -1    -1    -1    -1

  Columns 5 through 8

    -1    -1    -1     0
     1     0     0     0
     1     1     0     0
    -1     1     0     0
     1     1     0     0
    -1    -1    -1    -1
    -1    -1    -1    -1
    -1    -1    -1    -1

iWin (1) to move (time left: 11.0 sec.):
   11.0370

  Columns 1 through 4

    -1    -1    -1    -1
    -1     1    -1     1
    -1    -1     1    -1
    -1     1    -1     1
     0     1     1    -1
     0     1    -1     1
     1     1     1    -1
    -1    -1    -1    -1

  Columns 5 through 8

    -1    -1    -1     0
     1     0     0     0
     1     1     0     0
    -1     1     0     0
     1     1     0     0
    -1    -1    -1    -1
    -1    -1    -1    -1
    -1    -1    -1    -1

Lisa (-1) to move (time left: 22.1 sec.):
  Columns 1 through 4

    -1    -1    -1    -1
    -1     1    -1    -1
    -1    -1     1    -1
    -1     1    -1     1
     0     1     1    -1
     0     1    -1     1
     1     1     1    -1
    -1    -1    -1    -1

  Columns 5 through 8

    -1    -1    -1     0
    -1    -1     0     0
     1    -1     0     0
    -1    -1     0     0
     1    -1     0     0
    -1    -1    -1    -1
    -1    -1    -1    -1
    -1    -1    -1    -1

iWin (1) to move (time left: 10.9 sec.):
   10.8810

  Columns 1 through 4

    -1    -1    -1    -1
    -1     1    -1    -1
    -1    -1     1    -1
    -1     1    -1     1
     0     1     1    -1
     0     1    -1     1
     1     1     1    -1
    -1    -1    -1    -1

  Columns 5 through 8

    -1    -1    -1     0
    -1    -1     0     0
     1    -1     0     0
     1     1     1     0
     1    -1     0     0
    -1    -1    -1    -1
    -1    -1    -1    -1
    -1    -1    -1    -1

Lisa (-1) to move (time left: 19.8 sec.):
  Columns 1 through 4

    -1    -1    -1    -1
    -1     1    -1    -1
    -1    -1     1    -1
    -1     1    -1     1
     0     1     1    -1
     0     1    -1    -1
     1     1    -1    -1
    -1    -1    -1    -1

  Columns 5 through 8

    -1    -1    -1     0
    -1    -1     0     0
     1    -1    -1     0
     1    -1     1     0
    -1    -1     0     0
    -1    -1    -1    -1
    -1    -1    -1    -1
    -1    -1    -1    -1

iWin (1) to move (time left: 10.7 sec.):
   10.6750

  Columns 1 through 4

    -1    -1    -1    -1
    -1     1    -1    -1
    -1    -1     1    -1
    -1     1    -1     1
     0     1     1     1
     0     1    -1    -1
     1     1    -1    -1
    -1    -1    -1    -1

  Columns 5 through 8

    -1    -1    -1     0
    -1    -1     0     0
     1    -1    -1     0
     1     1     1     0
     1     1     1     0
    -1    -1    -1    -1
    -1    -1    -1    -1
    -1    -1    -1    -1

Lisa (-1) to move (time left: 14.6 sec.):
  Columns 1 through 4

    -1    -1    -1    -1
    -1     1    -1    -1
    -1    -1     1    -1
    -1     1    -1     1
     0     1     1     1
     0     1    -1    -1
     1     1    -1    -1
    -1    -1    -1    -1

  Columns 5 through 8

    -1    -1    -1     0
    -1    -1     0     0
     1    -1    -1    -1
     1     1    -1     0
     1    -1     1     0
    -1    -1    -1    -1
    -1    -1    -1    -1
    -1    -1    -1    -1

iWin (1) to move (time left: 10.5 sec.):
   10.5020

  Columns 1 through 4

    -1    -1    -1    -1
    -1     1    -1    -1
    -1    -1     1    -1
    -1     1    -1     1
     0     1     1     1
     0     1    -1    -1
     1     1    -1    -1
    -1    -1    -1    -1

  Columns 5 through 8

    -1    -1    -1     0
    -1    -1     0     0
     1    -1    -1    -1
     1     1     1     1
     1    -1     1     0
    -1    -1    -1    -1
    -1    -1    -1    -1
    -1    -1    -1    -1

Lisa (-1) to move (time left: 11.9 sec.):
  Columns 1 through 4

    -1    -1    -1    -1
    -1     1    -1    -1
    -1    -1    -1    -1
    -1    -1    -1     1
    -1    -1    -1    -1
     0    -1    -1    -1
     1     1    -1    -1
    -1    -1    -1    -1

  Columns 5 through 8

    -1    -1    -1     0
    -1    -1     0     0
     1    -1    -1    -1
     1     1     1     1
    -1    -1     1     0
    -1    -1    -1    -1
    -1    -1    -1    -1
    -1    -1    -1    -1

iWin (1) to move (time left: 10.3 sec.):
   10.3380

  Columns 1 through 4

    -1    -1    -1    -1
    -1     1    -1    -1
    -1    -1    -1    -1
    -1    -1    -1     1
    -1    -1    -1    -1
     0    -1    -1    -1
     1     1    -1    -1
    -1    -1    -1    -1

  Columns 5 through 8

    -1    -1    -1     0
    -1    -1     0     1
     1    -1     1     1
     1     1     1     1
    -1    -1     1     0
    -1    -1    -1    -1
    -1    -1    -1    -1
    -1    -1    -1    -1

Lisa (-1) to move (time left: 11.5 sec.):
  Columns 1 through 4

    -1    -1    -1    -1
    -1     1    -1    -1
    -1    -1    -1    -1
    -1    -1    -1     1
    -1    -1    -1    -1
    -1    -1    -1    -1
    -1    -1    -1    -1
    -1    -1    -1    -1

  Columns 5 through 8

    -1    -1    -1     0
    -1    -1     0     1
     1    -1     1     1
     1     1     1     1
    -1    -1     1     0
    -1    -1    -1    -1
    -1    -1    -1    -1
    -1    -1    -1    -1

iWin (1) to move (time left: 10.2 sec.):
   10.1910

  Columns 1 through 4

    -1    -1    -1    -1
    -1     1     1     1
    -1    -1    -1    -1
    -1    -1    -1     1
    -1    -1    -1    -1
    -1    -1    -1    -1
    -1    -1    -1    -1
    -1    -1    -1    -1

  Columns 5 through 8

    -1    -1    -1     0
     1     1     1     1
     1     1     1     1
     1     1     1     1
    -1    -1     1     0
    -1    -1    -1    -1
    -1    -1    -1    -1
    -1    -1    -1    -1

Lisa (-1) to move (time left: 11.1 sec.):
  Columns 1 through 4

    -1    -1    -1    -1
    -1     1     1     1
    -1    -1    -1    -1
    -1    -1    -1     1
    -1    -1    -1    -1
    -1    -1    -1    -1
    -1    -1    -1    -1
    -1    -1    -1    -1

  Columns 5 through 8

    -1    -1    -1    -1
     1     1    -1     1
     1    -1     1     1
    -1     1     1     1
    -1    -1     1     0
    -1    -1    -1    -1
    -1    -1    -1    -1
    -1    -1    -1    -1

iWin (1) to move (time left: 10.0 sec.):
   10.0190

  Columns 1 through 4

    -1    -1    -1    -1
    -1     1     1     1
    -1    -1    -1    -1
    -1    -1    -1     1
    -1    -1    -1    -1
    -1    -1    -1    -1
    -1    -1    -1    -1
    -1    -1    -1    -1

  Columns 5 through 8

    -1    -1    -1    -1
     1     1    -1     1
     1    -1     1     1
    -1     1     1     1
    -1    -1     1     0
    -1    -1    -1    -1
    -1    -1    -1    -1
    -1    -1    -1    -1

Lisa (-1) to move (time left: 10.9 sec.):
  Columns 1 through 4

    -1    -1    -1    -1
    -1     1     1     1
    -1    -1    -1    -1
    -1    -1    -1     1
    -1    -1    -1    -1
    -1    -1    -1    -1
    -1    -1    -1    -1
    -1    -1    -1    -1

  Columns 5 through 8

    -1    -1    -1    -1
     1     1    -1    -1
     1    -1     1    -1
    -1     1    -1    -1
    -1    -1    -1    -1
    -1    -1    -1    -1
    -1    -1    -1    -1
    -1    -1    -1    -1

Game over.
