MiniMaxPlayer2 against MiniMaxPlayer:
     0     0     0     0     0     0     0     0
     0     0     0     0     0     0     0     0
     0     0     0     0     0     0     0     0
     0     0     0     1    -1     0     0     0
     0     0     0    -1     1     0     0     0
     0     0     0     0     0     0     0     0
     0     0     0     0     0     0     0     0
     0     0     0     0     0     0     0     0

MiniMaxPlayer (-1) to move (time left: 180.0 sec.):
     0     0     0     0     0     0     0     0
     0     0     0     0     0     0     0     0
     0     0     0     0     0     0     0     0
     0     0    -1    -1    -1     0     0     0
     0     0     0    -1     1     0     0     0
     0     0     0     0     0     0     0     0
     0     0     0     0     0     0     0     0
     0     0     0     0     0     0     0     0

MiniMaxPlayer2 (1) to move (time left: 180.0 sec.):
     0     0     0     0     0     0     0     0
     0     0     0     0     0     0     0     0
     0     0     1     0     0     0     0     0
     0     0    -1     1    -1     0     0     0
     0     0     0    -1     1     0     0     0
     0     0     0     0     0     0     0     0
     0     0     0     0     0     0     0     0
     0     0     0     0     0     0     0     0

MiniMaxPlayer (-1) to move (time left: 179.9 sec.):
     0     0     0     0     0     0     0     0
     0     0    -1     0     0     0     0     0
     0     0    -1     0     0     0     0     0
     0     0    -1     1    -1     0     0     0
     0     0     0    -1     1     0     0     0
     0     0     0     0     0     0     0     0
     0     0     0     0     0     0     0     0
     0     0     0     0     0     0     0     0

MiniMaxPlayer2 (1) to move (time left: 180.0 sec.):
     0     0     0     0     0     0     0     0
     0     0    -1     0     0     0     0     0
     0     0    -1     0     0     0     0     0
     0     0    -1     1    -1     0     0     0
     0     0     0     1     1     0     0     0
     0     0     0     1     0     0     0     0
     0     0     0     0     0     0     0     0
     0     0     0     0     0     0     0     0

MiniMaxPlayer (-1) to move (time left: 179.8 sec.):
     0     0     0     0     0     0     0     0
     0     0    -1     0     0     0     0     0
     0     0    -1     0     0     0     0     0
     0     0    -1     1    -1     0     0     0
     0     0     0    -1     1     0     0     0
     0     0    -1     1     0     0     0     0
     0     0     0     0     0     0     0     0
     0     0     0     0     0     0     0     0

MiniMaxPlayer2 (1) to move (time left: 179.9 sec.):
     0     0     0     0     0     0     0     0
     0     0    -1     0     0     0     0     0
     0     0    -1     0     0     0     0     0
     0     0    -1     1    -1     0     0     0
     0     0     1     1     1     0     0     0
     0     0    -1     1     0     0     0     0
     0     0     0     0     0     0     0     0
     0     0     0     0     0     0     0     0

MiniMaxPlayer (-1) to move (time left: 179.8 sec.):
     0     0     0     0     0     0     0     0
     0     0    -1     0     0     0     0     0
     0     0    -1     0     0     0     0     0
     0     0    -1     1    -1     0     0     0
     0     0     1    -1    -1     0     0     0
     0     0    -1    -1    -1     0     0     0
     0     0     0     0     0     0     0     0
     0     0     0     0     0     0     0     0

MiniMaxPlayer2 (1) to move (time left: 179.8 sec.):
     0     0     1     0     0     0     0     0
     0     0     1     0     0     0     0     0
     0     0     1     0     0     0     0     0
     0     0     1     1    -1     0     0     0
     0     0     1    -1    -1     0     0     0
     0     0    -1    -1    -1     0     0     0
     0     0     0     0     0     0     0     0
     0     0     0     0     0     0     0     0

MiniMaxPlayer (-1) to move (time left: 179.7 sec.):
     0     0     1     0     0     0     0     0
     0     0     1     0     0     0     0     0
     0    -1     1     0     0     0     0     0
     0     0    -1     1    -1     0     0     0
     0     0     1    -1    -1     0     0     0
     0     0    -1    -1    -1     0     0     0
     0     0     0     0     0     0     0     0
     0     0     0     0     0     0     0     0

MiniMaxPlayer2 (1) to move (time left: 179.8 sec.):
     0     0     1     0     0     0     0     0
     0     0     1     0     0     0     0     0
     0    -1     1     0     0     0     0     0
     0     0    -1     1    -1     0     0     0
     0     0     1    -1     1     0     0     0
     0     0    -1    -1    -1     1     0     0
     0     0     0     0     0     0     0     0
     0     0     0     0     0     0     0     0

MiniMaxPlayer (-1) to move (time left: 179.5 sec.):
     0     0     1    -1     0     0     0     0
     0     0    -1     0     0     0     0     0
     0    -1     1     0     0     0     0     0
     0     0    -1     1    -1     0     0     0
     0     0     1    -1     1     0     0     0
     0     0    -1    -1    -1     1     0     0
     0     0     0     0     0     0     0     0
     0     0     0     0     0     0     0     0

MiniMaxPlayer2 (1) to move (time left: 179.7 sec.):
     0     0     1     1     1     0     0     0
     0     0    -1     0     0     0     0     0
     0    -1     1     0     0     0     0     0
     0     0    -1     1    -1     0     0     0
     0     0     1    -1     1     0     0     0
     0     0    -1    -1    -1     1     0     0
     0     0     0     0     0     0     0     0
     0     0     0     0     0     0     0     0

MiniMaxPlayer (-1) to move (time left: 179.2 sec.):
     0     0     1     1     1     0     0     0
     0     0    -1     0     0     0     0     0
     0    -1    -1    -1     0     0     0     0
     0     0    -1    -1    -1     0     0     0
     0     0     1    -1     1     0     0     0
     0     0    -1    -1    -1     1     0     0
     0     0     0     0     0     0     0     0
     0     0     0     0     0     0     0     0

MiniMaxPlayer2 (1) to move (time left: 179.5 sec.):
     0     0     1     1     1     0     0     0
     0     0    -1     0     0     0     0     0
     0    -1    -1    -1     0     0     0     0
     0     0    -1    -1    -1     0     0     0
     0     0     1    -1     1     0     0     0
     0     1     1     1     1     1     0     0
     0     0     0     0     0     0     0     0
     0     0     0     0     0     0     0     0

MiniMaxPlayer (-1) to move (time left: 178.9 sec.):
     0     0     1     1     1     0     0     0
     0     0    -1     0     0     0     0     0
     0    -1    -1    -1     0     0     0     0
     0     0    -1    -1    -1     0     0     0
     0     0     1    -1    -1     0     0     0
     0     1     1     1    -1     1     0     0
     0     0     0     0    -1     0     0     0
     0     0     0     0     0     0     0     0

MiniMaxPlayer2 (1) to move (time left: 179.5 sec.):
     0     0     1     1     1     0     0     0
     0     0    -1     0     0     0     0     0
     0    -1    -1    -1     0     0     0     0
     0     0    -1    -1    -1     0     0     0
     0     0     1     1     1     1     0     0
     0     1     1     1    -1     1     0     0
     0     0     0     0    -1     0     0     0
     0     0     0     0     0     0     0     0

MiniMaxPlayer (-1) to move (time left: 178.4 sec.):
     0     0     1     1     1     0     0     0
     0     0    -1     0     0     0     0     0
     0    -1    -1    -1     0     0     0     0
     0     0    -1    -1    -1     0     0     0
     0     0     1     1     1     1     0     0
    -1    -1    -1    -1    -1     1     0     0
     0     0     0     0    -1     0     0     0
     0     0     0     0     0     0     0     0

MiniMaxPlayer2 (1) to move (time left: 179.3 sec.):
     0     0     1     1     1     0     0     0
     0     0    -1     0     0     0     0     0
     0    -1    -1    -1     0     0     0     0
     0     0    -1    -1    -1     0     0     0
     0     0     1     1     1     1     0     0
    -1    -1    -1     1    -1     1     0     0
     0     0     0     0     1     0     0     0
     0     0     0     0     0     1     0     0

MiniMaxPlayer (-1) to move (time left: 177.6 sec.):
     0     0     1     1     1     0     0     0
     0     0    -1     0     0     0     0     0
     0    -1    -1    -1     0     0     0     0
     0     0    -1    -1    -1     0     0     0
     0     0     1    -1     1     1     0     0
    -1    -1    -1    -1    -1     1     0     0
     0     0     0    -1     1     0     0     0
     0     0     0     0     0     1     0     0

MiniMaxPlayer2 (1) to move (time left: 179.2 sec.):
     0     0     1     1     1     0     0     0
     0     0    -1     0     0     0     0     0
     0    -1    -1    -1     0     0     0     0
     0     0    -1    -1    -1     0     0     0
     0     0     1    -1     1     1     0     0
    -1    -1    -1    -1     1     1     0     0
     0     0     0     1     1     0     0     0
     0     0     1     0     0     1     0     0

MiniMaxPlayer (-1) to move (time left: 177.2 sec.):
     0     0     1     1     1     0     0     0
     0     0    -1     0     0     0     0     0
     0    -1    -1    -1     0     0     0     0
     0     0    -1    -1    -1     0     0     0
     0     0     1    -1    -1     1     0     0
    -1    -1    -1    -1    -1     1     0     0
     0     0     0    -1    -1     0     0     0
     0     0     1     0    -1     1     0     0

MiniMaxPlayer2 (1) to move (time left: 179.1 sec.):
     0     0     1     1     1     0     0     0
     0     0    -1     0     0     0     0     0
     0    -1    -1    -1     0     0     0     0
     0     0    -1    -1    -1     0     0     0
     0     0     1    -1    -1     1     0     0
    -1    -1    -1    -1    -1     1     0     0
     0     0     0    -1     1     0     0     0
     0     0     1     1     1     1     0     0

MiniMaxPlayer (-1) to move (time left: 176.7 sec.):
     0     0     1     1     1     0     0     0
     0     0    -1     0     0     0     0     0
     0    -1    -1    -1     0     0     0     0
     0     0    -1    -1    -1     0     0     0
     0     0     1    -1    -1    -1     0     0
    -1    -1    -1    -1    -1    -1    -1     0
     0     0     0    -1     1     0     0     0
     0     0     1     1     1     1     0     0

MiniMaxPlayer2 (1) to move (time left: 179.0 sec.):
     0     0     1     1     1     0     0     0
     0     0    -1     0     0     0     0     0
     0    -1    -1    -1     0     0     0     0
     0     0    -1    -1    -1     0     0     0
     0     0     1     1     1     1     1     0
    -1    -1    -1    -1    -1     1    -1     0
     0     0     0    -1     1     0     0     0
     0     0     1     1     1     1     0     0

MiniMaxPlayer (-1) to move (time left: 176.4 sec.):
     0     0     1     1     1     0     0     0
     0     0    -1     0     0     0     0     0
     0    -1    -1    -1     0     0     0     0
     0     0    -1    -1    -1     0     0     0
     0     0     1     1     1     1     1     0
    -1    -1    -1    -1    -1     1    -1     0
     0     0     0    -1    -1    -1     0     0
     0     0     1     1     1     1     0     0

MiniMaxPlayer2 (1) to move (time left: 178.9 sec.):
     0     0     1     1     1     0     0     0
     0     0    -1     0     0     0     0     0
     0    -1    -1    -1     0     0     0     0
     0     0    -1    -1    -1     0     0     0
     0     0     1     1     1     1     1     0
    -1    -1     1     1    -1     1    -1     0
     0     0     1    -1    -1    -1     0     0
     0     0     1     1     1     1     0     0

MiniMaxPlayer (-1) to move (time left: 176.0 sec.):
     0     0     1     1     1     0     0     0
     0     0    -1     0     0     0     0     0
     0    -1    -1    -1     0     0     0     0
     0     0    -1    -1    -1     0     0    -1
     0     0     1     1     1     1    -1     0
    -1    -1     1     1    -1    -1    -1     0
     0     0     1    -1    -1    -1     0     0
     0     0     1     1     1     1     0     0

MiniMaxPlayer2 (1) to move (time left: 178.8 sec.):
     0     0     1     1     1     0     0     0
     0     0    -1     0     0     0     0     0
     0    -1    -1    -1     0     0     0     0
     0     0    -1    -1    -1     0     0    -1
     0     0     1     1     1     1    -1     0
    -1    -1     1     1     1     1     1     1
     0     0     1    -1    -1    -1     0     0
     0     0     1     1     1     1     0     0

MiniMaxPlayer (-1) to move (time left: 175.4 sec.):
     0     0     1     1     1     0     0     0
     0     0    -1     0     0     0     0     0
     0    -1    -1    -1     0     0     0     0
     0     0    -1    -1    -1     0    -1    -1
     0     0     1     1     1    -1    -1     0
    -1    -1     1     1    -1     1     1     1
     0     0     1    -1    -1    -1     0     0
     0     0     1     1     1     1     0     0

MiniMaxPlayer2 (1) to move (time left: 178.6 sec.):
     0     0     1     1     1     0     0     0
     0     0    -1     0     0     0     0     0
     0    -1    -1    -1     0     0     0     1
     0     0    -1    -1    -1     0     1    -1
     0     0     1     1     1     1    -1     0
    -1    -1     1     1     1     1     1     1
     0     0     1     1    -1    -1     0     0
     0     0     1     1     1     1     0     0

MiniMaxPlayer (-1) to move (time left: 174.8 sec.):
     0     0     1     1     1     0     0     0
     0     0    -1     0     0     0     0     0
     0    -1    -1    -1     0     0     0     1
     0     0    -1    -1    -1     0     1    -1
     0     0     1     1     1     1    -1    -1
    -1    -1     1     1     1     1    -1     1
     0     0     1     1    -1    -1     0     0
     0     0     1     1     1     1     0     0

MiniMaxPlayer2 (1) to move (time left: 178.5 sec.):
     0     0     1     1     1     0     0     0
     0     0    -1     0     0     0     0     0
     0    -1    -1    -1     0     1     0     1
     0     0    -1    -1     1     0     1    -1
     0     0     1     1     1     1    -1    -1
    -1    -1     1     1     1     1    -1     1
     0     0     1     1    -1    -1     0     0
     0     0     1     1     1     1     0     0

MiniMaxPlayer (-1) to move (time left: 174.1 sec.):
     0     0     1     1     1     0     0     0
     0     0    -1     0    -1     0     0     0
     0    -1    -1    -1     0    -1     0     1
     0     0    -1    -1     1     0    -1    -1
     0     0     1     1     1     1    -1    -1
    -1    -1     1     1     1     1    -1     1
     0     0     1     1    -1    -1     0     0
     0     0     1     1     1     1     0     0

MiniMaxPlayer2 (1) to move (time left: 178.3 sec.):
     0     0     1     1     1     0     0     0
     0     0    -1     0    -1     0     0     0
     0    -1    -1    -1     0    -1     0     1
     0     0    -1    -1     1     1    -1    -1
     0     0     1     1     1     1     1    -1
    -1    -1     1     1     1     1    -1     1
     0     0     1     1    -1    -1     0     0
     0     0     1     1     1     1     0     0

MiniMaxPlayer (-1) to move (time left: 173.3 sec.):
     0     0     1     1     1     0     0     0
     0     0    -1     0    -1     0     0     0
     0    -1    -1    -1     0    -1     0     1
     0     0    -1    -1     1     1    -1    -1
     0    -1    -1    -1    -1    -1    -1    -1
    -1    -1     1     1     1     1    -1     1
     0     0     1     1    -1    -1     0     0
     0     0     1     1     1     1     0     0

MiniMaxPlayer2 (1) to move (time left: 178.2 sec.):
     0     0     1     1     1     0     0     0
     0     0    -1     0    -1     0     0     0
     0    -1    -1    -1     0    -1     0     1
     0     1     1     1     1     1    -1    -1
     0    -1     1    -1    -1    -1    -1    -1
    -1    -1     1     1     1     1    -1     1
     0     0     1     1    -1    -1     0     0
     0     0     1     1     1     1     0     0

MiniMaxPlayer (-1) to move (time left: 172.8 sec.):
     0     0     1     1     1     0     0     0
     0     0    -1     0    -1     0     0     0
    -1    -1    -1    -1     0    -1     0     1
     0    -1     1     1     1     1    -1    -1
     0    -1    -1    -1    -1    -1    -1    -1
    -1    -1     1    -1     1     1    -1     1
     0     0     1     1    -1    -1     0     0
     0     0     1     1     1     1     0     0

MiniMaxPlayer2 (1) to move (time left: 178.1 sec.):
     0     0     1     1     1     1     0     0
     0     0    -1     0     1     0     0     0
    -1    -1    -1     1     0    -1     0     1
     0    -1     1     1     1     1    -1    -1
     0    -1    -1    -1    -1    -1    -1    -1
    -1    -1     1    -1     1     1    -1     1
     0     0     1     1    -1    -1     0     0
     0     0     1     1     1     1     0     0

MiniMaxPlayer (-1) to move (time left: 171.9 sec.):
     0     0     1     1     1     1     0     0
     0     0    -1    -1     1     0     0     0
    -1    -1    -1    -1     0    -1     0     1
     0    -1     1    -1     1     1    -1    -1
     0    -1    -1    -1    -1    -1    -1    -1
    -1    -1     1    -1     1     1    -1     1
     0     0     1     1    -1    -1     0     0
     0     0     1     1     1     1     0     0

MiniMaxPlayer2 (1) to move (time left: 177.9 sec.):
     0     0     1     1     1     1     0     0
     0     0    -1     1     1     0     0     0
    -1    -1     1    -1     0    -1     0     1
     0     1     1    -1     1     1    -1    -1
     1    -1    -1    -1    -1    -1    -1    -1
    -1     1     1    -1     1     1    -1     1
     0     0     1     1    -1    -1     0     0
     0     0     1     1     1     1     0     0

MiniMaxPlayer (-1) to move (time left: 171.4 sec.):
     0     0     1     1     1     1     0     0
     0     0    -1     1     1     0     0     0
    -1    -1     1    -1     0    -1     0     1
    -1    -1    -1    -1     1     1    -1    -1
    -1    -1    -1    -1    -1    -1    -1    -1
    -1     1     1    -1     1     1    -1     1
     0     0     1     1    -1    -1     0     0
     0     0     1     1     1     1     0     0

MiniMaxPlayer2 (1) to move (time left: 177.8 sec.):
     0     0     1     1     1     1     0     0
     0     0    -1     1     1     0     0     0
    -1    -1     1     1     1    -1     0     1
    -1    -1    -1     1     1     1    -1    -1
    -1    -1     1    -1    -1    -1    -1    -1
    -1     1     1    -1     1     1    -1     1
     0     0     1     1    -1    -1     0     0
     0     0     1     1     1     1     0     0

MiniMaxPlayer (-1) to move (time left: 170.7 sec.):
     0     0     1     1     1     1     0     0
     0     0    -1     1     1     0     0     0
    -1    -1     1     1     1    -1     0     1
    -1    -1    -1     1     1     1    -1    -1
    -1    -1     1    -1    -1    -1    -1    -1
    -1    -1    -1    -1     1     1    -1     1
     0    -1    -1    -1    -1    -1     0     0
     0     0     1     1     1     1     0     0

MiniMaxPlayer2 (1) to move (time left: 177.7 sec.):
     0     0     1     1     1     1     0     0
     0     0    -1     1     1     0     0     0
    -1    -1     1     1     1    -1     0     1
    -1    -1    -1     1     1     1    -1    -1
    -1    -1     1     1    -1    -1    -1    -1
    -1    -1     1    -1     1     1    -1     1
     0     1    -1    -1    -1    -1     0     0
     1     0     1     1     1     1     0     0

MiniMaxPlayer (-1) to move (time left: 170.4 sec.):
     0     0     1     1     1     1     0     0
     0     0    -1    -1    -1    -1     0     0
    -1    -1     1     1    -1    -1     0     1
    -1    -1    -1    -1     1     1    -1    -1
    -1    -1    -1     1    -1    -1    -1    -1
    -1    -1     1    -1     1     1    -1     1
     0     1    -1    -1    -1    -1     0     0
     1     0     1     1     1     1     0     0

MiniMaxPlayer2 (1) to move (time left: 177.6 sec.):
     0     0     1     1     1     1     0     0
     0     0    -1    -1    -1    -1     0     0
    -1    -1     1     1    -1    -1     0     1
    -1    -1    -1    -1     1     1    -1    -1
    -1    -1    -1     1     1    -1    -1    -1
    -1    -1     1     1     1     1    -1     1
     0     1     1    -1    -1    -1     0     0
     1     1     1     1     1     1     0     0

MiniMaxPlayer (-1) to move (time left: 170.1 sec.):
     0     0     1     1     1     1     0     0
     0    -1    -1    -1    -1    -1     0     0
    -1    -1    -1     1    -1    -1     0     1
    -1    -1    -1    -1     1     1    -1    -1
    -1    -1    -1     1     1    -1    -1    -1
    -1    -1     1     1     1     1    -1     1
     0     1     1    -1    -1    -1     0     0
     1     1     1     1     1     1     0     0

MiniMaxPlayer2 (1) to move (time left: 177.6 sec.):
     1     0     1     1     1     1     0     0
     0     1    -1    -1    -1    -1     0     0
    -1    -1     1     1    -1    -1     0     1
    -1    -1    -1     1     1     1    -1    -1
    -1    -1    -1     1     1    -1    -1    -1
    -1    -1     1     1     1     1    -1     1
     0     1     1    -1    -1    -1     0     0
     1     1     1     1     1     1     0     0

MiniMaxPlayer (-1) to move (time left: 169.9 sec.):
     1     0     1     1     1     1     0     0
    -1    -1    -1    -1    -1    -1     0     0
    -1    -1     1     1    -1    -1     0     1
    -1    -1    -1     1     1     1    -1    -1
    -1    -1    -1     1     1    -1    -1    -1
    -1    -1     1     1     1     1    -1     1
     0     1     1    -1    -1    -1     0     0
     1     1     1     1     1     1     0     0

MiniMaxPlayer2 (1) to move (time left: 177.5 sec.):
     1     0     1     1     1     1     0     0
     1    -1    -1    -1    -1    -1     0     0
     1    -1     1     1    -1    -1     0     1
     1    -1    -1     1     1     1    -1    -1
     1    -1     1     1     1    -1    -1    -1
     1     1     1     1     1     1    -1     1
     1     1     1    -1    -1    -1     0     0
     1     1     1     1     1     1     0     0

MiniMaxPlayer (-1) to move (time left: 169.8 sec.):
     1     0     1     1     1     1     0     0
     1    -1    -1    -1    -1    -1     0     0
     1    -1    -1     1    -1    -1     0     1
     1    -1    -1    -1     1     1    -1    -1
     1    -1     1     1    -1    -1    -1    -1
     1     1     1     1     1    -1    -1     1
     1     1     1    -1    -1    -1    -1     0
     1     1     1     1     1     1     0     0

MiniMaxPlayer2 (1) to move (time left: 177.5 sec.):
     1     0     1     1     1     1     0     0
     1     1    -1    -1    -1    -1     0     0
     1    -1     1     1    -1    -1     0     1
     1    -1    -1     1     1     1    -1    -1
     1    -1     1     1     1    -1    -1    -1
     1     1     1     1     1     1    -1     1
     1     1     1    -1    -1    -1     1     0
     1     1     1     1     1     1     0     1

MiniMaxPlayer (-1) to move (time left: 169.8 sec.):
     1     0     1     1     1     1     0     0
     1     1    -1    -1    -1    -1     0     0
     1    -1     1     1    -1    -1     0     1
     1    -1    -1     1     1     1    -1    -1
     1    -1     1     1     1    -1    -1    -1
     1     1     1     1     1     1    -1    -1
     1     1     1    -1    -1    -1    -1    -1
     1     1     1     1     1     1     0     1

MiniMaxPlayer2 (1) to move (time left: 177.4 sec.):
     1     0     1     1     1     1     0     0
     1     1    -1    -1    -1    -1     0     0
     1    -1     1     1    -1    -1     0     1
     1    -1    -1     1     1     1    -1    -1
     1    -1     1     1     1    -1    -1    -1
     1     1     1     1     1     1    -1    -1
     1     1     1    -1    -1     1    -1    -1
     1     1     1     1     1     1     1     1

MiniMaxPlayer (-1) to move (time left: 169.7 sec.):
     1    -1     1     1     1     1     0     0
     1    -1    -1    -1    -1    -1     0     0
     1    -1     1     1    -1    -1     0     1
     1    -1    -1     1     1     1    -1    -1
     1    -1     1     1     1    -1    -1    -1
     1     1     1     1     1     1    -1    -1
     1     1     1    -1    -1     1    -1    -1
     1     1     1     1     1     1     1     1

MiniMaxPlayer2 (1) to move (time left: 177.4 sec.):
     1    -1     1     1     1     1     0     0
     1    -1    -1    -1    -1     1     0     0
     1    -1     1     1     1     1     1     1
     1    -1    -1     1     1     1     1    -1
     1    -1     1     1     1    -1     1    -1
     1     1     1     1     1     1     1    -1
     1     1     1    -1    -1     1     1    -1
     1     1     1     1     1     1     1     1

MiniMaxPlayer (-1) to move (time left: 169.7 sec.):
     1    -1    -1    -1    -1    -1    -1     0
     1    -1    -1    -1    -1     1     0     0
     1    -1     1     1     1     1     1     1
     1    -1    -1     1     1     1     1    -1
     1    -1     1     1     1    -1     1    -1
     1     1     1     1     1     1     1    -1
     1     1     1    -1    -1     1     1    -1
     1     1     1     1     1     1     1     1

MiniMaxPlayer2 (1) to move (time left: 177.4 sec.):
     1     1     1     1     1     1     1     1
     1    -1    -1    -1    -1     1     0     0
     1    -1     1     1     1     1     1     1
     1    -1    -1     1     1     1     1    -1
     1    -1     1     1     1    -1     1    -1
     1     1     1     1     1     1     1    -1
     1     1     1    -1    -1     1     1    -1
     1     1     1     1     1     1     1     1

MiniMaxPlayer (-1) to move (time left: 169.6 sec.):
     1     1     1     1     1     1     1     1
     1    -1    -1    -1    -1    -1    -1     0
     1    -1     1     1     1     1     1     1
     1    -1    -1     1     1     1     1    -1
     1    -1     1     1     1    -1     1    -1
     1     1     1     1     1     1     1    -1
     1     1     1    -1    -1     1     1    -1
     1     1     1     1     1     1     1     1

MiniMaxPlayer2 (1) to move (time left: 177.4 sec.):
     1     1     1     1     1     1     1     1
     1     1     1     1     1     1     1     1
     1    -1     1     1     1     1     1     1
     1    -1    -1     1     1     1     1    -1
     1    -1     1     1     1    -1     1    -1
     1     1     1     1     1     1     1    -1
     1     1     1    -1    -1     1     1    -1
     1     1     1     1     1     1     1     1

Game over.
