iWin against Lisa:
  Columns 1 through 6

     0     0     0     0     0     0
     0     0     0     0     0     0
     0     0     0     0     0     0
     0     0     0     1    -1     0
     0     0     0    -1     1     0
     0     0     0     0     0     0
     0     0     0     0     0     0
     0     0     0     0     0     0

  Columns 7 through 8

     0     0
     0     0
     0     0
     0     0
     0     0
     0     0
     0     0
     0     0

Lisa (-1) to move (time left: 180.0 sec.):
  Columns 1 through 6

     0     0     0     0     0     0
     0     0     0     0     0     0
     0     0     0     0     0     0
     0     0    -1    -1    -1     0
     0     0     0    -1     1     0
     0     0     0     0     0     0
     0     0     0     0     0     0
     0     0     0     0     0     0

  Columns 7 through 8

     0     0
     0     0
     0     0
     0     0
     0     0
     0     0
     0     0
     0     0

iWin (1) to move (time left: 180.0 sec.):
   180

  Columns 1 through 6

     0     0     0     0     0     0
     0     0     0     0     0     0
     0     0     0     0     1     0
     0     0    -1    -1     1     0
     0     0     0    -1     1     0
     0     0     0     0     0     0
     0     0     0     0     0     0
     0     0     0     0     0     0

  Columns 7 through 8

     0     0
     0     0
     0     0
     0     0
     0     0
     0     0
     0     0
     0     0

Lisa (-1) to move (time left: 179.5 sec.):
  Columns 1 through 6

     0     0     0     0     0     0
     0     0     0     0     0     0
     0     0     0     0     1     0
     0     0    -1    -1     1     0
     0     0     0    -1    -1    -1
     0     0     0     0     0     0
     0     0     0     0     0     0
     0     0     0     0     0     0

  Columns 7 through 8

     0     0
     0     0
     0     0
     0     0
     0     0
     0     0
     0     0
     0     0

iWin (1) to move (time left: 167.3 sec.):
  167.3260

  Columns 1 through 6

     0     0     0     0     0     0
     0     0     0     0     0     0
     0     0     0     0     1     0
     0     1     1     1     1     0
     0     0     0    -1    -1    -1
     0     0     0     0     0     0
     0     0     0     0     0     0
     0     0     0     0     0     0

  Columns 7 through 8

     0     0
     0     0
     0     0
     0     0
     0     0
     0     0
     0     0
     0     0

Lisa (-1) to move (time left: 179.0 sec.):
  Columns 1 through 6

     0     0     0     0     0     0
     0     0     0     0     0     0
     0     0     0     0     1    -1
     0     1     1     1    -1     0
     0     0     0    -1    -1    -1
     0     0     0     0     0     0
     0     0     0     0     0     0
     0     0     0     0     0     0

  Columns 7 through 8

     0     0
     0     0
     0     0
     0     0
     0     0
     0     0
     0     0
     0     0

iWin (1) to move (time left: 138.2 sec.):
  138.1870

  Columns 1 through 6

     0     0     0     0     0     0
     0     0     0     0     0     0
     0     0     0     0     1    -1
     0     1     1     1     1     1
     0     0     0    -1    -1    -1
     0     0     0     0     0     0
     0     0     0     0     0     0
     0     0     0     0     0     0

  Columns 7 through 8

     0     0
     0     0
     0     0
     0     0
     0     0
     0     0
     0     0
     0     0

Lisa (-1) to move (time left: 173.7 sec.):
  Columns 1 through 6

     0     0     0     0     0     0
     0     0     0     0     0     0
     0     0     0     0     1    -1
     0     1     1     1     1    -1
     0     0     0    -1    -1    -1
     0     0     0     0     0     0
     0     0     0     0     0     0
     0     0     0     0     0     0

  Columns 7 through 8

     0     0
     0     0
    -1     0
     0     0
     0     0
     0     0
     0     0
     0     0

iWin (1) to move (time left: 116.9 sec.):
  116.9110

  Columns 1 through 6

     0     0     0     0     0     0
     0     0     0     0     0     0
     0     0     0     0     1    -1
     0     1     1     1     1     1
     0     0     0    -1    -1    -1
     0     0     0     0     0     0
     0     0     0     0     0     0
     0     0     0     0     0     0

  Columns 7 through 8

     0     0
     0     0
    -1     0
     0     0
     1     0
     0     0
     0     0
     0     0

Lisa (-1) to move (time left: 161.0 sec.):
  Columns 1 through 6

     0     0     0     0     0     0
     0     0     0     0     0     0
     0     0    -1     0     1    -1
     0     1     1    -1     1     1
     0     0     0    -1    -1    -1
     0     0     0     0     0     0
     0     0     0     0     0     0
     0     0     0     0     0     0

  Columns 7 through 8

     0     0
     0     0
    -1     0
     0     0
     1     0
     0     0
     0     0
     0     0

iWin (1) to move (time left: 95.3 sec.):
   95.3140

  Columns 1 through 6

     0     0     0     0     0     0
     0     0     0     0     0     0
     0     0    -1     0     1    -1
     0     1     1    -1     1     1
     0     0     0    -1    -1    -1
     0     0     0     0     0     0
     0     0     0     0     0     0
     0     0     0     0     0     0

  Columns 7 through 8

     0     0
     0     1
     1     0
     0     0
     1     0
     0     0
     0     0
     0     0

Lisa (-1) to move (time left: 143.2 sec.):
  Columns 1 through 6

     0     0     0     0     0     0
     0     0     0     0     0     0
     0     0    -1     0     1    -1
     0     1     1    -1    -1    -1
     0     0     0    -1    -1    -1
     0     0     0     0     0     0
     0     0     0     0     0     0
     0     0     0     0     0     0

  Columns 7 through 8

     0     0
     0     1
     1     0
    -1     0
     1     0
     0     0
     0     0
     0     0

iWin (1) to move (time left: 73.9 sec.):
   73.8600

  Columns 1 through 6

     0     0     0     0     0     0
     0     0     0     0     0     0
     0     0    -1     0     1    -1
     0     1     1     1    -1    -1
     0     0     1     1     1     1
     0     0     0     0     0     0
     0     0     0     0     0     0
     0     0     0     0     0     0

  Columns 7 through 8

     0     0
     0     1
     1     0
    -1     0
     1     0
     0     0
     0     0
     0     0

Lisa (-1) to move (time left: 137.0 sec.):
  Columns 1 through 6

     0     0     0     0     0     0
     0     0     0     0     0     0
     0     0    -1    -1    -1    -1
     0     1     1     1    -1    -1
     0     0     1     1     1     1
     0     0     0     0     0     0
     0     0     0     0     0     0
     0     0     0     0     0     0

  Columns 7 through 8

     0     0
     0     1
     1     0
    -1     0
     1     0
     0     0
     0     0
     0     0

iWin (1) to move (time left: 55.6 sec.):
   55.6360

  Columns 1 through 6

     0     0     0     0     0     0
     0     0     0     0     0     0
     0     0    -1    -1    -1    -1
     0     1     1     1    -1    -1
     0     0     1     1     1     1
     0     0     0     0     0     0
     0     0     0     0     0     0
     0     0     0     0     0     0

  Columns 7 through 8

     0     0
     0     1
     1     1
     1     0
     1     0
     0     0
     0     0
     0     0

Lisa (-1) to move (time left: 133.1 sec.):
  Columns 1 through 6

     0     0     0     0     0     0
     0     0     0     0     0     0
     0     0    -1    -1    -1    -1
     0     1    -1     1    -1    -1
     0    -1     1     1     1     1
     0     0     0     0     0     0
     0     0     0     0     0     0
     0     0     0     0     0     0

  Columns 7 through 8

     0     0
     0     1
     1     1
     1     0
     1     0
     0     0
     0     0
     0     0

iWin (1) to move (time left: 48.6 sec.):
   48.6000

  Columns 1 through 6

     0     0     0     0     0     0
     0     0     0     0     0     0
     0     0    -1    -1    -1    -1
     0     1    -1     1    -1    -1
     1     1     1     1     1     1
     0     0     0     0     0     0
     0     0     0     0     0     0
     0     0     0     0     0     0

  Columns 7 through 8

     0     0
     0     1
     1     1
     1     0
     1     0
     0     0
     0     0
     0     0

Lisa (-1) to move (time left: 129.1 sec.):
  Columns 1 through 6

     0     0     0     0     0     0
     0     0     0     0     0     0
     0     0    -1    -1    -1    -1
     0     1    -1     1    -1    -1
     1     1     1     1     1     1
     0     0     0     0     0     0
     0     0     0     0     0     0
     0     0     0     0     0     0

  Columns 7 through 8

     0     0
     0     1
     1     1
    -1     0
     1    -1
     0     0
     0     0
     0     0

iWin (1) to move (time left: 40.1 sec.):
   40.0550

  Columns 1 through 6

     0     0     0     0     0     0
     0     0     0     0     0     1
     0     0    -1    -1     1     1
     0     1    -1     1    -1     1
     1     1     1     1     1     1
     0     0     0     0     0     0
     0     0     0     0     0     0
     0     0     0     0     0     0

  Columns 7 through 8

     0     0
     0     1
     1     1
    -1     0
     1    -1
     0     0
     0     0
     0     0

Lisa (-1) to move (time left: 124.0 sec.):
  Columns 1 through 6

     0     0     0     0     0     0
     0     0     0     0     0     1
     0     0    -1    -1     1     1
     0     1    -1    -1    -1     1
     1     1     1    -1     1     1
     0     0     0    -1     0     0
     0     0     0     0     0     0
     0     0     0     0     0     0

  Columns 7 through 8

     0     0
     0     1
     1     1
    -1     0
     1    -1
     0     0
     0     0
     0     0

iWin (1) to move (time left: 33.4 sec.):
   33.4340

  Columns 1 through 6

     0     0     0     0     0     0
     0     0     0     0     0     1
     0     0    -1    -1     1     1
     0     1    -1    -1     1     1
     1     1     1     1     1     1
     0     0     1    -1     0     0
     0     0     0     0     0     0
     0     0     0     0     0     0

  Columns 7 through 8

     0     0
     0     1
     1     1
    -1     0
     1    -1
     0     0
     0     0
     0     0

Lisa (-1) to move (time left: 120.1 sec.):
  Columns 1 through 6

     0     0     0     0     0     0
     0     0     0     0     0     1
     0     0    -1    -1     1     1
     0     1    -1    -1     1     1
     1     1     1    -1     1    -1
     0     0     1    -1    -1     0
     0     0     0     0     0     0
     0     0     0     0     0     0

  Columns 7 through 8

     0     0
     0     1
     1     1
    -1     0
     1    -1
     0     0
     0     0
     0     0

iWin (1) to move (time left: 22.8 sec.):
   22.7670

  Columns 1 through 6

     0     0     0     0     0     0
     0     1     0     0     0     1
     0     0     1    -1     1     1
     0     1    -1     1     1     1
     1     1     1    -1     1    -1
     0     0     1    -1    -1     0
     0     0     0     0     0     0
     0     0     0     0     0     0

  Columns 7 through 8

     0     0
     0     1
     1     1
    -1     0
     1    -1
     0     0
     0     0
     0     0

Lisa (-1) to move (time left: 95.3 sec.):
  Columns 1 through 6

     0     0     0     0     0     0
     0     1    -1     0     0     1
     0     0    -1    -1     1     1
     0     1    -1     1     1     1
     1     1     1    -1     1    -1
     0     0     1    -1    -1     0
     0     0     0     0     0     0
     0     0     0     0     0     0

  Columns 7 through 8

     0     0
     0     1
     1     1
    -1     0
     1    -1
     0     0
     0     0
     0     0

iWin (1) to move (time left: 21.6 sec.):
   21.5770

  Columns 1 through 6

     0     1     0     0     0     0
     0     1     1     0     0     1
     0     0    -1     1     1     1
     0     1    -1     1     1     1
     1     1     1    -1     1    -1
     0     0     1    -1    -1     0
     0     0     0     0     0     0
     0     0     0     0     0     0

  Columns 7 through 8

     0     0
     0     1
     1     1
    -1     0
     1    -1
     0     0
     0     0
     0     0

Lisa (-1) to move (time left: 84.0 sec.):
  Columns 1 through 6

    -1     1     0     0     0     0
     0    -1     1     0     0     1
     0     0    -1     1     1     1
     0     1    -1     1     1     1
     1     1     1    -1     1    -1
     0     0     1    -1    -1     0
     0     0     0     0     0     0
     0     0     0     0     0     0

  Columns 7 through 8

     0     0
     0     1
     1     1
    -1     0
     1    -1
     0     0
     0     0
     0     0

iWin (1) to move (time left: 20.3 sec.):
   20.3200

  Columns 1 through 6

    -1     1     0     0     0     0
     0    -1     1     0     0     1
     0     0    -1     1     1     1
     0     1    -1     1     1     1
     1     1     1     1     1     1
     0     0     1     1     1     0
     0     0     0     1     0     0
     0     0     0     0     0     0

  Columns 7 through 8

     0     0
     0     1
     1     1
     1     0
     1    -1
     0     0
     0     0
     0     0

Lisa (-1) to move (time left: 78.2 sec.):
  Columns 1 through 6

    -1    -1    -1     0     0     0
     0    -1    -1     0     0     1
     0     0    -1     1     1     1
     0     1    -1     1     1     1
     1     1     1     1     1     1
     0     0     1     1     1     0
     0     0     0     1     0     0
     0     0     0     0     0     0

  Columns 7 through 8

     0     0
     0     1
     1     1
     1     0
     1    -1
     0     0
     0     0
     0     0

iWin (1) to move (time left: 18.6 sec.):
   18.6140

  Columns 1 through 6

    -1    -1    -1     0     0     0
     0    -1    -1     0     0     1
     0     1     1     1     1     1
     0     1     1     1     1     1
     1     1     1     1     1     1
     0     0     1     1     1     0
     0     0     0     1     0     0
     0     0     0     0     0     0

  Columns 7 through 8

     0     0
     0     1
     1     1
     1     0
     1    -1
     0     0
     0     0
     0     0

Lisa (-1) to move (time left: 75.6 sec.):
  Columns 1 through 6

    -1    -1    -1     0     0     0
     0    -1    -1     0     0     1
     0     1    -1     1     1     1
     0     1     1    -1     1     1
     1     1     1     1    -1     1
     0     0     1     1     1    -1
     0     0     0     1     0     0
     0     0     0     0     0     0

  Columns 7 through 8

     0     0
     0     1
     1     1
     1     0
     1    -1
     0     0
     0     0
     0     0

iWin (1) to move (time left: 18.2 sec.):
   18.2060

  Columns 1 through 6

    -1    -1    -1     0     0     0
     0    -1    -1     1     0     1
     0     1     1     1     1     1
     0     1     1    -1     1     1
     1     1     1     1    -1     1
     0     0     1     1     1    -1
     0     0     0     1     0     0
     0     0     0     0     0     0

  Columns 7 through 8

     0     0
     0     1
     1     1
     1     0
     1    -1
     0     0
     0     0
     0     0

Lisa (-1) to move (time left: 72.6 sec.):
  Columns 1 through 6

    -1    -1    -1     0     0     0
     0    -1    -1     1     0     1
     0    -1     1     1     1     1
    -1    -1    -1    -1     1     1
     1     1     1     1    -1     1
     0     0     1     1     1    -1
     0     0     0     1     0     0
     0     0     0     0     0     0

  Columns 7 through 8

     0     0
     0     1
     1     1
     1     0
     1    -1
     0     0
     0     0
     0     0

iWin (1) to move (time left: 17.7 sec.):
   17.6530

  Columns 1 through 6

    -1    -1    -1     0     0     0
     0    -1    -1     1     0     1
     0    -1     1     1     1     1
    -1    -1    -1     1     1     1
     1     1     1     1     1     1
     0     0     1     1     1     1
     0     0     0     1     0     0
     0     0     0     0     0     0

  Columns 7 through 8

     0     0
     0     1
     1     1
     1     0
     1    -1
     0     0
     1     0
     0     0

Lisa (-1) to move (time left: 66.0 sec.):
  Columns 1 through 6

    -1    -1    -1     0     0     0
     0    -1    -1     1     0     1
     0    -1     1     1     1     1
    -1    -1    -1     1     1     1
    -1    -1     1     1     1     1
    -1     0     1     1     1     1
     0     0     0     1     0     0
     0     0     0     0     0     0

  Columns 7 through 8

     0     0
     0     1
     1     1
     1     0
     1    -1
     0     0
     1     0
     0     0

iWin (1) to move (time left: 16.9 sec.):
   16.8900

  Columns 1 through 6

    -1    -1    -1     0     0     0
     0    -1    -1     1     0     1
     1     1     1     1     1     1
    -1     1    -1     1     1     1
    -1    -1     1     1     1     1
    -1     0     1     1     1     1
     0     0     0     1     0     0
     0     0     0     0     0     0

  Columns 7 through 8

     0     0
     0     1
     1     1
     1     0
     1    -1
     0     0
     1     0
     0     0

Lisa (-1) to move (time left: 62.4 sec.):
  Columns 1 through 6

    -1    -1    -1     0     0     0
    -1    -1    -1     1     0     1
    -1    -1     1     1     1     1
    -1     1    -1     1     1     1
    -1    -1     1     1     1     1
    -1     0     1     1     1     1
     0     0     0     1     0     0
     0     0     0     0     0     0

  Columns 7 through 8

     0     0
     0     1
     1     1
     1     0
     1    -1
     0     0
     1     0
     0     0

iWin (1) to move (time left: 16.5 sec.):
   16.4640

  Columns 1 through 6

    -1    -1    -1     0     0     0
    -1    -1    -1     1     0     1
    -1    -1     1     1     1     1
    -1     1    -1     1     1     1
    -1     1     1     1     1     1
    -1     1     1     1     1     1
     0     0     0     1     0     0
     0     0     0     0     0     0

  Columns 7 through 8

     0     0
     0     1
     1     1
     1     0
     1    -1
     0     0
     1     0
     0     0

Lisa (-1) to move (time left: 58.8 sec.):
  Columns 1 through 6

    -1    -1    -1     0     0     0
    -1    -1    -1     1     0     1
    -1    -1     1     1     1     1
    -1     1    -1     1     1     1
    -1     1     1    -1     1     1
    -1     1     1     1    -1     1
     0     0     0     1     0    -1
     0     0     0     0     0     0

  Columns 7 through 8

     0     0
     0     1
     1     1
     1     0
     1    -1
     0     0
     1     0
     0     0

iWin (1) to move (time left: 16.2 sec.):
   16.2420

  Columns 1 through 6

    -1    -1    -1     0     0     0
    -1    -1    -1     1     0     1
    -1    -1     1     1     1     1
    -1     1    -1     1     1     1
    -1     1     1    -1     1     1
    -1     1     1     1     1     1
     0     0     0     1     1     1
     0     0     0     0     0     0

  Columns 7 through 8

     0     0
     0     1
     1     1
     1     0
     1    -1
     0     0
     1     0
     0     0

Lisa (-1) to move (time left: 50.5 sec.):
  Columns 1 through 6

    -1    -1    -1     0     0     0
    -1    -1    -1     1     0     1
    -1    -1    -1     1     1     1
    -1     1    -1    -1     1     1
    -1     1     1    -1    -1     1
    -1     1     1     1     1    -1
     0     0     0     1     1     1
     0     0     0     0     0     0

  Columns 7 through 8

     0     0
     0     1
     1     1
     1     0
     1    -1
     0     0
    -1     0
     0    -1

iWin (1) to move (time left: 15.8 sec.):
   15.7770

  Columns 1 through 6

    -1    -1    -1     0     0     0
    -1    -1    -1     1     0     1
    -1    -1    -1     1     1     1
    -1     1    -1    -1     1     1
    -1     1     1    -1    -1     1
    -1     1     1     1     1    -1
     0     0     0     1     1     1
     0     0     0     0     0     0

  Columns 7 through 8

     0     0
     0     1
     1     1
     1     0
     1    -1
     0     0
     1     1
     0    -1

Lisa (-1) to move (time left: 41.1 sec.):
  Columns 1 through 6

    -1    -1    -1     0     0     0
    -1    -1    -1     1     0     1
    -1    -1    -1     1     1     1
    -1     1    -1    -1    -1    -1
    -1     1     1    -1    -1     1
    -1     1     1     1     1    -1
     0     0     0     1     1     1
     0     0     0     0     0     0

  Columns 7 through 8

     0     0
     0     1
     1     1
    -1    -1
    -1    -1
     0     0
     1     1
     0    -1

iWin (1) to move (time left: 15.4 sec.):
   15.4380

  Columns 1 through 6

    -1    -1    -1     0     0     0
    -1    -1    -1     1     0     1
    -1    -1    -1     1     1     1
    -1     1    -1    -1    -1    -1
    -1     1     1    -1    -1     1
    -1     1     1     1     1     1
     0     0     0     1     1     1
     0     0     0     0     0     0

  Columns 7 through 8

     0     0
     0     1
     1     1
     1    -1
     1    -1
     1     0
     1     1
     0    -1

Lisa (-1) to move (time left: 28.7 sec.):
  Columns 1 through 6

    -1    -1    -1     0     0     0
    -1    -1    -1     1     0     1
    -1    -1    -1     1     1     1
    -1     1    -1    -1    -1    -1
    -1     1     1    -1    -1     1
    -1     1     1     1     1     1
     0     0     0     1     1     1
     0     0     0     0     0     0

  Columns 7 through 8

     0    -1
     0    -1
     1    -1
     1    -1
     1    -1
     1     0
     1     1
     0    -1

iWin (1) to move (time left: 15.2 sec.):
   15.1630

  Columns 1 through 6

    -1    -1    -1     0     0     0
    -1    -1    -1     1     0     1
    -1    -1    -1     1     1     1
    -1     1    -1    -1    -1    -1
    -1     1     1    -1    -1     1
    -1     1     1     1     1     1
     0     0     0     1     1     1
     0     0     0     0     0     0

  Columns 7 through 8

     0    -1
     0    -1
     1    -1
     1    -1
     1    -1
     1     0
     1     1
     0    -1

Lisa (-1) to move (time left: 24.6 sec.):
  Columns 1 through 6

    -1    -1    -1     0     0     0
    -1    -1    -1     1     0     1
    -1    -1    -1     1     1     1
    -1     1    -1    -1    -1    -1
    -1     1     1    -1    -1     1
    -1    -1    -1    -1    -1    -1
     0     0     0     1     1     1
     0     0     0     0     0     0

  Columns 7 through 8

     0    -1
     0    -1
     1    -1
     1    -1
    -1    -1
    -1    -1
     1    -1
     0    -1

iWin (1) to move (time left: 14.9 sec.):
   14.9160

  Columns 1 through 6

    -1    -1    -1     0     0     0
    -1    -1    -1     1     0     1
    -1    -1    -1     1     1     1
    -1     1    -1    -1    -1     1
    -1     1     1    -1     1     1
    -1    -1     1     1    -1    -1
     0     0     1     1     1     1
     0     0     0     0     0     0

  Columns 7 through 8

     0    -1
     0    -1
     1    -1
     1    -1
    -1    -1
    -1    -1
     1    -1
     0    -1

Lisa (-1) to move (time left: 19.2 sec.):
  Columns 1 through 6

    -1    -1    -1     0     0     0
    -1    -1    -1     1     0     1
    -1    -1    -1     1     1     1
    -1     1    -1    -1    -1     1
    -1     1     1    -1     1     1
    -1    -1     1     1    -1    -1
     0     0     1     1     1    -1
     0     0     0     0     0     0

  Columns 7 through 8

     0    -1
     0    -1
     1    -1
     1    -1
    -1    -1
    -1    -1
    -1    -1
    -1    -1

iWin (1) to move (time left: 14.7 sec.):
   14.6850

  Columns 1 through 6

    -1    -1    -1     0     0     0
    -1    -1    -1     1     0     1
    -1    -1    -1     1     1     1
    -1     1    -1    -1    -1     1
    -1     1     1    -1     1     1
    -1    -1     1     1    -1     1
     0     0     1     1     1     1
     0     0     0     0     0     1

  Columns 7 through 8

     0    -1
     0    -1
     1    -1
     1    -1
    -1    -1
    -1    -1
    -1    -1
    -1    -1

Lisa (-1) to move (time left: 16.4 sec.):
  Columns 1 through 6

    -1    -1    -1     0     0     0
    -1    -1    -1     1     0     1
    -1    -1    -1     1     1    -1
    -1     1    -1    -1    -1     1
    -1     1     1    -1     1     1
    -1    -1     1     1    -1     1
     0     0     1     1     1     1
     0     0     0     0     0     1

  Columns 7 through 8

     0    -1
    -1    -1
    -1    -1
    -1    -1
    -1    -1
    -1    -1
    -1    -1
    -1    -1

iWin (1) to move (time left: 14.4 sec.):
   14.4380

  Columns 1 through 6

    -1    -1    -1     0     0     0
    -1    -1    -1     1     0     1
    -1    -1    -1     1     1    -1
    -1     1    -1    -1    -1     1
    -1     1     1    -1     1     1
    -1     1     1     1    -1     1
     0     1     1     1     1     1
     0     0     0     0     0     1

  Columns 7 through 8

     0    -1
    -1    -1
    -1    -1
    -1    -1
    -1    -1
    -1    -1
    -1    -1
    -1    -1

Lisa (-1) to move (time left: 13.6 sec.):
  Columns 1 through 6

    -1    -1    -1     0     0     0
    -1    -1    -1     1     0    -1
    -1    -1    -1     1    -1    -1
    -1     1    -1    -1    -1     1
    -1     1     1    -1     1     1
    -1     1     1     1    -1     1
     0     1     1     1     1     1
     0     0     0     0     0     1

  Columns 7 through 8

    -1    -1
    -1    -1
    -1    -1
    -1    -1
    -1    -1
    -1    -1
    -1    -1
    -1    -1

iWin (1) to move (time left: 14.2 sec.):
   14.2430

  Columns 1 through 6

    -1    -1    -1     0     0     1
    -1    -1    -1     1     0     1
    -1    -1    -1     1    -1     1
    -1     1    -1    -1    -1     1
    -1     1     1    -1     1     1
    -1     1     1     1    -1     1
     0     1     1     1     1     1
     0     0     0     0     0     1

  Columns 7 through 8

    -1    -1
    -1    -1
    -1    -1
    -1    -1
    -1    -1
    -1    -1
    -1    -1
    -1    -1

Lisa (-1) to move (time left: 11.7 sec.):
  Columns 1 through 6

    -1    -1    -1     0     0     1
    -1    -1    -1    -1    -1    -1
    -1    -1    -1    -1    -1    -1
    -1     1    -1    -1    -1     1
    -1     1     1    -1     1     1
    -1     1     1     1    -1     1
     0     1     1     1     1     1
     0     0     0     0     0     1

  Columns 7 through 8

    -1    -1
    -1    -1
    -1    -1
    -1    -1
    -1    -1
    -1    -1
    -1    -1
    -1    -1

iWin (1) to move (time left: 14.0 sec.):
   14.0440

  Columns 1 through 6

    -1    -1    -1     0     1     1
    -1    -1    -1     1     1    -1
    -1    -1     1    -1     1    -1
    -1     1    -1    -1     1     1
    -1     1     1    -1     1     1
    -1     1     1     1    -1     1
     0     1     1     1     1     1
     0     0     0     0     0     1

  Columns 7 through 8

    -1    -1
    -1    -1
    -1    -1
    -1    -1
    -1    -1
    -1    -1
    -1    -1
    -1    -1

Lisa (-1) to move (time left: 4.4 sec.):
  Columns 1 through 6

    -1    -1    -1    -1    -1    -1
    -1    -1    -1    -1    -1    -1
    -1    -1     1    -1     1    -1
    -1     1    -1    -1     1     1
    -1     1     1    -1     1     1
    -1     1     1     1    -1     1
     0     1     1     1     1     1
     0     0     0     0     0     1

  Columns 7 through 8

    -1    -1
    -1    -1
    -1    -1
    -1    -1
    -1    -1
    -1    -1
    -1    -1
    -1    -1

iWin (1) to move (time left: 13.9 sec.):
   13.8620

  Columns 1 through 6

    -1    -1    -1    -1    -1    -1
    -1    -1    -1    -1    -1    -1
    -1    -1     1    -1     1    -1
    -1     1    -1    -1     1     1
    -1     1     1    -1     1     1
    -1     1     1     1    -1     1
     0     1     1     1     1     1
     0     0     0     0     0     1

  Columns 7 through 8

    -1    -1
    -1    -1
    -1    -1
    -1    -1
    -1    -1
    -1    -1
    -1    -1
    -1    -1

Lisa (-1) to move (time left: 3.8 sec.):
  Columns 1 through 6

    -1    -1    -1    -1    -1    -1
    -1    -1    -1    -1    -1    -1
    -1    -1     1    -1     1    -1
    -1     1    -1    -1     1     1
    -1     1     1    -1     1     1
    -1     1    -1     1    -1     1
     0    -1     1     1     1     1
    -1     0     0     0     0     1

  Columns 7 through 8

    -1    -1
    -1    -1
    -1    -1
    -1    -1
    -1    -1
    -1    -1
    -1    -1
    -1    -1

iWin (1) to move (time left: 13.7 sec.):
   13.6910

  Columns 1 through 6

    -1    -1    -1    -1    -1    -1
    -1    -1    -1    -1    -1    -1
    -1    -1     1    -1     1    -1
    -1     1    -1    -1     1     1
    -1     1     1    -1     1     1
    -1     1    -1     1    -1     1
     0     1     1     1     1     1
    -1     1     0     0     0     1

  Columns 7 through 8

    -1    -1
    -1    -1
    -1    -1
    -1    -1
    -1    -1
    -1    -1
    -1    -1
    -1    -1

Lisa (-1) to move (time left: 3.4 sec.):
  Columns 1 through 6

    -1    -1    -1    -1    -1    -1
    -1    -1    -1    -1    -1    -1
    -1    -1     1    -1     1    -1
    -1     1    -1    -1     1     1
    -1     1    -1    -1     1     1
    -1    -1    -1     1    -1     1
    -1    -1    -1    -1    -1    -1
    -1     1     0     0     0     1

  Columns 7 through 8

    -1    -1
    -1    -1
    -1    -1
    -1    -1
    -1    -1
    -1    -1
    -1    -1
    -1    -1

iWin (1) to move (time left: 13.5 sec.):
   13.5370

  Columns 1 through 6

    -1    -1    -1    -1    -1    -1
    -1    -1    -1    -1    -1    -1
    -1    -1     1    -1     1    -1
    -1     1    -1    -1     1     1
    -1     1    -1    -1     1     1
    -1    -1     1     1     1     1
    -1    -1    -1     1     1    -1
    -1     1     0     0     1     1

  Columns 7 through 8

    -1    -1
    -1    -1
    -1    -1
    -1    -1
    -1    -1
    -1    -1
    -1    -1
    -1    -1

Lisa (-1) to move (time left: 3.1 sec.):
  Columns 1 through 6

    -1    -1    -1    -1    -1    -1
    -1    -1    -1    -1    -1    -1
    -1    -1     1    -1     1    -1
    -1     1    -1    -1     1     1
    -1     1    -1    -1     1     1
    -1    -1     1    -1     1    -1
    -1    -1    -1    -1    -1    -1
    -1     1     0    -1    -1    -1

  Columns 7 through 8

    -1    -1
    -1    -1
    -1    -1
    -1    -1
    -1    -1
    -1    -1
    -1    -1
    -1    -1

iWin (1) to move (time left: 13.4 sec.):
   13.3880

  Columns 1 through 6

    -1    -1    -1    -1    -1    -1
    -1    -1    -1    -1    -1    -1
    -1    -1     1    -1     1    -1
    -1     1    -1    -1     1     1
    -1     1    -1    -1     1     1
    -1    -1     1    -1     1    -1
    -1    -1     1     1    -1    -1
    -1     1     1    -1    -1    -1

  Columns 7 through 8

    -1    -1
    -1    -1
    -1    -1
    -1    -1
    -1    -1
    -1    -1
    -1    -1
    -1    -1

Game over.
