iWin against Lisa:
     0     0     0     0     0     0     0     0
     0     0     0     0     0     0     0     0
     0     0     0     0     0     0     0     0
     0     0     0     1    -1     0     0     0
     0     0     0    -1     1     0     0     0
     0     0     0     0     0     0     0     0
     0     0     0     0     0     0     0     0
     0     0     0     0     0     0     0     0

Lisa (-1) to move (time left: 180.0 sec.):
     0     0     0     0     0     0     0     0
     0     0     0     0     0     0     0     0
     0     0     0     0     0     0     0     0
     0     0    -1    -1    -1     0     0     0
     0     0     0    -1     1     0     0     0
     0     0     0     0     0     0     0     0
     0     0     0     0     0     0     0     0
     0     0     0     0     0     0     0     0

iWin (1) to move (time left: 180.0 sec.):
   180

1111111
22222
33333
     0     0     0     0     0     0     0     0
     0     0     0     0     0     0     0     0
     0     0     0     0     0     0     0     0
     0     0    -1    -1    -1     0     0     0
     0     0     1     1     1     0     0     0
     0     0     0     0     0     0     0     0
     0     0     0     0     0     0     0     0
     0     0     0     0     0     0     0     0

Lisa (-1) to move (time left: 179.5 sec.):
     0     0     0     0     0     0     0     0
     0     0     0     0     0     0     0     0
     0     0     0     0     0     0     0     0
     0     0    -1    -1    -1     0     0     0
     0     0     1    -1     1     0     0     0
     0     0     0    -1     0     0     0     0
     0     0     0     0     0     0     0     0
     0     0     0     0     0     0     0     0

iWin (1) to move (time left: 179.8 sec.):
  179.8450

444
444
444
444
444
444
444
444
444
444
444
444
444
444
444
444
444
444
444
444
444
444
444
444
444
444
444
444
444
444
444
444
444
444
444
444
444
444
444
444
444
444
444
444
444
444
444
444
444
444
444
444
444
444
444
444
444
444
444
444
444
444
444
444
444
444
444
444
444
444
444
444
444
444
444
444
444
444
444
444
444
444
444
444
444
444
444
444
444
444
444
444
444
444
444
444
444
444
444
444
444
444
444
444
444
444
444
444
444
444
444
444
444
444
444
444
444
444
444
444
444
444
444
444
444
444
444
444
444
444
444
444
444
444
444
444
444
444
444
444
444
444
444
444
444
444
444
444
444
444
444
444
444
444
444
444
444
444
444
444
444
444
444
444
444
444
444
444
444
444
444
444
444
444
444
444
444
444
444
444
444
444
444
444
444
444
444
444
444
444
444
444
444
444
444
444
444
444
444
444
444
444
444
444
444
444
444
444
444
444
444
444
444
444
444
444
444
444
444
444
444
444
444
444
444
444
444
444
444
444
444
444
444
444
444
444
444
444
444
444
444
444
444
444
444
444
444
444
444
444
444
444
444
444
444
444
444
444
444
444
444
444
444
444
444
444
444
444
444
444
444
444
444
444
444
444
444
444
444
444
444
444
444
444
444
444
444
444
444
444
444
444
444
444
444
444
444
444
444
444
444
444
444
444
444
444
444
444
444
444
444
444
444
444
444
444
444
444
444
444
444
444
444
444
444
444
444
444
444
444
444
444
444
444
444
444
444
444
444
444
444
444
444
444
444
444
444
444
444
444
444
444
444
444
444
444
444
444
444
444
444
444
444
444
444
444
444
444
444
444
444
444
444
444
444
444
444
444
444
444
444
444
444
444
444
444
444
444
444
444
444
444
444
444
444
444
444
444
444
444
444
444
444
444
444
444
444
444
444
444
444
444
444
444
444
444
444
444
444
444
444
444
444
444
444
444
444
444
444
444
444
444
444
444
444
444
444
444
444
444
444
444
444
444
444
444
444
444
444
444
444
444
444
444
444
444
444
444
444
444
444
444
444
444
444
444
444
444
444
444
444
444
444
444
444
444
444
444
444
444
444
444
444
444
444
444
444
444
444
444
444
444
444
444
444
444
444
444
444
444
444
444
444
444
444
444
444
444
444
444
444
444
444
444
444
444
444
444
444
444
444
444
444
444
444
444
444
444
444
444
444
444
444
444
444
444
444
444
444
444
444
444
444
444
444
444
444
444
444
444
444
444
444
444
444
444
444
444
444
444
444
444
444
444
444
444
444
444
444
444
444
444
444
444
444
444
444
444
444
444
444
444
444
444
444
444
444
444
444
444
444
444
444
444
444
444
444
444
444
444
444
444
444
444
444
444
444
444
444
444
444
444
444
444
444
444
444
444
444
444
444
444
444
444
444
444
444
444
444
444
444
444
444
444
444
444
444
444
444
444
444
444
444
444
444
444
444
444
444
444
444
444
444
444
444
444
444
444
444
444
444
444
444
444
444
444
444
444
444
444
444
444
444
444
444
444
444
444
444
444
444
444
444
444
444
444
444
444
444
444
444
444
444
444
444
444
444
444
444
444
444
444
444
444
444
444
444
444
444
444
444
444
444
444
444
444
444
444
444
444
444
444
444
444
444
444
444
444
444
444
444
444
444
444
444
444
444
444
444
444
444
444
444
444
444
444
444
444
444
444
444
444
444
444
444
444
444
444
444
444
444
444
444
444
444
444
444
444
444
444
444
444
444
444
444
444
444
444
444
444
444
444
444
444
444
444
444
444
444
444
444
444
444
444
444
444
444
444
444
444
444
444
444
444
444
444
444
444
444
444
444
444
444
444
444
444
444
444
444
444
444
444
444
444
444
444
444
444
444
444
444
444
444
444
444
444
444
444
444
444
444
444
444
444
444
444
444
444
444
444
444
444
444
444
444
444
444
444
444
444
444
444
444
444
444
444
444
444
444
444
444
444
444
444
444
444
444
444
444
444
444
444
444
444
444
444
444
444
444
444
444
444
444
444
444
444
444
444
444
444
444
444
444
444
444
444
444
444
444
444
444
444
444
444
444
444
444
444
444
444
444
444
444
444
444
444
444
444
444
444
444
444
444
444
444
444
444
444
444
444
444
444
444
444
444
444
444
444
444
444
444
444
444
444
444
444
444
444
444
444
444
444
444
444
444
444
444
444
444
444
444
444
444
444
444
444
444
444
444
444
444
444
444
444
444
444
444
444
444
444
444
444
444
444
444
444
444
444
444
444
444
444
444
444
444
444
444
444
444
444
444
444
444
444
444
444
444
444
444
444
444
444
444
444
444
444
444
444
444
444
444
444
444
444
444
444
444
444
444
444
444
444
444
444
444
444
444
444
444
444
444
444
444
444
444
444
444
444
444
444
444
444
444
444
444
444
444
444
444
444
444
444
444
444
444
444
444
444
444
444
444
444
444
444
444
444
444
444
444
444
444
444
444
444
444
444
444
444
444
444
444
444
444
444
444
444
444
444
444
444
444
444
444
444
444
444
444
444
444
444
444
444
{Operation terminated by user during <a href="matlab:helpUtils.errorDocCallback('get_valid_moves', 'D:\Othello\players\iWin\get_valid_moves.m', 19)" style="font-weight:bold">get_valid_moves</a>
(<a href="matlab: opentoline('D:\Othello\players\iWin\get_valid_moves.m',19,0)">line 19</a>)


In <a href="matlab:helpUtils.errorDocCallback('evaluation', 'D:\Othello\players\iWin\evaluation.m', 197)" style="font-weight:bold">evaluation</a> (<a href="matlab: opentoline('D:\Othello\players\iWin\evaluation.m',197,0)">line 197</a>)
	gegSteine = size(get_valid_moves(board,
    -color), 1);

In <a href="matlab:helpUtils.errorDocCallback('WeWinMagic', 'D:\Othello\players\iWin\WeWinMagic.m', 40)" style="font-weight:bold">WeWinMagic</a> (<a href="matlab: opentoline('D:\Othello\players\iWin\WeWinMagic.m',40,0)">line 40</a>)
    max_v = evaluation(board, color, moves_list);

In <a href="matlab:helpUtils.errorDocCallback('WeWinMagic>min', 'D:\Othello\players\iWin\WeWinMagic.m', 87)" style="font-weight:bold">WeWinMagic>min</a> (<a href="matlab: opentoline('D:\Othello\players\iWin\WeWinMagic.m',87,0)">line 87</a>)
        value = WeWinMagic(new_board, depth-1,
        -color, alpha, min_value, maxDepth);

In <a href="matlab:helpUtils.errorDocCallback('WeWinMagic', 'D:\Othello\players\iWin\WeWinMagic.m', 49)" style="font-weight:bold">WeWinMagic</a> (<a href="matlab: opentoline('D:\Othello\players\iWin\WeWinMagic.m',49,0)">line 49</a>)
        value = min(-color, depth-1, new_board,
        max_value, beta, maxDepth);

In <a href="matlab:helpUtils.errorDocCallback('WeWinMagic>min', 'D:\Othello\players\iWin\WeWinMagic.m', 87)" style="font-weight:bold">WeWinMagic>min</a> (<a href="matlab: opentoline('D:\Othello\players\iWin\WeWinMagic.m',87,0)">line 87</a>)
        value = WeWinMagic(new_board, depth-1,
        -color, alpha, min_value, maxDepth);

In <a href="matlab:helpUtils.errorDocCallback('WeWinMagic', 'D:\Othello\players\iWin\WeWinMagic.m', 49)" style="font-weight:bold">WeWinMagic</a> (<a href="matlab: opentoline('D:\Othello\players\iWin\WeWinMagic.m',49,0)">line 49</a>)
        value = min(-color, depth-1, new_board,
        max_value, beta, maxDepth);

In <a href="matlab:helpUtils.errorDocCallback('WeWinMagic>min', 'D:\Othello\players\iWin\WeWinMagic.m', 87)" style="font-weight:bold">WeWinMagic>min</a> (<a href="matlab: opentoline('D:\Othello\players\iWin\WeWinMagic.m',87,0)">line 87</a>)
        value = WeWinMagic(new_board, depth-1,
        -color, alpha, min_value, maxDepth);

In <a href="matlab:helpUtils.errorDocCallback('WeWinMagic', 'D:\Othello\players\iWin\WeWinMagic.m', 49)" style="font-weight:bold">WeWinMagic</a> (<a href="matlab: opentoline('D:\Othello\players\iWin\WeWinMagic.m',49,0)">line 49</a>)
        value = min(-color, depth-1, new_board,
        max_value, beta, maxDepth);

In <a href="matlab:helpUtils.errorDocCallback('iWin', 'D:\Othello\players\iWin.m', 19)" style="font-weight:bold">iWin</a> (<a href="matlab: opentoline('D:\Othello\players\iWin.m',19,0)">line 19</a>)
    [val, b] = WeWinMagic(board, depth, color,
    -inf, inf, depth);

In D:\Othello\tournament_main.p>play_game (line
118)


In D:\Othello\tournament_main.p>tournament_main
(line 50)

} 
tournament_main('time_budget',180,'games_per_pair',1)
