MiniMaxPlayer2 against Lisa:
     0     0     0     0     0     0     0     0
     0     0     0     0     0     0     0     0
     0     0     0     0     0     0     0     0
     0     0     0     1    -1     0     0     0
     0     0     0    -1     1     0     0     0
     0     0     0     0     0     0     0     0
     0     0     0     0     0     0     0     0
     0     0     0     0     0     0     0     0

Lisa (-1) to move (time left: 5.0 sec.):
     0     0     0     0     0     0     0     0
     0     0     0     0     0     0     0     0
     0     0     0     0     0     0     0     0
     0     0    -1    -1    -1     0     0     0
     0     0     0    -1     1     0     0     0
     0     0     0     0     0     0     0     0
     0     0     0     0     0     0     0     0
     0     0     0     0     0     0     0     0

MiniMaxPlayer2 (1) to move (time left: 5.0 sec.):
     0     0     0     0     0     0     0     0
     0     0     0     0     0     0     0     0
     0     0     0     0     1     0     0     0
     0     0    -1    -1     1     0     0     0
     0     0     0    -1     1     0     0     0
     0     0     0     0     0     0     0     0
     0     0     0     0     0     0     0     0
     0     0     0     0     0     0     0     0

Lisa (-1) to move (time left: 4.9 sec.):
     0     0     0     0     0     0     0     0
     0     0     0     0     0     0     0     0
     0     0     0     0     1     0     0     0
     0     0    -1    -1     1     0     0     0
     0     0     0    -1    -1    -1     0     0
     0     0     0     0     0     0     0     0
     0     0     0     0     0     0     0     0
     0     0     0     0     0     0     0     0

MiniMaxPlayer2 (1) to move (time left: 4.9 sec.):
     0     0     0     0     0     0     0     0
     0     0     0     0     0     0     0     0
     0     0     0     0     1     0     0     0
     0     0    -1    -1     1     0     0     0
     0     0     0     1    -1    -1     0     0
     0     0     1     0     0     0     0     0
     0     0     0     0     0     0     0     0
     0     0     0     0     0     0     0     0

Lisa (-1) to move (time left: 4.8 sec.):
     0     0     0     0     0     0     0     0
     0     0     0     0     0     0     0     0
     0     0     0     0     1     0     0     0
     0     0    -1    -1     1     0     0     0
     0     0     0    -1    -1    -1     0     0
     0     0     1    -1     0     0     0     0
     0     0     0     0     0     0     0     0
     0     0     0     0     0     0     0     0

MiniMaxPlayer2 (1) to move (time left: 4.9 sec.):
     0     0     0     0     0     0     0     0
     0     0     0     0     0     0     0     0
     0     0     0     0     1     0     0     0
     0     0    -1    -1     1     0     0     0
     0     0     0    -1     1    -1     0     0
     0     0     1     1     1     0     0     0
     0     0     0     0     0     0     0     0
     0     0     0     0     0     0     0     0

Lisa (-1) to move (time left: 4.7 sec.):
     0     0     0     0     0     0     0     0
     0     0     0     0     0     0     0     0
     0     0     0     0     1     0     0     0
     0     0    -1    -1     1     0     0     0
     0     0     0    -1    -1    -1     0     0
     0     0     1     1     1    -1     0     0
     0     0     0     0     0     0     0     0
     0     0     0     0     0     0     0     0

MiniMaxPlayer2 (1) to move (time left: 4.8 sec.):
     0     0     0     0     0     0     0     0
     0     0     0     0     0     0     0     0
     0     0     0     0     1     0     0     0
     0     0    -1    -1     1     0     0     0
     0     0     0    -1    -1     1     0     0
     0     0     1     1     1     1     1     0
     0     0     0     0     0     0     0     0
     0     0     0     0     0     0     0     0

Lisa (-1) to move (time left: 4.5 sec.):
     0     0     0     0     0     0     0     0
     0     0     0     0     0     0     0     0
     0     0     0     0     1     0     0     0
     0     0    -1    -1     1     0     0     0
     0     0     0    -1    -1     1     0     0
     0     0     1    -1     1     1     1     0
     0     0     0    -1     0     0     0     0
     0     0     0     0     0     0     0     0

MiniMaxPlayer2 (1) to move (time left: 4.8 sec.):
     0     0     0     0     0     0     0     0
     0     0     0     0     0     0     0     0
     0     0     1     0     1     0     0     0
     0     0    -1     1     1     0     0     0
     0     0     0    -1     1     1     0     0
     0     0     1    -1     1     1     1     0
     0     0     0    -1     0     0     0     0
     0     0     0     0     0     0     0     0

Lisa (-1) to move (time left: 4.2 sec.):
     0     0     0     0     0     0     0     0
     0     0     0     0     0     0     0     0
     0     0     1    -1     1     0     0     0
     0     0    -1    -1     1     0     0     0
     0     0     0    -1     1     1     0     0
     0     0     1    -1     1     1     1     0
     0     0     0    -1     0     0     0     0
     0     0     0     0     0     0     0     0

MiniMaxPlayer2 (1) to move (time left: 4.7 sec.):
     0     0     0     0     0     0     0     0
     0     0     0     0     0     0     0     0
     0     0     1    -1     1     0     0     0
     0     0     1     1     1     0     0     0
     0     0     1     1     1     1     0     0
     0     0     1    -1     1     1     1     0
     0     0     0    -1     0     0     0     0
     0     0     0     0     0     0     0     0

Lisa (-1) to move (time left: 3.8 sec.):
     0     0     0     0     0     0     0     0
     0     0     0     0     0     0     0     0
     0     0     1    -1     1     0     0     0
     0     0     1     1     1    -1     0     0
     0     0     1     1    -1     1     0     0
     0     0     1    -1     1     1     1     0
     0     0     0    -1     0     0     0     0
     0     0     0     0     0     0     0     0

MiniMaxPlayer2 (1) to move (time left: 4.6 sec.):
     0     0     0     0     0     0     0     0
     0     0     0     0     0     0     0     0
     0     0     1    -1     1     0     0     0
     0     0     1     1     1    -1     0     0
     0     0     1     1    -1     1     0     0
     0     0     1     1     1     1     1     0
     0     0     0     1     0     0     0     0
     0     0     0     1     0     0     0     0

Lisa (-1) to move (time left: 3.6 sec.):
     0     0     0     0     0     0     0     0
     0     0     0    -1     0     0     0     0
     0     0     1    -1    -1     0     0     0
     0     0     1     1     1    -1     0     0
     0     0     1     1    -1     1     0     0
     0     0     1     1     1     1     1     0
     0     0     0     1     0     0     0     0
     0     0     0     1     0     0     0     0

MiniMaxPlayer2 (1) to move (time left: 4.5 sec.):
     0     0     0     0     0     0     0     0
     0     0     0    -1     0     0     0     0
     0     0     1     1     1     1     0     0
     0     0     1     1     1     1     0     0
     0     0     1     1    -1     1     0     0
     0     0     1     1     1     1     1     0
     0     0     0     1     0     0     0     0
     0     0     0     1     0     0     0     0

Lisa (-1) to move (time left: 3.3 sec.):
     0     0     0     0     0     0     0     0
     0     0     0    -1     0     0     0     0
     0     0     1     1     1     1    -1     0
     0     0     1     1     1    -1     0     0
     0     0     1     1    -1     1     0     0
     0     0     1     1     1     1     1     0
     0     0     0     1     0     0     0     0
     0     0     0     1     0     0     0     0

MiniMaxPlayer2 (1) to move (time left: 4.4 sec.):
     0     0     0     0     0     0     0     0
     0     0     0    -1     0     0     0     0
     0     0     1     1     1     1     1     1
     0     0     1     1     1    -1     0     0
     0     0     1     1    -1     1     0     0
     0     0     1     1     1     1     1     0
     0     0     0     1     0     0     0     0
     0     0     0     1     0     0     0     0

Lisa (-1) to move (time left: 3.1 sec.):
     0     0     0     0     0     0     0     0
     0     0     0    -1     0     0     0     0
     0     0     1     1     1     1     1     1
     0     0     1     1     1    -1     0     0
     0     0     1     1    -1    -1    -1     0
     0     0     1     1     1     1     1     0
     0     0     0     1     0     0     0     0
     0     0     0     1     0     0     0     0

MiniMaxPlayer2 (1) to move (time left: 4.4 sec.):
     0     0     0     0     0     0     0     0
     0     0     0    -1     0     0     0     0
     0     0     1     1     1     1     1     1
     0     0     1     1     1     1     0     0
     0     0     1     1    -1    -1     1     0
     0     0     1     1     1     1     1     1
     0     0     0     1     0     0     0     0
     0     0     0     1     0     0     0     0

Lisa (-1) to move (time left: 2.7 sec.):
     0     0     0     0     0     0     0     0
     0     0    -1    -1     0     0     0     0
     0     0     1    -1     1     1     1     1
     0     0     1     1    -1     1     0     0
     0     0     1     1    -1    -1     1     0
     0     0     1     1     1     1     1     1
     0     0     0     1     0     0     0     0
     0     0     0     1     0     0     0     0

MiniMaxPlayer2 (1) to move (time left: 4.3 sec.):
     0     1     0     0     0     0     0     0
     0     0     1    -1     0     0     0     0
     0     0     1     1     1     1     1     1
     0     0     1     1     1     1     0     0
     0     0     1     1    -1     1     1     0
     0     0     1     1     1     1     1     1
     0     0     0     1     0     0     0     0
     0     0     0     1     0     0     0     0

Lisa (-1) to move (time left: 2.4 sec.):
     0     1     0     0     0     0     0     0
     0     0     1    -1     0     0     0     0
     0     0    -1     1     1     1     1     1
     0    -1     1     1     1     1     0     0
     0     0     1     1    -1     1     1     0
     0     0     1     1     1     1     1     1
     0     0     0     1     0     0     0     0
     0     0     0     1     0     0     0     0

MiniMaxPlayer2 (1) to move (time left: 4.2 sec.):
     0     1     0     0     0     0     0     0
     0     0     1    -1     0     0     0     0
     0     1     1     1     1     1     1     1
     0    -1     1     1     1     1     0     0
     0     0     1     1    -1     1     1     0
     0     0     1     1     1     1     1     1
     0     0     0     1     0     0     0     0
     0     0     0     1     0     0     0     0

Lisa (-1) to move (time left: 2.2 sec.):
     0     1     0     0     0     0     0     0
     0     0     1    -1     0     0     0     0
     0     1     1     1     1     1     1     1
     0    -1    -1    -1    -1    -1    -1     0
     0     0     1     1    -1     1     1     0
     0     0     1     1     1     1     1     1
     0     0     0     1     0     0     0     0
     0     0     0     1     0     0     0     0

MiniMaxPlayer2 (1) to move (time left: 4.2 sec.):
     0     1     0     0     0     0     0     0
     0     0     1    -1     0     0     0     0
     0     1     1     1     1     1     1     1
     0     1     1    -1    -1    -1    -1     0
     0     1     1     1    -1     1     1     0
     0     0     1     1     1     1     1     1
     0     0     0     1     0     0     0     0
     0     0     0     1     0     0     0     0

Lisa (-1) to move (time left: 1.9 sec.):
     0     1     0     0     0     0     0     0
     0     0     1    -1     0     0     0     0
     0     1     1     1     1     1     1     1
     0     1     1    -1    -1    -1    -1     0
     0     1     1     1    -1    -1    -1    -1
     0     0     1     1     1     1     1     1
     0     0     0     1     0     0     0     0
     0     0     0     1     0     0     0     0

MiniMaxPlayer2 (1) to move (time left: 4.1 sec.):
     0     1     0     0     0     0     0     0
     0     0     1    -1     0     0     0     0
     0     1     1     1     1     1     1     1
     0     1     1     1     1     1     1     1
     0     1     1     1    -1    -1     1     1
     0     0     1     1     1     1     1     1
     0     0     0     1     0     0     0     0
     0     0     0     1     0     0     0     0

Lisa (-1) to move (time left: 1.6 sec.):
     0     1     0     0     0     0     0     0
     0     0     1    -1    -1     0     0     0
     0     1     1     1    -1     1     1     1
     0     1     1     1    -1     1     1     1
     0     1     1     1    -1    -1     1     1
     0     0     1     1     1     1     1     1
     0     0     0     1     0     0     0     0
     0     0     0     1     0     0     0     0

MiniMaxPlayer2 (1) to move (time left: 4.0 sec.):
     0     1     1     0     0     0     0     0
     0     0     1     1    -1     0     0     0
     0     1     1     1     1     1     1     1
     0     1     1     1    -1     1     1     1
     0     1     1     1    -1    -1     1     1
     0     0     1     1     1     1     1     1
     0     0     0     1     0     0     0     0
     0     0     0     1     0     0     0     0

Lisa (-1) to move (time left: 1.3 sec.):
     0     1     1     0     0     0     0     0
     0     0     1     1    -1     0     0     0
     0     1     1     1     1     1     1     1
    -1    -1    -1    -1    -1     1     1     1
     0     1     1     1    -1    -1     1     1
     0     0     1     1     1     1     1     1
     0     0     0     1     0     0     0     0
     0     0     0     1     0     0     0     0

MiniMaxPlayer2 (1) to move (time left: 4.0 sec.):
     0     1     1     0     0     0     0     0
     0     0     1     1    -1     0     0     0
     1     1     1     1     1     1     1     1
    -1     1    -1    -1    -1     1     1     1
     0     1     1     1    -1    -1     1     1
     0     0     1     1     1     1     1     1
     0     0     0     1     0     0     0     0
     0     0     0     1     0     0     0     0

Lisa (-1) to move (time left: 1.1 sec.):
     0     1     1    -1     0     0     0     0
     0     0    -1    -1    -1     0     0     0
     1    -1     1    -1     1     1     1     1
    -1     1    -1    -1    -1     1     1     1
     0     1     1     1    -1    -1     1     1
     0     0     1     1     1     1     1     1
     0     0     0     1     0     0     0     0
     0     0     0     1     0     0     0     0

MiniMaxPlayer2 (1) to move (time left: 3.9 sec.):
     0     1     1     1     1     0     0     0
     0     0    -1     1     1     0     0     0
     1    -1     1    -1     1     1     1     1
    -1     1    -1    -1    -1     1     1     1
     0     1     1     1    -1    -1     1     1
     0     0     1     1     1     1     1     1
     0     0     0     1     0     0     0     0
     0     0     0     1     0     0     0     0

Lisa (-1) to move (time left: 0.8 sec.):
     0     1     1     1     1     0     0     0
    -1     0    -1     1     1     0     0     0
    -1    -1     1    -1     1     1     1     1
    -1     1    -1    -1    -1     1     1     1
     0     1     1     1    -1    -1     1     1
     0     0     1     1     1     1     1     1
     0     0     0     1     0     0     0     0
     0     0     0     1     0     0     0     0

MiniMaxPlayer2 (1) to move (time left: 3.8 sec.):
     0     1     1     1     1     0     0     0
    -1     1     1     1     1     0     0     0
    -1     1     1    -1     1     1     1     1
    -1     1    -1    -1    -1     1     1     1
     0     1     1     1    -1    -1     1     1
     0     0     1     1     1     1     1     1
     0     0     0     1     0     0     0     0
     0     0     0     1     0     0     0     0

Lisa (-1) to move (time left: 0.6 sec.):
    -1     1     1     1     1     0     0     0
    -1    -1     1     1     1     0     0     0
    -1     1    -1    -1     1     1     1     1
    -1     1    -1    -1    -1     1     1     1
     0     1     1     1    -1    -1     1     1
     0     0     1     1     1     1     1     1
     0     0     0     1     0     0     0     0
     0     0     0     1     0     0     0     0

MiniMaxPlayer2 (1) to move (time left: 3.8 sec.):
    -1     1     1     1     1     0     0     0
    -1    -1     1     1     1     0     0     0
    -1     1    -1    -1     1     1     1     1
    -1     1    -1    -1    -1     1     1     1
     0     1     1     1    -1    -1     1     1
     0     0     1     1     1     1     1     1
     0     0     0     1     0     0     0     0
     0     0     0     1     0     0     0     0

Lisa (-1) to move (time left: 0.4 sec.):
    -1    -1    -1    -1    -1    -1     0     0
    -1    -1     1     1    -1     0     0     0
    -1     1    -1    -1     1     1     1     1
    -1     1    -1    -1    -1     1     1     1
     0     1     1     1    -1    -1     1     1
     0     0     1     1     1     1     1     1
     0     0     0     1     0     0     0     0
     0     0     0     1     0     0     0     0

MiniMaxPlayer2 (1) to move (time left: 3.8 sec.):
    -1    -1    -1    -1    -1    -1     0     0
    -1    -1     1     1     1     1     0     0
    -1     1    -1    -1     1     1     1     1
    -1     1    -1    -1    -1     1     1     1
     0     1     1     1    -1    -1     1     1
     0     0     1     1     1     1     1     1
     0     0     0     1     0     0     0     0
     0     0     0     1     0     0     0     0

Lisa (-1) to move (time left: 0.1 sec.):
    -1    -1    -1    -1    -1    -1    -1     0
    -1    -1     1     1     1    -1     0     0
    -1     1    -1    -1    -1     1     1     1
    -1     1    -1    -1    -1     1     1     1
     0     1     1     1    -1    -1     1     1
     0     0     1     1     1     1     1     1
     0     0     0     1     0     0     0     0
     0     0     0     1     0     0     0     0

Error: Player has exceeded the budget.
