MiniMaxPlayer2 against Lisa:
     0     0     0     0     0     0     0     0
     0     0     0     0     0     0     0     0
     0     0     0     0     0     0     0     0
     0     0     0     1    -1     0     0     0
     0     0     0    -1     1     0     0     0
     0     0     0     0     0     0     0     0
     0     0     0     0     0     0     0     0
     0     0     0     0     0     0     0     0

Lisa (-1) to move (time left: 180.0 sec.):
     0     0     0     0     0     0     0     0
     0     0     0     0     0     0     0     0
     0     0     0     0     0     0     0     0
     0     0    -1    -1    -1     0     0     0
     0     0     0    -1     1     0     0     0
     0     0     0     0     0     0     0     0
     0     0     0     0     0     0     0     0
     0     0     0     0     0     0     0     0

MiniMaxPlayer2 (1) to move (time left: 180.0 sec.):
     0     0     0     0     0     0     0     0
     0     0     0     0     0     0     0     0
     0     0     0     0     1     0     0     0
     0     0    -1    -1     1     0     0     0
     0     0     0    -1     1     0     0     0
     0     0     0     0     0     0     0     0
     0     0     0     0     0     0     0     0
     0     0     0     0     0     0     0     0

Lisa (-1) to move (time left: 179.9 sec.):
     0     0     0     0     0     0     0     0
     0     0     0     0     0     0     0     0
     0     0     0     0     1     0     0     0
     0     0    -1    -1     1     0     0     0
     0     0     0    -1    -1    -1     0     0
     0     0     0     0     0     0     0     0
     0     0     0     0     0     0     0     0
     0     0     0     0     0     0     0     0

MiniMaxPlayer2 (1) to move (time left: 179.7 sec.):
     0     0     0     0     0     0     0     0
     0     0     0     0     0     0     0     0
     0     0     0     0     1     0     0     0
     0     0    -1    -1     1     0     0     0
     0     0     0     1    -1    -1     0     0
     0     0     1     0     0     0     0     0
     0     0     0     0     0     0     0     0
     0     0     0     0     0     0     0     0

Lisa (-1) to move (time left: 179.8 sec.):
     0     0     0     0     0     0     0     0
     0     0     0     0     0     0     0     0
     0     0     0     0     1     0     0     0
     0     0    -1    -1     1     0     0     0
     0     0     0    -1    -1    -1     0     0
     0     0     1     0    -1     0     0     0
     0     0     0     0     0     0     0     0
     0     0     0     0     0     0     0     0

MiniMaxPlayer2 (1) to move (time left: 179.2 sec.):
     0     0     0     0     0     0     0     0
     0     0     0     0     0     0     0     0
     0     0     0     0     1     0     0     0
     0     0    -1    -1     1     0     0     0
     0     0     0    -1    -1     1     0     0
     0     0     1     0    -1     0     1     0
     0     0     0     0     0     0     0     0
     0     0     0     0     0     0     0     0

Lisa (-1) to move (time left: 178.4 sec.):
     0     0     0     0     0     0     0     0
     0     0     0     0     0     0     0     0
     0     0     0     0     1     0     0     0
     0     0    -1    -1    -1    -1     0     0
     0     0     0    -1    -1     1     0     0
     0     0     1     0    -1     0     1     0
     0     0     0     0     0     0     0     0
     0     0     0     0     0     0     0     0

MiniMaxPlayer2 (1) to move (time left: 178.6 sec.):
     0     0     0     0     0     0     0     0
     0     0     0     0     0     0     0     0
     0     0     0     0     1     1     0     0
     0     0    -1    -1     1     1     0     0
     0     0     0     1    -1     1     0     0
     0     0     1     0    -1     0     1     0
     0     0     0     0     0     0     0     0
     0     0     0     0     0     0     0     0

Lisa (-1) to move (time left: 177.3 sec.):
     0     0     0     0     0     0     0     0
     0     0     0     0     0     0     0     0
     0     0     0     0     1     1     0     0
     0     0    -1    -1     1     1     0     0
     0     0     0    -1    -1     1     0     0
     0     0     1    -1    -1     0     1     0
     0     0     0     0     0     0     0     0
     0     0     0     0     0     0     0     0

MiniMaxPlayer2 (1) to move (time left: 177.4 sec.):
     0     0     0     0     0     0     0     0
     0     0     0     0     0     0     0     0
     0     0     0     0     1     1     0     0
     0     0    -1    -1     1     1     0     0
     0     0     0    -1    -1     1     0     0
     0     0     1     1     1     1     1     0
     0     0     0     0     0     0     0     0
     0     0     0     0     0     0     0     0

Lisa (-1) to move (time left: 175.3 sec.):
     0     0     0     0     0     0     0     0
     0     0     0     0     0     0     0     0
     0     0     0     0     1     1     0     0
     0     0    -1    -1     1     1     0     0
     0     0     0    -1    -1    -1    -1     0
     0     0     1     1     1     1     1     0
     0     0     0     0     0     0     0     0
     0     0     0     0     0     0     0     0

MiniMaxPlayer2 (1) to move (time left: 175.9 sec.):
     0     0     0     0     0     0     0     0
     0     0     0     0     0     0     0     0
     0     0     1     0     1     1     0     0
     0     0    -1     1     1     1     0     0
     0     0     0    -1     1    -1    -1     0
     0     0     1     1     1     1     1     0
     0     0     0     0     0     0     0     0
     0     0     0     0     0     0     0     0

Lisa (-1) to move (time left: 172.7 sec.):
     0     0     0     0     0     0     0     0
     0     0     0     0     0     0     0     0
     0     0     1    -1     1     1     0     0
     0     0    -1    -1    -1     1     0     0
     0     0     0    -1     1    -1    -1     0
     0     0     1     1     1     1     1     0
     0     0     0     0     0     0     0     0
     0     0     0     0     0     0     0     0

MiniMaxPlayer2 (1) to move (time left: 174.0 sec.):
     0     0     0     0     0     0     0     0
     0     0     0     0     0     0     0     0
     0     0     1    -1     1     1     0     0
     0     0    -1    -1    -1     1     0     0
     0     0     0    -1     1    -1     1     0
     0     0     1     1     1     1     1     1
     0     0     0     0     0     0     0     0
     0     0     0     0     0     0     0     0

Lisa (-1) to move (time left: 168.8 sec.):
     0     0     0     0     0     0     0     0
     0     0     0     0     0     0     0     0
     0     0     1    -1     1     1     0     0
     0     0    -1    -1    -1    -1    -1     0
     0     0     0    -1     1    -1     1     0
     0     0     1     1     1     1     1     1
     0     0     0     0     0     0     0     0
     0     0     0     0     0     0     0     0

MiniMaxPlayer2 (1) to move (time left: 171.9 sec.):
     0     0     0     0     0     0     0     0
     0     0     0     0     0     0     0     0
     0     0     1    -1     1     1     0     1
     0     0    -1    -1    -1    -1     1     0
     0     0     0    -1     1     1     1     0
     0     0     1     1     1     1     1     1
     0     0     0     0     0     0     0     0
     0     0     0     0     0     0     0     0

Lisa (-1) to move (time left: 157.5 sec.):
     0     0     0     0     0     0     0     0
     0     0     0    -1     0     0     0     0
     0     0     1    -1    -1     1     0     1
     0     0    -1    -1    -1    -1     1     0
     0     0     0    -1     1     1     1     0
     0     0     1     1     1     1     1     1
     0     0     0     0     0     0     0     0
     0     0     0     0     0     0     0     0

MiniMaxPlayer2 (1) to move (time left: 169.8 sec.):
     0     0     1     0     0     0     0     0
     0     0     0     1     0     0     0     0
     0     0     1    -1     1     1     0     1
     0     0    -1    -1    -1     1     1     0
     0     0     0    -1     1     1     1     0
     0     0     1     1     1     1     1     1
     0     0     0     0     0     0     0     0
     0     0     0     0     0     0     0     0

Lisa (-1) to move (time left: 149.6 sec.):
     0     0     1     0     0     0     0     0
     0     0    -1     1     0     0     0     0
     0     0    -1    -1     1     1     0     1
     0     0    -1    -1    -1     1     1     0
     0     0     0    -1     1     1     1     0
     0     0     1     1     1     1     1     1
     0     0     0     0     0     0     0     0
     0     0     0     0     0     0     0     0

MiniMaxPlayer2 (1) to move (time left: 167.7 sec.):
     0     0     1     0     0     0     0     0
     0     0     1     1     0     0     0     0
     0     0     1    -1     1     1     0     1
     0     0     1     1    -1     1     1     0
     0     0     1     1     1     1     1     0
     0     0     1     1     1     1     1     1
     0     0     0     0     0     0     0     0
     0     0     0     0     0     0     0     0

Lisa (-1) to move (time left: 144.5 sec.):
     0     0     1    -1     0     0     0     0
     0     0     1    -1     0     0     0     0
     0     0     1    -1     1     1     0     1
     0     0     1     1    -1     1     1     0
     0     0     1     1     1     1     1     0
     0     0     1     1     1     1     1     1
     0     0     0     0     0     0     0     0
     0     0     0     0     0     0     0     0

MiniMaxPlayer2 (1) to move (time left: 167.1 sec.):
     0     0     1     1     1     0     0     0
     0     0     1     1     0     0     0     0
     0     0     1    -1     1     1     0     1
     0     0     1     1    -1     1     1     0
     0     0     1     1     1     1     1     0
     0     0     1     1     1     1     1     1
     0     0     0     0     0     0     0     0
     0     0     0     0     0     0     0     0

Lisa (-1) to move (time left: 142.6 sec.):
     0     0     1     1     1     0     0     0
     0     0     1     1     0     0     0     0
     0     0     1    -1     1     1     0     1
     0     0     1    -1    -1     1     1     0
     0     0     1    -1     1     1     1     0
     0     0     1    -1     1     1     1     1
     0     0     0    -1     0     0     0     0
     0     0     0     0     0     0     0     0

MiniMaxPlayer2 (1) to move (time left: 166.5 sec.):
     0     0     1     1     1     0     0     0
     0     0     1     1     0     0     0     0
     0     0     1     1     1     1     0     1
     0     0     1     1    -1     1     1     0
     0     0     1     1     1     1     1     0
     0     0     1     1     1     1     1     1
     0     0     0     1     0     0     0     0
     0     0     0     1     0     0     0     0

Lisa (-1) to move (time left: 139.2 sec.):
     0     0     1     1     1     0     0     0
     0     0     1     1    -1     0     0     0
     0     0     1     1    -1     1     0     1
     0     0     1     1    -1     1     1     0
     0     0     1     1     1     1     1     0
     0     0     1     1     1     1     1     1
     0     0     0     1     0     0     0     0
     0     0     0     1     0     0     0     0

MiniMaxPlayer2 (1) to move (time left: 165.7 sec.):
     0     0     1     1     1     0     0     0
     0     0     1     1     1     1     0     0
     0     0     1     1     1     1     0     1
     0     0     1     1    -1     1     1     0
     0     0     1     1     1     1     1     0
     0     0     1     1     1     1     1     1
     0     0     0     1     0     0     0     0
     0     0     0     1     0     0     0     0

Lisa (-1) to move (time left: 138.3 sec.):
     0     0     1     1     1     0     0     0
     0     0     1     1     1     1     0     0
     0     0     1     1     1     1     0     1
     0     0     1     1    -1    -1    -1    -1
     0     0     1     1     1     1     1     0
     0     0     1     1     1     1     1     1
     0     0     0     1     0     0     0     0
     0     0     0     1     0     0     0     0

MiniMaxPlayer2 (1) to move (time left: 165.5 sec.):
     0     0     1     1     1     0     0     0
     0     0     1     1     1     1     0     0
     0     0     1     1     1     1     1     1
     0     0     1     1    -1     1     1    -1
     0     0     1     1     1     1     1     0
     0     0     1     1     1     1     1     1
     0     0     0     1     0     0     0     0
     0     0     0     1     0     0     0     0

Lisa (-1) to move (time left: 135.2 sec.):
     0     0     1     1     1     0     0     0
     0     0     1     1     1     1     0    -1
     0     0     1     1     1     1     1    -1
     0     0     1     1    -1     1     1    -1
     0     0     1     1     1     1     1     0
     0     0     1     1     1     1     1     1
     0     0     0     1     0     0     0     0
     0     0     0     1     0     0     0     0

MiniMaxPlayer2 (1) to move (time left: 165.2 sec.):
     0     0     1     1     1     0     0     0
     0     0     1     1     1     1     0    -1
     0     0     1     1     1     1     1    -1
     0     0     1     1    -1     1     1    -1
     0     0     1     1     1     1     1     0
     0     0     1     1     1     1     1     1
     0     0     0     1     0     0     0     0
     0     0     0     1     0     0     0     0

Lisa (-1) to move (time left: 128.3 sec.):
     0     0     1     1     1     0     0     0
     0     0     1     1     1     1     0    -1
     0     0     1     1     1     1     1    -1
     0    -1    -1    -1    -1     1     1    -1
     0     0     1     1     1     1     1     0
     0     0     1     1     1     1     1     1
     0     0     0     1     0     0     0     0
     0     0     0     1     0     0     0     0

MiniMaxPlayer2 (1) to move (time left: 165.2 sec.):
     0     0     1     1     1     0     0     0
     0     0     1     1     1     1     0    -1
     0     0     1     1     1     1     1    -1
     0    -1     1    -1    -1     1     1    -1
     0     1     1     1     1     1     1     0
     0     0     1     1     1     1     1     1
     0     0     0     1     0     0     0     0
     0     0     0     1     0     0     0     0

Lisa (-1) to move (time left: 118.9 sec.):
     0     0     1     1     1     0     0     0
     0     0     1     1     1     1     0    -1
     0     0     1     1     1     1    -1    -1
     0    -1     1    -1    -1    -1     1    -1
     0     1     1     1    -1     1     1     0
     0     0     1    -1     1     1     1     1
     0     0    -1     1     0     0     0     0
     0     0     0     1     0     0     0     0

MiniMaxPlayer2 (1) to move (time left: 164.0 sec.):
     0     0     1     1     1     0     0     0
     0     0     1     1     1     1     0    -1
     0     0     1     1     1     1    -1    -1
     0    -1     1    -1    -1    -1     1    -1
     0     1     1     1    -1     1     1     0
     0     0     1     1     1     1     1     1
     0     0    -1     1     1     0     0     0
     0     0     0     1     0     0     0     0

Lisa (-1) to move (time left: 115.3 sec.):
     0     0     1     1     1     0     0     0
     0     0     1     1     1     1     0    -1
     0     0     1     1     1     1    -1    -1
     0    -1     1    -1    -1    -1    -1    -1
     0     1     1     1    -1    -1     1     0
     0     0     1     1    -1     1     1     1
     0     0    -1    -1     1     0     0     0
     0     0    -1     1     0     0     0     0

MiniMaxPlayer2 (1) to move (time left: 162.1 sec.):
     0     0     1     1     1     0     0     0
     0     0     1     1     1     1     0    -1
     1     0     1     1     1     1    -1    -1
     0     1     1    -1    -1    -1    -1    -1
     0     1     1     1    -1    -1     1     0
     0     0     1     1    -1     1     1     1
     0     0    -1    -1     1     0     0     0
     0     0    -1     1     0     0     0     0

Lisa (-1) to move (time left: 94.5 sec.):
     0     0     1     1     1     0     0     0
     0     0     1     1     1     1     0    -1
     1     0     1     1     1     1    -1    -1
     0     1     1    -1    -1    -1    -1    -1
     0     1     1     1    -1    -1     1     0
     0     0     1     1    -1     1     1     1
     0     0    -1    -1    -1     0     0     0
     0     0    -1    -1    -1     0     0     0

MiniMaxPlayer2 (1) to move (time left: 160.4 sec.):
     0     0     1     1     1     0     0     0
     0     0     1     1     1     1     0    -1
     1     0     1     1     1     1    -1    -1
     0     1     1    -1    -1    -1    -1    -1
     0     1     1     1    -1    -1     1     0
     0     0     1     1    -1     1     1     1
     0     0    -1    -1     1     0     0     0
     0     0    -1    -1    -1     1     0     0

Lisa (-1) to move (time left: 43.6 sec.):
     0     0     1     1     1     0     0     0
     0     0     1     1     1     1     0    -1
     1     0     1     1     1     1    -1    -1
     0     1     1    -1    -1    -1    -1    -1
     0     1     1     1    -1    -1     1     0
     0     0     1     1    -1     1     1     1
     0     0    -1    -1     1     0     0     0
     0     0    -1    -1    -1    -1    -1     0

MiniMaxPlayer2 (1) to move (time left: 160.0 sec.):
     0     0     1     1     1     0     0     0
     0     0     1     1     1     1     0    -1
     1     0     1     1     1     1    -1    -1
     0     1     1    -1    -1    -1    -1    -1
     0     1     1     1    -1    -1     1     0
     0     0     1     1     1     1     1     1
     0     0    -1    -1     1     1     0     0
     0     0    -1    -1    -1    -1    -1     0

Lisa (-1) to move (time left: 39.3 sec.):
     0     0     1     1     1     0    -1     0
     0     0     1     1     1    -1     0    -1
     1     0     1     1    -1     1    -1    -1
     0     1     1    -1    -1    -1    -1    -1
     0     1     1     1    -1    -1     1     0
     0     0     1     1     1     1     1     1
     0     0    -1    -1     1     1     0     0
     0     0    -1    -1    -1    -1    -1     0

MiniMaxPlayer2 (1) to move (time left: 159.3 sec.):
     0     0     1     1     1     0    -1     0
     0     0     1     1     1    -1     0    -1
     1     0     1     1    -1     1    -1    -1
     0     1     1    -1    -1    -1     1    -1
     0     1     1     1    -1    -1     1     1
     0     0     1     1     1     1     1     1
     0     0    -1    -1     1     1     0     0
     0     0    -1    -1    -1    -1    -1     0

Lisa (-1) to move (time left: 37.1 sec.):
     0     0     1     1     1     0    -1     0
     0     0     1     1     1    -1     0    -1
     1     0     1     1    -1     1    -1    -1
     0     1     1    -1    -1    -1     1    -1
     0     1     1     1    -1    -1     1    -1
     0     0     1     1     1     1    -1    -1
     0     0    -1    -1     1     1     0    -1
     0     0    -1    -1    -1    -1    -1     0

MiniMaxPlayer2 (1) to move (time left: 158.4 sec.):
     0     0     1     1     1     0    -1     0
     0     0     1     1     1    -1     0    -1
     1     0     1     1    -1     1    -1    -1
     0     1     1    -1    -1    -1     1    -1
     0     1     1     1    -1    -1     1    -1
     0     0     1     1     1     1    -1    -1
     0     1     1     1     1     1     0    -1
     0     0    -1    -1    -1    -1    -1     0

Lisa (-1) to move (time left: 35.4 sec.):
     0     0     1     1     1     0    -1     0
     0     0     1     1     1    -1     0    -1
     1     0     1     1    -1     1    -1    -1
     0     1     1    -1    -1    -1     1    -1
     0     1     1     1    -1    -1     1    -1
     0     0     1    -1     1     1    -1    -1
     0     1    -1     1     1     1     0    -1
     0    -1    -1    -1    -1    -1    -1     0

MiniMaxPlayer2 (1) to move (time left: 157.8 sec.):
     0     0     1     1     1     1    -1     0
     0     0     1     1     1     1     0    -1
     1     0     1     1    -1     1    -1    -1
     0     1     1    -1    -1    -1     1    -1
     0     1     1     1    -1    -1     1    -1
     0     0     1    -1     1     1    -1    -1
     0     1    -1     1     1     1     0    -1
     0    -1    -1    -1    -1    -1    -1     0

Lisa (-1) to move (time left: 34.0 sec.):
     0    -1    -1    -1    -1    -1    -1     0
     0     0    -1     1     1     1     0    -1
     1     0     1    -1    -1     1    -1    -1
     0     1     1    -1    -1    -1     1    -1
     0     1     1     1    -1    -1     1    -1
     0     0     1    -1     1     1    -1    -1
     0     1    -1     1     1     1     0    -1
     0    -1    -1    -1    -1    -1    -1     0

MiniMaxPlayer2 (1) to move (time left: 157.4 sec.):
     0    -1    -1    -1    -1    -1    -1     0
     0     1     1     1     1     1     0    -1
     1     0     1    -1    -1     1    -1    -1
     0     1     1    -1    -1    -1     1    -1
     0     1     1     1    -1    -1     1    -1
     0     0     1    -1     1     1    -1    -1
     0     1    -1     1     1     1     0    -1
     0    -1    -1    -1    -1    -1    -1     0

Lisa (-1) to move (time left: 33.0 sec.):
    -1    -1    -1    -1    -1    -1    -1     0
     0    -1     1     1     1     1     0    -1
     1     0    -1    -1    -1     1    -1    -1
     0     1     1    -1    -1    -1     1    -1
     0     1     1     1    -1    -1     1    -1
     0     0     1    -1     1     1    -1    -1
     0     1    -1     1     1     1     0    -1
     0    -1    -1    -1    -1    -1    -1     0

MiniMaxPlayer2 (1) to move (time left: 157.1 sec.):
    -1    -1    -1    -1    -1    -1    -1     0
     0    -1     1     1     1     1     0    -1
     1     1     1     1     1     1    -1    -1
     0     1     1    -1    -1    -1     1    -1
     0     1     1     1    -1    -1     1    -1
     0     0     1    -1     1     1    -1    -1
     0     1    -1     1     1     1     0    -1
     0    -1    -1    -1    -1    -1    -1     0

Lisa (-1) to move (time left: 32.4 sec.):
    -1    -1    -1    -1    -1    -1    -1     0
    -1    -1     1     1     1     1     0    -1
     1    -1     1     1     1     1    -1    -1
     0     1    -1    -1    -1    -1     1    -1
     0     1     1    -1    -1    -1     1    -1
     0     0     1    -1    -1     1    -1    -1
     0     1    -1     1     1    -1     0    -1
     0    -1    -1    -1    -1    -1    -1     0

MiniMaxPlayer2 (1) to move (time left: 156.9 sec.):
    -1    -1    -1    -1    -1    -1    -1     0
    -1    -1     1     1     1     1     0    -1
     1     1     1     1     1     1    -1    -1
     1     1    -1    -1    -1    -1     1    -1
     0     1     1    -1    -1    -1     1    -1
     0     0     1    -1    -1     1    -1    -1
     0     1    -1     1     1    -1     0    -1
     0    -1    -1    -1    -1    -1    -1     0

Lisa (-1) to move (time left: 31.4 sec.):
    -1    -1    -1    -1    -1    -1    -1     0
    -1    -1     1     1     1     1     0    -1
     1     1     1     1     1     1    -1    -1
     1     1    -1    -1    -1    -1     1    -1
     0     1     1    -1    -1    -1     1    -1
     0     0    -1    -1    -1     1    -1    -1
     0    -1    -1     1     1    -1     0    -1
    -1    -1    -1    -1    -1    -1    -1     0

MiniMaxPlayer2 (1) to move (time left: 156.8 sec.):
    -1    -1    -1    -1    -1    -1    -1     0
    -1    -1     1     1     1     1     0    -1
     1     1     1     1     1     1    -1    -1
     1     1    -1    -1    -1    -1     1    -1
     0     1     1    -1    -1    -1     1    -1
     0     1     1     1     1     1    -1    -1
     0    -1    -1     1     1    -1     0    -1
    -1    -1    -1    -1    -1    -1    -1     0

Lisa (-1) to move (time left: 30.4 sec.):
    -1    -1    -1    -1    -1    -1    -1     0
    -1    -1     1     1     1     1     0    -1
     1     1     1     1     1     1    -1    -1
     1     1    -1    -1    -1    -1     1    -1
     0     1    -1    -1    -1    -1     1    -1
     0    -1     1     1     1     1    -1    -1
    -1    -1    -1     1     1    -1     0    -1
    -1    -1    -1    -1    -1    -1    -1     0

MiniMaxPlayer2 (1) to move (time left: 156.6 sec.):
    -1    -1    -1    -1    -1    -1    -1     0
    -1    -1     1     1     1     1     0    -1
     1     1     1     1     1     1    -1    -1
     1     1    -1    -1    -1    -1     1    -1
     0     1    -1    -1    -1    -1     1    -1
     1     1     1     1     1     1    -1    -1
    -1    -1    -1     1     1    -1     0    -1
    -1    -1    -1    -1    -1    -1    -1     0

Lisa (-1) to move (time left: 30.3 sec.):
    -1    -1    -1    -1    -1    -1    -1     0
    -1    -1     1    -1     1     1     0    -1
    -1     1    -1     1     1     1    -1    -1
    -1    -1    -1    -1    -1    -1     1    -1
    -1    -1    -1    -1    -1    -1     1    -1
    -1    -1     1     1     1     1    -1    -1
    -1    -1    -1     1     1    -1     0    -1
    -1    -1    -1    -1    -1    -1    -1     0

MiniMaxPlayer2 (1) to move (time left: 156.6 sec.):
    -1    -1    -1    -1    -1    -1    -1     0
    -1    -1     1    -1     1     1     0    -1
    -1     1    -1     1     1     1    -1    -1
    -1    -1    -1    -1    -1    -1     1    -1
    -1    -1    -1    -1    -1    -1     1    -1
    -1    -1     1     1     1     1     1    -1
    -1    -1    -1     1     1     1     1    -1
    -1    -1    -1    -1    -1    -1    -1     0

Lisa (-1) to move (time left: 30.3 sec.):
    -1    -1    -1    -1    -1    -1    -1     0
    -1    -1     1    -1     1     1     0    -1
    -1     1    -1     1     1     1    -1    -1
    -1    -1    -1    -1    -1    -1     1    -1
    -1    -1    -1    -1    -1    -1     1    -1
    -1    -1     1     1     1    -1     1    -1
    -1    -1    -1     1     1     1    -1    -1
    -1    -1    -1    -1    -1    -1    -1    -1

MiniMaxPlayer2 (1) to move (time left: 156.6 sec.):
    -1    -1    -1    -1    -1    -1    -1     0
    -1    -1     1    -1     1     1     1    -1
    -1     1    -1     1     1     1     1    -1
    -1    -1    -1    -1    -1    -1     1    -1
    -1    -1    -1    -1    -1    -1     1    -1
    -1    -1     1     1     1    -1     1    -1
    -1    -1    -1     1     1     1    -1    -1
    -1    -1    -1    -1    -1    -1    -1    -1

Lisa (-1) to move (time left: 30.2 sec.):
    -1    -1    -1    -1    -1    -1    -1    -1
    -1    -1     1    -1     1     1    -1    -1
    -1     1    -1     1     1    -1     1    -1
    -1    -1    -1    -1    -1    -1     1    -1
    -1    -1    -1    -1    -1    -1     1    -1
    -1    -1     1     1     1    -1     1    -1
    -1    -1    -1     1     1     1    -1    -1
    -1    -1    -1    -1    -1    -1    -1    -1

Game over.
