iWin against Lisa:
  Columns 1 through 6

     0     0     0     0     0     0
     0     0     0     0     0     0
     0     0     0     0     0     0
     0     0     0     1    -1     0
     0     0     0    -1     1     0
     0     0     0     0     0     0
     0     0     0     0     0     0
     0     0     0     0     0     0

  Columns 7 through 8

     0     0
     0     0
     0     0
     0     0
     0     0
     0     0
     0     0
     0     0

Lisa (-1) to move (time left: 180.0 sec.):
  Columns 1 through 6

     0     0     0     0     0     0
     0     0     0     0     0     0
     0     0     0     0     0     0
     0     0    -1    -1    -1     0
     0     0     0    -1     1     0
     0     0     0     0     0     0
     0     0     0     0     0     0
     0     0     0     0     0     0

  Columns 7 through 8

     0     0
     0     0
     0     0
     0     0
     0     0
     0     0
     0     0
     0     0

iWin (1) to move (time left: 180.0 sec.):
   180

  Columns 1 through 6

     0     0     0     0     0     0
     0     0     0     0     0     0
     0     0     0     0     1     0
     0     0    -1    -1     1     0
     0     0     0    -1     1     0
     0     0     0     0     0     0
     0     0     0     0     0     0
     0     0     0     0     0     0

  Columns 7 through 8

     0     0
     0     0
     0     0
     0     0
     0     0
     0     0
     0     0
     0     0

Lisa (-1) to move (time left: 179.0 sec.):
  Columns 1 through 6

     0     0     0     0     0     0
     0     0     0     0     0     0
     0     0     0     0     1     0
     0     0    -1    -1     1     0
     0     0     0    -1    -1    -1
     0     0     0     0     0     0
     0     0     0     0     0     0
     0     0     0     0     0     0

  Columns 7 through 8

     0     0
     0     0
     0     0
     0     0
     0     0
     0     0
     0     0
     0     0

iWin (1) to move (time left: 168.0 sec.):
  167.9530

  Columns 1 through 6

     0     0     0     0     0     0
     0     0     0     0     0     0
     0     0     0     0     1     0
     0     1     1     1     1     0
     0     0     0    -1    -1    -1
     0     0     0     0     0     0
     0     0     0     0     0     0
     0     0     0     0     0     0

  Columns 7 through 8

     0     0
     0     0
     0     0
     0     0
     0     0
     0     0
     0     0
     0     0

Lisa (-1) to move (time left: 178.4 sec.):
  Columns 1 through 6

     0     0     0     0     0     0
     0     0     0     0     0     0
     0     0     0     0     1    -1
     0     1     1     1    -1     0
     0     0     0    -1    -1    -1
     0     0     0     0     0     0
     0     0     0     0     0     0
     0     0     0     0     0     0

  Columns 7 through 8

     0     0
     0     0
     0     0
     0     0
     0     0
     0     0
     0     0
     0     0

iWin (1) to move (time left: 137.5 sec.):
  137.4620

  Columns 1 through 6

     0     0     0     0     0     0
     0     0     0     0     0     0
     0     0     0     0     1    -1
     0     1     1     1     1     1
     0     0     0    -1    -1    -1
     0     0     0     0     0     0
     0     0     0     0     0     0
     0     0     0     0     0     0

  Columns 7 through 8

     0     0
     0     0
     0     0
     0     0
     0     0
     0     0
     0     0
     0     0

Lisa (-1) to move (time left: 172.4 sec.):
  Columns 1 through 6

     0     0     0     0     0     0
     0     0     0     0     0     0
     0     0     0     0     1    -1
     0     1     1     1     1    -1
     0     0     0    -1    -1    -1
     0     0     0     0     0     0
     0     0     0     0     0     0
     0     0     0     0     0     0

  Columns 7 through 8

     0     0
     0     0
    -1     0
     0     0
     0     0
     0     0
     0     0
     0     0

iWin (1) to move (time left: 115.7 sec.):
  115.6540

  Columns 1 through 6

     0     0     0     0     0     0
     0     0     0     0     0     0
     0     0     0     0     1    -1
     0     1     1     1     1     1
     0     0     0    -1    -1    -1
     0     0     0     0     0     0
     0     0     0     0     0     0
     0     0     0     0     0     0

  Columns 7 through 8

     0     0
     0     0
    -1     0
     0     0
     1     0
     0     0
     0     0
     0     0

Lisa (-1) to move (time left: 159.6 sec.):
  Columns 1 through 6

     0     0     0     0     0     0
     0     0     0     0     0     0
     0     0    -1     0     1    -1
     0     1     1    -1     1     1
     0     0     0    -1    -1    -1
     0     0     0     0     0     0
     0     0     0     0     0     0
     0     0     0     0     0     0

  Columns 7 through 8

     0     0
     0     0
    -1     0
     0     0
     1     0
     0     0
     0     0
     0     0

iWin (1) to move (time left: 93.2 sec.):
   93.2340

  Columns 1 through 6

     0     0     0     0     0     0
     0     0     1     0     0     0
     0     0     1     0     1    -1
     0     1     1    -1     1     1
     0     0     0    -1    -1    -1
     0     0     0     0     0     0
     0     0     0     0     0     0
     0     0     0     0     0     0

  Columns 7 through 8

     0     0
     0     0
    -1     0
     0     0
     1     0
     0     0
     0     0
     0     0

Lisa (-1) to move (time left: 141.6 sec.):
  Columns 1 through 6

     0     0     0     0     0     0
     0     0     1     0     0     0
     0     0     1     0     1    -1
     0     1     1    -1    -1    -1
     0     0     0    -1    -1    -1
     0     0     0     0     0     0
     0     0     0     0     0     0
     0     0     0     0     0     0

  Columns 7 through 8

     0     0
     0     0
    -1     0
    -1     0
     1     0
     0     0
     0     0
     0     0

iWin (1) to move (time left: 88.8 sec.):
   88.8020

  Columns 1 through 6

     0     0     0     0     0     0
     0     0     1     0     0     0
     0     0     1     0     1    -1
     0     1     1     1    -1    -1
     0     0     1     1     1     1
     0     0     0     0     0     0
     0     0     0     0     0     0
     0     0     0     0     0     0

  Columns 7 through 8

     0     0
     0     0
    -1     0
    -1     0
     1     0
     0     0
     0     0
     0     0

Lisa (-1) to move (time left: 133.6 sec.):
  Columns 1 through 6

     0     0     0     0     0     0
     0     0     1     0     0     0
     0     0     1    -1    -1    -1
     0     1     1     1    -1    -1
     0     0     1     1     1     1
     0     0     0     0     0     0
     0     0     0     0     0     0
     0     0     0     0     0     0

  Columns 7 through 8

     0     0
     0     0
    -1     0
    -1     0
     1     0
     0     0
     0     0
     0     0

iWin (1) to move (time left: 62.3 sec.):
   62.3290

  Columns 1 through 6

     0     0     0     0     0     0
     0     0     1     0     1     0
     0     0     1     1     1    -1
     0     1     1     1     1    -1
     0     0     1     1     1     1
     0     0     0     0     0     0
     0     0     0     0     0     0
     0     0     0     0     0     0

  Columns 7 through 8

     0     0
     0     0
    -1     0
    -1     0
     1     0
     0     0
     0     0
     0     0

Lisa (-1) to move (time left: 127.8 sec.):
  Columns 1 through 6

     0     0     0     0     0     0
     0     0     1     0     1     0
     0     0     1     1     1    -1
     0     1     1     1     1    -1
     0     0     1     1     1    -1
     0     0     0     0     0    -1
     0     0     0     0     0     0
     0     0     0     0     0     0

  Columns 7 through 8

     0     0
     0     0
    -1     0
    -1     0
     1     0
     0     0
     0     0
     0     0

iWin (1) to move (time left: 53.1 sec.):
   53.1020

  Columns 1 through 6

     0     0     0     0     0     0
     0     0     1     0     1     0
     0     0     1     1     1    -1
     0     1     1     1     1    -1
     0     0     1     1     1     1
     0     0     0     0     0    -1
     0     0     0     0     0     0
     0     0     0     0     0     0

  Columns 7 through 8

     0     0
     0     0
    -1     0
    -1     0
     1     0
     1     0
     0     0
     0     0

Lisa (-1) to move (time left: 120.4 sec.):
  Columns 1 through 6

     0     0     0     0     0     0
     0     0     1     0     1     0
     0     0     1     1     1    -1
     0     1     1     1     1    -1
     0     0     1     1     1    -1
     0     0     0     0    -1    -1
     0     0     0     0     0     0
     0     0     0     0     0     0

  Columns 7 through 8

     0     0
     0     0
    -1     0
    -1     0
     1     0
     1     0
     0     0
     0     0

iWin (1) to move (time left: 35.8 sec.):
   35.7910

  Columns 1 through 6

     0     0     0     0     0     0
     0     0     1     0     1     0
     0     0     1     1     1     1
     0     1     1     1     1    -1
     0     0     1     1     1    -1
     0     0     0     0    -1    -1
     0     0     0     0     0     0
     0     0     0     0     0     0

  Columns 7 through 8

     0     0
     1     0
     1     0
     1     0
     1     0
     1     0
     0     0
     0     0

Lisa (-1) to move (time left: 107.9 sec.):
  Columns 1 through 6

     0     0     0     0     0     0
     0     0     1     0     1     0
     0     0     1     1     1     1
    -1    -1    -1    -1    -1    -1
     0     0     1     1     1    -1
     0     0     0     0    -1    -1
     0     0     0     0     0     0
     0     0     0     0     0     0

  Columns 7 through 8

     0     0
     1     0
     1     0
     1     0
     1     0
     1     0
     0     0
     0     0

iWin (1) to move (time left: 13.6 sec.):
   13.5580

  Columns 1 through 6

     0     0     0     0     0     0
     0     0     1     0     1     0
     1     0     1     1     1     1
    -1     1    -1    -1    -1    -1
     0     0     1     1     1    -1
     0     0     0     0    -1    -1
     0     0     0     0     0     0
     0     0     0     0     0     0

  Columns 7 through 8

     0     0
     1     0
     1     0
     1     0
     1     0
     1     0
     0     0
     0     0

Lisa (-1) to move (time left: 101.7 sec.):
  Columns 1 through 6

     0     0     0     0     0     0
     0     0     1     0     1     0
     1     0     1     1     1    -1
    -1     1    -1    -1    -1    -1
     0     0     1     1     1    -1
     0     0     0     0    -1    -1
     0     0     0     0     0     0
     0     0     0     0     0     0

  Columns 7 through 8

     0    -1
    -1     0
     1     0
     1     0
     1     0
     1     0
     0     0
     0     0

iWin (1) to move (time left: 5.1 sec.):
    5.0560

  Columns 1 through 6

     0     0     0     0     0     0
     0     0     1     0     1     0
     1     0     1     1     1    -1
     1     1    -1    -1    -1    -1
     1     0     1     1     1    -1
     0     0     0     0    -1    -1
     0     0     0     0     0     0
     0     0     0     0     0     0

  Columns 7 through 8

     0    -1
    -1     0
     1     0
     1     0
     1     0
     1     0
     0     0
     0     0

Error: Player has exceeded the budget.
