iWin against Lisa:
     0     0     0     0     0     0     0     0
     0     0     0     0     0     0     0     0
     0     0     0     0     0     0     0     0
     0     0     0     1    -1     0     0     0
     0     0     0    -1     1     0     0     0
     0     0     0     0     0     0     0     0
     0     0     0     0     0     0     0     0
     0     0     0     0     0     0     0     0

Lisa (-1) to move (time left: 180.0 sec.):
     0     0     0     0     0     0     0     0
     0     0     0     0     0     0     0     0
     0     0     0     0     0     0     0     0
     0     0    -1    -1    -1     0     0     0
     0     0     0    -1     1     0     0     0
     0     0     0     0     0     0     0     0
     0     0     0     0     0     0     0     0
     0     0     0     0     0     0     0     0

iWin (1) to move (time left: 180.0 sec.):
   180

1111111
22222
33333
     0     0     0     0     0     0     0     0
     0     0     0     0     0     0     0     0
     0     0     0     0     0     0     0     0
     0     0    -1    -1    -1     0     0     0
     0     0     1     1     1     0     0     0
     0     0     0     0     0     0     0     0
     0     0     0     0     0     0     0     0
     0     0     0     0     0     0     0     0

Lisa (-1) to move (time left: 179.5 sec.):
     0     0     0     0     0     0     0     0
     0     0     0     0     0     0     0     0
     0     0     0     0     0     0     0     0
     0     0    -1    -1    -1     0     0     0
     0     0     1    -1     1     0     0     0
     0     0     0    -1     0     0     0     0
     0     0     0     0     0     0     0     0
     0     0     0     0     0     0     0     0

iWin (1) to move (time left: 179.9 sec.):
  179.8550

1111111
22222
33333
     0     0     0     0     0     0     0     0
     0     0     0     0     0     0     0     0
     0     0     1     0     0     0     0     0
     0     0     1     1    -1     0     0     0
     0     0     1    -1     1     0     0     0
     0     0     0    -1     0     0     0     0
     0     0     0     0     0     0     0     0
     0     0     0     0     0     0     0     0

Lisa (-1) to move (time left: 178.9 sec.):
     0     0     0     0     0     0     0     0
     0     0     0     0     0     0     0     0
     0     0     1     0     0     0     0     0
     0     0     1     1    -1     0     0     0
     0     0     1    -1    -1     0     0     0
     0     0     0    -1    -1     0     0     0
     0     0     0     0     0     0     0     0
     0     0     0     0     0     0     0     0

iWin (1) to move (time left: 179.7 sec.):
  179.6950

1111111
22222
33333
     0     0     0     0     0     0     0     0
     0     0     0     0     0     0     0     0
     0     0     1     0     0     0     0     0
     0     0     1     1    -1     0     0     0
     0     0     1     1     1     1     0     0
     0     0     0    -1    -1     0     0     0
     0     0     0     0     0     0     0     0
     0     0     0     0     0     0     0     0

Lisa (-1) to move (time left: 171.9 sec.):
     0     0     0     0     0     0     0     0
     0     0     0     0     0     0     0     0
     0     0     1     0     0     0     0     0
     0     0     1     1    -1     0     0     0
     0     0     1    -1     1     1     0     0
     0     0    -1    -1    -1     0     0     0
     0     0     0     0     0     0     0     0
     0     0     0     0     0     0     0     0

iWin (1) to move (time left: 179.5 sec.):
  179.5500

     0     0     0     0     0     0     0     0
     0     0     0     0     0     0     0     0
     0     0     1     0     0     0     0     0
     0     0     1     1    -1     0     0     0
     0     0     1    -1     1     1     0     0
     0     0     1     1    -1     0     0     0
     0     0     1     0     0     0     0     0
     0     0     0     0     0     0     0     0

Lisa (-1) to move (time left: 166.7 sec.):
     0     0     0     0     0     0     0     0
     0     0     0     0     0     0     0     0
     0     0     1    -1     0     0     0     0
     0     0     1    -1    -1     0     0     0
     0     0     1    -1     1     1     0     0
     0     0     1     1    -1     0     0     0
     0     0     1     0     0     0     0     0
     0     0     0     0     0     0     0     0

iWin (1) to move (time left: 159.4 sec.):
  159.3980

     0     0     0     0     0     0     0     0
     0     0     1     0     0     0     0     0
     0     0     1     1     0     0     0     0
     0     0     1    -1     1     0     0     0
     0     0     1    -1     1     1     0     0
     0     0     1     1    -1     0     0     0
     0     0     1     0     0     0     0     0
     0     0     0     0     0     0     0     0

Lisa (-1) to move (time left: 157.3 sec.):
     0     0     0     0     0     0     0     0
     0     0     1     0     0     0     0     0
     0     0     1     1     0     0     0     0
     0     0     1    -1    -1    -1     0     0
     0     0     1    -1     1     1     0     0
     0     0     1     1    -1     0     0     0
     0     0     1     0     0     0     0     0
     0     0     0     0     0     0     0     0

iWin (1) to move (time left: 138.5 sec.):
  138.5040

     0     0     0     0     0     0     0     0
     0     0     1     0     0     0     0     0
     0     0     1     1     0     0     0     0
     0     0     1     1     1     1     1     0
     0     0     1    -1     1     1     0     0
     0     0     1     1    -1     0     0     0
     0     0     1     0     0     0     0     0
     0     0     0     0     0     0     0     0

Lisa (-1) to move (time left: 130.1 sec.):
     0     0     0     0     0     0     0     0
     0     0     1     0     0     0     0     0
     0     0     1     1     0     0     0     0
     0     0     1     1     1     1     1     0
     0     0     1    -1     1     1     0     0
     0     0     1    -1    -1     0     0     0
     0     0     1    -1     0     0     0     0
     0     0     0     0     0     0     0     0

iWin (1) to move (time left: 125.2 sec.):
  125.1610

     0     0     0     0     0     0     0     0
     0     0     1     0     0     0     0     0
     0     0     1     1     0     0     0     0
     0     0     1     1     1     1     1     0
     0     0     1    -1     1     1     0     0
     0     0     1     1     1     0     0     0
     0     0     1     1     1     0     0     0
     0     0     0     0     0     0     0     0

Lisa (-1) to move (time left: 120.7 sec.):
     0     0     0     0     0     0     0     0
     0     0     1     0     0     0     0     0
     0     0     1     1     0     0     0     0
     0     0     1     1     1     1     1     0
     0     0     1    -1     1     1     0     0
     0     0     1    -1     1     0     0     0
     0     0     1    -1     1     0     0     0
     0     0     0    -1     0     0     0     0

iWin (1) to move (time left: 119.5 sec.):
  119.5430

     0     0     0     0     0     0     0     0
     0     0     1     0     0     0     0     0
     0     0     1     1     0     0     0     0
     0     0     1     1     1     1     1     0
     0     0     1    -1     1     1     0     0
     0     0     1    -1     1     0     0     0
     0     0     1     1     1     0     0     0
     0     0     0    -1     1     0     0     0

Lisa (-1) to move (time left: 117.9 sec.):
     0     0     0     0     0     0     0     0
     0     0     1     0     0     0     0     0
     0     0     1     1     0     0     0     0
     0     0     1     1     1     1     1     0
     0     0     1    -1     1     1     0     0
     0     0     1    -1     1     0     0     0
     0     0     1     1    -1     0     0     0
     0     0     0    -1    -1    -1     0     0

iWin (1) to move (time left: 113.9 sec.):
  113.8680

     0     0     0     0     0     0     0     0
     0     0     1     0     0     0     0     0
     0     0     1     1     0     0     0     0
     0     0     1     1     1     1     1     0
     0     0     1    -1     1     1     0     0
     0     0     1    -1     1     0     0     0
     0     0     1     1     1     1     0     0
     0     0     0    -1    -1    -1     0     0

Lisa (-1) to move (time left: 114.6 sec.):
     0     0     0     0     0     0     0     0
     0     0     1     0     0     0     0     0
     0     0     1     1     0     0     0     0
     0     0     1     1     1     1     1     0
     0     0     1    -1     1     1     0     0
     0     0     1    -1     1     0    -1     0
     0     0     1     1     1    -1     0     0
     0     0     0    -1    -1    -1     0     0

iWin (1) to move (time left: 109.8 sec.):
  109.8200

     0     0     0     0     0     0     0     0
     0     0     1     0     0     0     0     0
     0     0     1     1     0     0     0     0
     0     0     1     1     1     1     1     0
     0     0     1    -1     1     1     0     0
     0     0     1    -1     1     0     1     0
     0     0     1     1     1    -1     0     1
     0     0     0    -1    -1    -1     0     0

Lisa (-1) to move (time left: 108.3 sec.):
     0     0     0     0     0     0     0     0
     0     0     1     0     0     0     0     0
     0     0     1     1     0     0     0     0
     0     0     1     1     1     1     1     0
     0     0     1    -1     1     1     0     0
     0     0     1    -1    -1    -1     1     0
     0     0     1     1    -1    -1     0     1
     0     0     0    -1    -1    -1     0     0

iWin (1) to move (time left: 94.9 sec.):
   94.8580

{Operation terminated by user during <a href="matlab:helpUtils.errorDocCallback('get_valid_moves', 'D:\Othello\players\iWin\get_valid_moves.m', 31)" style="font-weight:bold">get_valid_moves</a>
(<a href="matlab: opentoline('D:\Othello\players\iWin\get_valid_moves.m',31,0)">line 31</a>)


In <a href="matlab:helpUtils.errorDocCallback('evaluation', 'D:\Othello\players\iWin\evaluation.m', 197)" style="font-weight:bold">evaluation</a> (<a href="matlab: opentoline('D:\Othello\players\iWin\evaluation.m',197,0)">line 197</a>)
	gegSteine = size(get_valid_moves(board, -color), 1);

In <a href="matlab:helpUtils.errorDocCallback('WeWinMagic>min', 'D:\Othello\players\iWin\WeWinMagic.m', 78)" style="font-weight:bold">WeWinMagic>min</a> (<a href="matlab: opentoline('D:\Othello\players\iWin\WeWinMagic.m',78,0)">line 78</a>)
    min_v = evaluation(board, color, moves_list);

In <a href="matlab:helpUtils.errorDocCallback('WeWinMagic', 'D:\Othello\players\iWin\WeWinMagic.m', 48)" style="font-weight:bold">WeWinMagic</a> (<a href="matlab: opentoline('D:\Othello\players\iWin\WeWinMagic.m',48,0)">line 48</a>)
        value = min(-color, depth-1, new_board,
        max_value, beta, maxDepth);

In <a href="matlab:helpUtils.errorDocCallback('WeWinMagic>min', 'D:\Othello\players\iWin\WeWinMagic.m', 86)" style="font-weight:bold">WeWinMagic>min</a> (<a href="matlab: opentoline('D:\Othello\players\iWin\WeWinMagic.m',86,0)">line 86</a>)
        value = WeWinMagic(new_board, depth-1, -color,
        alpha, min_value, maxDepth);

In <a href="matlab:helpUtils.errorDocCallback('WeWinMagic', 'D:\Othello\players\iWin\WeWinMagic.m', 43)" style="font-weight:bold">WeWinMagic</a> (<a href="matlab: opentoline('D:\Othello\players\iWin\WeWinMagic.m',43,0)">line 43</a>)
    max_v = min(-color, depth-1, board, max_value, beta,
    maxDepth);

In <a href="matlab:helpUtils.errorDocCallback('WeWinMagic>min', 'D:\Othello\players\iWin\WeWinMagic.m', 86)" style="font-weight:bold">WeWinMagic>min</a> (<a href="matlab: opentoline('D:\Othello\players\iWin\WeWinMagic.m',86,0)">line 86</a>)
        value = WeWinMagic(new_board, depth-1, -color,
        alpha, min_value, maxDepth);

In <a href="matlab:helpUtils.errorDocCallback('WeWinMagic', 'D:\Othello\players\iWin\WeWinMagic.m', 48)" style="font-weight:bold">WeWinMagic</a> (<a href="matlab: opentoline('D:\Othello\players\iWin\WeWinMagic.m',48,0)">line 48</a>)
        value = min(-color, depth-1, new_board,
        max_value, beta, maxDepth);

In <a href="matlab