iWin against Lisa:
     0     0     0     0     0     0     0     0
     0     0     0     0     0     0     0     0
     0     0     0     0     0     0     0     0
     0     0     0     1    -1     0     0     0
     0     0     0    -1     1     0     0     0
     0     0     0     0     0     0     0     0
     0     0     0     0     0     0     0     0
     0     0     0     0     0     0     0     0

Lisa (-1) to move (time left: 180.0 sec.):
     0     0     0     0     0     0     0     0
     0     0     0     0     0     0     0     0
     0     0     0     0     0     0     0     0
     0     0    -1    -1    -1     0     0     0
     0     0     0    -1     1     0     0     0
     0     0     0     0     0     0     0     0
     0     0     0     0     0     0     0     0
     0     0     0     0     0     0     0     0

iWin (1) to move (time left: 180.0 sec.):
   180

1111111
22222
33333
     0     0     0     0     0     0     0     0
     0     0     0     0     0     0     0     0
     0     0     0     0     0     0     0     0
     0     0    -1    -1    -1     0     0     0
     0     0     1     1     1     0     0     0
     0     0     0     0     0     0     0     0
     0     0     0     0     0     0     0     0
     0     0     0     0     0     0     0     0

Lisa (-1) to move (time left: 179.6 sec.):
     0     0     0     0     0     0     0     0
     0     0     0     0     0     0     0     0
     0     0     0     0     0     0     0     0
     0     0    -1    -1    -1     0     0     0
     0     0     1    -1     1     0     0     0
     0     0     0    -1     0     0     0     0
     0     0     0     0     0     0     0     0
     0     0     0     0     0     0     0     0

iWin (1) to move (time left: 179.9 sec.):
  179.8660

1111111
22222
33333
     0     0     0     0     0     0     0     0
     0     0     0     0     0     0     0     0
     0     0     1     0     0     0     0     0
     0     0     1     1    -1     0     0     0
     0     0     1    -1     1     0     0     0
     0     0     0    -1     0     0     0     0
     0     0     0     0     0     0     0     0
     0     0     0     0     0     0     0     0

Lisa (-1) to move (time left: 179.1 sec.):
     0     0     0     0     0     0     0     0
     0     0     0     0     0     0     0     0
     0     0     1     0     0     0     0     0
     0     0     1     1    -1     0     0     0
     0     0     1    -1    -1     0     0     0
     0     0     0    -1    -1     0     0     0
     0     0     0     0     0     0     0     0
     0     0     0     0     0     0     0     0

iWin (1) to move (time left: 179.7 sec.):
  179.7310

1111111
22222
33333
     0     0     0     0     0     0     0     0
     0     0     0     0     0     0     0     0
     0     0     1     0     0     0     0     0
     0     0     1     1    -1     0     0     0
     0     0     1     1     1     1     0     0
     0     0     0    -1    -1     0     0     0
     0     0     0     0     0     0     0     0
     0     0     0     0     0     0     0     0

Lisa (-1) to move (time left: 173.2 sec.):
     0     0     0     0     0     0     0     0
     0     0     0     0     0     0     0     0
     0     0     1     0     0     0     0     0
     0     0     1     1    -1     0     0     0
     0     0     1    -1     1     1     0     0
     0     0    -1    -1    -1     0     0     0
     0     0     0     0     0     0     0     0
     0     0     0     0     0     0     0     0

iWin (1) to move (time left: 179.6 sec.):
  179.5950

     0     0     0     0     0     0     0     0
     0     0     0     0     0     0     0     0
     0     0     1     0     0     0     0     0
     0     0     1     1    -1     0     0     0
     0     0     1    -1     1     1     0     0
     0     0     1     1    -1     0     0     0
     0     0     1     0     0     0     0     0
     0     0     0     0     0     0     0     0

Lisa (-1) to move (time left: 168.3 sec.):
     0     0     0     0     0     0     0     0
     0     0     0     0     0     0     0     0
     0     0     1    -1     0     0     0     0
     0     0     1    -1    -1     0     0     0
     0     0     1    -1     1     1     0     0
     0     0     1     1    -1     0     0     0
     0     0     1     0     0     0     0     0
     0     0     0     0     0     0     0     0

iWin (1) to move (time left: 162.7 sec.):
  162.7360

     0     0     0     0     0     0     0     0
     0     0     1     0     0     0     0     0
     0     0     1     1     0     0     0     0
     0     0     1    -1     1     0     0     0
     0     0     1    -1     1     1     0     0
     0     0     1     1    -1     0     0     0
     0     0     1     0     0     0     0     0
     0     0     0     0     0     0     0     0

Lisa (-1) to move (time left: 161.6 sec.):
     0     0     0     0     0     0     0     0
     0     0     1     0     0     0     0     0
     0     0     1     1     0     0     0     0
     0     0     1    -1    -1    -1     0     0
     0     0     1    -1     1     1     0     0
     0     0     1     1    -1     0     0     0
     0     0     1     0     0     0     0     0
     0     0     0     0     0     0     0     0

iWin (1) to move (time left: 144.7 sec.):
  144.7370

     0     0     0     0     0     0     0     0
     0     0     1     0     0     0     0     0
     0     0     1     1     0     0     0     0
     0     0     1     1     1     1     1     0
     0     0     1    -1     1     1     0     0
     0     0     1     1    -1     0     0     0
     0     0     1     0     0     0     0     0
     0     0     0     0     0     0     0     0

Lisa (-1) to move (time left: 132.5 sec.):
     0     0     0     0     0     0     0     0
     0     0     1     0     0     0     0     0
     0     0     1     1     0     0     0     0
     0     0     1     1     1     1     1     0
     0     0     1    -1     1     1     0     0
     0     0     1    -1    -1     0     0     0
     0     0     1    -1     0     0     0     0
     0     0     0     0     0     0     0     0

iWin (1) to move (time left: 131.4 sec.):
  131.4350

     0     0     0     0     0     0     0     0
     0     0     1     0     0     0     0     0
     0     0     1     1     0     0     0     0
     0     0     1     1     1     1     1     0
     0     0     1    -1     1     1     0     0
     0     0     1     1     1     0     0     0
     0     0     1     1     1     0     0     0
     0     0     0     0     0     0     0     0

Lisa (-1) to move (time left: 123.7 sec.):
     0     0     0     0     0     0     0     0
     0     0     1     0     0     0     0     0
     0     0     1     1     0     0     0     0
     0     0     1     1     1     1     1     0
     0     0     1    -1     1     1     0     0
     0     0     1    -1     1     0     0     0
     0     0     1    -1     1     0     0     0
     0     0     0    -1     0     0     0     0

iWin (1) to move (time left: 126.1 sec.):
  126.0960

     0     0     0     0     0     0     0     0
     0     0     1     0     0     0     0     0
     0     0     1     1     0     0     0     0
     0     0     1     1     1     1     1     0
     0     0     1    -1     1     1     0     0
     0     0     1    -1     1     0     0     0
     0     0     1     1     1     0     0     0
     0     0     0    -1     1     0     0     0

Lisa (-1) to move (time left: 121.5 sec.):
     0     0     0     0     0     0     0     0
     0     0     1     0     0     0     0     0
     0     0     1     1     0     0     0     0
     0     0     1     1     1     1     1     0
     0     0     1    -1     1     1     0     0
     0     0     1    -1     1     0     0     0
     0     0     1     1    -1     0     0     0
     0     0     0    -1    -1    -1     0     0

iWin (1) to move (time left: 121.6 sec.):
  121.5990

     0     0     0     0     0     0     0     0
     0     0     1     0     0     0     0     0
     0     0     1     1     0     0     0     0
     0     0     1     1     1     1     1     0
     0     0     1    -1     1     1     0     0
     0     0     1    -1     1     0     0     0
     0     0     1     1     1     1     0     0
     0     0     0    -1    -1    -1     0     0

Lisa (-1) to move (time left: 118.5 sec.):
     0     0     0     0     0     0     0     0
     0     0     1     0     0     0     0     0
     0     0     1     1     0     0     0     0
     0     0     1     1     1     1     1     0
     0     0     1    -1     1     1     0     0
     0     0     1    -1     1     0    -1     0
     0     0     1     1     1    -1     0     0
     0     0     0    -1    -1    -1     0     0

iWin (1) to move (time left: 118.3 sec.):
  118.2980

{Operation terminated by user during <a href="matlab:helpUtils.errorDocCallback('get_valid_moves', 'D:\Othello\players\iWin\get_valid_moves.m', 48)" style="font-weight:bold">get_valid_moves</a>
(<a href="matlab: opentoline('D:\Othello\players\iWin\get_valid_moves.m',48,0)">line 48</a>)


In <a href="matlab:helpUtils.errorDocCallback('WeWinMagic>min', 'D:\Othello\players\iWin\WeWinMagic.m', 73)" style="font-weight:bold">WeWinMagic>min</a> (<a href="matlab: opentoline('D:\Othello\players\iWin\WeWinMagic.m',73,0)">line 73</a>)
[ moves_list, boards ] = get_valid_moves(board,
color);

In <a href="matlab:helpUtils.errorDocCallback('WeWinMagic', 'D:\Othello\players\iWin\WeWinMagic.m', 48)" style="font-weight:bold">WeWinMagic</a> (<a href="matlab: opentoline('D:\Othello\players\iWin\WeWinMagic.m',48,0)">line 48</a>)
        value = min(-color, depth-1, new_board,
        max_value, beta, maxDepth);

In <a href="matlab:helpUtils.errorDocCallback('WeWinMagic>min', 'D:\Othello\players\iWin\WeWinMagic.m', 86)" style="font-weight:bold">WeWinMagic>min</a> (<a href="matlab: opentoline('D:\Othello\players\iWin\WeWinMagic.m',86,0)">line 86</a>)
        value = WeWinMagic(new_board, depth-1,
        -color, alpha, min_value, maxDepth);

In <a href="matlab:helpUtils.errorDocCallback('WeWinMagic', 'D:\Othello\players\iWin\WeWinMagic.m', 48)" style="font-weight:bold">WeWinMagic</a> (<a href="matlab: opentoline('D:\Othello\players\iWin\WeWinMagic.m',48,0)">line 48</a>)
        value = min(-color, depth-1, new_board,
        max_value, beta, maxDepth);

In <a href="matlab:helpUtils.errorDocCallback('WeWinMagic>min', 'D:\Othello\players\iWin\WeWinMagic.m', 86)" style="font-weight:bold">WeWinMagic>min</a> (<a href="matlab: opentoline('D:\Othello\players\iWin\WeWinMagic.m',86,0)">line 86</a>)
        value = WeWinMagic(new_board, depth-1,
        -color, alpha, min_value, maxDepth);

In <a href="matlab:helpUtils.errorDocCallback('WeWinMagic', 'D:\Othello\players\iWin\WeWinMagic.m', 48)" style="font-weight:bold">WeWinMagic</a> (<a href="matlab: opentoline('D:\Othello\players\iWin\WeWinMagic.m',48,0)">line 48</a>)
        value = min(-color, depth-1, new_board,
        max_value, beta, maxDepth);

In <a href="matlab:helpUtils.errorDocCallback('iWin', 'D:\Othello\players\iWin.m', 19)" style="font-weight:bold">iWin</a> (<a href="matlab: opentoline('D:\Othello\players\iWin.m',19,0)">line 19</a>)
    [val, b] = WeWinMagic(board, depth, color,
    -inf, inf, depth);

In D:\Othello\tournament_main.p>play_game (line
118)


In D:\Othello\tournament_main.p>tournament_main
(line 50)

} 
tournament_main('time_budget',180,'games_per_pair',1)
