MiniMaxPlayer2 against MiniMaxPlayer:
     0     0     0     0     0     0     0     0
     0     0     0     0     0     0     0     0
     0     0     0     0     0     0     0     0
     0     0     0     1    -1     0     0     0
     0     0     0    -1     1     0     0     0
     0     0     0     0     0     0     0     0
     0     0     0     0     0     0     0     0
     0     0     0     0     0     0     0     0

MiniMaxPlayer (-1) to move (time left: 180.0 sec.):
     0     0     0     0     0     0     0     0
     0     0     0     0     0     0     0     0
     0     0     0     0     0     0     0     0
     0     0    -1    -1    -1     0     0     0
     0     0     0    -1     1     0     0     0
     0     0     0     0     0     0     0     0
     0     0     0     0     0     0     0     0
     0     0     0     0     0     0     0     0

MiniMaxPlayer2 (1) to move (time left: 180.0 sec.):
     0     0     0     0     0     0     0     0
     0     0     0     0     0     0     0     0
     0     0     0     0     1     0     0     0
     0     0    -1    -1     1     0     0     0
     0     0     0    -1     1     0     0     0
     0     0     0     0     0     0     0     0
     0     0     0     0     0     0     0     0
     0     0     0     0     0     0     0     0

MiniMaxPlayer (-1) to move (time left: 179.9 sec.):
     0     0     0     0     0     0     0     0
     0     0     0     0     0    -1     0     0
     0     0     0     0    -1     0     0     0
     0     0    -1    -1     1     0     0     0
     0     0     0    -1     1     0     0     0
     0     0     0     0     0     0     0     0
     0     0     0     0     0     0     0     0
     0     0     0     0     0     0     0     0

MiniMaxPlayer2 (1) to move (time left: 179.4 sec.):
     0     0     0     0     0     0     0     0
     0     0     0     0     0    -1     0     0
     0     0     0     0    -1     0     0     0
     0     0    -1    -1     1     0     0     0
     0     0     0     1     1     0     0     0
     0     0     1     0     0     0     0     0
     0     0     0     0     0     0     0     0
     0     0     0     0     0     0     0     0

MiniMaxPlayer (-1) to move (time left: 179.8 sec.):
     0     0     0     0     0     0     0     0
     0     0     0     0     0    -1     0     0
     0     0     0     0    -1     0     0     0
     0     0    -1    -1    -1     0     0     0
     0     0     0    -1    -1     0     0     0
     0     0     1     0    -1     0     0     0
     0     0     0     0     0     0     0     0
     0     0     0     0     0     0     0     0

MiniMaxPlayer2 (1) to move (time left: 177.8 sec.):
     0     0     0     0     0     0     0     0
     0     0     0     0     0    -1     0     0
     0     0     0     0    -1     1     0     0
     0     0    -1    -1     1     0     0     0
     0     0     0     1    -1     0     0     0
     0     0     1     0    -1     0     0     0
     0     0     0     0     0     0     0     0
     0     0     0     0     0     0     0     0

MiniMaxPlayer (-1) to move (time left: 179.7 sec.):
     0     0     0     0     0     0     0     0
     0     0     0     0     0    -1     0     0
     0     0     0     0    -1    -1     0     0
     0     0    -1    -1    -1    -1     0     0
     0     0     0     1    -1     0     0     0
     0     0     1     0    -1     0     0     0
     0     0     0     0     0     0     0     0
     0     0     0     0     0     0     0     0

MiniMaxPlayer2 (1) to move (time left: 177.6 sec.):
     0     0     0     0     0     0     0     0
     0     0     0     0     0    -1     0     0
     0     0     0     0    -1    -1     0     0
     0     0    -1    -1    -1    -1     0     0
     0     0     0     1     1     1     0     0
     0     0     1     0    -1     0     0     0
     0     0     0     0     0     0     0     0
     0     0     0     0     0     0     0     0

MiniMaxPlayer (-1) to move (time left: 179.6 sec.):
     0     0     0     0     0     0     0     0
     0     0     0     0     0    -1     0     0
     0     0     0     0    -1    -1     0     0
     0     0    -1    -1    -1    -1     0     0
     0     0     0     1    -1    -1     0     0
     0     0     1     0    -1    -1     0     0
     0     0     0     0     0     0     0     0
     0     0     0     0     0     0     0     0

MiniMaxPlayer2 (1) to move (time left: 176.4 sec.):
     0     0     0     0     0     0     0     0
     0     0     0     0     0    -1     0     0
     0     0     0     0    -1    -1     0     0
     0     0    -1    -1    -1    -1     0     0
     0     0     0     1     1     1     1     0
     0     0     1     0    -1    -1     0     0
     0     0     0     0     0     0     0     0
     0     0     0     0     0     0     0     0

MiniMaxPlayer (-1) to move (time left: 179.5 sec.):
     0     0     0     0     0     0     0     0
     0     0     0     0     0    -1     0     0
     0     0     0     0    -1    -1     0     0
     0     0    -1    -1    -1    -1     0     0
     0     0     0     1     1    -1     1     0
     0     0     1     0    -1    -1    -1     0
     0     0     0     0     0     0     0     0
     0     0     0     0     0     0     0     0

MiniMaxPlayer2 (1) to move (time left: 174.5 sec.):
     0     0     0     0     0     0     0     0
     0     0     0     1     0    -1     0     0
     0     0     0     0     1    -1     0     0
     0     0    -1    -1    -1     1     0     0
     0     0     0     1     1    -1     1     0
     0     0     1     0    -1    -1    -1     0
     0     0     0     0     0     0     0     0
     0     0     0     0     0     0     0     0

MiniMaxPlayer (-1) to move (time left: 179.2 sec.):
     0     0     0     0     0     0     0     0
     0     0     0     1     0    -1     0     0
     0     0     0     0     1    -1     0     0
     0     0    -1    -1    -1    -1    -1     0
     0     0     0     1     1    -1    -1     0
     0     0     1     0    -1    -1    -1     0
     0     0     0     0     0     0     0     0
     0     0     0     0     0     0     0     0

MiniMaxPlayer2 (1) to move (time left: 162.6 sec.):
     0     0     0     0     0     0     0     0
     0     0     0     1     0    -1     0     0
     0     0     0     0     1    -1     0     0
     0     0    -1    -1    -1    -1    -1     0
     0     0     0     1     1     1     1     1
     0     0     1     0    -1    -1    -1     0
     0     0     0     0     0     0     0     0
     0     0     0     0     0     0     0     0

MiniMaxPlayer (-1) to move (time left: 178.6 sec.):
     0     0    -1     0     0     0     0     0
     0     0     0    -1     0    -1     0     0
     0     0     0     0    -1    -1     0     0
     0     0    -1    -1    -1    -1    -1     0
     0     0     0     1     1     1     1     1
     0     0     1     0    -1    -1    -1     0
     0     0     0     0     0     0     0     0
     0     0     0     0     0     0     0     0

MiniMaxPlayer2 (1) to move (time left: 151.0 sec.):
     0     0    -1     0     0     1     0     0
     0     0     0    -1     0     1     0     0
     0     0     0     0    -1     1     0     0
     0     0    -1    -1    -1     1    -1     0
     0     0     0     1     1     1     1     1
     0     0     1     0    -1    -1    -1     0
     0     0     0     0     0     0     0     0
     0     0     0     0     0     0     0     0

MiniMaxPlayer (-1) to move (time left: 178.0 sec.):
     0     0    -1     0     0     1     0     0
     0     0     0    -1     0     1     0     0
     0     0     0     0    -1     1     0     0
     0     0    -1    -1    -1    -1    -1     0
     0     0     0     1     1     1    -1     1
     0     0     1     0    -1    -1    -1    -1
     0     0     0     0     0     0     0     0
     0     0     0     0     0     0     0     0

MiniMaxPlayer2 (1) to move (time left: 139.6 sec.):
     0     0    -1     0     0     1     0     0
     0     0     0    -1     0     1     0     0
     0     0     0     0    -1     1     0     1
     0     0    -1    -1    -1    -1     1     0
     0     0     0     1     1     1    -1     1
     0     0     1     0    -1    -1    -1    -1
     0     0     0     0     0     0     0     0
     0     0     0     0     0     0     0     0

MiniMaxPlayer (-1) to move (time left: 177.4 sec.):
     0     0    -1     0     0     1     0     0
     0     0     0    -1     0     1     0     0
     0     0     0     0    -1     1     0     1
     0     0    -1    -1    -1    -1    -1    -1
     0     0     0     1     1     1    -1    -1
     0     0     1     0    -1    -1    -1    -1
     0     0     0     0     0     0     0     0
     0     0     0     0     0     0     0     0

MiniMaxPlayer2 (1) to move (time left: 123.9 sec.):
     0     0    -1     0     0     1     0     0
     0     0     0    -1     0     1     0     0
     0     0     0     0    -1     1     0     1
     0     0    -1    -1    -1    -1    -1     1
     0     0     0     1     1     1    -1     1
     0     0     1     0    -1    -1     1     1
     0     0     0     0     0     0     0     1
     0     0     0     0     0     0     0     0

MiniMaxPlayer (-1) to move (time left: 176.6 sec.):
     0     0    -1     0     0     1     0     0
     0     0     0    -1     0     1     0     0
     0     0     0     0    -1     1     0     1
     0     0    -1    -1    -1    -1    -1     1
     0     0     0    -1    -1     1    -1     1
     0     0     1    -1    -1    -1     1     1
     0     0     0     0     0     0     0     1
     0     0     0     0     0     0     0     0

MiniMaxPlayer2 (1) to move (time left: 110.0 sec.):
     0     0    -1     0     0     1     0     0
     0     0     0    -1     0     1     0     0
     0     0     0     0    -1     1     0     1
     0     0    -1    -1    -1    -1    -1     1
     0     0     0    -1    -1     1    -1     1
     0     0     1    -1    -1     1     1     1
     0     0     0     0     0     1     0     1
     0     0     0     0     0     0     0     0

MiniMaxPlayer (-1) to move (time left: 176.0 sec.):
     0     0    -1     0     0     1     0     0
     0     0     0    -1    -1     1     0     0
     0     0     0     0    -1    -1     0     1
     0     0    -1    -1    -1    -1    -1     1
     0     0     0    -1    -1     1    -1     1
     0     0     1    -1    -1     1     1     1
     0     0     0     0     0     1     0     1
     0     0     0     0     0     0     0     0

MiniMaxPlayer2 (1) to move (time left: 103.1 sec.):
     0     0    -1     1     0     1     0     0
     0     0     0    -1     1     1     0     0
     0     0     0     0    -1     1     0     1
     0     0    -1    -1    -1    -1     1     1
     0     0     0    -1    -1     1    -1     1
     0     0     1    -1    -1     1     1     1
     0     0     0     0     0     1     0     1
     0     0     0     0     0     0     0     0

MiniMaxPlayer (-1) to move (time left: 175.5 sec.):
     0     0    -1    -1    -1     1     0     0
     0     0     0    -1    -1     1     0     0
     0     0     0     0    -1     1     0     1
     0     0    -1    -1    -1    -1     1     1
     0     0     0    -1    -1     1    -1     1
     0     0     1    -1    -1     1     1     1
     0     0     0     0     0     1     0     1
     0     0     0     0     0     0     0     0

MiniMaxPlayer2 (1) to move (time left: 88.4 sec.):
     0     0    -1    -1    -1     1     0     0
     0     0     0    -1    -1     1     0     0
     0     0     1     0    -1     1     0     1
     0     0    -1     1    -1    -1     1     1
     0     0     0    -1     1     1    -1     1
     0     0     1    -1    -1     1     1     1
     0     0     0     0     0     1     0     1
     0     0     0     0     0     0     0     0

MiniMaxPlayer (-1) to move (time left: 174.9 sec.):
     0     0    -1    -1    -1     1     0     0
     0     0     0    -1    -1     1     0     0
     0     0     1     0    -1     1     0     1
     0     0    -1     1    -1    -1     1     1
     0     0     0    -1     1    -1    -1     1
     0     0     1    -1    -1    -1     1     1
     0     0     0     0     0    -1     0     1
     0     0     0     0     0    -1     0     0

MiniMaxPlayer2 (1) to move (time left: 77.8 sec.):
     0     0    -1    -1    -1     1     0     0
     0     0     0    -1    -1     1     0     0
     0     0     1     0    -1     1     0     1
     0     0    -1     1    -1    -1     1     1
     0     0     0    -1     1    -1     1     1
     0     0     1    -1     1     1     1     1
     0     0     0     0     1    -1     0     1
     0     0     0     0     0    -1     0     0

MiniMaxPlayer (-1) to move (time left: 173.6 sec.):
     0     0    -1    -1    -1     1     0     0
     0     0     0    -1    -1    -1     0     0
     0     0     1     0    -1    -1    -1     1
     0     0    -1     1    -1    -1     1     1
     0     0     0    -1     1    -1     1     1
     0     0     1    -1     1     1     1     1
     0     0     0     0     1    -1     0     1
     0     0     0     0     0    -1     0     0

MiniMaxPlayer2 (1) to move (time left: 58.7 sec.):
     0     1     1     1     1     1     0     0
     0     0     0    -1    -1    -1     0     0
     0     0     1     0    -1    -1    -1     1
     0     0    -1     1    -1    -1     1     1
     0     0     0    -1     1    -1     1     1
     0     0     1    -1     1     1     1     1
     0     0     0     0     1    -1     0     1
     0     0     0     0     0    -1     0     0

MiniMaxPlayer (-1) to move (time left: 172.6 sec.):
     0     1     1     1     1     1     0     0
     0     0     0    -1    -1    -1     0     0
     0     0     1    -1    -1    -1    -1     1
     0     0    -1    -1    -1    -1     1     1
     0     0     0    -1     1    -1     1     1
     0     0     1    -1     1     1     1     1
     0     0     0     0     1    -1     0     1
     0     0     0     0     0    -1     0     0

MiniMaxPlayer2 (1) to move (time left: 42.3 sec.):
     0     1     1     1     1     1     0     0
     0     0     1    -1    -1    -1     0     0
     0     0     1     1    -1    -1    -1     1
     0     0    -1    -1     1    -1     1     1
     0     0     0    -1     1     1     1     1
     0     0     1    -1     1     1     1     1
     0     0     0     0     1    -1     0     1
     0     0     0     0     0    -1     0     0

MiniMaxPlayer (-1) to move (time left: 172.0 sec.):
     0     1     1     1     1     1     0     0
     0     0     1    -1    -1    -1     0     0
     0     0     1     1    -1    -1    -1     1
     0     0    -1    -1    -1    -1     1     1
     0     0     0    -1    -1     1     1     1
     0     0     1    -1    -1     1     1     1
     0     0     0     0    -1    -1     0     1
     0     0     0     0    -1    -1     0     0

MiniMaxPlayer2 (1) to move (time left: 29.5 sec.):
     0     1     1     1     1     1     0     0
     0     0     1    -1    -1    -1     0     0
     0     0     1     1    -1    -1    -1     1
     0     0    -1    -1    -1    -1     1     1
     0     0     0    -1    -1     1     1     1
     0     0     1    -1    -1     1     1     1
     0     0     0     0     1    -1     0     1
     0     0     0     1    -1    -1     0     0

MiniMaxPlayer (-1) to move (time left: 171.3 sec.):
     0     1     1     1     1     1     0     0
     0     0     1    -1    -1    -1     0     0
     0     0     1     1    -1    -1    -1     1
     0     0    -1    -1    -1    -1     1     1
     0     0     0    -1    -1     1     1     1
     0     0     1    -1    -1     1     1     1
     0     0     0    -1    -1    -1     0     1
     0     0     0     1    -1    -1     0     0

MiniMaxPlayer2 (1) to move (time left: 25.8 sec.):
     0     1     1     1     1     1     0     0
     0     0     1    -1    -1    -1     0     0
     0     0     1     1    -1    -1    -1     1
     0     0    -1    -1    -1    -1     1     1
     0     0     0    -1    -1     1     1     1
     0     0     1    -1    -1     1     1     1
     0     0     0    -1    -1    -1     0     1
     0     0     0     1     1     1     1     0

MiniMaxPlayer (-1) to move (time left: 170.8 sec.):
     0     1     1     1     1     1     0     0
     0     0     1    -1    -1    -1     0     0
     0     0     1     1    -1    -1    -1     1
     0     0    -1    -1    -1    -1     1     1
     0    -1     0    -1    -1     1     1     1
     0     0    -1    -1    -1     1     1     1
     0     0     0    -1    -1    -1     0     1
     0     0     0     1     1     1     1     0

MiniMaxPlayer2 (1) to move (time left: 22.6 sec.):
     0     1     1     1     1     1     0     0
     0     0     1    -1    -1    -1     0     0
     0     0     1     1    -1    -1    -1     1
     0     0    -1    -1    -1    -1     1     1
     0    -1     0    -1    -1     1     1     1
     0     0    -1    -1     1     1     1     1
     0     0     0     1    -1    -1     0     1
     0     0     1     1     1     1     1     0

MiniMaxPlayer (-1) to move (time left: 170.6 sec.):
     0     1     1     1     1     1     0     0
     0     0     1    -1    -1    -1     0     0
     0     0    -1     1    -1    -1    -1     1
     0    -1    -1    -1    -1    -1     1     1
     0    -1     0    -1    -1     1     1     1
     0     0    -1    -1     1     1     1     1
     0     0     0     1    -1    -1     0     1
     0     0     1     1     1     1     1     0

MiniMaxPlayer2 (1) to move (time left: 19.8 sec.):
     0     1     1     1     1     1     0     0
     0     0     1    -1    -1    -1     0     0
     0     0    -1     1    -1    -1    -1     1
     0    -1     1    -1    -1    -1     1     1
     0     1     0    -1    -1     1     1     1
     1     0    -1    -1     1     1     1     1
     0     0     0     1    -1    -1     0     1
     0     0     1     1     1     1     1     0

MiniMaxPlayer (-1) to move (time left: 170.4 sec.):
     0     1     1     1     1     1     0     0
     0     0     1    -1    -1    -1     0     0
     0     0    -1     1    -1    -1    -1     1
    -1    -1     1    -1    -1    -1     1     1
     0    -1     0    -1    -1     1     1     1
     1     0    -1    -1     1     1     1     1
     0     0     0     1    -1    -1     0     1
     0     0     1     1     1     1     1     0

MiniMaxPlayer2 (1) to move (time left: 17.2 sec.):
     0     1     1     1     1     1     0     0
     0     0     1    -1    -1    -1     0     0
     0     0    -1     1    -1    -1    -1     1
    -1    -1     1    -1    -1    -1     1     1
     0    -1     1     1     1     1     1     1
     1     0    -1     1     1     1     1     1
     0     0     0     1     1    -1     0     1
     0     0     1     1     1     1     1     0

MiniMaxPlayer (-1) to move (time left: 170.2 sec.):
     0     1     1     1     1     1     0     0
     0     0     1    -1    -1    -1     0     0
     0     0    -1     1    -1    -1    -1     1
    -1    -1     1    -1    -1    -1     1     1
     0    -1     1     1    -1     1     1     1
     1     0    -1    -1     1     1     1     1
     0     0    -1    -1    -1    -1     0     1
     0     0     1     1     1     1     1     0

MiniMaxPlayer2 (1) to move (time left: 15.8 sec.):
     0     1     1     1     1     1     0     0
     0     0     1    -1    -1    -1     0     0
     0     0    -1     1    -1    -1    -1     1
    -1    -1     1    -1    -1    -1     1     1
     0    -1     1     1    -1     1     1     1
     1     1     1     1     1     1     1     1
     0     0     1    -1    -1    -1     0     1
     0     0     1     1     1     1     1     0

MiniMaxPlayer (-1) to move (time left: 170.0 sec.):
     0     1     1     1     1     1     0     0
     0     0     1    -1    -1    -1     0     0
     0    -1    -1     1    -1    -1    -1     1
    -1    -1    -1    -1    -1    -1     1     1
     0    -1     1    -1    -1     1     1     1
     1     1     1     1    -1     1     1     1
     0     0     1    -1    -1    -1     0     1
     0     0     1     1     1     1     1     0

MiniMaxPlayer2 (1) to move (time left: 14.2 sec.):
     0     1     1     1     1     1     0     0
     1     0     1    -1    -1    -1     0     0
     0     1    -1     1    -1    -1    -1     1
    -1    -1     1    -1    -1    -1     1     1
     0    -1     1     1    -1     1     1     1
     1     1     1     1     1     1     1     1
     0     0     1    -1    -1     1     0     1
     0     0     1     1     1     1     1     0

MiniMaxPlayer (-1) to move (time left: 169.8 sec.):
     0     1     1     1     1     1     0     0
     1     0     1    -1    -1    -1     0     0
    -1    -1    -1     1    -1    -1    -1     1
    -1    -1     1    -1    -1    -1     1     1
     0    -1     1     1    -1     1     1     1
     1     1     1     1     1     1     1     1
     0     0     1    -1    -1     1     0     1
     0     0     1     1     1     1     1     0

MiniMaxPlayer2 (1) to move (time left: 12.8 sec.):
     0     1     1     1     1     1     0     0
     1     0     1     1    -1    -1     0     0
     1    -1     1     1    -1    -1    -1     1
     1     1     1    -1    -1    -1     1     1
     1     1     1     1    -1     1     1     1
     1     1     1     1     1     1     1     1
     0     0     1    -1    -1     1     0     1
     0     0     1     1     1     1     1     0

MiniMaxPlayer (-1) to move (time left: 169.6 sec.):
     0     1     1     1     1     1     0     0
     1     0     1     1    -1    -1     0     0
     1    -1     1     1    -1    -1    -1     1
     1    -1     1    -1    -1    -1     1     1
     1    -1     1    -1    -1     1     1     1
     1    -1    -1     1     1     1     1     1
     0    -1    -1    -1    -1     1     0     1
     0     0     1     1     1     1     1     0

MiniMaxPlayer2 (1) to move (time left: 12.2 sec.):
     0     1     1     1     1     1     0     0
     1     0     1     1    -1    -1     0     0
     1    -1     1     1    -1    -1    -1     1
     1    -1     1    -1    -1    -1     1     1
     1    -1     1    -1    -1     1     1     1
     1    -1    -1     1     1     1     1     1
     0    -1     1    -1    -1     1     0     1
     0     1     1     1     1     1     1     0

MiniMaxPlayer (-1) to move (time left: 169.5 sec.):
     0     1     1     1     1     1     0     0
     1    -1    -1    -1    -1    -1     0     0
     1    -1    -1     1    -1    -1    -1     1
     1    -1     1    -1    -1    -1     1     1
     1    -1     1    -1    -1     1     1     1
     1    -1    -1     1     1     1     1     1
     0    -1     1    -1    -1     1     0     1
     0     1     1     1     1     1     1     0

MiniMaxPlayer2 (1) to move (time left: 12.0 sec.):
     1     1     1     1     1     1     0     0
     1     1    -1    -1    -1    -1     0     0
     1    -1     1     1    -1    -1    -1     1
     1    -1     1     1    -1    -1     1     1
     1    -1     1    -1     1     1     1     1
     1    -1    -1     1     1     1     1     1
     0    -1     1    -1    -1     1     0     1
     0     1     1     1     1     1     1     0

MiniMaxPlayer (-1) to move (time left: 169.5 sec.):
     1     1     1     1     1     1     0     0
     1     1    -1    -1    -1    -1     0     0
     1    -1     1     1    -1    -1    -1     1
     1    -1     1     1    -1    -1    -1     1
     1    -1     1    -1     1     1    -1     1
     1    -1    -1     1     1     1    -1     1
     0    -1     1    -1    -1    -1    -1     1
     0     1     1     1     1     1     1     0

MiniMaxPlayer2 (1) to move (time left: 11.9 sec.):
     1     1     1     1     1     1     0     0
     1     1    -1    -1    -1    -1     0     1
     1    -1     1     1    -1    -1     1     1
     1    -1     1     1    -1     1    -1     1
     1    -1     1    -1     1     1    -1     1
     1    -1    -1     1     1     1    -1     1
     0    -1     1    -1    -1    -1    -1     1
     0     1     1     1     1     1     1     0

MiniMaxPlayer (-1) to move (time left: 169.5 sec.):
     1     1     1     1     1     1     0     0
     1     1    -1    -1    -1    -1    -1     1
     1    -1     1     1    -1    -1    -1     1
     1    -1     1     1    -1     1    -1     1
     1    -1     1    -1     1     1    -1     1
     1    -1    -1     1     1     1    -1     1
     0    -1     1    -1    -1    -1    -1     1
     0     1     1     1     1     1     1     0

MiniMaxPlayer2 (1) to move (time left: 11.8 sec.):
     1     1     1     1     1     1     0     0
     1     1    -1    -1    -1    -1    -1     1
     1    -1     1     1    -1    -1    -1     1
     1    -1     1     1    -1     1    -1     1
     1    -1     1    -1     1     1    -1     1
     1     1    -1     1     1     1    -1     1
     1     1     1    -1    -1    -1    -1     1
     0     1     1     1     1     1     1     0

MiniMaxPlayer (-1) to move (time left: 169.5 sec.):
     1     1     1     1     1     1     0     0
     1     1    -1    -1    -1    -1    -1     1
     1    -1     1     1    -1    -1    -1     1
     1    -1     1     1    -1     1    -1     1
     1    -1     1    -1     1     1    -1     1
     1     1    -1     1     1     1    -1     1
     1    -1     1    -1    -1    -1    -1     1
    -1     1     1     1     1     1     1     0

MiniMaxPlayer2 (1) to move (time left: 11.8 sec.):
     1     1     1     1     1     1     1     0
     1     1    -1    -1    -1     1     1     1
     1    -1     1     1     1    -1     1     1
     1    -1     1     1    -1     1     1     1
     1    -1     1    -1     1     1     1     1
     1     1    -1     1     1     1     1     1
     1    -1     1    -1    -1    -1     1     1
    -1     1     1     1     1     1     1     0

MiniMaxPlayer (-1) to move (time left: 169.4 sec.):
     1     1     1     1     1     1     1    -1
     1     1    -1    -1    -1     1    -1     1
     1    -1     1     1     1    -1     1     1
     1    -1     1     1    -1     1     1     1
     1    -1     1    -1     1     1     1     1
     1     1    -1     1     1     1     1     1
     1    -1     1    -1    -1    -1     1     1
    -1     1     1     1     1     1     1     0

MiniMaxPlayer2 (1) to move (time left: 11.8 sec.):
     1     1     1     1     1     1     1    -1
     1     1    -1    -1    -1     1    -1     1
     1    -1     1     1     1    -1     1     1
     1    -1     1     1    -1     1     1     1
     1    -1     1    -1     1     1     1     1
     1     1    -1     1     1     1     1     1
     1    -1     1    -1    -1    -1     1     1
    -1     1     1     1     1     1     1     0

MiniMaxPlayer (-1) to move (time left: 169.4 sec.):
     1     1     1     1     1     1     1    -1
     1     1    -1    -1    -1     1    -1    -1
     1    -1     1     1     1    -1     1    -1
     1    -1     1     1    -1     1     1    -1
     1    -1     1    -1     1     1     1    -1
     1     1    -1     1     1     1     1    -1
     1    -1     1    -1    -1    -1     1    -1
    -1    -1    -1    -1    -1    -1    -1    -1

Game over.
