iWin against MiniMaxPlayer:
     0     0     0     0     0     0     0     0
     0     0     0     0     0     0     0     0
     0     0     0     0     0     0     0     0
     0     0     0     1    -1     0     0     0
     0     0     0    -1     1     0     0     0
     0     0     0     0     0     0     0     0
     0     0     0     0     0     0     0     0
     0     0     0     0     0     0     0     0

MiniMaxPlayer (-1) to move (time left: 180.0 sec.):
     0     0     0     0     0     0     0     0
     0     0     0     0     0     0     0     0
     0     0     0     0     0     0     0     0
     0     0    -1    -1    -1     0     0     0
     0     0     0    -1     1     0     0     0
     0     0     0     0     0     0     0     0
     0     0     0     0     0     0     0     0
     0     0     0     0     0     0     0     0

iWin (1) to move (time left: 180.0 sec.):
     0     0     0     0     0     0     0     0
     0     0     0     0     0     0     0     0
     0     0     1     0     0     0     0     0
     0     0    -1     1    -1     0     0     0
     0     0     0    -1     1     0     0     0
     0     0     0     0     0     0     0     0
     0     0     0     0     0     0     0     0
     0     0     0     0     0     0     0     0

MiniMaxPlayer (-1) to move (time left: 179.9 sec.):
     0     0     0     0     0     0     0     0
     0     0    -1     0     0     0     0     0
     0     0    -1     0     0     0     0     0
     0     0    -1     1    -1     0     0     0
     0     0     0    -1     1     0     0     0
     0     0     0     0     0     0     0     0
     0     0     0     0     0     0     0     0
     0     0     0     0     0     0     0     0

iWin (1) to move (time left: 180.0 sec.):
     0     0     0     0     0     0     0     0
     0     0    -1     0     0     0     0     0
     0     0    -1     0     0     0     0     0
     0     0    -1     1    -1     0     0     0
     0     0     1     1     1     0     0     0
     0     0     0     0     0     0     0     0
     0     0     0     0     0     0     0     0
     0     0     0     0     0     0     0     0

MiniMaxPlayer (-1) to move (time left: 179.9 sec.):
     0     0     0     0     0     0     0     0
     0     0    -1     0     0     0     0     0
     0     0    -1     0     0     0     0     0
     0     0    -1     1    -1     0     0     0
     0     0    -1    -1     1     0     0     0
     0     0    -1     0     0     0     0     0
     0     0     0     0     0     0     0     0
     0     0     0     0     0     0     0     0

iWin (1) to move (time left: 180.0 sec.):
     5

     0     0     0     0     0     0     0     0
     0     0    -1     0     0     0     0     0
     0     0    -1     0     0     0     0     0
     0     0    -1     1     1     1     0     0
     0     0    -1    -1     1     0     0     0
     0     0    -1     0     0     0     0     0
     0     0     0     0     0     0     0     0
     0     0     0     0     0     0     0     0

MiniMaxPlayer (-1) to move (time left: 179.8 sec.):
     0     0     0     0     0     0     0     0
     0     0    -1     0     0     0     0     0
     0     0    -1     0     0     0     0     0
     0     0    -1     1     1     1     0     0
     0     0    -1    -1    -1    -1     0     0
     0     0    -1     0     0     0     0     0
     0     0     0     0     0     0     0     0
     0     0     0     0     0     0     0     0

iWin (1) to move (time left: 178.6 sec.):
     5

     0     0     0     0     0     0     0     0
     0     0    -1     0     0     0     0     0
     0     0    -1     0     0     0     0     0
     0     0    -1     1     1     1     0     0
     0     0    -1     1    -1    -1     0     0
     0     0     1     0     0     0     0     0
     0     1     0     0     0     0     0     0
     0     0     0     0     0     0     0     0

MiniMaxPlayer (-1) to move (time left: 179.6 sec.):
     0     0     0     0     0     0     0     0
     0     0    -1     0     0     0     0     0
     0     0    -1     0     0     0     0     0
     0     0    -1     1     1     1     0     0
     0     0    -1     1    -1    -1     0     0
     0     0    -1     0     0     0     0     0
     0     1    -1     0     0     0     0     0
     0     0     0     0     0     0     0     0

iWin (1) to move (time left: 177.0 sec.):
     5

     0     0     0     0     0     0     0     0
     0     0    -1     0     0     0     0     0
     0     0    -1     0     0     0     0     0
     0     0    -1     1     1     1     0     0
     0     0    -1     1    -1    -1     0     0
     0     0    -1     0     0     0     0     0
     0     1     1     1     0     0     0     0
     0     0     0     0     0     0     0     0

MiniMaxPlayer (-1) to move (time left: 179.3 sec.):
     0     0     0     0     0     0     0     0
     0     0    -1     0     0     0     0     0
     0     0    -1     0     0     0     0     0
     0     0    -1     1     1     1     0     0
     0     0    -1     1    -1    -1     0     0
     0     0    -1     0     0     0     0     0
     0     1    -1     1     0     0     0     0
     0     0    -1     0     0     0     0     0

iWin (1) to move (time left: 173.2 sec.):
     5

     0     0     0     0     0     0     0     0
     0     0    -1     0     0     0     0     0
     0     0    -1     0     0     0     0     0
     0     0    -1     1     1     1     0     0
     0     0     1     1    -1    -1     0     0
     0     1    -1     0     0     0     0     0
     0     1    -1     1     0     0     0     0
     0     0    -1     0     0     0     0     0

MiniMaxPlayer (-1) to move (time left: 178.8 sec.):
     0     0     0     0     0     0     0     0
     0     0    -1     0     0     0     0     0
     0     0    -1     0     0    -1     0     0
     0     0    -1     1    -1    -1     0     0
     0     0     1    -1    -1    -1     0     0
     0     1    -1     0     0     0     0     0
     0     1    -1     1     0     0     0     0
     0     0    -1     0     0     0     0     0

iWin (1) to move (time left: 169.1 sec.):
     5

     0     0     0     0     0     0     0     0
     0     0    -1     0     0     0     1     0
     0     0    -1     0     0     1     0     0
     0     0    -1     1     1    -1     0     0
     0     0     1     1    -1    -1     0     0
     0     1     1     0     0     0     0     0
     0     1    -1     1     0     0     0     0
     0     0    -1     0     0     0     0     0

MiniMaxPlayer (-1) to move (time left: 177.9 sec.):
     0     0     0     0     0     0     0     0
     0     0    -1     0     0    -1     1     0
     0     0    -1     0     0    -1     0     0
     0     0    -1     1     1    -1     0     0
     0     0     1     1    -1    -1     0     0
     0     1     1     0     0     0     0     0
     0     1    -1     1     0     0     0     0
     0     0    -1     0     0     0     0     0

iWin (1) to move (time left: 166.2 sec.):
     5

     0     0     0     0     0     0     0     0
     0     0    -1     0     1     1     1     0
     0     0    -1     0     0    -1     0     0
     0     0    -1     1     1    -1     0     0
     0     0     1     1    -1    -1     0     0
     0     1     1     0     0     0     0     0
     0     1    -1     1     0     0     0     0
     0     0    -1     0     0     0     0     0

MiniMaxPlayer (-1) to move (time left: 177.2 sec.):
     0     0     0     0     0    -1     0     0
     0     0    -1     0     1    -1     1     0
     0     0    -1     0     0    -1     0     0
     0     0    -1     1     1    -1     0     0
     0     0     1     1    -1    -1     0     0
     0     1     1     0     0     0     0     0
     0     1    -1     1     0     0     0     0
     0     0    -1     0     0     0     0     0

iWin (1) to move (time left: 160.8 sec.):
     7

{Operation terminated by user during <a href="matlab:matlab.internal.language.introspective.errorDocCallback('get_num_moves', '/Users/markus/Othello_ST/players/iWin/get_num_moves.m', 30)"