iWin against Lisa:
     0     0     0     0     0     0     0     0
     0     0     0     0     0     0     0     0
     0     0     0     0     0     0     0     0
     0     0     0     1    -1     0     0     0
     0     0     0    -1     1     0     0     0
     0     0     0     0     0     0     0     0
     0     0     0     0     0     0     0     0
     0     0     0     0     0     0     0     0

Lisa (-1) to move (time left: 180.0 sec.):
     0     0     0     0     0     0     0     0
     0     0     0     0     0     0     0     0
     0     0     0     0     0     0     0     0
     0     0    -1    -1    -1     0     0     0
     0     0     0    -1     1     0     0     0
     0     0     0     0     0     0     0     0
     0     0     0     0     0     0     0     0
     0     0     0     0     0     0     0     0

iWin (1) to move (time left: 180.0 sec.):
   180

1111111
22222
33333
     0     0     0     0     0     0     0     0
     0     0     0     0     0     0     0     0
     0     0     0     0     0     0     0     0
     0     0    -1    -1    -1     0     0     0
     0     0     1     1     1     0     0     0
     0     0     0     0     0     0     0     0
     0     0     0     0     0     0     0     0
     0     0     0     0     0     0     0     0

Lisa (-1) to move (time left: 179.5 sec.):
     0     0     0     0     0     0     0     0
     0     0     0     0     0     0     0     0
     0     0     0     0     0     0     0     0
     0     0    -1    -1    -1     0     0     0
     0     0     1    -1     1     0     0     0
     0     0     0    -1     0     0     0     0
     0     0     0     0     0     0     0     0
     0     0     0     0     0     0     0     0

iWin (1) to move (time left: 179.9 sec.):
  179.8520

1111111
22222
33333
     0     0     0     0     0     0     0     0
     0     0     0     0     0     0     0     0
     0     0     1     0     0     0     0     0
     0     0     1     1    -1     0     0     0
     0     0     1    -1     1     0     0     0
     0     0     0    -1     0     0     0     0
     0     0     0     0     0     0     0     0
     0     0     0     0     0     0     0     0

Lisa (-1) to move (time left: 179.0 sec.):
     0     0     0     0     0     0     0     0
     0     0     0     0     0     0     0     0
     0     0     1     0     0     0     0     0
     0     0     1     1    -1     0     0     0
     0     0     1    -1    -1     0     0     0
     0     0     0    -1    -1     0     0     0
     0     0     0     0     0     0     0     0
     0     0     0     0     0     0     0     0

iWin (1) to move (time left: 179.7 sec.):
  179.7020

1111111
22222
33333
     0     0     0     0     0     0     0     0
     0     0     0     0     0     0     0     0
     0     0     1     0     0     0     0     0
     0     0     1     1    -1     0     0     0
     0     0     1     1     1     1     0     0
     0     0     0    -1    -1     0     0     0
     0     0     0     0     0     0     0     0
     0     0     0     0     0     0     0     0

Lisa (-1) to move (time left: 172.6 sec.):
     0     0     0     0     0     0     0     0
     0     0     0     0     0     0     0     0
     0     0     1     0     0     0     0     0
     0     0     1     1    -1     0     0     0
     0     0     1    -1     1     1     0     0
     0     0    -1    -1    -1     0     0     0
     0     0     0     0     0     0     0     0
     0     0     0     0     0     0     0     0

iWin (1) to move (time left: 179.6 sec.):
  179.5690

     0     0     0     0     0     0     0     0
     0     0     0     0     0     0     0     0
     0     0     1     0     0     0     0     0
     0     0     1     1    -1     0     0     0
     0     0     1    -1     1     1     0     0
     0     0     1     1    -1     0     0     0
     0     0     1     0     0     0     0     0
     0     0     0     0     0     0     0     0

Lisa (-1) to move (time left: 167.8 sec.):
     0     0     0     0     0     0     0     0
     0     0     0     0     0     0     0     0
     0     0     1    -1     0     0     0     0
     0     0     1    -1    -1     0     0     0
     0     0     1    -1     1     1     0     0
     0     0     1     1    -1     0     0     0
     0     0     1     0     0     0     0     0
     0     0     0     0     0     0     0     0

iWin (1) to move (time left: 160.4 sec.):
  160.4120

     0     0     0     0     0     0     0     0
     0     0     1     0     0     0     0     0
     0     0     1     1     0     0     0     0
     0     0     1    -1     1     0     0     0
     0     0     1    -1     1     1     0     0
     0     0     1     1    -1     0     0     0
     0     0     1     0     0     0     0     0
     0     0     0     0     0     0     0     0

Lisa (-1) to move (time left: 157.5 sec.):
     0     0     0     0     0     0     0     0
     0     0     1     0     0     0     0     0
     0     0     1     1     0     0     0     0
     0     0     1    -1    -1    -1     0     0
     0     0     1    -1     1     1     0     0
     0     0     1     1    -1     0     0     0
     0     0     1     0     0     0     0     0
     0     0     0     0     0     0     0     0

iWin (1) to move (time left: 139.6 sec.):
  139.6270

     0     0     0     0     0     0     0     0
     0     0     1     0     0     0     0     0
     0     0     1     1     0     0     0     0
     0     0     1     1     1     1     1     0
     0     0     1    -1     1     1     0     0
     0     0     1     1    -1     0     0     0
     0     0     1     0     0     0     0     0
     0     0     0     0     0     0     0     0

Lisa (-1) to move (time left: 134.1 sec.):
     0     0     0     0     0     0     0     0
     0     0     1     0     0     0     0     0
     0     0     1     1     0     0     0     0
     0     0     1     1     1     1     1     0
     0     0     1    -1     1     1     0     0
     0     0     1    -1    -1     0     0     0
     0     0     1    -1     0     0     0     0
     0     0     0     0     0     0     0     0

iWin (1) to move (time left: 122.0 sec.):
  121.9720

     0     0     0     0     0     0     0     0
     0     0     1     0     0     0     0     0
     0     0     1     1     0     0     0     0
     0     0     1     1     1     1     1     0
     0     0     1    -1     1     1     0     0
     0     0     1     1     1     0     0     0
     0     0     1     1     1     0     0     0
     0     0     0     0     0     0     0     0

Lisa (-1) to move (time left: 122.8 sec.):
     0     0     0     0     0     0     0     0
     0     0     1     0     0     0     0     0
     0     0     1     1     0     0     0     0
     0     0     1     1     1     1     1     0
     0     0     1    -1     1     1     0     0
     0     0     1    -1     1     0     0     0
     0     0     1    -1     1     0     0     0
     0     0     0    -1     0     0     0     0

iWin (1) to move (time left: 114.9 sec.):
  114.8990

     0     0     0     0     0     0     0     0
     0     0     1     0     0     0     0     0
     0     0     1     1     0     0     0     0
     0     0     1     1     1     1     1     0
     0     0     1    -1     1     1     0     0
     0     0     1    -1     1     0     0     0
     0     0     1     1     1     0     0     0
     0     0     0    -1     1     0     0     0

Lisa (-1) to move (time left: 119.7 sec.):
     0     0     0     0     0     0     0     0
     0     0     1     0     0     0     0     0
     0     0     1     1     0     0     0     0
     0     0     1     1     1     1     1     0
     0     0     1    -1     1     1     0     0
     0     0     1    -1     1     0     0     0
     0     0     1     1    -1     0     0     0
     0     0     0    -1    -1    -1     0     0

iWin (1) to move (time left: 108.4 sec.):
  108.3630

     0     0     0     0     0     0     0     0
     0     0     1     0     0     0     0     0
     0     0     1     1     0     0     0     0
     0     0     1     1     1     1     1     0
     0     0     1    -1     1     1     0     0
     0     0     1    -1     1     0     0     0
     0     0     1     1     1     1     0     0
     0     0     0    -1    -1    -1     0     0

Lisa (-1) to move (time left: 115.9 sec.):
     0     0     0     0     0     0     0     0
     0     0     1     0     0     0     0     0
     0     0     1     1     0     0     0     0
     0     0     1     1     1     1     1     0
     0     0     1    -1     1     1     0     0
     0     0     1    -1     1     0    -1     0
     0     0     1     1     1    -1     0     0
     0     0     0    -1    -1    -1     0     0

iWin (1) to move (time left: 104.1 sec.):
  104.1290

     0     0     0     0     0     0     0     0
     0     0     1     0     0     0     0     0
     0     0     1     1     0     0     0     0
     0     0     1     1     1     1     1     0
     0     0     1    -1     1     1     0     0
     0     0     1    -1     1     0     1     0
     0     0     1     1     1    -1     0     1
     0     0     0    -1    -1    -1     0     0

Lisa (-1) to move (time left: 108.6 sec.):
     0     0     0     0     0     0     0     0
     0     0     1     0     0     0     0     0
     0     0     1     1     0     0     0     0
     0     0     1     1     1     1     1     0
     0     0     1    -1     1     1     0     0
     0     0     1    -1    -1    -1     1     0
     0     0     1     1    -1    -1     0     1
     0     0     0    -1    -1    -1     0     0

iWin (1) to move (time left: 87.7 sec.):
   87.7090

     0     0     0     0     0     0     0     0
     0     0     1     0     0     0     0     0
     0     0     1     1     0     0     0     0
     0     0     1     1     1     1     1     0
     0     0     1     1     1     1     0     0
     0     0     1    -1     1    -1     1     0
     0     0     1     1    -1     1     0     1
     0     0     0    -1    -1    -1     1     0

Lisa (-1) to move (time left: 105.1 sec.):
     0     0     0     0     0     0     0     0
     0     0     1     0     0     0     0     0
     0     0     1     1     0     0     0     0
     0     0     1     1     1     1     1     0
     0     0     1     1     1     1     0     0
     0     0     1    -1     1    -1     1     0
     0     0     1     1    -1     1     0     1
     0     0     0    -1    -1    -1    -1    -1

iWin (1) to move (time left: 79.4 sec.):
   79.3530

     0     0     0     0     0     0     0     0
     0     0     1     0     0     0     0     0
     0     0     1     1     0     0     0     0
     0     0     1     1     1     1     1     0
     0     0     1     1     1     1     0     0
     0     0     1    -1     1     1     1     0
     0     0     1     1    -1     1     1     1
     0     0     0    -1    -1    -1    -1    -1

Lisa (-1) to move (time left: 102.0 sec.):
     0     0     0     0     0     0     0     0
     0     0     1     0     0     0     0     0
     0     0     1     1     0     0     0     0
     0     0     1     1     1     1     1     0
     0     0     1     1     1     1     0    -1
     0     0     1    -1     1     1    -1     0
     0     0     1     1    -1    -1     1     1
     0     0     0    -1    -1    -1    -1    -1

iWin (1) to move (time left: 76.1 sec.):
   76.0550

     0     0     0     0     0     0     0     0
     0     0     1     0     0     0     0     0
     0     0     1     1     0     0     0     0
     0     0     1     1     1     1     1     0
     0     0     1     1     1     1     1    -1
     0     0     1    -1     1     1     1     0
     0     0     1     1    -1    -1     1     1
     0     0     0    -1    -1    -1    -1    -1

Lisa (-1) to move (time left: 97.7 sec.):
     0     0     0     0     0     0     0     0
     0     0     1     0     0     0     0     0
     0     0     1     1     0     0     0     0
     0     0     1     1     1     1     1     0
     0     0     1     1     1     1     1    -1
     0     0     1    -1    -1    -1    -1    -1
     0     0     1     1    -1    -1    -1    -1
     0     0     0    -1    -1    -1    -1    -1

iWin (1) to move (time left: 69.8 sec.):
   69.8220

     0     0     0     0     0     0     0     0
     0     0     1     0     0     0     0     0
     0     0     1     1     0     0     0     0
     0     0     1     1     1     1     1     0
     0     0     1     1     1     1     1    -1
     0     0     1    -1    -1    -1    -1    -1
     0     0     1     1    -1    -1    -1    -1
     0     0     0    -1    -1    -1    -1    -1

Lisa (-1) to move (time left: 83.1 sec.):
     0     0     0     0     0     0     0     0
     0     0     1     0     0     0     0     0
     0     0     1     1     0     0     0     0
     0     0     1     1     1     1     1     0
     0     0     1     1     1     1     1    -1
     0     0     1    -1    -1    -1    -1    -1
     0     0     1    -1    -1    -1    -1    -1
     0     0    -1    -1    -1    -1    -1    -1

iWin (1) to move (time left: 67.8 sec.):
   67.7650

     0     0     0     0     0     0     0     0
     0     0     1     0     0     0     0     0
     0     0     1     1     0     0     0     0
     0     0     1     1     1     1     1     0
     0     0     1     1     1     1     1    -1
     0     0     1    -1    -1    -1    -1    -1
     0     0     1    -1    -1    -1    -1    -1
     0     0    -1    -1    -1    -1    -1    -1

Lisa (-1) to move (time left: 77.1 sec.):
     0     0     0     0     0     0     0     0
     0     0     1     0     0     0     0     0
     0     0     1     1     0     0     0     0
     0     0     1     1     1     1     1    -1
     0     0     1     1     1     1    -1    -1
     0     0     1    -1    -1    -1    -1    -1
     0     0     1    -1    -1    -1    -1    -1
     0     0    -1    -1    -1    -1    -1    -1

iWin (1) to move (time left: 65.0 sec.):
   65.0140

     0     0     0     0     0     0     0     0
     0     0     1     0     0     0     0     0
     0     0     1     1     0     0     0     0
     0     0     1     1     1     1     1    -1
     0     0     1     1     1     1    -1    -1
     0     0     1    -1    -1    -1    -1    -1
     0     0     1    -1    -1    -1    -1    -1
     0     0    -1    -1    -1    -1    -1    -1

Lisa (-1) to move (time left: 71.0 sec.):
     0     0     0     0     0     0     0     0
     0     0     1     0     0     0     0     0
     0     0     1     1     0     0     0    -1
     0     0     1     1     1     1    -1    -1
     0     0     1     1     1    -1    -1    -1
     0     0     1    -1    -1    -1    -1    -1
     0     0     1    -1    -1    -1    -1    -1
     0     0    -1    -1    -1    -1    -1    -1

iWin (1) to move (time left: 61.9 sec.):
   61.8600

     0     0     0     0     0     0     0     0
     0     0     1     0     0     0     0     0
     0     0     1     1     0     0     0    -1
     0     0     1     1     1     1    -1    -1
     0     0     1     1     1    -1    -1    -1
     0     0     1    -1    -1    -1    -1    -1
     0     0     1    -1    -1    -1    -1    -1
     0     0    -1    -1    -1    -1    -1    -1

Lisa (-1) to move (time left: 65.9 sec.):
     0     0     0     0     0     0     0     0
     0     0     1     0     0     0     0     0
     0     0     1     1     0     0    -1    -1
     0     0     1     1     1    -1    -1    -1
     0     0     1     1    -1    -1    -1    -1
     0     0     1    -1    -1    -1    -1    -1
     0     0     1    -1    -1    -1    -1    -1
     0     0    -1    -1    -1    -1    -1    -1

iWin (1) to move (time left: 59.3 sec.):
   59.3480

     0     0     0     0     0     0     0     0
     0     0     1     0     0     0     0     1
     0     0     1     1     0     0     1    -1
     0     0     1     1     1     1    -1    -1
     0     0     1     1     1    -1    -1    -1
     0     0     1     1    -1    -1    -1    -1
     0     0     1    -1    -1    -1    -1    -1
     0     0    -1    -1    -1    -1    -1    -1

Lisa (-1) to move (time left: 61.3 sec.):
     0     0     0     0     0     0     0    -1
     0     0     1     0     0     0     0    -1
     0     0     1     1     0     0     1    -1
     0     0     1     1     1     1    -1    -1
     0     0     1     1     1    -1    -1    -1
     0     0     1     1    -1    -1    -1    -1
     0     0     1    -1    -1    -1    -1    -1
     0     0    -1    -1    -1    -1    -1    -1

iWin (1) to move (time left: 58.1 sec.):
   58.0950

     0     0     0     0     0     0     0    -1
     0     0     1     0     0     0     0    -1
     0     0     1     1     0     0     1    -1
     0     0     1     1     1     1    -1    -1
     0     0     1     1     1    -1    -1    -1
     0     0     1     1    -1    -1    -1    -1
     0     0     1    -1    -1    -1    -1    -1
     0     0    -1    -1    -1    -1    -1    -1

Lisa (-1) to move (time left: 55.0 sec.):
     0     0     0     0     0     0     0    -1
     0     0     1     0     0     0     0    -1
     0     0     1     1     0    -1    -1    -1
     0     0     1     1     1    -1    -1    -1
     0     0     1     1     1    -1    -1    -1
     0     0     1     1    -1    -1    -1    -1
     0     0     1    -1    -1    -1    -1    -1
     0     0    -1    -1    -1    -1    -1    -1

iWin (1) to move (time left: 56.9 sec.):
   56.8960

     0     0     0     0     0     0     0    -1
     0     0     1     0     0     0     1    -1
     0     0     1     1     0     1    -1    -1
     0     0     1     1     1    -1    -1    -1
     0     0     1     1     1    -1    -1    -1
     0     0     1     1    -1    -1    -1    -1
     0     0     1    -1    -1    -1    -1    -1
     0     0    -1    -1    -1    -1    -1    -1

Lisa (-1) to move (time left: 49.4 sec.):
     0     0     0     0     0     0     0    -1
     0     0     1     0     0    -1    -1    -1
     0     0     1     1     0    -1    -1    -1
     0     0     1     1     1    -1    -1    -1
     0     0     1     1     1    -1    -1    -1
     0     0     1     1    -1    -1    -1    -1
     0     0     1    -1    -1    -1    -1    -1
     0     0    -1    -1    -1    -1    -1    -1

iWin (1) to move (time left: 55.7 sec.):
   55.6970

     0     0     0     0     0     0     0    -1
     0     0     1     0     0    -1    -1    -1
     0     0     1     1     0    -1    -1    -1
     0     0     1     1     1    -1    -1    -1
     0     0     1     1     1    -1    -1    -1
     0     0     1     1    -1    -1    -1    -1
     0     0     1    -1    -1    -1    -1    -1
     0     0    -1    -1    -1    -1    -1    -1

Lisa (-1) to move (time left: 23.1 sec.):
     0     0     0     0     0     0     0    -1
     0     0     1     0     0    -1    -1    -1
     0     0     1     1    -1    -1    -1    -1
     0     0     1     1    -1    -1    -1    -1
     0     0     1     1    -1    -1    -1    -1
     0     0     1     1    -1    -1    -1    -1
     0     0     1    -1    -1    -1    -1    -1
     0     0    -1    -1    -1    -1    -1    -1

iWin (1) to move (time left: 54.8 sec.):
   54.8210

     0     0     0     0     0     0     1    -1
     0     0     1     0     0     1    -1    -1
     0     0     1     1     1    -1    -1    -1
     0     0     1     1    -1    -1    -1    -1
     0     0     1     1    -1    -1    -1    -1
     0     0     1     1    -1    -1    -1    -1
     0     0     1    -1    -1    -1    -1    -1
     0     0    -1    -1    -1    -1    -1    -1

Lisa (-1) to move (time left: 19.8 sec.):
     0     0     0     0    -1     0     1    -1
     0     0     1     0     0    -1    -1    -1
     0     0     1     1     1    -1    -1    -1
     0     0     1     1    -1    -1    -1    -1
     0     0     1     1    -1    -1    -1    -1
     0     0     1     1    -1    -1    -1    -1
     0     0     1    -1    -1    -1    -1    -1
     0     0    -1    -1    -1    -1    -1    -1

iWin (1) to move (time left: 53.8 sec.):
   53.8240

     0     0     0     0    -1     0     1    -1
     0     0     1     0     0    -1    -1    -1
     0     0     1     1     1    -1    -1    -1
     0     0     1     1    -1    -1    -1    -1
     0     0     1     1    -1    -1    -1    -1
     0     0     1     1    -1    -1    -1    -1
     0     0     1    -1    -1    -1    -1    -1
     0     0    -1    -1    -1    -1    -1    -1

Lisa (-1) to move (time left: 13.2 sec.):
     0     0     0     0    -1    -1    -1    -1
     0     0     1     0     0    -1    -1    -1
     0     0     1     1     1    -1    -1    -1
     0     0     1     1    -1    -1    -1    -1
     0     0     1     1    -1    -1    -1    -1
     0     0     1     1    -1    -1    -1    -1
     0     0     1    -1    -1    -1    -1    -1
     0     0    -1    -1    -1    -1    -1    -1

iWin (1) to move (time left: 53.1 sec.):
   53.0970

     0     0     0     0    -1    -1    -1    -1
     0     0     1     0     0    -1    -1    -1
     0     0     1     1     1    -1    -1    -1
     0     0     1     1    -1    -1    -1    -1
     0     0     1     1    -1    -1    -1    -1
     0     0     1     1    -1    -1    -1    -1
     0     0     1    -1    -1    -1    -1    -1
     0     0    -1    -1    -1    -1    -1    -1

Lisa (-1) to move (time left: 8.6 sec.):
     0     0     0     0    -1    -1    -1    -1
     0     0     1    -1     0    -1    -1    -1
     0     0     1    -1    -1    -1    -1    -1
     0     0     1    -1    -1    -1    -1    -1
     0     0     1    -1    -1    -1    -1    -1
     0     0     1    -1    -1    -1    -1    -1
     0     0     1    -1    -1    -1    -1    -1
     0     0    -1    -1    -1    -1    -1    -1

iWin (1) to move (time left: 52.4 sec.):
   52.4180

     0     0     0     0    -1    -1    -1    -1
     0     0     1     1     1    -1    -1    -1
     0     0     1     1    -1    -1    -1    -1
     0     0     1    -1    -1    -1    -1    -1
     0     0     1    -1    -1    -1    -1    -1
     0     0     1    -1    -1    -1    -1    -1
     0     0     1    -1    -1    -1    -1    -1
     0     0    -1    -1    -1    -1    -1    -1

Lisa (-1) to move (time left: 4.1 sec.):
     0     0     0    -1    -1    -1    -1    -1
     0     0     1    -1    -1    -1    -1    -1
     0     0     1    -1    -1    -1    -1    -1
     0     0     1    -1    -1    -1    -1    -1
     0     0     1    -1    -1    -1    -1    -1
     0     0     1    -1    -1    -1    -1    -1
     0     0     1    -1    -1    -1    -1    -1
     0     0    -1    -1    -1    -1    -1    -1

iWin (1) to move (time left: 52.0 sec.):
   51.9530

     0     0     0    -1    -1    -1    -1    -1
     0     0     1    -1    -1    -1    -1    -1
     0     0     1    -1    -1    -1    -1    -1
     0     0     1    -1    -1    -1    -1    -1
     0     0     1    -1    -1    -1    -1    -1
     0     0     1    -1    -1    -1    -1    -1
     0     0     1    -1    -1    -1    -1    -1
     0     0    -1    -1    -1    -1    -1    -1

Lisa (-1) to move (time left: 2.4 sec.):
     0     0    -1    -1    -1    -1    -1    -1
     0     0    -1    -1    -1    -1    -1    -1
     0     0    -1    -1    -1    -1    -1    -1
     0     0    -1    -1    -1    -1    -1    -1
     0     0    -1    -1    -1    -1    -1    -1
     0     0    -1    -1    -1    -1    -1    -1
     0     0    -1    -1    -1    -1    -1    -1
     0     0    -1    -1    -1    -1    -1    -1

Game over.
