iWin against Lisa:
  Columns 1 through 6

     0     0     0     0     0     0
     0     0     0     0     0     0
     0     0     0     0     0     0
     0     0     0     1    -1     0
     0     0     0    -1     1     0
     0     0     0     0     0     0
     0     0     0     0     0     0
     0     0     0     0     0     0

  Columns 7 through 8

     0     0
     0     0
     0     0
     0     0
     0     0
     0     0
     0     0
     0     0

Lisa (-1) to move (time left: 180.0 sec.):
  Columns 1 through 6

     0     0     0     0     0     0
     0     0     0     0     0     0
     0     0     0     0     0     0
     0     0    -1    -1    -1     0
     0     0     0    -1     1     0
     0     0     0     0     0     0
     0     0     0     0     0     0
     0     0     0     0     0     0

  Columns 7 through 8

     0     0
     0     0
     0     0
     0     0
     0     0
     0     0
     0     0
     0     0

iWin (1) to move (time left: 180.0 sec.):
   180

  Columns 1 through 6

     0     0     0     0     0     0
     0     0     0     0     0     0
     0     0     0     0     1     0
     0     0    -1    -1     1     0
     0     0     0    -1     1     0
     0     0     0     0     0     0
     0     0     0     0     0     0
     0     0     0     0     0     0

  Columns 7 through 8

     0     0
     0     0
     0     0
     0     0
     0     0
     0     0
     0     0
     0     0

Lisa (-1) to move (time left: 178.7 sec.):
  Columns 1 through 6

     0     0     0     0     0     0
     0     0     0     0     0     0
     0     0     0     0     1     0
     0     0    -1    -1     1     0
     0     0     0    -1    -1    -1
     0     0     0     0     0     0
     0     0     0     0     0     0
     0     0     0     0     0     0

  Columns 7 through 8

     0     0
     0     0
     0     0
     0     0
     0     0
     0     0
     0     0
     0     0

iWin (1) to move (time left: 167.4 sec.):
  167.3750

  Columns 1 through 6

     0     0     0     0     0     0
     0     0     0     0     0     0
     0     0     0     0     1     0
     0     1     1     1     1     0
     0     0     0    -1    -1    -1
     0     0     0     0     0     0
     0     0     0     0     0     0
     0     0     0     0     0     0

  Columns 7 through 8

     0     0
     0     0
     0     0
     0     0
     0     0
     0     0
     0     0
     0     0

Lisa (-1) to move (time left: 178.2 sec.):
  Columns 1 through 6

     0     0     0     0     0     0
     0     0     0     0     0     0
     0     0     0     0     1    -1
     0     1     1     1    -1     0
     0     0     0    -1    -1    -1
     0     0     0     0     0     0
     0     0     0     0     0     0
     0     0     0     0     0     0

  Columns 7 through 8

     0     0
     0     0
     0     0
     0     0
     0     0
     0     0
     0     0
     0     0

iWin (1) to move (time left: 138.7 sec.):
  138.7210

  Columns 1 through 6

     0     0     0     0     0     0
     0     0     0     0     0     0
     0     0     0     0     1    -1
     0     1     1     1     1     1
     0     0     0    -1    -1    -1
     0     0     0     0     0     0
     0     0     0     0     0     0
     0     0     0     0     0     0

  Columns 7 through 8

     0     0
     0     0
     0     0
     0     0
     0     0
     0     0
     0     0
     0     0

Lisa (-1) to move (time left: 173.1 sec.):
  Columns 1 through 6

     0     0     0     0     0     0
     0     0     0     0     0     0
     0     0     0     0     1    -1
     0     1     1     1     1    -1
     0     0     0    -1    -1    -1
     0     0     0     0     0     0
     0     0     0     0     0     0
     0     0     0     0     0     0

  Columns 7 through 8

     0     0
     0     0
    -1     0
     0     0
     0     0
     0     0
     0     0
     0     0

iWin (1) to move (time left: 115.4 sec.):
  115.3650

  Columns 1 through 6

     0     0     0     0     0     0
     0     0     0     0     0     0
     0     0     0     0     1    -1
     0     1     1     1     1     1
     0     0     0    -1    -1    -1
     0     0     0     0     0     0
     0     0     0     0     0     0
     0     0     0     0     0     0

  Columns 7 through 8

     0     0
     0     0
    -1     0
     0     0
     1     0
     0     0
     0     0
     0     0

Lisa (-1) to move (time left: 161.3 sec.):
  Columns 1 through 6

     0     0     0     0     0     0
     0     0     0     0     0     0
     0     0    -1     0     1    -1
     0     1     1    -1     1     1
     0     0     0    -1    -1    -1
     0     0     0     0     0     0
     0     0     0     0     0     0
     0     0     0     0     0     0

  Columns 7 through 8

     0     0
     0     0
    -1     0
     0     0
     1     0
     0     0
     0     0
     0     0

iWin (1) to move (time left: 92.7 sec.):
   92.7240

  Columns 1 through 6

     0     0     0     0     0     0
     0     0     0     0     0     0
     0     0    -1     0     1    -1
     0     1     1    -1     1     1
     0     0     0    -1    -1    -1
     0     0     0     0     0     0
     0     0     0     0     0     0
     0     0     0     0     0     0

  Columns 7 through 8

     0     0
     0     1
     1     0
     0     0
     1     0
     0     0
     0     0
     0     0

Lisa (-1) to move (time left: 143.2 sec.):
  Columns 1 through 6

     0     0     0     0     0     0
     0     0     0     0     0     0
     0     0    -1     0     1    -1
     0     1     1    -1    -1    -1
     0     0     0    -1    -1    -1
     0     0     0     0     0     0
     0     0     0     0     0     0
     0     0     0     0     0     0

  Columns 7 through 8

     0     0
     0     1
     1     0
    -1     0
     1     0
     0     0
     0     0
     0     0

iWin (1) to move (time left: 71.0 sec.):
   71.0210

  Columns 1 through 6

     0     0     0     0     0     0
     0     0     0     0     0     0
     0     0    -1     0     1    -1
     0     1     1     1    -1    -1
     0     0     1     1     1     1
     0     0     0     0     0     0
     0     0     0     0     0     0
     0     0     0     0     0     0

  Columns 7 through 8

     0     0
     0     1
     1     0
    -1     0
     1     0
     0     0
     0     0
     0     0

Lisa (-1) to move (time left: 136.7 sec.):
  Columns 1 through 6

     0     0     0     0     0     0
     0     0     0     0     0     0
     0     0    -1    -1    -1    -1
     0     1     1     1    -1    -1
     0     0     1     1     1     1
     0     0     0     0     0     0
     0     0     0     0     0     0
     0     0     0     0     0     0

  Columns 7 through 8

     0     0
     0     1
     1     0
    -1     0
     1     0
     0     0
     0     0
     0     0

iWin (1) to move (time left: 52.1 sec.):
   52.1460

  Columns 1 through 6

     0     0     0     0     0     0
     0     0     0     0     0     0
     0     0    -1    -1    -1    -1
     0     1     1     1    -1    -1
     0     0     1     1     1     1
     0     0     0     0     0     0
     0     0     0     0     0     0
     0     0     0     0     0     0

  Columns 7 through 8

     0     0
     0     1
     1     1
     1     0
     1     0
     0     0
     0     0
     0     0

Lisa (-1) to move (time left: 132.6 sec.):
  Columns 1 through 6

     0     0     0     0     0     0
     0     0     0     0     0     0
     0     0    -1    -1    -1    -1
     0     1    -1     1    -1    -1
     0    -1     1     1     1     1
     0     0     0     0     0     0
     0     0     0     0     0     0
     0     0     0     0     0     0

  Columns 7 through 8

     0     0
     0     1
     1     1
     1     0
     1     0
     0     0
     0     0
     0     0

iWin (1) to move (time left: 45.6 sec.):
   45.5530

  Columns 1 through 6

     0     0     0     0     0     0
     0     0     0     0     0     0
     0     0    -1    -1    -1    -1
     0     1    -1     1    -1    -1
     1     1     1     1     1     1
     0     0     0     0     0     0
     0     0     0     0     0     0
     0     0     0     0     0     0

  Columns 7 through 8

     0     0
     0     1
     1     1
     1     0
     1     0
     0     0
     0     0
     0     0

Lisa (-1) to move (time left: 128.9 sec.):
  Columns 1 through 6

     0     0     0     0     0     0
     0     0     0     0     0     0
     0     0    -1    -1    -1    -1
     0     1    -1     1    -1    -1
     1     1     1     1     1     1
     0     0     0     0     0     0
     0     0     0     0     0     0
     0     0     0     0     0     0

  Columns 7 through 8

     0     0
     0     1
     1     1
    -1     0
     1    -1
     0     0
     0     0
     0     0

iWin (1) to move (time left: 37.6 sec.):
   37.5850

  Columns 1 through 6

     0     0     0     0     0     0
     0     0     0     0     0     1
     0     0    -1    -1     1     1
     0     1    -1     1    -1     1
     1     1     1     1     1     1
     0     0     0     0     0     0
     0     0     0     0     0     0
     0     0     0     0     0     0

  Columns 7 through 8

     0     0
     0     1
     1     1
    -1     0
     1    -1
     0     0
     0     0
     0     0

Lisa (-1) to move (time left: 124.0 sec.):
  Columns 1 through 6

     0     0     0     0     0     0
     0     0     0     0     0     1
     0     0    -1    -1     1     1
     0     1    -1    -1    -1     1
     1     1     1    -1     1     1
     0     0     0    -1     0     0
     0     0     0     0     0     0
     0     0     0     0     0     0

  Columns 7 through 8

     0     0
     0     1
     1     1
    -1     0
     1    -1
     0     0
     0     0
     0     0

iWin (1) to move (time left: 31.4 sec.):
   31.3730

  Columns 1 through 6

     0     0     0     0     0     0
     0     0     0     0     0     1
     0     0    -1    -1     1     1
     0     1    -1    -1     1     1
     1     1     1     1     1     1
     0     0     1    -1     0     0
     0     0     0     0     0     0
     0     0     0     0     0     0

  Columns 7 through 8

     0     0
     0     1
     1     1
    -1     0
     1    -1
     0     0
     0     0
     0     0

Lisa (-1) to move (time left: 120.3 sec.):
  Columns 1 through 6

     0     0     0     0     0     0
     0     0     0     0     0     1
     0     0    -1    -1     1     1
     0     1    -1    -1     1     1
     1     1     1    -1     1    -1
     0     0     1    -1    -1     0
     0     0     0     0     0     0
     0     0     0     0     0     0

  Columns 7 through 8

     0     0
     0     1
     1     1
    -1     0
     1    -1
     0     0
     0     0
     0     0

iWin (1) to move (time left: 21.3 sec.):
   21.3100

  Columns 1 through 6

     0     0     0     0     0     0
     0     1     0     0     0     1
     0     0     1    -1     1     1
     0     1    -1     1     1     1
     1     1     1    -1     1    -1
     0     0     1    -1    -1     0
     0     0     0     0     0     0
     0     0     0     0     0     0

  Columns 7 through 8

     0     0
     0     1
     1     1
    -1     0
     1    -1
     0     0
     0     0
     0     0

Lisa (-1) to move (time left: 96.2 sec.):
  Columns 1 through 6

     0     0     0     0     0     0
     0     1    -1     0     0     1
     0     0    -1    -1     1     1
     0     1    -1     1     1     1
     1     1     1    -1     1    -1
     0     0     1    -1    -1     0
     0     0     0     0     0     0
     0     0     0     0     0     0

  Columns 7 through 8

     0     0
     0     1
     1     1
    -1     0
     1    -1
     0     0
     0     0
     0     0

iWin (1) to move (time left: 20.2 sec.):
   20.2150

  Columns 1 through 6

     0     1     0     0     0     0
     0     1     1     0     0     1
     0     0    -1     1     1     1
     0     1    -1     1     1     1
     1     1     1    -1     1    -1
     0     0     1    -1    -1     0
     0     0     0     0     0     0
     0     0     0     0     0     0

  Columns 7 through 8

     0     0
     0     1
     1     1
    -1     0
     1    -1
     0     0
     0     0
     0     0

Lisa (-1) to move (time left: 85.6 sec.):
  Columns 1 through 6

    -1     1     0     0     0     0
     0    -1     1     0     0     1
     0     0    -1     1     1     1
     0     1    -1     1     1     1
     1     1     1    -1     1    -1
     0     0     1    -1    -1     0
     0     0     0     0     0     0
     0     0     0     0     0     0

  Columns 7 through 8

     0     0
     0     1
     1     1
    -1     0
     1    -1
     0     0
     0     0
     0     0

iWin (1) to move (time left: 19.0 sec.):
   19.0100

  Columns 1 through 6

    -1     1     0     0     0     0
     0    -1     1     0     0     1
     0     0    -1     1     1     1
     0     1    -1     1     1     1
     1     1     1     1     1     1
     0     0     1     1     1     0
     0     0     0     1     0     0
     0     0     0     0     0     0

  Columns 7 through 8

     0     0
     0     1
     1     1
     1     0
     1    -1
     0     0
     0     0
     0     0

Lisa (-1) to move (time left: 80.1 sec.):
  Columns 1 through 6

    -1    -1    -1     0     0     0
     0    -1    -1     0     0     1
     0     0    -1     1     1     1
     0     1    -1     1     1     1
     1     1     1     1     1     1
     0     0     1     1     1     0
     0     0     0     1     0     0
     0     0     0     0     0     0

  Columns 7 through 8

     0     0
     0     1
     1     1
     1     0
     1    -1
     0     0
     0     0
     0     0

iWin (1) to move (time left: 17.4 sec.):
   17.3530

  Columns 1 through 6

    -1    -1    -1     0     0     0
     0    -1    -1     0     0     1
     0     1     1     1     1     1
     0     1     1     1     1     1
     1     1     1     1     1     1
     0     0     1     1     1     0
     0     0     0     1     0     0
     0     0     0     0     0     0

  Columns 7 through 8

     0     0
     0     1
     1     1
     1     0
     1    -1
     0     0
     0     0
     0     0

Lisa (-1) to move (time left: 77.7 sec.):
  Columns 1 through 6

    -1    -1    -1     0     0     0
     0    -1    -1     0     0     1
     0     1    -1     1     1     1
     0     1     1    -1     1     1
     1     1     1     1    -1     1
     0     0     1     1     1    -1
     0     0     0     1     0     0
     0     0     0     0     0     0

  Columns 7 through 8

     0     0
     0     1
     1     1
     1     0
     1    -1
     0     0
     0     0
     0     0

iWin (1) to move (time left: 17.0 sec.):
   17.0090

  Columns 1 through 6

    -1    -1    -1     0     0     0
     0    -1    -1     1     0     1
     0     1     1     1     1     1
     0     1     1    -1     1     1
     1     1     1     1    -1     1
     0     0     1     1     1    -1
     0     0     0     1     0     0
     0     0     0     0     0     0

  Columns 7 through 8

     0     0
     0     1
     1     1
     1     0
     1    -1
     0     0
     0     0
     0     0

Lisa (-1) to move (time left: 74.9 sec.):
  Columns 1 through 6

    -1    -1    -1     0     0     0
     0    -1    -1     1     0     1
     0    -1     1     1     1     1
    -1    -1    -1    -1     1     1
     1     1     1     1    -1     1
     0     0     1     1     1    -1
     0     0     0     1     0     0
     0     0     0     0     0     0

  Columns 7 through 8

     0     0
     0     1
     1     1
     1     0
     1    -1
     0     0
     0     0
     0     0

iWin (1) to move (time left: 16.5 sec.):
   16.5080

  Columns 1 through 6

    -1    -1    -1     0     0     0
     0    -1    -1     1     0     1
     0    -1     1     1     1     1
    -1    -1    -1     1     1     1
     1     1     1     1     1     1
     0     0     1     1     1     1
     0     0     0     1     0     0
     0     0     0     0     0     0

  Columns 7 through 8

     0     0
     0     1
     1     1
     1     0
     1    -1
     0     0
     1     0
     0     0

Lisa (-1) to move (time left: 68.6 sec.):
  Columns 1 through 6

    -1    -1    -1     0     0     0
     0    -1    -1     1     0     1
     0    -1     1     1     1     1
    -1    -1    -1     1     1     1
    -1    -1     1     1     1     1
    -1     0     1     1     1     1
     0     0     0     1     0     0
     0     0     0     0     0     0

  Columns 7 through 8

     0     0
     0     1
     1     1
     1     0
     1    -1
     0     0
     1     0
     0     0

iWin (1) to move (time left: 15.8 sec.):
   15.7730

  Columns 1 through 6

    -1    -1    -1     0     0     0
     0    -1    -1     1     0     1
     1     1     1     1     1     1
    -1     1    -1     1     1     1
    -1    -1     1     1     1     1
    -1     0     1     1     1     1
     0     0     0     1     0     0
     0     0     0     0     0     0

  Columns 7 through 8

     0     0
     0     1
     1     1
     1     0
     1    -1
     0     0
     1     0
     0     0

Lisa (-1) to move (time left: 64.9 sec.):
  Columns 1 through 6

    -1    -1    -1     0     0     0
    -1    -1    -1     1     0     1
    -1    -1     1     1     1     1
    -1     1    -1     1     1     1
    -1    -1     1     1     1     1
    -1     0     1     1     1     1
     0     0     0     1     0     0
     0     0     0     0     0     0

  Columns 7 through 8

     0     0
     0     1
     1     1
     1     0
     1    -1
     0     0
     1     0
     0     0

iWin (1) to move (time left: 15.4 sec.):
   15.3840

  Columns 1 through 6

    -1    -1    -1     0     0     0
    -1    -1    -1     1     0     1
    -1    -1     1     1     1     1
    -1     1    -1     1     1     1
    -1     1     1     1     1     1
    -1     1     1     1     1     1
     0     0     0     1     0     0
     0     0     0     0     0     0

  Columns 7 through 8

     0     0
     0     1
     1     1
     1     0
     1    -1
     0     0
     1     0
     0     0

Lisa (-1) to move (time left: 61.7 sec.):
  Columns 1 through 6

    -1    -1    -1     0     0     0
    -1    -1    -1    -1     0     1
    -1    -1     1     1    -1     1
    -1     1    -1     1     1    -1
    -1     1     1     1     1     1
    -1     1     1     1     1     1
     0     0     0     1     0     0
     0     0     0     0     0     0

  Columns 7 through 8

     0     0
     0     1
     1     1
     1     0
    -1    -1
     0    -1
     1     0
     0     0

iWin (1) to move (time left: 15.2 sec.):
   15.1640

  Columns 1 through 6

    -1    -1    -1     0     0     0
    -1    -1    -1    -1     0     1
    -1    -1     1     1    -1     1
    -1     1    -1     1     1    -1
    -1     1     1     1     1     1
    -1     1     1     1     1     1
     0     0     0     1     0     0
     0     0     0     0     0     0

  Columns 7 through 8

     0     0
     0     1
     1     1
     1     0
     1    -1
     1    -1
     1     0
     0     0

Lisa (-1) to move (time left: 12.1 sec.):
  Columns 1 through 6

    -1    -1    -1     0     0     0
    -1    -1    -1    -1     0     1
    -1    -1     1     1    -1     1
    -1     1    -1     1     1    -1
    -1     1     1     1     1     1
    -1     1     1     1     1     1
     0     0     0     1     0     0
     0     0     0     0     0     0

  Columns 7 through 8

     0     0
     0     1
     1     1
    -1    -1
     1    -1
     1    -1
     1     0
     0     0

iWin (1) to move (time left: 14.4 sec.):
   14.3980

  Columns 1 through 6

    -1    -1    -1     0     0     0
    -1    -1    -1    -1     0     1
    -1    -1     1     1    -1     1
    -1     1    -1     1     1    -1
    -1     1     1     1     1     1
    -1     1     1     1     1     1
     0     0     0     1     0     0
     0     0     0     0     0     0

  Columns 7 through 8

     0     0
     0     1
     1     1
    -1     1
     1     1
     1     1
     1     1
     0     0

Lisa (-1) to move (time left: 6.7 sec.):
  Columns 1 through 6

    -1    -1    -1     0     0     0
    -1    -1    -1    -1     0     1
    -1    -1    -1     1    -1     1
    -1     1    -1    -1     1    -1
    -1     1     1     1    -1     1
    -1     1     1     1     1    -1
     0     0     0     1     0     0
     0     0     0     0     0     0

  Columns 7 through 8

     0     0
     0     1
     1     1
    -1     1
     1     1
     1     1
    -1     1
     0    -1

iWin (1) to move (time left: 14.1 sec.):
   14.0540

  Columns 1 through 6

    -1    -1    -1     0     0     0
    -1    -1    -1    -1     1     1
    -1    -1    -1     1     1     1
    -1     1    -1    -1     1    -1
    -1     1     1     1    -1     1
    -1     1     1     1     1    -1
     0     0     0     1     0     0
     0     0     0     0     0     0

  Columns 7 through 8

     0     0
     0     1
     1     1
    -1     1
     1     1
     1     1
    -1     1
     0    -1

Lisa (-1) to move (time left: 3.0 sec.):
  Columns 1 through 6

    -1    -1    -1     0    -1     0
    -1    -1    -1    -1    -1     1
    -1    -1    -1     1    -1     1
    -1     1    -1    -1    -1    -1
    -1     1     1     1    -1     1
    -1     1     1     1     1    -1
     0     0     0     1     0     0
     0     0     0     0     0     0

  Columns 7 through 8

     0     0
     0     1
     1     1
    -1     1
     1     1
     1     1
    -1     1
     0    -1

iWin (1) to move (time left: 13.8 sec.):
   13.7640

  Columns 1 through 6

    -1    -1    -1     0    -1     1
    -1    -1    -1    -1     1     1
    -1    -1    -1     1    -1     1
    -1     1    -1    -1    -1    -1
    -1     1     1     1    -1     1
    -1     1     1     1     1    -1
     0     0     0     1     0     0
     0     0     0     0     0     0

  Columns 7 through 8

     0     0
     0     1
     1     1
    -1     1
     1     1
     1     1
    -1     1
     0    -1

Lisa (-1) to move (time left: 1.9 sec.):
  Columns 1 through 6

    -1    -1    -1     0    -1     1
    -1    -1    -1    -1     1     1
    -1    -1    -1     1    -1     1
    -1     1    -1    -1    -1    -1
    -1     1     1     1    -1     1
    -1     1     1     1     1    -1
     0     0     0     1     0     0
     0     0     0     0     0     0

  Columns 7 through 8

     0    -1
     0    -1
     1    -1
    -1    -1
     1    -1
     1    -1
    -1    -1
     0    -1

iWin (1) to move (time left: 13.5 sec.):
   13.5140

  Columns 1 through 6

    -1    -1    -1     1     1     1
    -1    -1    -1     1     1     1
    -1    -1    -1     1    -1     1
    -1     1    -1    -1    -1    -1
    -1     1     1     1    -1     1
    -1     1     1     1     1    -1
     0     0     0     1     0     0
     0     0     0     0     0     0

  Columns 7 through 8

     0    -1
     0    -1
     1    -1
    -1    -1
     1    -1
     1    -1
    -1    -1
     0    -1

Lisa (-1) to move (time left: 1.1 sec.):
  Columns 1 through 6

    -1    -1    -1    -1    -1    -1
    -1    -1    -1     1     1    -1
    -1    -1    -1     1    -1     1
    -1     1    -1    -1    -1    -1
    -1     1     1     1    -1     1
    -1     1     1     1     1    -1
     0     0     0     1     0     0
     0     0     0     0     0     0

  Columns 7 through 8

    -1    -1
     0    -1
     1    -1
    -1    -1
     1    -1
     1    -1
    -1    -1
     0    -1

iWin (1) to move (time left: 13.3 sec.):
   13.3100

  Columns 1 through 6

    -1    -1    -1    -1    -1    -1
    -1    -1    -1     1     1     1
    -1    -1    -1     1    -1     1
    -1     1    -1    -1    -1    -1
    -1     1     1     1    -1     1
    -1     1     1     1     1    -1
     0     0     0     1     0     0
     0     0     0     0     0     0

  Columns 7 through 8

    -1    -1
     1    -1
     1    -1
    -1    -1
     1    -1
     1    -1
    -1    -1
     0    -1

Lisa (-1) to move (time left: 0.4 sec.):
  Columns 1 through 6

    -1    -1    -1    -1    -1    -1
    -1    -1    -1     1     1     1
    -1    -1    -1     1    -1     1
    -1     1    -1    -1    -1    -1
    -1     1    -1     1    -1     1
    -1    -1     1     1     1    -1
    -1     0     0     1     0     0
     0     0     0     0     0     0

  Columns 7 through 8

    -1    -1
     1    -1
     1    -1
    -1    -1
     1    -1
     1    -1
    -1    -1
     0    -1

Error: Player has exceeded the budget.
