iWin against Lisa:
     0     0     0     0     0     0     0     0
     0     0     0     0     0     0     0     0
     0     0     0     0     0     0     0     0
     0     0     0     1    -1     0     0     0
     0     0     0    -1     1     0     0     0
     0     0     0     0     0     0     0     0
     0     0     0     0     0     0     0     0
     0     0     0     0     0     0     0     0

Lisa (-1) to move (time left: 5.0 sec.):
     0     0     0     0     0     0     0     0
     0     0     0     0     0     0     0     0
     0     0     0     0     0     0     0     0
     0     0    -1    -1    -1     0     0     0
     0     0     0    -1     1     0     0     0
     0     0     0     0     0     0     0     0
     0     0     0     0     0     0     0     0
     0     0     0     0     0     0     0     0

iWin (1) to move (time left: 5.0 sec.):
     5

     0     0     0     0     0     0     0     0
     0     0     0     0     0     0     0     0
     0     0     1     0     0     0     0     0
     0     0    -1     1    -1     0     0     0
     0     0     0    -1     1     0     0     0
     0     0     0     0     0     0     0     0
     0     0     0     0     0     0     0     0
     0     0     0     0     0     0     0     0

Lisa (-1) to move (time left: 4.9 sec.):
     0     0     0     0     0     0     0     0
     0     0     0     0     0     0     0     0
     0     0     1    -1     0     0     0     0
     0     0    -1    -1    -1     0     0     0
     0     0     0    -1     1     0     0     0
     0     0     0     0     0     0     0     0
     0     0     0     0     0     0     0     0
     0     0     0     0     0     0     0     0

iWin (1) to move (time left: 5.0 sec.):
    4.9602

     0     0     0     0     0     0     0     0
     0     0     0     0     0     0     0     0
     0     0     1     1     1     0     0     0
     0     0    -1    -1     1     0     0     0
     0     0     0    -1     1     0     0     0
     0     0     0     0     0     0     0     0
     0     0     0     0     0     0     0     0
     0     0     0     0     0     0     0     0

Lisa (-1) to move (time left: 4.8 sec.):
     0     0     0     0     0     0     0     0
     0     0     0     0     0     0     0     0
     0     0     1     1     1    -1     0     0
     0     0    -1    -1    -1     0     0     0
     0     0     0    -1     1     0     0     0
     0     0     0     0     0     0     0     0
     0     0     0     0     0     0     0     0
     0     0     0     0     0     0     0     0

iWin (1) to move (time left: 4.9 sec.):
    4.9090

     0     0     0     0     0     0     0     0
     0     0     0     0     0     0     0     0
     0     0     1     1     1     1     1     0
     0     0    -1    -1    -1     0     0     0
     0     0     0    -1     1     0     0     0
     0     0     0     0     0     0     0     0
     0     0     0     0     0     0     0     0
     0     0     0     0     0     0     0     0

Lisa (-1) to move (time left: 4.7 sec.):
     0     0     0     0     0     0     0     0
     0     0     0    -1     0     0     0     0
     0     0     1    -1     1     1     1     0
     0     0    -1    -1    -1     0     0     0
     0     0     0    -1     1     0     0     0
     0     0     0     0     0     0     0     0
     0     0     0     0     0     0     0     0
     0     0     0     0     0     0     0     0

iWin (1) to move (time left: 4.8 sec.):
    4.8347

     0     0     1     0     0     0     0     0
     0     0     0     1     0     0     0     0
     0     0     1    -1     1     1     1     0
     0     0    -1    -1    -1     0     0     0
     0     0     0    -1     1     0     0     0
     0     0     0     0     0     0     0     0
     0     0     0     0     0     0     0     0
     0     0     0     0     0     0     0     0

Lisa (-1) to move (time left: 4.5 sec.):
     0     0     1    -1     0     0     0     0
     0     0     0    -1     0     0     0     0
     0     0     1    -1     1     1     1     0
     0     0    -1    -1    -1     0     0     0
     0     0     0    -1     1     0     0     0
     0     0     0     0     0     0     0     0
     0     0     0     0     0     0     0     0
     0     0     0     0     0     0     0     0

iWin (1) to move (time left: 4.8 sec.):
    4.7632

     0     0     1     1     1     0     0     0
     0     0     0     1     0     0     0     0
     0     0     1    -1     1     1     1     0
     0     0    -1    -1    -1     0     0     0
     0     0     0    -1     1     0     0     0
     0     0     0     0     0     0     0     0
     0     0     0     0     0     0     0     0
     0     0     0     0     0     0     0     0

Lisa (-1) to move (time left: 4.3 sec.):
     0     0     1     1     1     0     0     0
     0     0     0     1     0     0     0     0
     0     0     1    -1     1     1     1     0
     0     0    -1    -1    -1     0     0     0
     0     0     0    -1    -1     0     0     0
     0     0     0     0     0    -1     0     0
     0     0     0     0     0     0     0     0
     0     0     0     0     0     0     0     0

iWin (1) to move (time left: 4.7 sec.):
    4.6879

     0     0     1     1     1     0     0     0
     0     0     0     1     0     0     0     0
     0     0     1    -1     1     1     1     0
     0     0     1     1    -1     0     0     0
     0     0     1    -1    -1     0     0     0
     0     0     0     0     0    -1     0     0
     0     0     0     0     0     0     0     0
     0     0     0     0     0     0     0     0

Lisa (-1) to move (time left: 4.1 sec.):
     0     0     1     1     1     0     0     0
     0     0     0     1    -1     0     0     0
     0     0     1    -1    -1     1     1     0
     0     0     1     1    -1     0     0     0
     0     0     1    -1    -1     0     0     0
     0     0     0     0     0    -1     0     0
     0     0     0     0     0     0     0     0
     0     0     0     0     0     0     0     0

iWin (1) to move (time left: 4.6 sec.):
    4.6114

     0     0     1     1     1     1     0     0
     0     0     0     1     1     0     0     0
     0     0     1     1    -1     1     1     0
     0     0     1     1    -1     0     0     0
     0     0     1    -1    -1     0     0     0
     0     0     0     0     0    -1     0     0
     0     0     0     0     0     0     0     0
     0     0     0     0     0     0     0     0

Lisa (-1) to move (time left: 3.8 sec.):
     0     0     1     1     1     1     0     0
     0     0     0     1     1     0     0     0
     0     0     1     1    -1     1     1     0
     0     0     1    -1    -1     0     0     0
     0     0    -1    -1    -1     0     0     0
     0    -1     0     0     0    -1     0     0
     0     0     0     0     0     0     0     0
     0     0     0     0     0     0     0     0

iWin (1) to move (time left: 4.5 sec.):
    4.4979

     0     0     1     1     1     1     0     0
     0     0     0     1     1     0     0     0
     0     0     1     1     1     1     1     0
     0     0     1     1     1     1     0     0
     0     0    -1    -1    -1     0     0     0
     0    -1     0     0     0    -1     0     0
     0     0     0     0     0     0     0     0
     0     0     0     0     0     0     0     0

Lisa (-1) to move (time left: 3.6 sec.):
     0     0     1     1     1     1     0     0
     0     0     0     1     1     0     0     0
     0    -1     1     1     1     1     1     0
     0     0    -1     1     1     1     0     0
     0     0    -1    -1    -1     0     0     0
     0    -1     0     0     0    -1     0     0
     0     0     0     0     0     0     0     0
     0     0     0     0     0     0     0     0

iWin (1) to move (time left: 4.4 sec.):
    4.4164

     0     0     1     1     1     1     0     0
     0     0     0     1     1     0     0     0
     1     1     1     1     1     1     1     0
     0     0    -1     1     1     1     0     0
     0     0    -1    -1    -1     0     0     0
     0    -1     0     0     0    -1     0     0
     0     0     0     0     0     0     0     0
     0     0     0     0     0     0     0     0

Lisa (-1) to move (time left: 3.5 sec.):
     0     0     1     1     1     1     0     0
     0     0     0     1     1    -1     0     0
     1     1     1     1    -1     1     1     0
     0     0    -1    -1     1     1     0     0
     0     0    -1    -1    -1     0     0     0
     0    -1     0     0     0    -1     0     0
     0     0     0     0     0     0     0     0
     0     0     0     0     0     0     0     0

iWin (1) to move (time left: 4.3 sec.):
    4.3150

     0     0     1     1     1     1     0     0
     0     0     0     1     1     1     1     0
     1     1     1     1    -1     1     1     0
     0     0    -1    -1     1     1     0     0
     0     0    -1    -1    -1     0     0     0
     0    -1     0     0     0    -1     0     0
     0     0     0     0     0     0     0     0
     0     0     0     0     0     0     0     0

Lisa (-1) to move (time left: 3.2 sec.):
     0     0     1     1     1     1     0     0
     0     0     0     1     1     1     1     0
     1     1     1     1    -1    -1    -1    -1
     0     0    -1    -1     1     1     0     0
     0     0    -1    -1    -1     0     0     0
     0    -1     0     0     0    -1     0     0
     0     0     0     0     0     0     0     0
     0     0     0     0     0     0     0     0

iWin (1) to move (time left: 4.2 sec.):
    4.2267

     0     0     1     1     1     1     0     0
     0     0     0     1     1     1     1     1
     1     1     1     1    -1    -1     1    -1
     0     0    -1    -1     1     1     0     0
     0     0    -1    -1    -1     0     0     0
     0    -1     0     0     0    -1     0     0
     0     0     0     0     0     0     0     0
     0     0     0     0     0     0     0     0

Lisa (-1) to move (time left: 3.0 sec.):
     0     0     1     1     1     1     0     0
     0     0     0     1     1     1     1     1
     1     1     1     1    -1    -1     1    -1
     0     0    -1    -1     1    -1     0     0
     0     0    -1    -1    -1    -1     0     0
     0    -1     0     0     0    -1     0     0
     0     0     0     0     0     0     0     0
     0     0     0     0     0     0     0     0

iWin (1) to move (time left: 4.1 sec.):
    4.0786

     0     0     1     1     1     1     0     0
     0     0     0     1     1     1     1     1
     1     1     1     1    -1    -1     1    -1
     0     1     1     1     1    -1     0     0
     0     0    -1    -1    -1    -1     0     0
     0    -1     0     0     0    -1     0     0
     0     0     0     0     0     0     0     0
     0     0     0     0     0     0     0     0

Lisa (-1) to move (time left: 2.7 sec.):
     0     0     1     1     1     1     0     0
     0     0     0     1     1     1     1     1
     1     1     1     1    -1    -1     1    -1
    -1    -1    -1    -1    -1    -1     0     0
     0     0    -1    -1    -1    -1     0     0
     0    -1     0     0     0    -1     0     0
     0     0     0     0     0     0     0     0
     0     0     0     0     0     0     0     0

iWin (1) to move (time left: 4.0 sec.):
    3.9580

     0     0     1     1     1     1     0     0
     0     0     0     1     1     1     1     1
     1     1     1     1    -1     1     1    -1
    -1    -1    -1    -1    -1    -1     1     0
     0     0    -1    -1    -1    -1     0     0
     0    -1     0     0     0    -1     0     0
     0     0     0     0     0     0     0     0
     0     0     0     0     0     0     0     0

Lisa (-1) to move (time left: 2.6 sec.):
     0     0     1     1     1     1     0     0
     0     0     0     1     1     1     1     1
     1     1     1     1    -1     1     1    -1
    -1    -1    -1    -1    -1    -1    -1    -1
     0     0    -1    -1    -1    -1     0     0
     0    -1     0     0     0    -1     0     0
     0     0     0     0     0     0     0     0
     0     0     0     0     0     0     0     0

iWin (1) to move (time left: 3.8 sec.):
    3.8447

     0     0     1     1     1     1     0     0
     0     0     0     1     1     1     1     1
     1     1     1     1    -1     1     1    -1
     1     1    -1    -1    -1    -1    -1    -1
     1     0    -1    -1    -1    -1     0     0
     0    -1     0     0     0    -1     0     0
     0     0     0     0     0     0     0     0
     0     0     0     0     0     0     0     0

Lisa (-1) to move (time left: 2.4 sec.):
     0     0     1     1     1     1     0     0
     0     0    -1     1     1     1     1     1
     1     1    -1    -1    -1     1     1    -1
     1     1    -1    -1    -1    -1    -1    -1
     1     0    -1    -1    -1    -1     0     0
     0    -1     0     0     0    -1     0     0
     0     0     0     0     0     0     0     0
     0     0     0     0     0     0     0     0

iWin (1) to move (time left: 3.7 sec.):
    3.7132

     0     0     1     1     1     1     0     0
     0     1     1     1     1     1     1     1
     1     1    -1    -1    -1     1     1    -1
     1     1    -1    -1    -1    -1    -1    -1
     1     0    -1    -1    -1    -1     0     0
     0    -1     0     0     0    -1     0     0
     0     0     0     0     0     0     0     0
     0     0     0     0     0     0     0     0

Lisa (-1) to move (time left: 2.3 sec.):
    -1     0     1     1     1     1     0     0
     0    -1     1     1     1     1     1     1
     1     1    -1    -1    -1     1     1    -1
     1     1    -1    -1    -1    -1    -1    -1
     1     0    -1    -1    -1    -1     0     0
     0    -1     0     0     0    -1     0     0
     0     0     0     0     0     0     0     0
     0     0     0     0     0     0     0     0

iWin (1) to move (time left: 3.6 sec.):
    3.6368

    -1     1     1     1     1     1     0     0
     0     1     1     1     1     1     1     1
     1     1    -1    -1    -1     1     1    -1
     1     1    -1    -1    -1    -1    -1    -1
     1     0    -1    -1    -1    -1     0     0
     0    -1     0     0     0    -1     0     0
     0     0     0     0     0     0     0     0
     0     0     0     0     0     0     0     0

Lisa (-1) to move (time left: 2.2 sec.):
    -1     1     1     1     1     1     0     0
    -1     1     1     1     1     1     1     1
     1    -1    -1    -1    -1     1     1    -1
     1     1    -1    -1    -1    -1    -1    -1
     1     0    -1    -1    -1    -1     0     0
     0    -1     0     0     0    -1     0     0
     0     0     0     0     0     0     0     0
     0     0     0     0     0     0     0     0

iWin (1) to move (time left: 3.5 sec.):
    3.5417

    -1     1     1     1     1     1     0     0
    -1     1     1     1     1     1     1     1
     1    -1    -1     1    -1     1     1    -1
     1     1     1    -1    -1    -1    -1    -1
     1     1    -1    -1    -1    -1     0     0
     0    -1     0     0     0    -1     0     0
     0     0     0     0     0     0     0     0
     0     0     0     0     0     0     0     0

Lisa (-1) to move (time left: 2.0 sec.):
    -1     1     1     1     1     1     0     0
    -1     1     1     1     1     1     1     1
    -1    -1    -1     1    -1     1     1    -1
    -1     1     1    -1    -1    -1    -1    -1
    -1     1    -1    -1    -1    -1     0     0
    -1    -1     0     0     0    -1     0     0
     0     0     0     0     0     0     0     0
     0     0     0     0     0     0     0     0

iWin (1) to move (time left: 3.5 sec.):
    3.4607

    -1     1     1     1     1     1     0     0
    -1     1     1     1     1     1     1     1
    -1    -1    -1     1     1     1     1    -1
    -1     1     1    -1    -1     1     1    -1
    -1     1     1     1     1     1     1     0
    -1    -1     0     0     0    -1     0     0
     0     0     0     0     0     0     0     0
     0     0     0     0     0     0     0     0

Lisa (-1) to move (time left: 1.9 sec.):
    -1     1     1     1     1     1     0    -1
    -1     1     1     1     1     1    -1    -1
    -1    -1    -1     1     1    -1     1    -1
    -1     1     1    -1    -1     1     1    -1
    -1     1     1     1     1     1     1     0
    -1    -1     0     0     0    -1     0     0
     0     0     0     0     0     0     0     0
     0     0     0     0     0     0     0     0

iWin (1) to move (time left: 3.4 sec.):
    3.3818

    -1     1     1     1     1     1     1    -1
    -1     1     1     1     1     1     1    -1
    -1    -1    -1     1     1    -1     1    -1
    -1     1     1    -1    -1     1     1    -1
    -1     1     1     1     1     1     1     0
    -1    -1     0     0     0    -1     0     0
     0     0     0     0     0     0     0     0
     0     0     0     0     0     0     0     0

Lisa (-1) to move (time left: 1.9 sec.):
    -1     1     1     1     1     1     1    -1
    -1     1     1     1     1     1     1    -1
    -1    -1    -1     1     1    -1     1    -1
    -1     1     1    -1    -1     1     1    -1
    -1     1     1     1     1    -1     1     0
    -1    -1     0     0     0    -1    -1     0
     0     0     0     0     0     0     0     0
     0     0     0     0     0     0     0     0

iWin (1) to move (time left: 3.3 sec.):
    3.3189

    -1     1     1     1     1     1     1    -1
    -1     1     1     1     1     1     1    -1
    -1    -1    -1     1     1    -1     1    -1
    -1     1     1    -1    -1     1     1    -1
    -1     1     1     1     1     1     1     0
    -1    -1     0     0     1    -1    -1     0
     0     0     0     0     0     0     0     0
     0     0     0     0     0     0     0     0

Lisa (-1) to move (time left: 1.7 sec.):
    -1     1     1     1     1     1     1    -1
    -1     1     1     1     1     1     1    -1
    -1    -1    -1     1     1    -1     1    -1
    -1     1    -1    -1    -1     1     1    -1
    -1    -1    -1    -1     1     1     1     0
    -1    -1    -1     0     1    -1    -1     0
     0     0     0     0     0     0     0     0
     0     0     0     0     0     0     0     0

iWin (1) to move (time left: 3.3 sec.):
    3.2660

    -1     1     1     1     1     1     1    -1
    -1     1     1     1     1     1     1    -1
    -1    -1    -1     1     1    -1     1    -1
    -1     1    -1     1    -1     1     1    -1
    -1    -1     1     1     1     1     1     0
    -1    -1    -1     1     1    -1    -1     0
     0     0     0     0     0     0     0     0
     0     0     0     0     0     0     0     0

Lisa (-1) to move (time left: 1.6 sec.):
    -1     1     1     1     1     1     1    -1
    -1     1     1     1     1     1     1    -1
    -1    -1    -1     1     1    -1     1    -1
    -1     1    -1     1    -1     1    -1    -1
    -1    -1    -1    -1    -1    -1    -1    -1
    -1    -1    -1     1     1    -1    -1     0
     0     0     0     0     0     0     0     0
     0     0     0     0     0     0     0     0

iWin (1) to move (time left: 3.2 sec.):
    3.2031

    -1     1     1     1     1     1     1    -1
    -1     1     1     1     1     1     1    -1
    -1    -1    -1     1     1    -1     1    -1
    -1     1    -1     1    -1     1    -1    -1
    -1    -1    -1    -1    -1    -1     1    -1
    -1    -1    -1     1     1     1     1     1
     0     0     0     0     0     0     0     0
     0     0     0     0     0     0     0     0

Lisa (-1) to move (time left: 1.5 sec.):
    -1     1     1     1     1     1     1    -1
    -1     1     1     1     1     1     1    -1
    -1    -1    -1     1     1    -1     1    -1
    -1     1    -1     1    -1     1    -1    -1
    -1    -1    -1    -1    -1    -1     1    -1
    -1    -1    -1     1     1     1    -1    -1
     0     0     0     0     0     0     0    -1
     0     0     0     0     0     0     0     0

iWin (1) to move (time left: 3.2 sec.):
    3.1559

    -1     1     1     1     1     1     1    -1
    -1     1     1     1     1     1     1    -1
    -1    -1    -1     1     1    -1     1    -1
    -1     1    -1     1    -1     1    -1    -1
    -1    -1     1    -1    -1    -1     1    -1
    -1     1    -1     1     1     1    -1    -1
     1     0     0     0     0     0     0    -1
     0     0     0     0     0     0     0     0

Lisa (-1) to move (time left: 1.4 sec.):
    -1     1     1     1     1     1     1    -1
    -1     1     1     1     1     1     1    -1
    -1    -1    -1     1     1    -1     1    -1
    -1     1    -1     1    -1     1    -1    -1
    -1    -1     1    -1    -1    -1     1    -1
    -1     1    -1     1     1     1    -1    -1
    -1     0     0     0     0     0     0    -1
    -1     0     0     0     0     0     0     0

iWin (1) to move (time left: 3.1 sec.):
    3.1174

    -1     1     1     1     1     1     1    -1
    -1     1     1     1     1     1     1    -1
    -1    -1    -1     1     1     1     1    -1
    -1     1    -1     1     1     1    -1    -1
    -1    -1     1     1    -1    -1     1    -1
    -1     1     1     1     1     1    -1    -1
    -1     1     0     0     0     0     0    -1
    -1     0     0     0     0     0     0     0

Lisa (-1) to move (time left: 1.3 sec.):
    -1     1     1     1     1     1     1    -1
    -1     1     1     1     1     1     1    -1
    -1    -1    -1     1     1     1     1    -1
    -1     1    -1     1     1     1    -1    -1
    -1    -1     1     1    -1    -1     1    -1
    -1     1     1     1     1     1    -1    -1
    -1    -1     0     0     0     0     0    -1
    -1     0    -1     0     0     0     0     0

iWin (1) to move (time left: 3.1 sec.):
    3.0784

    -1     1     1     1     1     1     1    -1
    -1     1     1     1     1     1     1    -1
    -1    -1    -1     1     1     1     1    -1
    -1     1    -1     1     1     1    -1    -1
    -1    -1     1     1    -1    -1     1    -1
    -1     1     1     1     1     1     1    -1
    -1    -1     0     0     0     0     1    -1
    -1     0    -1     0     0     0     0     0

Lisa (-1) to move (time left: 1.3 sec.):
    -1     1     1     1     1     1     1    -1
    -1     1     1     1     1     1     1    -1
    -1    -1    -1     1     1     1     1    -1
    -1     1    -1     1     1     1    -1    -1
    -1    -1    -1     1    -1    -1     1    -1
    -1    -1    -1    -1     1     1     1    -1
    -1    -1    -1     0     0     0     1    -1
    -1     0    -1     0     0     0     0     0

iWin (1) to move (time left: 3.1 sec.):
    3.0602

    -1     1     1     1     1     1     1    -1
    -1     1     1     1     1     1     1    -1
    -1    -1    -1     1     1     1     1    -1
    -1     1    -1     1     1     1    -1    -1
    -1    -1    -1     1    -1    -1     1    -1
    -1    -1    -1     1     1     1     1    -1
    -1    -1    -1     1     0     0     1    -1
    -1     0    -1     0     0     0     0     0

Lisa (-1) to move (time left: 1.2 sec.):
    -1     1     1     1     1     1     1    -1
    -1     1     1     1     1     1     1    -1
    -1    -1    -1     1     1     1     1    -1
    -1     1    -1     1     1     1    -1    -1
    -1    -1    -1     1    -1    -1     1    -1
    -1    -1    -1     1     1    -1     1    -1
    -1    -1    -1     1     0     0    -1    -1
    -1     0    -1     0     0     0     0    -1

iWin (1) to move (time left: 3.0 sec.):
    3.0299

    -1     1     1     1     1     1     1    -1
    -1     1     1     1     1     1     1    -1
    -1    -1    -1     1     1     1     1    -1
    -1     1    -1     1     1     1    -1    -1
    -1    -1    -1     1    -1    -1     1    -1
    -1    -1    -1     1     1     1     1    -1
    -1    -1    -1     1     1     0    -1    -1
    -1     0    -1     0     0     0     0    -1

Lisa (-1) to move (time left: 1.1 sec.):
    -1     1     1     1     1     1     1    -1
    -1     1     1     1     1     1     1    -1
    -1    -1    -1     1     1     1     1    -1
    -1     1    -1     1     1     1    -1    -1
    -1    -1    -1     1    -1    -1     1    -1
    -1    -1    -1    -1     1     1     1    -1
    -1    -1    -1     1    -1     0    -1    -1
    -1     0    -1     0     0    -1     0    -1

iWin (1) to move (time left: 3.0 sec.):
    3.0075

    -1     1     1     1     1     1     1    -1
    -1     1     1     1     1     1     1    -1
    -1    -1    -1     1     1     1     1    -1
    -1     1    -1     1     1     1    -1    -1
    -1    -1    -1     1    -1    -1     1    -1
    -1    -1    -1    -1     1     1     1    -1
    -1    -1    -1     1     1     1    -1    -1
    -1     0    -1     0     0    -1     0    -1

Lisa (-1) to move (time left: 1.1 sec.):
    -1     1     1     1     1     1     1    -1
    -1     1     1     1     1     1     1    -1
    -1    -1    -1     1     1     1     1    -1
    -1     1    -1     1     1     1    -1    -1
    -1    -1    -1    -1    -1    -1     1    -1
    -1    -1    -1    -1    -1     1     1    -1
    -1    -1    -1     1     1    -1    -1    -1
    -1     0    -1     0     0    -1    -1    -1

iWin (1) to move (time left: 3.0 sec.):
    2.9836

    -1     1     1     1     1     1     1    -1
    -1     1     1     1     1     1     1    -1
    -1    -1    -1     1     1     1     1    -1
    -1     1    -1     1     1     1    -1    -1
    -1     1    -1    -1     1    -1     1    -1
    -1     1    -1     1    -1     1     1    -1
    -1     1     1     1     1    -1    -1    -1
    -1     1    -1     0     0    -1    -1    -1

Lisa (-1) to move (time left: 1.0 sec.):
    -1     1     1     1     1     1     1    -1
    -1     1     1     1     1     1     1    -1
    -1    -1    -1     1     1     1     1    -1
    -1     1    -1     1     1     1    -1    -1
    -1     1    -1    -1     1    -1    -1    -1
    -1    -1    -1    -1    -1    -1     1    -1
    -1     1    -1    -1    -1    -1    -1    -1
    -1     1    -1    -1     0    -1    -1    -1

iWin (1) to move (time left: 3.0 sec.):
    2.9701

    -1     1     1     1     1     1     1    -1
    -1     1     1     1     1     1     1    -1
    -1    -1    -1     1     1     1     1    -1
    -1     1    -1     1     1     1    -1    -1
    -1     1    -1    -1     1    -1    -1    -1
    -1    -1     1    -1     1    -1     1    -1
    -1     1    -1     1     1     1    -1    -1
    -1     1     1     1     1    -1    -1    -1

Game over.
