MiniMaxPlayer2 against Lisa:
     0     0     0     0     0     0     0     0
     0     0     0     0     0     0     0     0
     0     0     0     0     0     0     0     0
     0     0     0     1    -1     0     0     0
     0     0     0    -1     1     0     0     0
     0     0     0     0     0     0     0     0
     0     0     0     0     0     0     0     0
     0     0     0     0     0     0     0     0

Lisa (-1) to move (time left: 180.0 sec.):
     0     0     0     0     0     0     0     0
     0     0     0     0     0     0     0     0
     0     0     0     0     0     0     0     0
     0     0    -1    -1    -1     0     0     0
     0     0     0    -1     1     0     0     0
     0     0     0     0     0     0     0     0
     0     0     0     0     0     0     0     0
     0     0     0     0     0     0     0     0

MiniMaxPlayer2 (1) to move (time left: 180.0 sec.):
     0     0     0     0     0     0     0     0
     0     0     0     0     0     0     0     0
     0     0     0     0     1     0     0     0
     0     0    -1    -1     1     0     0     0
     0     0     0    -1     1     0     0     0
     0     0     0     0     0     0     0     0
     0     0     0     0     0     0     0     0
     0     0     0     0     0     0     0     0

Lisa (-1) to move (time left: 179.8 sec.):
     0     0     0     0     0     0     0     0
     0     0     0     0     0     0     0     0
     0     0     0     0     1     0     0     0
     0     0    -1    -1     1     0     0     0
     0     0     0    -1    -1    -1     0     0
     0     0     0     0     0     0     0     0
     0     0     0     0     0     0     0     0
     0     0     0     0     0     0     0     0

MiniMaxPlayer2 (1) to move (time left: 179.5 sec.):
     0     0     0     0     0     0     0     0
     0     0     0     0     0     0     0     0
     0     0     0     0     1     0     0     0
     0     0    -1    -1     1     0     0     0
     0     0     0     1    -1    -1     0     0
     0     0     1     0     0     0     0     0
     0     0     0     0     0     0     0     0
     0     0     0     0     0     0     0     0

Lisa (-1) to move (time left: 179.7 sec.):
     0     0     0     0     0     0     0     0
     0     0     0     0     0     0     0     0
     0     0     0     0     1     0     0     0
     0     0    -1    -1     1     0     0     0
     0     0     0    -1    -1    -1     0     0
     0     0     1     0    -1     0     0     0
     0     0     0     0     0     0     0     0
     0     0     0     0     0     0     0     0

MiniMaxPlayer2 (1) to move (time left: 178.0 sec.):
     0     0     0     0     0     0     0     0
     0     0     0     0     0     0     0     0
     0     0     0     0     1     0     0     0
     0     0    -1    -1     1     0     0     0
     0     0     0    -1     1    -1     0     0
     0     0     1     0     1     0     0     0
     0     0     0     0     1     0     0     0
     0     0     0     0     0     0     0     0

Lisa (-1) to move (time left: 178.3 sec.):
     0     0     0     0     0     0     0     0
     0     0     0     0     0     0     0     0
     0     0     0     0     1     0     0     0
     0     0    -1    -1     1     0     0     0
     0     0     0    -1    -1    -1     0     0
     0     0     1     0     1    -1     0     0
     0     0     0     0     1     0     0     0
     0     0     0     0     0     0     0     0

MiniMaxPlayer2 (1) to move (time left: 176.4 sec.):
     0     0     0     0     0     0     0     0
     0     0     0     0     0     0     0     0
     0     0     0     0     1     0     0     0
     0     0    -1    -1     1     0     0     0
     0     0     0    -1    -1     1     0     0
     0     0     1     0     1     1     1     0
     0     0     0     0     1     0     0     0
     0     0     0     0     0     0     0     0

Lisa (-1) to move (time left: 177.0 sec.):
     0     0     0     0     0     0     0     0
     0     0     0     0     0     0     0     0
     0     0     0     0     1     0     0     0
     0     0    -1    -1    -1    -1     0     0
     0     0     0    -1    -1     1     0     0
     0     0     1     0     1     1     1     0
     0     0     0     0     1     0     0     0
     0     0     0     0     0     0     0     0

MiniMaxPlayer2 (1) to move (time left: 171.6 sec.):
     0     0     0     0     0     0     0     0
     0     0     0     0     0     0     0     0
     0     0     1     0     1     0     0     0
     0     0    -1     1    -1    -1     0     0
     0     0     0    -1     1     1     0     0
     0     0     1     0     1     1     1     0
     0     0     0     0     1     0     0     0
     0     0     0     0     0     0     0     0

Lisa (-1) to move (time left: 174.5 sec.):
     0     0     0     0     0     0     0     0
     0     0     0     0     0     0     0     0
     0     0     1    -1     1     0     0     0
     0     0    -1    -1    -1    -1     0     0
     0     0     0    -1     1     1     0     0
     0     0     1     0     1     1     1     0
     0     0     0     0     1     0     0     0
     0     0     0     0     0     0     0     0

MiniMaxPlayer2 (1) to move (time left: 166.1 sec.):
     0     0     0     0     0     0     0     0
     0     0     0     0     0     0     0     0
     0     0     1    -1     1     1     0     0
     0     0    -1    -1     1     1     0     0
     0     0     0     1     1     1     0     0
     0     0     1     0     1     1     1     0
     0     0     0     0     1     0     0     0
     0     0     0     0     0     0     0     0

Lisa (-1) to move (time left: 171.8 sec.):
     0     0     0     0     0     0     0     0
     0     0     0     0     0     0     0     0
     0     0     1    -1     1     1     0     0
     0     0    -1    -1     1     1     0     0
     0     0     0    -1     1     1     0     0
     0     0     1    -1     1     1     1     0
     0     0     0     0     1     0     0     0
     0     0     0     0     0     0     0     0

MiniMaxPlayer2 (1) to move (time left: 159.1 sec.):
     0     0     0     0     0     0     0     0
     0     0     0     0     0     0     0     0
     0     0     1    -1     1     1     0     0
     0     0     1     1     1     1     0     0
     0     0     1     1     1     1     0     0
     0     0     1     1     1     1     1     0
     0     0     0     0     1     0     0     0
     0     0     0     0     0     0     0     0

Lisa (-1) to move (time left: 169.0 sec.):
     0     0     0     0     0     0     0     0
     0     0     0     0     0     0     0     0
     0     0     1    -1     1     1     0     0
     0     0     1    -1     1     1     0     0
     0     0     1    -1     1     1     0     0
     0     0     1    -1     1     1     1     0
     0     0     0    -1     1     0     0     0
     0     0     0     0     0     0     0     0

MiniMaxPlayer2 (1) to move (time left: 153.2 sec.):
     0     0     0     0     0     0     0     0
     0     0     0     0     0     0     0     0
     0     0     1    -1     1     1     0     0
     0     0     1    -1     1     1     0     0
     0     0     1    -1     1     1     0     0
     0     0     1    -1     1     1     1     0
     0     0     0     1     1     0     0     0
     0     0     1     0     0     0     0     0

Lisa (-1) to move (time left: 167.4 sec.):
     0     0     0     0     0     0     0     0
     0     0     0     0     0     0     0     0
     0     0     1    -1     1     1     0     0
     0     0     1    -1     1     1     0     0
     0     0     1    -1     1     1     0     0
     0     0     1    -1     1     1     1     0
     0     0     0    -1     1     0     0     0
     0     0     1    -1     0     0     0     0

MiniMaxPlayer2 (1) to move (time left: 144.8 sec.):
     0     0     0     0     0     0     0     0
     0     0     0     0     0     0     0     0
     0     0     1    -1     1     1     0     0
     0     0     1    -1     1     1     0     0
     0     0     1    -1     1     1     0     0
     0     0     1    -1     1     1     1     0
     0     0     0     1     1     0     0     0
     0     0     1     1     1     0     0     0

Lisa (-1) to move (time left: 161.0 sec.):
     0     0     0     0     0     0     0     0
     0     0     0     0     0     0     0     0
     0     0     1    -1     1     1     0     0
     0     0     1    -1     1     1     0     0
     0     0     1    -1    -1    -1    -1     0
     0     0     1    -1     1     1     1     0
     0     0     0     1     1     0     0     0
     0     0     1     1     1     0     0     0

MiniMaxPlayer2 (1) to move (time left: 138.8 sec.):
     0     0     0     0     0     0     0     0
     0     0     0     0     0     0     0     0
     0     0     1    -1     1     1     0     0
     0     0     1    -1     1     1     0     0
     0     0     1    -1    -1    -1     1     0
     0     0     1    -1     1     1     1     1
     0     0     0     1     1     0     0     0
     0     0     1     1     1     0     0     0

Lisa (-1) to move (time left: 152.6 sec.):
     0     0     0     0     0     0     0     0
     0     0     0     0     0     0     0     0
     0     0     1    -1     1     1     0     0
     0     0     1    -1    -1    -1    -1     0
     0     0     1    -1    -1    -1     1     0
     0     0     1    -1     1     1     1     1
     0     0     0     1     1     0     0     0
     0     0     1     1     1     0     0     0

MiniMaxPlayer2 (1) to move (time left: 125.6 sec.):
     0     0     0     0     0     0     0     0
     0     0     0     0     0     0     0     0
     0     0     1    -1     1     1     0     1
     0     0     1    -1    -1    -1     1     0
     0     0     1    -1    -1     1     1     0
     0     0     1    -1     1     1     1     1
     0     0     0     1     1     0     0     0
     0     0     1     1     1     0     0     0

Lisa (-1) to move (time left: 144.6 sec.):
     0     0     0     0     0     0     0     0
     0     0     0    -1     0     0     0     0
     0     0     1    -1    -1     1     0     1
     0     0     1    -1    -1    -1     1     0
     0     0     1    -1    -1     1     1     0
     0     0     1    -1     1     1     1     1
     0     0     0     1     1     0     0     0
     0     0     1     1     1     0     0     0

MiniMaxPlayer2 (1) to move (time left: 114.7 sec.):
     0     0     1     0     0     0     0     0
     0     0     0     1     0     0     0     0
     0     0     1    -1     1     1     0     1
     0     0     1    -1    -1     1     1     0
     0     0     1    -1    -1     1     1     0
     0     0     1    -1     1     1     1     1
     0     0     0     1     1     0     0     0
     0     0     1     1     1     0     0     0

Lisa (-1) to move (time left: 137.3 sec.):
     0     0     1     0     0     0     0     0
     0     0     0     1     0     0     0     0
     0     0     1    -1     1     1     0     1
     0     0     1    -1    -1     1     1     0
     0     0     1    -1    -1     1     1     0
     0     0     1    -1     1     1     1     1
     0     0     0     1    -1     0     0     0
     0     0     1     1     1    -1     0     0

MiniMaxPlayer2 (1) to move (time left: 106.2 sec.):
     0     0     1     0     0     0     0     0
     0     0     0     1     0     0     0     0
     0     0     1    -1     1     1     0     1
     0     0     1    -1    -1     1     1     0
     0     0     1    -1    -1     1     1     0
     0     0     1    -1     1     1     1     1
     0     0     0     1    -1     0     0     0
     0     0     1     1     1     1     1     0

Lisa (-1) to move (time left: 132.8 sec.):
     0     0     1     0     0     0     0     0
     0     0     0     1     0     0     0     0
     0     0     1    -1     1     1     0     1
     0     0     1    -1    -1     1     1     0
     0     0     1    -1    -1     1     1     0
     0     0     1    -1     1     1     1     1
     0     0    -1    -1    -1     0     0     0
     0     0     1     1     1     1     1     0

MiniMaxPlayer2 (1) to move (time left: 99.0 sec.):
     0     0     1     0     0     0     0     0
     0     0     0     1     0     0     0     0
     0     0     1    -1     1     1     0     1
     0     0     1    -1    -1     1     1     0
     0     0     1    -1     1     1     1     0
     0     0     1     1     1     1     1     1
     0     0     1    -1    -1     0     0     0
     0     1     1     1     1     1     1     0

Lisa (-1) to move (time left: 128.0 sec.):
     0     0     1     0     0     0     0     0
     0     0     0     1     0     0     0     0
     0     0     1    -1     1     1     0     1
     0     0     1    -1    -1     1     1     0
     0     0     1    -1     1     1     1     0
     0     0     1     1    -1     1     1     1
     0     0     1    -1    -1    -1     0     0
     0     1     1     1     1     1     1     0

MiniMaxPlayer2 (1) to move (time left: 94.1 sec.):
     0     0     1     0     0     0     0     0
     0     0     1     1     0     0     0     0
     0     0     1     1     1     1     0     1
     0     0     1    -1     1     1     1     0
     0     0     1    -1     1     1     1     0
     0     0     1     1    -1     1     1     1
     0     0     1    -1    -1    -1     0     0
     0     1     1     1     1     1     1     0

Lisa (-1) to move (time left: 125.6 sec.):
     0     0     1     0     0     0     0     0
     0     0     1     1    -1     0     0     0
     0     0     1     1    -1     1     0     1
     0     0     1    -1    -1     1     1     0
     0     0     1    -1    -1     1     1     0
     0     0     1     1    -1     1     1     1
     0     0     1    -1    -1    -1     0     0
     0     1     1     1     1     1     1     0

MiniMaxPlayer2 (1) to move (time left: 91.8 sec.):
     0     0     1     0     0     1     0     0
     0     0     1     1     1     0     0     0
     0     0     1     1    -1     1     0     1
     0     0     1    -1    -1     1     1     0
     0     0     1    -1    -1     1     1     0
     0     0     1     1    -1     1     1     1
     0     0     1    -1    -1    -1     0     0
     0     1     1     1     1     1     1     0

Lisa (-1) to move (time left: 116.0 sec.):
     0     0     1     0     0     1     0     0
     0     0     1     1     1     0     0     0
     0     0     1     1    -1    -1    -1     1
     0     0     1    -1    -1    -1     1     0
     0     0     1    -1    -1     1     1     0
     0     0     1     1    -1     1     1     1
     0     0     1    -1    -1    -1     0     0
     0     1     1     1     1     1     1     0

MiniMaxPlayer2 (1) to move (time left: 87.8 sec.):
     0     0     1     0     0     1     0     0
     0     0     1     1     1     1     0     0
     0     0     1     1     1     1    -1     1
     0     0     1     1    -1     1     1     0
     0     0     1    -1    -1     1     1     0
     0     0     1     1    -1     1     1     1
     0     0     1    -1    -1    -1     0     0
     0     1     1     1     1     1     1     0

Lisa (-1) to move (time left: 103.5 sec.):
     0     0     1     0     0     1     0     0
     0     0     1     1     1     1     0     0
     0     0     1     1     1     1    -1     1
     0     0     1     1    -1     1     1     0
     0     0     1    -1    -1    -1    -1    -1
     0     0     1     1    -1     1    -1     1
     0     0     1    -1    -1    -1     0     0
     0     1     1     1     1     1     1     0

MiniMaxPlayer2 (1) to move (time left: 84.7 sec.):
     0     0     1     0     0     1     0     0
     0     0     1     1     1     1     0     0
     0     0     1     1     1     1     1     1
     0     0     1     1    -1     1     1     1
     0     0     1    -1    -1    -1     1     1
     0     0     1     1    -1     1    -1     1
     0     0     1    -1    -1    -1     0     0
     0     1     1     1     1     1     1     0

Lisa (-1) to move (time left: 101.7 sec.):
     0     0     1     0     0     1     0     0
     0     0     1     1     1     1     0     0
     0     0     1     1     1     1     1     1
     0     0     1     1    -1     1     1     1
     0     0     1    -1    -1    -1     1     1
     0     0     1     1    -1    -1    -1     1
     0     0     1    -1    -1    -1    -1     0
     0     1     1     1     1     1     1     0

MiniMaxPlayer2 (1) to move (time left: 81.3 sec.):
     0     0     1     0     0     1     0     0
     0     0     1     1     1     1     0     0
     0     0     1     1     1     1     1     1
     0     0     1     1    -1     1     1     1
     0     0     1    -1     1    -1     1     1
     0     0     1     1    -1     1    -1     1
     0     0     1    -1    -1    -1     1     0
     0     1     1     1     1     1     1     1

Lisa (-1) to move (time left: 90.9 sec.):
     0     0     1     0     0     1     0     0
     0     0     1     1     1     1     0     0
     0     0     1     1     1     1     1     1
     0     0     1     1    -1     1     1     1
     0     0     1    -1     1    -1     1     1
     0     0     1     1    -1     1    -1     1
     0     0     1    -1    -1    -1    -1    -1
     0     1     1     1     1     1     1     1

MiniMaxPlayer2 (1) to move (time left: 80.7 sec.):
     0     0     1     0     0     1     0     0
     0     0     1     1     1     1     0     0
     0     0     1     1     1     1     1     1
     0     0     1     1    -1     1     1     1
     0     0     1    -1     1    -1     1     1
     0     0     1     1    -1     1    -1     1
     0     0     1    -1    -1    -1    -1    -1
     0     1     1     1     1     1     1     1

Lisa (-1) to move (time left: 79.0 sec.):
     0     0     1    -1     0     1     0     0
     0     0     1    -1     1     1     0     0
     0     0     1    -1     1     1     1     1
     0     0     1    -1    -1     1     1     1
     0     0     1    -1     1    -1     1     1
     0     0     1     1    -1     1    -1     1
     0     0     1    -1    -1    -1    -1    -1
     0     1     1     1     1     1     1     1

MiniMaxPlayer2 (1) to move (time left: 80.7 sec.):
     0     0     1     1     1     1     0     0
     0     0     1     1     1     1     0     0
     0     0     1    -1     1     1     1     1
     0     0     1    -1    -1     1     1     1
     0     0     1    -1     1    -1     1     1
     0     0     1     1    -1     1    -1     1
     0     0     1    -1    -1    -1    -1    -1
     0     1     1     1     1     1     1     1

Lisa (-1) to move (time left: 66.1 sec.):
     0     0     1     1     1     1     0     0
     0     0     1     1     1     1    -1     0
     0     0     1    -1     1    -1    -1     1
     0     0     1    -1    -1     1    -1     1
     0     0     1    -1     1    -1    -1     1
     0     0     1     1    -1     1    -1     1
     0     0     1    -1    -1    -1    -1    -1
     0     1     1     1     1     1     1     1

MiniMaxPlayer2 (1) to move (time left: 80.3 sec.):
     0     0     1     1     1     1     0     1
     0     0     1     1     1     1     1     0
     0     0     1    -1     1     1    -1     1
     0     0     1    -1     1     1    -1     1
     0     0     1     1     1    -1    -1     1
     0     0     1     1    -1     1    -1     1
     0     0     1    -1    -1    -1    -1    -1
     0     1     1     1     1     1     1     1

Lisa (-1) to move (time left: 62.3 sec.):
     0     0     1     1     1     1     0     1
     0     0     1     1     1     1     1    -1
     0     0     1    -1     1     1    -1    -1
     0     0     1    -1     1     1    -1    -1
     0     0     1     1     1    -1    -1    -1
     0     0     1     1    -1     1    -1    -1
     0     0     1    -1    -1    -1    -1    -1
     0     1     1     1     1     1     1     1

MiniMaxPlayer2 (1) to move (time left: 79.4 sec.):
     0     0     1     1     1     1     0     1
     0     0     1     1     1     1     1    -1
     0     0     1    -1     1     1    -1    -1
     0     0     1    -1     1     1    -1    -1
     0     0     1     1     1    -1    -1    -1
     0     0     1     1    -1     1    -1    -1
     0     0     1    -1    -1    -1    -1    -1
     0     1     1     1     1     1     1     1

Lisa (-1) to move (time left: 59.0 sec.):
     0     0     1     1     1     1    -1     1
     0     0     1     1     1    -1    -1    -1
     0     0     1    -1    -1     1    -1    -1
     0     0     1    -1     1     1    -1    -1
     0     0     1     1     1    -1    -1    -1
     0     0     1     1    -1     1    -1    -1
     0     0     1    -1    -1    -1    -1    -1
     0     1     1     1     1     1     1     1

MiniMaxPlayer2 (1) to move (time left: 79.4 sec.):
     0     0     1     1     1     1    -1     1
     0     0     1     1     1    -1    -1    -1
     0     0     1    -1    -1     1    -1    -1
     0     0     1    -1     1     1    -1    -1
     0     0     1     1     1    -1    -1    -1
     0     0     1     1    -1     1    -1    -1
     0     0     1    -1    -1    -1    -1    -1
     0     1     1     1     1     1     1     1

Lisa (-1) to move (time left: 49.0 sec.):
     0     0     1     1     1     1    -1     1
     0     0     1     1     1    -1    -1    -1
     0     0     1    -1    -1     1    -1    -1
     0     0    -1    -1     1     1    -1    -1
     0    -1    -1    -1    -1    -1    -1    -1
     0     0    -1     1    -1     1    -1    -1
     0     0     1    -1    -1    -1    -1    -1
     0     1     1     1     1     1     1     1

MiniMaxPlayer2 (1) to move (time left: 79.4 sec.):
     0     0     1     1     1     1    -1     1
     0     0     1     1     1    -1    -1    -1
     0     0     1    -1    -1     1    -1    -1
     1     0    -1    -1     1     1    -1    -1
     0     1    -1    -1    -1    -1    -1    -1
     0     0     1     1    -1     1    -1    -1
     0     0     1     1    -1    -1    -1    -1
     0     1     1     1     1     1     1     1

Lisa (-1) to move (time left: 47.2 sec.):
     0     0     1     1     1     1    -1     1
     0     0     1     1     1    -1    -1    -1
     0     0     1    -1    -1     1    -1    -1
     1     0    -1    -1     1     1    -1    -1
     0    -1    -1    -1    -1    -1    -1    -1
    -1     0     1     1    -1     1    -1    -1
     0     0     1     1    -1    -1    -1    -1
     0     1     1     1     1     1     1     1

MiniMaxPlayer2 (1) to move (time left: 78.3 sec.):
     0     0     1     1     1     1    -1     1
     0     0     1     1     1    -1    -1    -1
     0     0     1    -1    -1     1    -1    -1
     1     1     1     1     1     1    -1    -1
     0    -1     1    -1    -1    -1    -1    -1
    -1     0     1     1    -1     1    -1    -1
     0     0     1     1    -1    -1    -1    -1
     0     1     1     1     1     1     1     1

Lisa (-1) to move (time left: 46.5 sec.):
     0     0     1     1     1     1    -1     1
     0     0     1     1     1    -1    -1    -1
     0     0     1    -1    -1     1    -1    -1
     1     1     1    -1     1     1    -1    -1
     0    -1    -1    -1    -1    -1    -1    -1
    -1    -1    -1    -1    -1     1    -1    -1
     0     0     1     1    -1    -1    -1    -1
     0     1     1     1     1     1     1     1

MiniMaxPlayer2 (1) to move (time left: 78.1 sec.):
     0     0     1     1     1     1    -1     1
     0     0     1     1     1    -1    -1    -1
     0     0     1    -1    -1     1    -1    -1
     1     1     1    -1     1     1    -1    -1
     1    -1    -1    -1    -1    -1    -1    -1
    -1     1    -1    -1    -1     1    -1    -1
     0     0     1     1    -1    -1    -1    -1
     0     1     1     1     1     1     1     1

Lisa (-1) to move (time left: 45.4 sec.):
     0     0     1     1     1     1    -1     1
     0     0     1     1     1    -1    -1    -1
    -1     0     1    -1    -1     1    -1    -1
    -1    -1     1    -1     1     1    -1    -1
    -1    -1    -1    -1    -1    -1    -1    -1
    -1     1    -1    -1    -1     1    -1    -1
     0     0     1     1    -1    -1    -1    -1
     0     1     1     1     1     1     1     1

MiniMaxPlayer2 (1) to move (time left: 77.9 sec.):
     0     0     1     1     1     1    -1     1
     0     0     1     1     1    -1    -1    -1
    -1     1     1    -1    -1     1    -1    -1
    -1     1     1    -1     1     1    -1    -1
    -1     1    -1    -1    -1    -1    -1    -1
    -1     1    -1    -1    -1     1    -1    -1
     0     0     1     1    -1    -1    -1    -1
     0     1     1     1     1     1     1     1

Lisa (-1) to move (time left: 44.4 sec.):
     0     0     1     1     1     1    -1     1
     0     0     1     1     1    -1    -1    -1
    -1     1     1    -1    -1     1    -1    -1
    -1     1     1    -1     1     1    -1    -1
    -1     1    -1    -1    -1    -1    -1    -1
    -1    -1    -1    -1    -1     1    -1    -1
    -1     0     1     1    -1    -1    -1    -1
     0     1     1     1     1     1     1     1

MiniMaxPlayer2 (1) to move (time left: 77.9 sec.):
     0     0     1     1     1     1    -1     1
     0     0     1     1     1    -1    -1    -1
    -1     1     1    -1    -1     1    -1    -1
    -1     1     1    -1     1     1    -1    -1
    -1     1    -1     1    -1    -1    -1    -1
    -1     1     1    -1    -1     1    -1    -1
    -1     1     1     1    -1    -1    -1    -1
     0     1     1     1     1     1     1     1

Lisa (-1) to move (time left: 44.3 sec.):
     0     0     1     1     1     1    -1     1
     0    -1    -1    -1    -1    -1    -1    -1
    -1     1    -1    -1    -1     1    -1    -1
    -1     1     1    -1     1     1    -1    -1
    -1     1    -1     1    -1    -1    -1    -1
    -1     1     1    -1    -1     1    -1    -1
    -1     1     1     1    -1    -1    -1    -1
     0     1     1     1     1     1     1     1

MiniMaxPlayer2 (1) to move (time left: 77.8 sec.):
     1     0     1     1     1     1    -1     1
     0     1    -1    -1    -1    -1    -1    -1
    -1     1     1    -1    -1     1    -1    -1
    -1     1     1     1     1     1    -1    -1
    -1     1    -1     1     1    -1    -1    -1
    -1     1     1    -1    -1     1    -1    -1
    -1     1     1     1    -1    -1    -1    -1
     0     1     1     1     1     1     1     1

Lisa (-1) to move (time left: 44.2 sec.):
     1    -1    -1    -1    -1    -1    -1     1
     0     1    -1    -1    -1    -1    -1    -1
    -1     1     1    -1    -1     1    -1    -1
    -1     1     1     1     1     1    -1    -1
    -1     1    -1     1     1    -1    -1    -1
    -1     1     1    -1    -1     1    -1    -1
    -1     1     1     1    -1    -1    -1    -1
     0     1     1     1     1     1     1     1

MiniMaxPlayer2 (1) to move (time left: 77.8 sec.):
     1    -1    -1    -1    -1    -1    -1     1
     0     1    -1    -1    -1    -1    -1    -1
    -1     1     1    -1    -1     1    -1    -1
    -1     1     1     1     1     1    -1    -1
    -1     1    -1     1     1    -1    -1    -1
    -1     1     1    -1    -1     1    -1    -1
    -1     1     1     1    -1    -1    -1    -1
     0     1     1     1     1     1     1     1

Lisa (-1) to move (time left: 44.2 sec.):
     1    -1    -1    -1    -1    -1    -1     1
     0     1    -1    -1    -1    -1    -1    -1
    -1     1     1    -1    -1    -1    -1    -1
    -1     1     1     1    -1     1    -1    -1
    -1     1    -1    -1     1    -1    -1    -1
    -1     1    -1    -1    -1     1    -1    -1
    -1    -1     1     1    -1    -1    -1    -1
    -1     1     1     1     1     1     1     1

MiniMaxPlayer2 (1) to move (time left: 77.8 sec.):
     1    -1    -1    -1    -1    -1    -1     1
     0     1    -1    -1    -1    -1    -1    -1
    -1     1     1    -1    -1    -1    -1    -1
    -1     1     1     1    -1     1    -1    -1
    -1     1    -1    -1     1    -1    -1    -1
    -1     1    -1    -1    -1     1    -1    -1
    -1    -1     1     1    -1    -1    -1    -1
    -1     1     1     1     1     1     1     1

Lisa (-1) to move (time left: 44.1 sec.):
     1    -1    -1    -1    -1    -1    -1     1
    -1    -1    -1    -1    -1    -1    -1    -1
    -1    -1     1    -1    -1    -1    -1    -1
    -1     1    -1     1    -1     1    -1    -1
    -1     1    -1    -1     1    -1    -1    -1
    -1     1    -1    -1    -1     1    -1    -1
    -1    -1     1     1    -1    -1    -1    -1
    -1     1     1     1     1     1     1     1

Game over.
