MiniMaxPlayer2 against Lisa:
     0     0     0     0     0     0     0     0
     0     0     0     0     0     0     0     0
     0     0     0     0     0     0     0     0
     0     0     0     1    -1     0     0     0
     0     0     0    -1     1     0     0     0
     0     0     0     0     0     0     0     0
     0     0     0     0     0     0     0     0
     0     0     0     0     0     0     0     0

Lisa (-1) to move (time left: 180.0 sec.):
     0     0     0     0     0     0     0     0
     0     0     0     0     0     0     0     0
     0     0     0     0     0     0     0     0
     0     0    -1    -1    -1     0     0     0
     0     0     0    -1     1     0     0     0
     0     0     0     0     0     0     0     0
     0     0     0     0     0     0     0     0
     0     0     0     0     0     0     0     0

MiniMaxPlayer2 (1) to move (time left: 180.0 sec.):
     0     0     0     0     0     0     0     0
     0     0     0     0     0     0     0     0
     0     0     0     0     1     0     0     0
     0     0    -1    -1     1     0     0     0
     0     0     0    -1     1     0     0     0
     0     0     0     0     0     0     0     0
     0     0     0     0     0     0     0     0
     0     0     0     0     0     0     0     0

Lisa (-1) to move (time left: 179.9 sec.):
     0     0     0     0     0     0     0     0
     0     0     0     0     0     0     0     0
     0     0     0     0     1     0     0     0
     0     0    -1    -1     1     0     0     0
     0     0     0    -1    -1    -1     0     0
     0     0     0     0     0     0     0     0
     0     0     0     0     0     0     0     0
     0     0     0     0     0     0     0     0

MiniMaxPlayer2 (1) to move (time left: 179.7 sec.):
     0     0     0     0     0     0     0     0
     0     0     0     0     0     0     0     0
     0     0     0     0     1     0     0     0
     0     0    -1    -1     1     0     0     0
     0     0     0     1    -1    -1     0     0
     0     0     1     0     0     0     0     0
     0     0     0     0     0     0     0     0
     0     0     0     0     0     0     0     0

Lisa (-1) to move (time left: 179.8 sec.):
     0     0     0     0     0     0     0     0
     0     0     0     0     0     0     0     0
     0     0     0     0     1     0     0     0
     0     0    -1    -1     1     0     0     0
     0     0     0    -1    -1    -1     0     0
     0     0     1     0    -1     0     0     0
     0     0     0     0     0     0     0     0
     0     0     0     0     0     0     0     0

MiniMaxPlayer2 (1) to move (time left: 179.1 sec.):
     0     0     0     0     0     0     0     0
     0     0     0     0     0     0     0     0
     0     0     0     0     1     0     0     0
     0     0    -1    -1     1     0     0     0
     0     0     0    -1    -1     1     0     0
     0     0     1     0    -1     0     1     0
     0     0     0     0     0     0     0     0
     0     0     0     0     0     0     0     0

Lisa (-1) to move (time left: 177.7 sec.):
     0     0     0     0     0     0     0     0
     0     0     0     0     0     0     0     0
     0     0     0     0     1     0     0     0
     0     0    -1    -1    -1    -1     0     0
     0     0     0    -1    -1     1     0     0
     0     0     1     0    -1     0     1     0
     0     0     0     0     0     0     0     0
     0     0     0     0     0     0     0     0

MiniMaxPlayer2 (1) to move (time left: 178.4 sec.):
     0     0     0     0     0     0     0     0
     0     0     0     0     0     0     0     0
     0     0     0     0     1     1     0     0
     0     0    -1    -1     1     1     0     0
     0     0     0     1    -1     1     0     0
     0     0     1     0    -1     0     1     0
     0     0     0     0     0     0     0     0
     0     0     0     0     0     0     0     0

Lisa (-1) to move (time left: 176.2 sec.):
     0     0     0     0     0     0     0     0
     0     0     0     0     0     0     0     0
     0     0     0     0     1     1     0     0
     0     0    -1    -1     1     1     0     0
     0     0     0    -1    -1     1     0     0
     0     0     1    -1    -1     0     1     0
     0     0     0     0     0     0     0     0
     0     0     0     0     0     0     0     0

MiniMaxPlayer2 (1) to move (time left: 176.9 sec.):
     0     0     0     0     0     0     0     0
     0     0     0     0     0     0     0     0
     0     0     0     0     1     1     0     0
     0     0    -1    -1     1     1     0     0
     0     0     0    -1    -1     1     0     0
     0     0     1     1     1     1     1     0
     0     0     0     0     0     0     0     0
     0     0     0     0     0     0     0     0

Lisa (-1) to move (time left: 173.7 sec.):
     0     0     0     0     0     0     0     0
     0     0     0     0     0     0     0     0
     0     0     0     0     1     1     0     0
     0     0    -1    -1     1     1     0     0
     0     0     0    -1    -1    -1    -1     0
     0     0     1     1     1     1     1     0
     0     0     0     0     0     0     0     0
     0     0     0     0     0     0     0     0

MiniMaxPlayer2 (1) to move (time left: 175.0 sec.):
     0     0     0     0     0     0     0     0
     0     0     0     0     0     0     0     0
     0     0     1     0     1     1     0     0
     0     0    -1     1     1     1     0     0
     0     0     0    -1     1    -1    -1     0
     0     0     1     1     1     1     1     0
     0     0     0     0     0     0     0     0
     0     0     0     0     0     0     0     0

Lisa (-1) to move (time left: 170.4 sec.):
     0     0     0     0     0     0     0     0
     0     0     0     0     0     0     0     0
     0     0     1    -1     1     1     0     0
     0     0    -1    -1    -1     1     0     0
     0     0     0    -1     1    -1    -1     0
     0     0     1     1     1     1     1     0
     0     0     0     0     0     0     0     0
     0     0     0     0     0     0     0     0

MiniMaxPlayer2 (1) to move (time left: 172.7 sec.):
     0     0     0     0     0     0     0     0
     0     0     0     0     0     0     0     0
     0     0     1    -1     1     1     0     0
     0     0    -1    -1    -1     1     0     0
     0     0     0    -1     1    -1     1     0
     0     0     1     1     1     1     1     1
     0     0     0     0     0     0     0     0
     0     0     0     0     0     0     0     0

Lisa (-1) to move (time left: 165.4 sec.):
     0     0     0     0     0     0     0     0
     0     0     0     0     0     0     0     0
     0     0     1    -1     1     1     0     0
     0     0    -1    -1    -1    -1    -1     0
     0     0     0    -1     1    -1     1     0
     0     0     1     1     1     1     1     1
     0     0     0     0     0     0     0     0
     0     0     0     0     0     0     0     0

MiniMaxPlayer2 (1) to move (time left: 170.4 sec.):
     0     0     0     0     0     0     0     0
     0     0     0     0     0     0     0     0
     0     0     1    -1     1     1     0     1
     0     0    -1    -1    -1    -1     1     0
     0     0     0    -1     1     1     1     0
     0     0     1     1     1     1     1     1
     0     0     0     0     0     0     0     0
     0     0     0     0     0     0     0     0

Lisa (-1) to move (time left: 153.5 sec.):
     0     0     0     0     0     0     0     0
     0     0     0    -1     0     0     0     0
     0     0     1    -1    -1     1     0     1
     0     0    -1    -1    -1    -1     1     0
     0     0     0    -1     1     1     1     0
     0     0     1     1     1     1     1     1
     0     0     0     0     0     0     0     0
     0     0     0     0     0     0     0     0

MiniMaxPlayer2 (1) to move (time left: 167.9 sec.):
     0     0     1     0     0     0     0     0
     0     0     0     1     0     0     0     0
     0     0     1    -1     1     1     0     1
     0     0    -1    -1    -1     1     1     0
     0     0     0    -1     1     1     1     0
     0     0     1     1     1     1     1     1
     0     0     0     0     0     0     0     0
     0     0     0     0     0     0     0     0

Lisa (-1) to move (time left: 142.9 sec.):
     0     0     1     0     0     0     0     0
     0     0    -1     1     0     0     0     0
     0     0    -1    -1     1     1     0     1
     0     0    -1    -1    -1     1     1     0
     0     0     0    -1     1     1     1     0
     0     0     1     1     1     1     1     1
     0     0     0     0     0     0     0     0
     0     0     0     0     0     0     0     0

MiniMaxPlayer2 (1) to move (time left: 165.4 sec.):
     0     0     1     0     0     0     0     0
     0     0     1     1     0     0     0     0
     0     0     1    -1     1     1     0     1
     0     0     1     1    -1     1     1     0
     0     0     1     1     1     1     1     0
     0     0     1     1     1     1     1     1
     0     0     0     0     0     0     0     0
     0     0     0     0     0     0     0     0

Lisa (-1) to move (time left: 136.4 sec.):
     0     0     1    -1     0     0     0     0
     0     0     1    -1     0     0     0     0
     0     0     1    -1     1     1     0     1
     0     0     1     1    -1     1     1     0
     0     0     1     1     1     1     1     0
     0     0     1     1     1     1     1     1
     0     0     0     0     0     0     0     0
     0     0     0     0     0     0     0     0

MiniMaxPlayer2 (1) to move (time left: 164.7 sec.):
     0     0     1     1     1     0     0     0
     0     0     1     1     0     0     0     0
     0     0     1    -1     1     1     0     1
     0     0     1     1    -1     1     1     0
     0     0     1     1     1     1     1     0
     0     0     1     1     1     1     1     1
     0     0     0     0     0     0     0     0
     0     0     0     0     0     0     0     0

Lisa (-1) to move (time left: 134.2 sec.):
     0     0     1     1     1     0     0     0
     0     0     1     1     0     0     0     0
     0     0     1    -1     1     1     0     1
     0     0     1    -1    -1     1     1     0
     0     0     1    -1     1     1     1     0
     0     0     1    -1     1     1     1     1
     0     0     0    -1     0     0     0     0
     0     0     0     0     0     0     0     0

MiniMaxPlayer2 (1) to move (time left: 164.1 sec.):
     0     0     1     1     1     0     0     0
     0     0     1     1     0     0     0     0
     0     0     1     1     1     1     0     1
     0     0     1     1    -1     1     1     0
     0     0     1     1     1     1     1     0
     0     0     1     1     1     1     1     1
     0     0     0     1     0     0     0     0
     0     0     0     1     0     0     0     0

Lisa (-1) to move (time left: 129.8 sec.):
     0     0     1     1     1     0     0     0
     0     0     1     1    -1     0     0     0
     0     0     1     1    -1     1     0     1
     0     0     1     1    -1     1     1     0
     0     0     1     1     1     1     1     0
     0     0     1     1     1     1     1     1
     0     0     0     1     0     0     0     0
     0     0     0     1     0     0     0     0

MiniMaxPlayer2 (1) to move (time left: 163.1 sec.):
     0     0     1     1     1     0     0     0
     0     0     1     1     1     1     0     0
     0     0     1     1     1     1     0     1
     0     0     1     1    -1     1     1     0
     0     0     1     1     1     1     1     0
     0     0     1     1     1     1     1     1
     0     0     0     1     0     0     0     0
     0     0     0     1     0     0     0     0

Lisa (-1) to move (time left: 128.8 sec.):
     0     0     1     1     1     0     0     0
     0     0     1     1     1     1     0     0
     0     0     1     1     1     1     0     1
     0     0     1     1    -1    -1    -1    -1
     0     0     1     1     1     1     1     0
     0     0     1     1     1     1     1     1
     0     0     0     1     0     0     0     0
     0     0     0     1     0     0     0     0

MiniMaxPlayer2 (1) to move (time left: 162.8 sec.):
     0     0     1     1     1     0     0     0
     0     0     1     1     1     1     0     0
     0     0     1     1     1     1     1     1
     0     0     1     1    -1     1     1    -1
     0     0     1     1     1     1     1     0
     0     0     1     1     1     1     1     1
     0     0     0     1     0     0     0     0
     0     0     0     1     0     0     0     0

Lisa (-1) to move (time left: 128.0 sec.):
     0     0     1     1     1     0     0     0
     0     0     1     1     1     1     0     0
     0     0     1     1     1     1     1     1
     0     0     1     1    -1     1     1    -1
     0     0     1     1    -1     1    -1     0
     0     0     1     1    -1    -1     1     1
     0     0     0     1    -1     0     0     0
     0     0     0     1     0     0     0     0

MiniMaxPlayer2 (1) to move (time left: 162.5 sec.):
     0     0     1     1     1     0     0     0
     0     0     1     1     1     1     0     0
     0     0     1     1     1     1     1     1
     0     0     1     1    -1     1     1    -1
     0     0     1     1    -1     1    -1     0
     0     0     1     1     1     1     1     1
     0     0     0     1     1     1     0     0
     0     0     0     1     0     0     0     0

Lisa (-1) to move (time left: 126.5 sec.):
     0     0     1     1     1     0     0     0
     0     0     1     1     1     1     0    -1
     0     0     1     1     1     1    -1    -1
     0     0     1     1    -1    -1     1    -1
     0     0     1     1    -1     1    -1     0
     0     0     1     1     1     1     1     1
     0     0     0     1     1     1     0     0
     0     0     0     1     0     0     0     0

MiniMaxPlayer2 (1) to move (time left: 160.8 sec.):
     0     0     1     1     1     0     0     0
     0     0     1     1     1     1     0    -1
     0     0     1     1     1     1    -1    -1
     0     0     1     1    -1    -1     1    -1
     0     0     1     1    -1     1     1     1
     0     0     1     1     1     1     1     1
     0     0     0     1     1     1     0     0
     0     0     0     1     0     0     0     0

Lisa (-1) to move (time left: 117.7 sec.):
     0     0     1     1     1     0     0     0
     0     0     1     1     1     1     0    -1
     0     0     1     1     1     1    -1    -1
     0     0     1     1    -1    -1     1    -1
     0     0     1     1    -1    -1     1    -1
     0     0     1     1     1     1    -1    -1
     0     0     0     1     1     1     0    -1
     0     0     0     1     0     0     0     0

MiniMaxPlayer2 (1) to move (time left: 160.2 sec.):
     0     0     1     1     1     0     0     0
     0     0     1     1     1     1     0    -1
     0     0     1     1     1     1    -1    -1
     0     0     1     1    -1    -1     1    -1
     0     0     1     1    -1    -1     1    -1
     0     0     1     1     1     1     1    -1
     0     0     0     1     1     1     1    -1
     0     0     0     1     0     0     0     0

Lisa (-1) to move (time left: 107.0 sec.):
     0     0     1     1     1     0     0     0
     0     0     1     1     1     1     0    -1
     0     0     1     1     1     1    -1    -1
     0     0     1     1    -1    -1     1    -1
     0     0     1     1    -1    -1     1    -1
     0     0     1     1     1    -1     1    -1
     0     0     0     1     1     1    -1    -1
     0     0     0     1     0     0     0    -1

MiniMaxPlayer2 (1) to move (time left: 159.8 sec.):
     0     0     1     1     1     0     0     0
     0     0     1     1     1     1     0    -1
     0     0     1     1     1     1    -1    -1
     0     0     1     1    -1    -1     1    -1
     0     0     1     1    -1    -1     1    -1
     0     0     1     1     1    -1     1    -1
     0     0     0     1     1     1     1    -1
     0     0     0     1     0     0     1    -1

Lisa (-1) to move (time left: 99.7 sec.):
     0     0     1     1     1     0     0     0
     0     0     1     1     1     1     0    -1
     0     0     1     1     1     1    -1    -1
     0     0     1     1    -1    -1     1    -1
     0     0     1     1    -1    -1     1    -1
     0     0     1     1    -1    -1    -1    -1
     0     0     0     1    -1    -1     1    -1
     0     0     0     1    -1     0     1    -1

MiniMaxPlayer2 (1) to move (time left: 159.4 sec.):
     0     0     1     1     1     0     0     0
     0     0     1     1     1     1     0    -1
     0     0     1     1     1     1    -1    -1
     0     0     1     1    -1     1     1    -1
     0     0     1     1    -1     1     1    -1
     0     0     1     1    -1     1    -1    -1
     0     0     0     1     1     1     1    -1
     0     0     0     1     1     1     1    -1

Lisa (-1) to move (time left: 84.8 sec.):
     0     0     1     1     1     0     0     0
     0     0     1     1     1     1     0    -1
     0     0     1     1     1     1    -1    -1
     0     0     1     1    -1     1     1    -1
     0     0     1     1    -1     1     1    -1
     0     0     1     1    -1     1    -1    -1
     0     0     0    -1     1     1     1    -1
     0     0    -1    -1    -1    -1    -1    -1

MiniMaxPlayer2 (1) to move (time left: 159.3 sec.):
     0     0     1     1     1     0     0     0
     0     0     1     1     1     1     0    -1
     0     0     1     1     1     1    -1    -1
     0     0     1     1    -1     1     1    -1
     0     0     1     1    -1     1     1    -1
     0     0     1     1    -1     1    -1    -1
     0     0     1     1     1     1     1    -1
     0     0    -1    -1    -1    -1    -1    -1

Lisa (-1) to move (time left: 78.0 sec.):
     0     0     1     1     1     0     0     0
     0     0     1     1     1     1     0    -1
     0     0     1     1     1     1    -1    -1
     0     0     1     1    -1     1     1    -1
     0     0     1     1    -1     1     1    -1
     0     0     1    -1    -1     1    -1    -1
     0     0    -1     1     1     1     1    -1
     0    -1    -1    -1    -1    -1    -1    -1

MiniMaxPlayer2 (1) to move (time left: 159.1 sec.):
     0     0     1     1     1     0     0     0
     0     0     1     1     1     1     0    -1
     0     0     1     1     1     1    -1    -1
     0     0     1     1    -1     1     1    -1
     0     0     1     1    -1     1     1    -1
     0     0     1    -1    -1     1    -1    -1
     0     1     1     1     1     1     1    -1
     0    -1    -1    -1    -1    -1    -1    -1

Lisa (-1) to move (time left: 71.4 sec.):
     0     0     1     1     1     0     0     0
     0     0     1     1     1     1    -1    -1
     0     0     1     1     1    -1    -1    -1
     0     0     1     1    -1     1     1    -1
     0     0     1     1    -1     1     1    -1
     0     0     1    -1    -1     1    -1    -1
     0     1     1     1     1     1     1    -1
     0    -1    -1    -1    -1    -1    -1    -1

MiniMaxPlayer2 (1) to move (time left: 158.8 sec.):
     0     0     1     1     1     0     0     1
     0     0     1     1     1     1     1    -1
     0     0     1     1     1     1    -1    -1
     0     0     1     1     1     1     1    -1
     0     0     1     1    -1     1     1    -1
     0     0     1    -1    -1     1    -1    -1
     0     1     1     1     1     1     1    -1
     0    -1    -1    -1    -1    -1    -1    -1

Lisa (-1) to move (time left: 62.9 sec.):
     0     0     1     1     1     0     0     1
     0     0     1     1     1     1     1    -1
     0     0     1     1     1     1    -1    -1
     0     0     1     1     1     1     1    -1
     0     0     1     1    -1     1     1    -1
    -1     0     1    -1    -1     1    -1    -1
     0    -1     1     1     1     1     1    -1
     0    -1    -1    -1    -1    -1    -1    -1

MiniMaxPlayer2 (1) to move (time left: 158.7 sec.):
     0     0     1     1     1     0     0     1
     0     0     1     1     1     1     1    -1
     0     0     1     1     1     1    -1    -1
     0     0     1     1     1     1     1    -1
     0     0     1     1    -1     1     1    -1
    -1     0     1    -1    -1     1    -1    -1
     0     1     1     1     1     1     1    -1
     1    -1    -1    -1    -1    -1    -1    -1

Lisa (-1) to move (time left: 58.2 sec.):
     0     0     1     1     1     0     0     1
     0     0     1     1     1     1     1    -1
     0     0     1     1     1     1    -1    -1
     0     0     1     1     1     1     1    -1
     0     0     1     1    -1     1     1    -1
    -1     0     1    -1    -1     1    -1    -1
    -1    -1    -1    -1    -1    -1    -1    -1
     1    -1    -1    -1    -1    -1    -1    -1

MiniMaxPlayer2 (1) to move (time left: 158.6 sec.):
     0     0     1     1     1     0     0     1
     0     0     1     1     1     1     1    -1
     0     0     1     1     1     1    -1    -1
     0     0     1     1     1     1     1    -1
     1     0     1     1    -1     1     1    -1
     1     0     1    -1    -1     1    -1    -1
     1    -1    -1    -1    -1    -1    -1    -1
     1    -1    -1    -1    -1    -1    -1    -1

Lisa (-1) to move (time left: 55.0 sec.):
     0     0     1     1     1     0     0     1
     0     0     1     1     1     1     1    -1
     0     0     1     1     1     1    -1    -1
     0     0     1     1     1     1     1    -1
     1     0     1     1    -1     1     1    -1
     1    -1    -1    -1    -1     1    -1    -1
     1    -1    -1    -1    -1    -1    -1    -1
     1    -1    -1    -1    -1    -1    -1    -1

MiniMaxPlayer2 (1) to move (time left: 158.5 sec.):
     0     0     1     1     1     0     0     1
     0     0     1     1     1     1     1    -1
     0     0     1     1     1     1    -1    -1
     0     0     1     1     1     1     1    -1
     1     0     1     1    -1     1     1    -1
     1    -1    -1    -1    -1     1    -1    -1
     1    -1    -1    -1    -1    -1    -1    -1
     1    -1    -1    -1    -1    -1    -1    -1

Lisa (-1) to move (time left: 53.2 sec.):
     0     0     1     1     1    -1     0     1
     0     0     1     1     1    -1    -1    -1
     0     0     1     1     1    -1    -1    -1
     0     0     1     1     1    -1     1    -1
     1     0     1     1    -1    -1     1    -1
     1    -1    -1    -1    -1    -1    -1    -1
     1    -1    -1    -1    -1    -1    -1    -1
     1    -1    -1    -1    -1    -1    -1    -1

MiniMaxPlayer2 (1) to move (time left: 158.5 sec.):
     0     0     1     1     1     1     1     1
     0     0     1     1     1     1     1    -1
     0     0     1     1     1    -1     1    -1
     0     0     1     1     1    -1     1    -1
     1     0     1     1    -1    -1     1    -1
     1    -1    -1    -1    -1    -1    -1    -1
     1    -1    -1    -1    -1    -1    -1    -1
     1    -1    -1    -1    -1    -1    -1    -1

Lisa (-1) to move (time left: 52.2 sec.):
     0     0     1     1     1     1     1     1
     0     0     1     1     1     1     1    -1
     0     0     1     1     1    -1     1    -1
     0     0     1     1     1    -1     1    -1
     1    -1    -1    -1    -1    -1     1    -1
     1    -1    -1    -1    -1    -1    -1    -1
     1    -1    -1    -1    -1    -1    -1    -1
     1    -1    -1    -1    -1    -1    -1    -1

MiniMaxPlayer2 (1) to move (time left: 158.4 sec.):
     0     0     1     1     1     1     1     1
     0     0     1     1     1     1     1    -1
     0     0     1     1     1    -1     1    -1
     0     0     1     1     1    -1     1    -1
     1    -1    -1    -1    -1    -1     1    -1
     1    -1    -1    -1    -1    -1    -1    -1
     1    -1    -1    -1    -1    -1    -1    -1
     1    -1    -1    -1    -1    -1    -1    -1

Lisa (-1) to move (time left: 50.6 sec.):
     0     0     1     1     1     1     1     1
     0     0     1     1     1     1     1    -1
     0     0     1     1     1    -1     1    -1
     0    -1    -1    -1    -1    -1     1    -1
     1    -1    -1    -1    -1    -1     1    -1
     1    -1    -1    -1    -1    -1    -1    -1
     1    -1    -1    -1    -1    -1    -1    -1
     1    -1    -1    -1    -1    -1    -1    -1

MiniMaxPlayer2 (1) to move (time left: 158.4 sec.):
     0     0     1     1     1     1     1     1
     0     0     1     1     1     1     1    -1
     0     0     1     1     1    -1     1    -1
     1     1     1     1     1     1     1    -1
     1    -1    -1    -1    -1    -1     1    -1
     1    -1    -1    -1    -1    -1    -1    -1
     1    -1    -1    -1    -1    -1    -1    -1
     1    -1    -1    -1    -1    -1    -1    -1

Lisa (-1) to move (time left: 50.4 sec.):
     0     0     1     1     1     1     1     1
     0     0     1     1     1     1     1    -1
    -1     0     1     1     1    -1     1    -1
     1    -1     1     1     1     1     1    -1
     1    -1    -1    -1    -1    -1     1    -1
     1    -1    -1    -1    -1    -1    -1    -1
     1    -1    -1    -1    -1    -1    -1    -1
     1    -1    -1    -1    -1    -1    -1    -1

MiniMaxPlayer2 (1) to move (time left: 158.4 sec.):
     0     0     1     1     1     1     1     1
     1     0     1     1     1     1     1    -1
     1     0     1     1     1    -1     1    -1
     1    -1     1     1     1     1     1    -1
     1    -1    -1    -1    -1    -1     1    -1
     1    -1    -1    -1    -1    -1    -1    -1
     1    -1    -1    -1    -1    -1    -1    -1
     1    -1    -1    -1    -1    -1    -1    -1

Lisa (-1) to move (time left: 50.3 sec.):
     0     0     1     1     1     1     1     1
     1     0     1     1     1     1     1    -1
     1    -1    -1    -1    -1    -1     1    -1
     1    -1    -1     1     1     1     1    -1
     1    -1    -1    -1    -1    -1     1    -1
     1    -1    -1    -1    -1    -1    -1    -1
     1    -1    -1    -1    -1    -1    -1    -1
     1    -1    -1    -1    -1    -1    -1    -1

MiniMaxPlayer2 (1) to move (time left: 158.4 sec.):
     0     0     1     1     1     1     1     1
     1     1     1     1     1     1     1    -1
     1    -1     1    -1    -1    -1     1    -1
     1    -1    -1     1     1     1     1    -1
     1    -1    -1    -1    -1    -1     1    -1
     1    -1    -1    -1    -1    -1    -1    -1
     1    -1    -1    -1    -1    -1    -1    -1
     1    -1    -1    -1    -1    -1    -1    -1

Lisa (-1) to move (time left: 50.3 sec.):
    -1     0     1     1     1     1     1     1
     1    -1     1     1     1     1     1    -1
     1    -1    -1    -1    -1    -1     1    -1
     1    -1    -1    -1     1     1     1    -1
     1    -1    -1    -1    -1    -1     1    -1
     1    -1    -1    -1    -1    -1    -1    -1
     1    -1    -1    -1    -1    -1    -1    -1
     1    -1    -1    -1    -1    -1    -1    -1

MiniMaxPlayer2 (1) to move (time left: 158.3 sec.):
    -1     0     1     1     1     1     1     1
     1    -1     1     1     1     1     1    -1
     1    -1    -1    -1    -1    -1     1    -1
     1    -1    -1    -1     1     1     1    -1
     1    -1    -1    -1    -1    -1     1    -1
     1    -1    -1    -1    -1    -1    -1    -1
     1    -1    -1    -1    -1    -1    -1    -1
     1    -1    -1    -1    -1    -1    -1    -1

Lisa (-1) to move (time left: 50.3 sec.):
    -1    -1     1     1     1     1     1     1
     1    -1    -1     1     1     1     1    -1
     1    -1    -1    -1    -1    -1     1    -1
     1    -1    -1    -1     1     1     1    -1
     1    -1    -1    -1    -1    -1     1    -1
     1    -1    -1    -1    -1    -1    -1    -1
     1    -1    -1    -1    -1    -1    -1    -1
     1    -1    -1    -1    -1    -1    -1    -1

Game over.
