MiniMaxPlayer2 against Lisa:
     0     0     0     0     0     0     0     0
     0     0     0     0     0     0     0     0
     0     0     0     0     0     0     0     0
     0     0     0     1    -1     0     0     0
     0     0     0    -1     1     0     0     0
     0     0     0     0     0     0     0     0
     0     0     0     0     0     0     0     0
     0     0     0     0     0     0     0     0

Lisa (-1) to move (time left: 180.0 sec.):
     0     0     0     0     0     0     0     0
     0     0     0     0     0     0     0     0
     0     0     0     0     0     0     0     0
     0     0    -1    -1    -1     0     0     0
     0     0     0    -1     1     0     0     0
     0     0     0     0     0     0     0     0
     0     0     0     0     0     0     0     0
     0     0     0     0     0     0     0     0

MiniMaxPlayer2 (1) to move (time left: 180.0 sec.):
     0     0     0     0     0     0     0     0
     0     0     0     0     0     0     0     0
     0     0     0     0     0     0     0     0
     0     0    -1    -1    -1     0     0     0
     0     0     1     1     1     0     0     0
     0     0     0     0     0     0     0     0
     0     0     0     0     0     0     0     0
     0     0     0     0     0     0     0     0

Lisa (-1) to move (time left: 179.9 sec.):
     0     0     0     0     0     0     0     0
     0     0     0     0     0     0     0     0
     0     0     0     0     0     0     0     0
     0     0    -1    -1    -1     0     0     0
     0     0     1    -1     1     0     0     0
     0     0     0    -1     0     0     0     0
     0     0     0     0     0     0     0     0
     0     0     0     0     0     0     0     0

MiniMaxPlayer2 (1) to move (time left: 179.5 sec.):
     0     0     0     0     0     0     0     0
     0     0     0     0     0     0     0     0
     0     0     0     0     0     0     0     0
     0     0    -1    -1    -1     0     0     0
     0     0     1    -1     1     0     0     0
     0     0     0     1     0     0     0     0
     0     0     1     0     0     0     0     0
     0     0     0     0     0     0     0     0

Lisa (-1) to move (time left: 179.8 sec.):
     0     0     0     0     0     0     0     0
     0     0     0     0     0     0     0     0
     0     0     0     0     0     0     0     0
     0     0    -1    -1    -1     0     0     0
     0     0     1    -1     1     0     0     0
     0     0     0    -1     0     0     0     0
     0     0     1    -1     0     0     0     0
     0     0     0     0     0     0     0     0

MiniMaxPlayer2 (1) to move (time left: 178.3 sec.):
     0     0     0     0     0     0     0     0
     0     0     0     0     0     0     0     0
     0     0     0     0     0     0     0     0
     0     0    -1    -1    -1     0     0     0
     0     0     1    -1     1     0     0     0
     0     0     0     1     0     0     0     0
     0     0     1     1     1     0     0     0
     0     0     0     0     0     0     0     0

Lisa (-1) to move (time left: 177.5 sec.):
     0     0     0     0     0     0     0     0
     0     0     0     0     0     0     0     0
     0     0     0     0     0     0     0     0
     0     0    -1    -1    -1     0     0     0
     0     0     1    -1    -1     0     0     0
     0     0     0     1    -1     0     0     0
     0     0     1     1     1     0     0     0
     0     0     0     0     0     0     0     0

MiniMaxPlayer2 (1) to move (time left: 177.6 sec.):
     0     0     0     0     0     0     0     0
     0     0     0     0     0     0     0     0
     0     0     0     0     0     0     0     0
     0     0    -1    -1    -1     1     0     0
     0     0     1    -1     1     0     0     0
     0     0     0     1    -1     0     0     0
     0     0     1     1     1     0     0     0
     0     0     0     0     0     0     0     0

Lisa (-1) to move (time left: 175.4 sec.):
     0     0     0     0     0     0     0     0
     0     0     0     0     0     0     0     0
     0     0     0     0     0     0     0     0
     0     0    -1    -1    -1     1     0     0
     0     0     1    -1    -1     0     0     0
     0     0     0     1    -1    -1     0     0
     0     0     1     1     1     0     0     0
     0     0     0     0     0     0     0     0

MiniMaxPlayer2 (1) to move (time left: 173.7 sec.):
     0     0     0     0     0     0     0     0
     0     0     0     0     0     0     0     0
     0     0     0     1     0     0     0     0
     0     0    -1     1    -1     1     0     0
     0     0     1     1    -1     0     0     0
     0     0     0     1    -1    -1     0     0
     0     0     1     1     1     0     0     0
     0     0     0     0     0     0     0     0

Lisa (-1) to move (time left: 171.2 sec.):
     0     0     0     0     0     0     0     0
     0     0     0     0     0     0     0     0
     0     0     0     1     0     0     0     0
     0     0    -1     1    -1     1     0     0
     0    -1    -1    -1    -1     0     0     0
     0     0     0     1    -1    -1     0     0
     0     0     1     1     1     0     0     0
     0     0     0     0     0     0     0     0

MiniMaxPlayer2 (1) to move (time left: 168.8 sec.):
     0     0     0     0     0     0     0     0
     0     0     0     0     0     0     0     0
     0     0     0     1     0     0     0     0
     0     0    -1     1    -1     1     0     0
     0    -1    -1    -1     1     0     0     0
     0     0     0     1    -1     1     0     0
     0     0     1     1     1     0     1     0
     0     0     0     0     0     0     0     0

Lisa (-1) to move (time left: 165.3 sec.):
     0     0     0     0     0     0     0     0
     0     0     0     0     0     0     0     0
     0     0     0     1    -1     0     0     0
     0     0    -1    -1    -1     1     0     0
     0    -1    -1    -1     1     0     0     0
     0     0     0     1    -1     1     0     0
     0     0     1     1     1     0     1     0
     0     0     0     0     0     0     0     0

MiniMaxPlayer2 (1) to move (time left: 165.6 sec.):
     0     0     0     0     0     0     0     0
     0     0     0     0     0     0     0     0
     0     0     0     1    -1     0     0     0
     0     1     1     1     1     1     0     0
     0    -1     1    -1     1     0     0     0
     0     0     0     1    -1     1     0     0
     0     0     1     1     1     0     1     0
     0     0     0     0     0     0     0     0

Lisa (-1) to move (time left: 154.3 sec.):
     0     0     0     0     0     0     0     0
     0     0     0     0     0     0     0     0
     0     0     0     1    -1     0     0     0
     0     1     1     1     1     1     0     0
     0    -1     1    -1    -1    -1     0     0
     0     0     0     1    -1     1     0     0
     0     0     1     1     1     0     1     0
     0     0     0     0     0     0     0     0

MiniMaxPlayer2 (1) to move (time left: 156.0 sec.):
     0     0     0     0     0     0     0     0
     0     0     0     0     0     0     0     0
     0     0     0     1    -1     0     0     0
     0     1     1     1     1     1     0     0
     0     1     1    -1    -1    -1     0     0
     0     1     0     1    -1     1     0     0
     0     0     1     1     1     0     1     0
     0     0     0     0     0     0     0     0

Lisa (-1) to move (time left: 145.3 sec.):
     0     0     0     0     0     0     0     0
     0     0     0     0     0     0     0     0
     0     0     0     1    -1     0     0     0
     0     1     1     1     1     1     0     0
     0     1     1    -1    -1    -1     0     0
     0     1     0     1    -1    -1    -1     0
     0     0     1     1     1     0     1     0
     0     0     0     0     0     0     0     0

MiniMaxPlayer2 (1) to move (time left: 143.4 sec.):
     0     0     0     0     0     0     0     0
     0     0     0     0     0     0     0     0
     0     0     0     1    -1     0     0     0
     0     1     1     1     1     1     0     0
     0     1     1    -1    -1     1     0     0
     0     1     0     1    -1    -1     1     0
     0     0     1     1     1     0     1     1
     0     0     0     0     0     0     0     0

Lisa (-1) to move (time left: 136.9 sec.):
     0     0     0     0     0     0     0     0
     0     0     0     0     0     0     0     0
     0     0     0     1    -1     0     0     0
     0     1     1     1     1     1     0     0
     0     1     1    -1    -1     1     0     0
     0     1    -1    -1    -1    -1     1     0
     0     0     1     1     1     0     1     1
     0     0     0     0     0     0     0     0

MiniMaxPlayer2 (1) to move (time left: 137.6 sec.):
     0     0     0     0     0     0     0     0
     0     0     0     0     0     0     0     0
     0     0     0     1    -1     0     0     0
     0     1     1     1     1     1     0     0
     0     1     1     1    -1     1     0     0
     0     1     1    -1    -1    -1     1     0
     0     1     1     1     1     0     1     1
     0     0     0     0     0     0     0     0

Lisa (-1) to move (time left: 132.2 sec.):
     0     0     0     0     0     0     0     0
     0     0     0     0     0     0     0     0
     0     0     0     1    -1     0     0     0
     0     1     1     1     1     1     0     0
     0     1     1     1    -1     1     0     0
     0     1     1    -1    -1    -1     1     0
     0     1     1     1     1     0    -1     1
     0     0     0     0     0     0     0    -1

MiniMaxPlayer2 (1) to move (time left: 132.4 sec.):
     0     0     0     0     0     0     0     0
     0     0     0     0     0     0     0     0
     0     0     0     1    -1     0     0     0
     0     1     1     1     1     1     0     0
     0     1     1     1    -1     1     0     0
     0     1     1    -1    -1    -1     1     0
     0     1     1     1     1     0     1     1
     0     0     0     0     0     0     1    -1

Lisa (-1) to move (time left: 127.7 sec.):
     0     0     0     0     0     0     0     0
     0     0     0     0     0     0     0     0
     0    -1     0     1    -1     0     0     0
     0     1    -1     1     1     1     0     0
     0     1     1    -1    -1     1     0     0
     0     1     1    -1    -1    -1     1     0
     0     1     1     1     1     0     1     1
     0     0     0     0     0     0     1    -1

MiniMaxPlayer2 (1) to move (time left: 129.1 sec.):
     0     0     0     0     0     0     0     0
     0     0     0     0     0     1     0     0
     0    -1     0     1     1     0     0     0
     0     1    -1     1     1     1     0     0
     0     1     1    -1    -1     1     0     0
     0     1     1    -1    -1    -1     1     0
     0     1     1     1     1     0     1     1
     0     0     0     0     0     0     1    -1

Lisa (-1) to move (time left: 119.7 sec.):
     0     0     0     0     0     0     0     0
     0     0     0     0     0     1     0     0
     0    -1    -1     1     1     0     0     0
     0     1    -1    -1     1     1     0     0
     0     1     1    -1    -1     1     0     0
     0     1     1    -1    -1    -1     1     0
     0     1     1     1     1     0     1     1
     0     0     0     0     0     0     1    -1

MiniMaxPlayer2 (1) to move (time left: 122.2 sec.):
     0     0     0     0     0     0     0     0
     0     0     0     0     0     1     0     0
     0    -1    -1     1     1     0     0     0
     0     1    -1    -1     1     1     0     0
     0     1     1    -1    -1     1     1     0
     0     1     1    -1    -1     1     1     0
     0     1     1     1     1     0     1     1
     0     0     0     0     0     0     1    -1

Lisa (-1) to move (time left: 113.0 sec.):
     0     0     0     0     0     0     0     0
     0     0     0     0     0     1     0     0
     0    -1    -1     1     1     0     0     0
     0     1    -1    -1     1     1     0     0
     0     1     1    -1    -1     1     1     0
     0     1    -1    -1    -1     1     1     0
     0    -1     1     1     1     0     1     1
    -1     0     0     0     0     0     1    -1

MiniMaxPlayer2 (1) to move (time left: 119.1 sec.):
     0     0     0     0     0     0     0     0
     0     0     0     0     0     1     0     0
     0    -1    -1     1     1     0     0     0
     0     1    -1    -1     1     1     0     0
     0     1     1    -1    -1     1     1     0
     0     1    -1    -1    -1     1     1     0
     0     1     1     1     1     0     1     1
    -1     1     0     0     0     0     1    -1

Lisa (-1) to move (time left: 104.5 sec.):
     0     0     0     0     0     0     0     0
     0     0     0     0     0     1     0     0
     0    -1    -1    -1    -1    -1     0     0
     0     1    -1    -1    -1     1     0     0
     0     1     1    -1    -1     1     1     0
     0     1    -1    -1    -1     1     1     0
     0     1     1     1     1     0     1     1
    -1     1     0     0     0     0     1    -1

MiniMaxPlayer2 (1) to move (time left: 115.7 sec.):
     0     0     0     0     0     0     0     0
     0     0     0     0     0     1     1     0
     0    -1    -1    -1    -1     1     0     0
     0     1    -1    -1     1     1     0     0
     0     1     1     1    -1     1     1     0
     0     1     1    -1    -1     1     1     0
     0     1     1     1     1     0     1     1
    -1     1     0     0     0     0     1    -1

Lisa (-1) to move (time left: 97.6 sec.):
     0     0     0     0     0     0     0     0
     0     0     0     0     0     1     1     0
     0    -1    -1    -1    -1     1     0     0
    -1    -1    -1    -1     1     1     0     0
     0     1     1     1    -1     1     1     0
     0     1     1    -1    -1     1     1     0
     0     1     1     1     1     0     1     1
    -1     1     0     0     0     0     1    -1

MiniMaxPlayer2 (1) to move (time left: 113.8 sec.):
     0     0     0     0     0     0     0     0
     1     0     0     0     0     1     1     0
     0     1    -1    -1    -1     1     0     0
    -1    -1     1    -1     1     1     0     0
     0     1     1     1    -1     1     1     0
     0     1     1    -1    -1     1     1     0
     0     1     1     1     1     0     1     1
    -1     1     0     0     0     0     1    -1

Lisa (-1) to move (time left: 91.2 sec.):
     0     0     0     0     0     0     0     0
     1     0     0     0     0     1     1     0
     0     1    -1    -1    -1     1     0     0
    -1    -1    -1    -1     1     1     0     0
     0    -1     1     1    -1     1     1     0
    -1    -1    -1    -1    -1     1     1     0
     0     1     1     1     1     0     1     1
    -1     1     0     0     0     0     1    -1

MiniMaxPlayer2 (1) to move (time left: 108.6 sec.):
     0     0     0     0     0     0     0     0
     1     1     0     0     0     1     1     0
     0     1     1    -1    -1     1     0     0
    -1    -1    -1     1     1     1     0     0
     0    -1     1     1     1     1     1     0
    -1    -1    -1    -1    -1     1     1     0
     0     1     1     1     1     0     1     1
    -1     1     0     0     0     0     1    -1

Lisa (-1) to move (time left: 83.3 sec.):
     0     0     0     0     0     0     0     0
     1     1     0     0     0     1     1     0
     0     1     1    -1    -1     1     0     0
    -1    -1    -1     1     1     1     0     0
     0    -1    -1    -1    -1    -1    -1    -1
    -1    -1    -1    -1    -1     1     1     0
     0     1     1     1     1     0     1     1
    -1     1     0     0     0     0     1    -1

MiniMaxPlayer2 (1) to move (time left: 104.0 sec.):
     0     0     0     0     0     0     0     0
     1     1     0     0     0     1     1     0
     0     1     1    -1    -1     1     0     0
    -1    -1    -1     1     1     1     0     1
     0    -1    -1    -1    -1    -1     1    -1
    -1    -1    -1    -1    -1     1     1     0
     0     1     1     1     1     0     1     1
    -1     1     0     0     0     0     1    -1

Lisa (-1) to move (time left: 79.9 sec.):
     0     0     0     0     0     0     0     0
     1     1     0     0     0     1     1     0
     0     1     1    -1    -1     1     0     0
    -1    -1    -1     1     1     1     0     1
     0    -1    -1    -1    -1    -1     1    -1
    -1    -1    -1    -1    -1     1     1     0
     0     1     1     1    -1     0     1     1
    -1     1     0     0     0    -1    -1    -1

Error: Player has exceeded the budget.
